[2022-06-20 07:51:38,446] {taskinstance.py:1159} INFO - Dependencies all met for <TaskInstance: etl-processing.transform manual__2022-06-20T07:51:23.909241+00:00 [queued]>
[2022-06-20 07:51:38,502] {taskinstance.py:1159} INFO - Dependencies all met for <TaskInstance: etl-processing.transform manual__2022-06-20T07:51:23.909241+00:00 [queued]>
[2022-06-20 07:51:38,503] {taskinstance.py:1356} INFO - 
--------------------------------------------------------------------------------
[2022-06-20 07:51:38,504] {taskinstance.py:1357} INFO - Starting attempt 1 of 1
[2022-06-20 07:51:38,504] {taskinstance.py:1358} INFO - 
--------------------------------------------------------------------------------
[2022-06-20 07:51:38,599] {taskinstance.py:1377} INFO - Executing <Task(PythonOperator): transform> on 2022-06-20 07:51:23.909241+00:00
[2022-06-20 07:51:38,607] {standard_task_runner.py:52} INFO - Started process 5437 to run task
[2022-06-20 07:51:38,629] {standard_task_runner.py:79} INFO - Running: ['***', 'tasks', 'run', 'etl-processing', 'transform', 'manual__2022-06-20T07:51:23.909241+00:00', '--job-id', '633', '--raw', '--subdir', 'DAGS_FOLDER/etl_processing.py', '--cfg-path', '/tmp/tmpnezl8mxn', '--error-file', '/tmp/tmpzaquyoyx']
[2022-06-20 07:51:38,633] {standard_task_runner.py:80} INFO - Job 633: Subtask transform
[2022-06-20 07:51:38,798] {task_command.py:370} INFO - Running <TaskInstance: etl-processing.transform manual__2022-06-20T07:51:23.909241+00:00 [running]> on host fe209149cfc1
[2022-06-20 07:51:39,007] {taskinstance.py:1571} INFO - Exporting the following env vars:
AIRFLOW_CTX_DAG_OWNER=***
AIRFLOW_CTX_DAG_ID=etl-processing
AIRFLOW_CTX_TASK_ID=transform
AIRFLOW_CTX_EXECUTION_DATE=2022-06-20T07:51:23.909241+00:00
AIRFLOW_CTX_TRY_NUMBER=1
AIRFLOW_CTX_DAG_RUN_ID=manual__2022-06-20T07:51:23.909241+00:00
[2022-06-20 07:51:39,088] {python.py:173} INFO - Done. Returned value was: None
[2022-06-20 07:51:39,121] {taskinstance.py:1400} INFO - Marking task as SUCCESS. dag_id=etl-processing, task_id=transform, execution_date=20220620T075123, start_date=20220620T075138, end_date=20220620T075139
[2022-06-20 07:51:39,167] {local_task_job.py:156} INFO - Task exited with return code 0
[2022-06-20 07:51:39,296] {local_task_job.py:273} INFO - 1 downstream tasks scheduled from follow-on schedule check
