[2022-06-20 20:31:16,949] {taskinstance.py:1159} INFO - Dependencies all met for <TaskInstance: etl-processing.load manual__2022-06-20T20:30:36.458464+00:00 [queued]>
[2022-06-20 20:31:17,028] {taskinstance.py:1159} INFO - Dependencies all met for <TaskInstance: etl-processing.load manual__2022-06-20T20:30:36.458464+00:00 [queued]>
[2022-06-20 20:31:17,037] {taskinstance.py:1356} INFO - 
--------------------------------------------------------------------------------
[2022-06-20 20:31:17,041] {taskinstance.py:1357} INFO - Starting attempt 1 of 1
[2022-06-20 20:31:17,044] {taskinstance.py:1358} INFO - 
--------------------------------------------------------------------------------
[2022-06-20 20:31:17,248] {taskinstance.py:1377} INFO - Executing <Task(PythonOperator): load> on 2022-06-20 20:30:36.458464+00:00
[2022-06-20 20:31:17,279] {standard_task_runner.py:52} INFO - Started process 3634 to run task
[2022-06-20 20:31:17,325] {standard_task_runner.py:79} INFO - Running: ['***', 'tasks', 'run', 'etl-processing', 'load', 'manual__2022-06-20T20:30:36.458464+00:00', '--job-id', '681', '--raw', '--subdir', 'DAGS_FOLDER/etl_processing.py', '--cfg-path', '/tmp/tmphc21yvac', '--error-file', '/tmp/tmp12e25763']
[2022-06-20 20:31:17,341] {standard_task_runner.py:80} INFO - Job 681: Subtask load
[2022-06-20 20:31:18,198] {task_command.py:370} INFO - Running <TaskInstance: etl-processing.load manual__2022-06-20T20:30:36.458464+00:00 [running]> on host fe209149cfc1
[2022-06-20 20:31:19,079] {taskinstance.py:1571} INFO - Exporting the following env vars:
AIRFLOW_CTX_DAG_OWNER=***
AIRFLOW_CTX_DAG_ID=etl-processing
AIRFLOW_CTX_TASK_ID=load
AIRFLOW_CTX_EXECUTION_DATE=2022-06-20T20:30:36.458464+00:00
AIRFLOW_CTX_TRY_NUMBER=1
AIRFLOW_CTX_DAG_RUN_ID=manual__2022-06-20T20:30:36.458464+00:00
[2022-06-20 20:31:19,325] {base.py:68} INFO - Using connection ID 'postgres_conn' for task execution.
[2022-06-20 20:31:19,402] {logging_mixin.py:115} INFO - [{'STX_ID': 2345678, 'STORE_NAME': 'Mağaza1', 'PAID_PRICE': 100.3, 'TRX_STATUS': 1, 'STORE_STATUS': 0.0, 'STORE_LIVE_DATE': '2021-03-01 00:00:00', 'SALES_CREATE_DATE': '2021-03-05 00:00:00'}, {'STX_ID': 2345679, 'STORE_NAME': 'Mağaza1', 'PAID_PRICE': 100.3, 'TRX_STATUS': 1, 'STORE_STATUS': 0.0, 'STORE_LIVE_DATE': '2021-03-01 00:00:00', 'SALES_CREATE_DATE': '2021-03-05 00:00:00'}, {'STX_ID': 2345680, 'STORE_NAME': 'Mağaza1', 'PAID_PRICE': 100.3, 'TRX_STATUS': 0, 'STORE_STATUS': 0.0, 'STORE_LIVE_DATE': '2021-03-01 00:00:00', 'SALES_CREATE_DATE': '2021-03-05 00:00:00'}, {'STX_ID': 2345681, 'STORE_NAME': 'Mağaza2', 'PAID_PRICE': 100.3, 'TRX_STATUS': 0, 'STORE_STATUS': 0.0, 'STORE_LIVE_DATE': '2021-03-01 00:00:00', 'SALES_CREATE_DATE': '2021-04-05 00:00:00'}, {'STX_ID': 2345682, 'STORE_NAME': 'Mağaza3', 'PAID_PRICE': 200.3, 'TRX_STATUS': 0, 'STORE_STATUS': 0.0, 'STORE_LIVE_DATE': '2021-03-01 00:00:00', 'SALES_CREATE_DATE': '2021-05-05 00:00:00'}, {'STX_ID': 2345683, 'STORE_NAME': 'Mağaza4', 'PAID_PRICE': 28.3, 'TRX_STATUS': 1, 'STORE_STATUS': 0.0, 'STORE_LIVE_DATE': '2021-03-01 00:00:00', 'SALES_CREATE_DATE': '2021-06-05 00:00:00'}, {'STX_ID': 2345684, 'STORE_NAME': 'Mağaza5', 'PAID_PRICE': 100.3, 'TRX_STATUS': 0, 'STORE_STATUS': 0.0, 'STORE_LIVE_DATE': '2021-04-01 00:00:00', 'SALES_CREATE_DATE': '2021-03-05 00:00:00'}, {'STX_ID': 2345685, 'STORE_NAME': 'Mağaza6', 'PAID_PRICE': 79.3, 'TRX_STATUS': 1, 'STORE_STATUS': 0.0, 'STORE_LIVE_DATE': '2021-04-01 00:00:00', 'SALES_CREATE_DATE': '2021-07-05 00:00:00'}, {'STX_ID': 2345686, 'STORE_NAME': 'Mağaza7', 'PAID_PRICE': 256.3, 'TRX_STATUS': 1, 'STORE_STATUS': 0.0, 'STORE_LIVE_DATE': '2021-04-01 00:00:00', 'SALES_CREATE_DATE': '2021-03-05 00:00:00'}, {'STX_ID': 2345687, 'STORE_NAME': 'Mağaza8', 'PAID_PRICE': 456.3, 'TRX_STATUS': 1, 'STORE_STATUS': 0.0, 'STORE_LIVE_DATE': '2021-04-01 00:00:00', 'SALES_CREATE_DATE': '2021-08-05 00:00:00'}, {'STX_ID': 2345688, 'STORE_NAME': 'Mağaza9', 'PAID_PRICE': 432.3, 'TRX_STATUS': 1, 'STORE_STATUS': 0.0, 'STORE_LIVE_DATE': '2021-05-01 00:00:00', 'SALES_CREATE_DATE': '2021-07-05 00:00:00'}, {'STX_ID': 2345689, 'STORE_NAME': 'Mağaza10', 'PAID_PRICE': 75.3, 'TRX_STATUS': 0, 'STORE_STATUS': 0.0, 'STORE_LIVE_DATE': '2021-05-01 00:00:00', 'SALES_CREATE_DATE': '2021-03-05 00:00:00'}, {'STX_ID': 2345690, 'STORE_NAME': 'Mağaza2', 'PAID_PRICE': 100.3, 'TRX_STATUS': 1, 'STORE_STATUS': 0.0, 'STORE_LIVE_DATE': '2021-05-01 00:00:00', 'SALES_CREATE_DATE': '2021-09-05 00:00:00'}, {'STX_ID': 2345691, 'STORE_NAME': 'Mağaza4', 'PAID_PRICE': 36.3, 'TRX_STATUS': 1, 'STORE_STATUS': 0.0, 'STORE_LIVE_DATE': '2021-05-01 00:00:00', 'SALES_CREATE_DATE': '2021-02-05 00:00:00'}, {'STX_ID': 2345692, 'STORE_NAME': None, 'PAID_PRICE': None, 'TRX_STATUS': 0, 'STORE_STATUS': None, 'STORE_LIVE_DATE': None, 'SALES_CREATE_DATE': None}, {'STX_ID': 2345693, 'STORE_NAME': 'Mağaza1', 'PAID_PRICE': 100.3, 'TRX_STATUS': 1, 'STORE_STATUS': 0.0, 'STORE_LIVE_DATE': '2021-03-01 00:00:00', 'SALES_CREATE_DATE': '2021-03-05 00:00:00'}, {'STX_ID': 2345694, 'STORE_NAME': None, 'PAID_PRICE': None, 'TRX_STATUS': 1, 'STORE_STATUS': None, 'STORE_LIVE_DATE': None, 'SALES_CREATE_DATE': None}, {'STX_ID': 2345695, 'STORE_NAME': None, 'PAID_PRICE': 75.3, 'TRX_STATUS': 1, 'STORE_STATUS': None, 'STORE_LIVE_DATE': None, 'SALES_CREATE_DATE': '2021-03-05 00:00:00'}, {'STX_ID': 2345696, 'STORE_NAME': None, 'PAID_PRICE': None, 'TRX_STATUS': 0, 'STORE_STATUS': None, 'STORE_LIVE_DATE': None, 'SALES_CREATE_DATE': None}, {'STX_ID': 2345697, 'STORE_NAME': None, 'PAID_PRICE': None, 'TRX_STATUS': 0, 'STORE_STATUS': None, 'STORE_LIVE_DATE': None, 'SALES_CREATE_DATE': None}, {'STX_ID': 2345698, 'STORE_NAME': None, 'PAID_PRICE': None, 'TRX_STATUS': 1, 'STORE_STATUS': None, 'STORE_LIVE_DATE': None, 'SALES_CREATE_DATE': None}, {'STX_ID': 2345699, 'STORE_NAME': None, 'PAID_PRICE': 100.3, 'TRX_STATUS': 1, 'STORE_STATUS': None, 'STORE_LIVE_DATE': None, 'SALES_CREATE_DATE': '2021-03-05 00:00:00'}, {'STX_ID': 2345700, 'STORE_NAME': None, 'PAID_PRICE': None, 'TRX_STATUS': 0, 'STORE_STATUS': None, 'STORE_LIVE_DATE': None, 'SALES_CREATE_DATE': None}, {'STX_ID': 2345701, 'STORE_NAME': None, 'PAID_PRICE': 100.3, 'TRX_STATUS': 1, 'STORE_STATUS': None, 'STORE_LIVE_DATE': None, 'SALES_CREATE_DATE': '2021-03-05 00:00:00'}, {'STX_ID': 2345702, 'STORE_NAME': None, 'PAID_PRICE': None, 'TRX_STATUS': 1, 'STORE_STATUS': None, 'STORE_LIVE_DATE': None, 'SALES_CREATE_DATE': None}, {'STX_ID': 2345703, 'STORE_NAME': None, 'PAID_PRICE': None, 'TRX_STATUS': 1, 'STORE_STATUS': None, 'STORE_LIVE_DATE': None, 'SALES_CREATE_DATE': None}, {'STX_ID': 2345704, 'STORE_NAME': None, 'PAID_PRICE': 100.3, 'TRX_STATUS': 0, 'STORE_STATUS': None, 'STORE_LIVE_DATE': None, 'SALES_CREATE_DATE': '2021-03-05 00:00:00'}, {'STX_ID': 2345705, 'STORE_NAME': None, 'PAID_PRICE': None, 'TRX_STATUS': 0, 'STORE_STATUS': None, 'STORE_LIVE_DATE': None, 'SALES_CREATE_DATE': None}, {'STX_ID': 2345706, 'STORE_NAME': None, 'PAID_PRICE': None, 'TRX_STATUS': 0, 'STORE_STATUS': None, 'STORE_LIVE_DATE': None, 'SALES_CREATE_DATE': None}]
[2022-06-20 20:31:19,405] {logging_mixin.py:115} INFO - INSERT INTO  Store_Sales (STX_ID,STORE_NAME,PAID_PRICE,TRX_STATUS,STORE_STATUS,STORE_LIVE_DATE,SALES_CREATE_DATE) VALUES (2345678,Mağaza1,100.3,1,0.0,2021-03-01 00:00:00,2021-03-05 00:00:00)
[2022-06-20 20:31:19,483] {logging_mixin.py:115} INFO - no results to fetch
[2022-06-20 20:31:19,498] {logging_mixin.py:115} INFO - INSERT INTO  Store_Sales (STX_ID,STORE_NAME,PAID_PRICE,TRX_STATUS,STORE_STATUS,STORE_LIVE_DATE,SALES_CREATE_DATE) VALUES (2345679,Mağaza1,100.3,1,0.0,2021-03-01 00:00:00,2021-03-05 00:00:00)
[2022-06-20 20:31:19,517] {logging_mixin.py:115} INFO - no results to fetch
[2022-06-20 20:31:19,518] {logging_mixin.py:115} INFO - INSERT INTO  Store_Sales (STX_ID,STORE_NAME,PAID_PRICE,TRX_STATUS,STORE_STATUS,STORE_LIVE_DATE,SALES_CREATE_DATE) VALUES (2345680,Mağaza1,100.3,0,0.0,2021-03-01 00:00:00,2021-03-05 00:00:00)
[2022-06-20 20:31:19,538] {logging_mixin.py:115} INFO - no results to fetch
[2022-06-20 20:31:19,547] {logging_mixin.py:115} INFO - INSERT INTO  Store_Sales (STX_ID,STORE_NAME,PAID_PRICE,TRX_STATUS,STORE_STATUS,STORE_LIVE_DATE,SALES_CREATE_DATE) VALUES (2345681,Mağaza2,100.3,0,0.0,2021-03-01 00:00:00,2021-04-05 00:00:00)
[2022-06-20 20:31:19,548] {logging_mixin.py:115} INFO - no results to fetch
[2022-06-20 20:31:19,565] {logging_mixin.py:115} INFO - INSERT INTO  Store_Sales (STX_ID,STORE_NAME,PAID_PRICE,TRX_STATUS,STORE_STATUS,STORE_LIVE_DATE,SALES_CREATE_DATE) VALUES (2345682,Mağaza3,200.3,0,0.0,2021-03-01 00:00:00,2021-05-05 00:00:00)
[2022-06-20 20:31:19,587] {logging_mixin.py:115} INFO - no results to fetch
[2022-06-20 20:31:19,602] {logging_mixin.py:115} INFO - INSERT INTO  Store_Sales (STX_ID,STORE_NAME,PAID_PRICE,TRX_STATUS,STORE_STATUS,STORE_LIVE_DATE,SALES_CREATE_DATE) VALUES (2345683,Mağaza4,28.3,1,0.0,2021-03-01 00:00:00,2021-06-05 00:00:00)
[2022-06-20 20:31:19,618] {logging_mixin.py:115} INFO - no results to fetch
[2022-06-20 20:31:19,619] {logging_mixin.py:115} INFO - INSERT INTO  Store_Sales (STX_ID,STORE_NAME,PAID_PRICE,TRX_STATUS,STORE_STATUS,STORE_LIVE_DATE,SALES_CREATE_DATE) VALUES (2345684,Mağaza5,100.3,0,0.0,2021-04-01 00:00:00,2021-03-05 00:00:00)
[2022-06-20 20:31:19,635] {logging_mixin.py:115} INFO - no results to fetch
[2022-06-20 20:31:19,650] {logging_mixin.py:115} INFO - INSERT INTO  Store_Sales (STX_ID,STORE_NAME,PAID_PRICE,TRX_STATUS,STORE_STATUS,STORE_LIVE_DATE,SALES_CREATE_DATE) VALUES (2345685,Mağaza6,79.3,1,0.0,2021-04-01 00:00:00,2021-07-05 00:00:00)
[2022-06-20 20:31:19,667] {logging_mixin.py:115} INFO - no results to fetch
[2022-06-20 20:31:19,694] {logging_mixin.py:115} INFO - INSERT INTO  Store_Sales (STX_ID,STORE_NAME,PAID_PRICE,TRX_STATUS,STORE_STATUS,STORE_LIVE_DATE,SALES_CREATE_DATE) VALUES (2345686,Mağaza7,256.3,1,0.0,2021-04-01 00:00:00,2021-03-05 00:00:00)
[2022-06-20 20:31:19,705] {logging_mixin.py:115} INFO - no results to fetch
[2022-06-20 20:31:19,720] {logging_mixin.py:115} INFO - INSERT INTO  Store_Sales (STX_ID,STORE_NAME,PAID_PRICE,TRX_STATUS,STORE_STATUS,STORE_LIVE_DATE,SALES_CREATE_DATE) VALUES (2345687,Mağaza8,456.3,1,0.0,2021-04-01 00:00:00,2021-08-05 00:00:00)
[2022-06-20 20:31:19,737] {logging_mixin.py:115} INFO - no results to fetch
[2022-06-20 20:31:19,752] {logging_mixin.py:115} INFO - INSERT INTO  Store_Sales (STX_ID,STORE_NAME,PAID_PRICE,TRX_STATUS,STORE_STATUS,STORE_LIVE_DATE,SALES_CREATE_DATE) VALUES (2345688,Mağaza9,432.3,1,0.0,2021-05-01 00:00:00,2021-07-05 00:00:00)
[2022-06-20 20:31:19,799] {logging_mixin.py:115} INFO - no results to fetch
[2022-06-20 20:31:19,815] {logging_mixin.py:115} INFO - INSERT INTO  Store_Sales (STX_ID,STORE_NAME,PAID_PRICE,TRX_STATUS,STORE_STATUS,STORE_LIVE_DATE,SALES_CREATE_DATE) VALUES (2345689,Mağaza10,75.3,0,0.0,2021-05-01 00:00:00,2021-03-05 00:00:00)
[2022-06-20 20:31:19,838] {logging_mixin.py:115} INFO - no results to fetch
[2022-06-20 20:31:19,851] {logging_mixin.py:115} INFO - INSERT INTO  Store_Sales (STX_ID,STORE_NAME,PAID_PRICE,TRX_STATUS,STORE_STATUS,STORE_LIVE_DATE,SALES_CREATE_DATE) VALUES (2345690,Mağaza2,100.3,1,0.0,2021-05-01 00:00:00,2021-09-05 00:00:00)
[2022-06-20 20:31:19,854] {logging_mixin.py:115} INFO - no results to fetch
[2022-06-20 20:31:19,871] {logging_mixin.py:115} INFO - INSERT INTO  Store_Sales (STX_ID,STORE_NAME,PAID_PRICE,TRX_STATUS,STORE_STATUS,STORE_LIVE_DATE,SALES_CREATE_DATE) VALUES (2345691,Mağaza4,36.3,1,0.0,2021-05-01 00:00:00,2021-02-05 00:00:00)
[2022-06-20 20:31:19,887] {logging_mixin.py:115} INFO - no results to fetch
[2022-06-20 20:31:19,903] {logging_mixin.py:115} INFO - INSERT INTO  Store_Sales (STX_ID,STORE_NAME,PAID_PRICE,TRX_STATUS,STORE_STATUS,STORE_LIVE_DATE,SALES_CREATE_DATE) VALUES (2345692,None,None,0,None,None,None)
[2022-06-20 20:31:19,906] {logging_mixin.py:115} INFO - no results to fetch
[2022-06-20 20:31:19,919] {logging_mixin.py:115} INFO - INSERT INTO  Store_Sales (STX_ID,STORE_NAME,PAID_PRICE,TRX_STATUS,STORE_STATUS,STORE_LIVE_DATE,SALES_CREATE_DATE) VALUES (2345693,Mağaza1,100.3,1,0.0,2021-03-01 00:00:00,2021-03-05 00:00:00)
[2022-06-20 20:31:19,920] {logging_mixin.py:115} INFO - no results to fetch
[2022-06-20 20:31:19,921] {logging_mixin.py:115} INFO - INSERT INTO  Store_Sales (STX_ID,STORE_NAME,PAID_PRICE,TRX_STATUS,STORE_STATUS,STORE_LIVE_DATE,SALES_CREATE_DATE) VALUES (2345694,None,None,1,None,None,None)
[2022-06-20 20:31:19,922] {logging_mixin.py:115} INFO - no results to fetch
[2022-06-20 20:31:19,935] {logging_mixin.py:115} INFO - INSERT INTO  Store_Sales (STX_ID,STORE_NAME,PAID_PRICE,TRX_STATUS,STORE_STATUS,STORE_LIVE_DATE,SALES_CREATE_DATE) VALUES (2345695,None,75.3,1,None,None,2021-03-05 00:00:00)
[2022-06-20 20:31:19,937] {logging_mixin.py:115} INFO - no results to fetch
[2022-06-20 20:31:19,938] {logging_mixin.py:115} INFO - INSERT INTO  Store_Sales (STX_ID,STORE_NAME,PAID_PRICE,TRX_STATUS,STORE_STATUS,STORE_LIVE_DATE,SALES_CREATE_DATE) VALUES (2345696,None,None,0,None,None,None)
[2022-06-20 20:31:19,939] {logging_mixin.py:115} INFO - no results to fetch
[2022-06-20 20:31:19,951] {logging_mixin.py:115} INFO - INSERT INTO  Store_Sales (STX_ID,STORE_NAME,PAID_PRICE,TRX_STATUS,STORE_STATUS,STORE_LIVE_DATE,SALES_CREATE_DATE) VALUES (2345697,None,None,0,None,None,None)
[2022-06-20 20:31:19,952] {logging_mixin.py:115} INFO - no results to fetch
[2022-06-20 20:31:19,967] {logging_mixin.py:115} INFO - INSERT INTO  Store_Sales (STX_ID,STORE_NAME,PAID_PRICE,TRX_STATUS,STORE_STATUS,STORE_LIVE_DATE,SALES_CREATE_DATE) VALUES (2345698,None,None,1,None,None,None)
[2022-06-20 20:31:19,983] {logging_mixin.py:115} INFO - no results to fetch
[2022-06-20 20:31:19,984] {logging_mixin.py:115} INFO - INSERT INTO  Store_Sales (STX_ID,STORE_NAME,PAID_PRICE,TRX_STATUS,STORE_STATUS,STORE_LIVE_DATE,SALES_CREATE_DATE) VALUES (2345699,None,100.3,1,None,None,2021-03-05 00:00:00)
[2022-06-20 20:31:19,985] {logging_mixin.py:115} INFO - no results to fetch
[2022-06-20 20:31:19,999] {logging_mixin.py:115} INFO - INSERT INTO  Store_Sales (STX_ID,STORE_NAME,PAID_PRICE,TRX_STATUS,STORE_STATUS,STORE_LIVE_DATE,SALES_CREATE_DATE) VALUES (2345700,None,None,0,None,None,None)
[2022-06-20 20:31:20,016] {logging_mixin.py:115} INFO - no results to fetch
[2022-06-20 20:31:20,016] {logging_mixin.py:115} INFO - INSERT INTO  Store_Sales (STX_ID,STORE_NAME,PAID_PRICE,TRX_STATUS,STORE_STATUS,STORE_LIVE_DATE,SALES_CREATE_DATE) VALUES (2345701,None,100.3,1,None,None,2021-03-05 00:00:00)
[2022-06-20 20:31:20,032] {logging_mixin.py:115} INFO - no results to fetch
[2022-06-20 20:31:20,032] {logging_mixin.py:115} INFO - INSERT INTO  Store_Sales (STX_ID,STORE_NAME,PAID_PRICE,TRX_STATUS,STORE_STATUS,STORE_LIVE_DATE,SALES_CREATE_DATE) VALUES (2345702,None,None,1,None,None,None)
[2022-06-20 20:31:20,033] {logging_mixin.py:115} INFO - no results to fetch
[2022-06-20 20:31:20,047] {logging_mixin.py:115} INFO - INSERT INTO  Store_Sales (STX_ID,STORE_NAME,PAID_PRICE,TRX_STATUS,STORE_STATUS,STORE_LIVE_DATE,SALES_CREATE_DATE) VALUES (2345703,None,None,1,None,None,None)
[2022-06-20 20:31:20,048] {logging_mixin.py:115} INFO - no results to fetch
[2022-06-20 20:31:20,049] {logging_mixin.py:115} INFO - INSERT INTO  Store_Sales (STX_ID,STORE_NAME,PAID_PRICE,TRX_STATUS,STORE_STATUS,STORE_LIVE_DATE,SALES_CREATE_DATE) VALUES (2345704,None,100.3,0,None,None,2021-03-05 00:00:00)
[2022-06-20 20:31:20,067] {logging_mixin.py:115} INFO - no results to fetch
[2022-06-20 20:31:20,079] {logging_mixin.py:115} INFO - INSERT INTO  Store_Sales (STX_ID,STORE_NAME,PAID_PRICE,TRX_STATUS,STORE_STATUS,STORE_LIVE_DATE,SALES_CREATE_DATE) VALUES (2345705,None,None,0,None,None,None)
[2022-06-20 20:31:20,117] {logging_mixin.py:115} INFO - no results to fetch
[2022-06-20 20:31:20,119] {logging_mixin.py:115} INFO - INSERT INTO  Store_Sales (STX_ID,STORE_NAME,PAID_PRICE,TRX_STATUS,STORE_STATUS,STORE_LIVE_DATE,SALES_CREATE_DATE) VALUES (2345706,None,None,0,None,None,None)
[2022-06-20 20:31:20,148] {logging_mixin.py:115} INFO - no results to fetch
[2022-06-20 20:31:20,229] {taskinstance.py:1889} ERROR - Task failed with exception
Traceback (most recent call last):
  File "/home/airflow/.local/lib/python3.7/site-packages/airflow/operators/python.py", line 171, in execute
    return_value = self.execute_callable()
  File "/home/airflow/.local/lib/python3.7/site-packages/airflow/operators/python.py", line 189, in execute_callable
    return self.python_callable(*self.op_args, **self.op_kwargs)
  File "/opt/airflow/dags/etl_processing.py", line 88, in load_data
    target_db_cursor.execute(sql, tuple(j.values()))
psycopg2.errors.UndefinedTable: relation "customer" does not exist
LINE 1: INSERT INTO Customer (ID,NAME,CITY,CREATE_DATE) VALUES (4567...
                    ^

[2022-06-20 20:31:20,403] {taskinstance.py:1400} INFO - Marking task as FAILED. dag_id=etl-processing, task_id=load, execution_date=20220620T203036, start_date=20220620T203116, end_date=20220620T203120
[2022-06-20 20:31:20,637] {standard_task_runner.py:97} ERROR - Failed to execute job 681 for task load (relation "customer" does not exist
LINE 1: INSERT INTO Customer (ID,NAME,CITY,CREATE_DATE) VALUES (4567...
                    ^
; 3634)
[2022-06-20 20:31:20,711] {local_task_job.py:156} INFO - Task exited with return code 1
[2022-06-20 20:31:20,975] {local_task_job.py:273} INFO - 0 downstream tasks scheduled from follow-on schedule check
