[2022-06-20 21:00:27,547] {taskinstance.py:1159} INFO - Dependencies all met for <TaskInstance: etl-processing.load scheduled__2022-06-20T20:40:00+00:00 [queued]>
[2022-06-20 21:00:27,610] {taskinstance.py:1159} INFO - Dependencies all met for <TaskInstance: etl-processing.load scheduled__2022-06-20T20:40:00+00:00 [queued]>
[2022-06-20 21:00:27,611] {taskinstance.py:1356} INFO - 
--------------------------------------------------------------------------------
[2022-06-20 21:00:27,625] {taskinstance.py:1357} INFO - Starting attempt 1 of 1
[2022-06-20 21:00:27,626] {taskinstance.py:1358} INFO - 
--------------------------------------------------------------------------------
[2022-06-20 21:00:27,746] {taskinstance.py:1377} INFO - Executing <Task(PythonOperator): load> on 2022-06-20 20:40:00+00:00
[2022-06-20 21:00:27,810] {standard_task_runner.py:52} INFO - Started process 4583 to run task
[2022-06-20 21:00:27,926] {standard_task_runner.py:79} INFO - Running: ['***', 'tasks', 'run', 'etl-processing', 'load', 'scheduled__2022-06-20T20:40:00+00:00', '--job-id', '707', '--raw', '--subdir', 'DAGS_FOLDER/etl_processing.py', '--cfg-path', '/tmp/tmpled46mwl', '--error-file', '/tmp/tmp71d4cs1f']
[2022-06-20 21:00:27,940] {standard_task_runner.py:80} INFO - Job 707: Subtask load
[2022-06-20 21:00:29,455] {task_command.py:370} INFO - Running <TaskInstance: etl-processing.load scheduled__2022-06-20T20:40:00+00:00 [running]> on host fe209149cfc1
[2022-06-20 21:00:29,982] {taskinstance.py:1571} INFO - Exporting the following env vars:
AIRFLOW_CTX_DAG_OWNER=***
AIRFLOW_CTX_DAG_ID=etl-processing
AIRFLOW_CTX_TASK_ID=load
AIRFLOW_CTX_EXECUTION_DATE=2022-06-20T20:40:00+00:00
AIRFLOW_CTX_TRY_NUMBER=1
AIRFLOW_CTX_DAG_RUN_ID=scheduled__2022-06-20T20:40:00+00:00
[2022-06-20 21:00:30,168] {base.py:68} INFO - Using connection ID 'postgres_conn' for task execution.
[2022-06-20 21:00:30,198] {logging_mixin.py:115} INFO - [{'STX_ID': 2345678, 'STORE_NAME': 'Mağaza1', 'PAID_PRICE': 100.3, 'TRX_STATUS': 1, 'STORE_STATUS': 0.0, 'STORE_LIVE_DATE': '2021-03-01 00:00:00', 'SALES_CREATE_DATE': '2021-03-05 00:00:00'}, {'STX_ID': 2345679, 'STORE_NAME': 'Mağaza1', 'PAID_PRICE': 100.3, 'TRX_STATUS': 1, 'STORE_STATUS': 0.0, 'STORE_LIVE_DATE': '2021-03-01 00:00:00', 'SALES_CREATE_DATE': '2021-03-05 00:00:00'}, {'STX_ID': 2345680, 'STORE_NAME': 'Mağaza1', 'PAID_PRICE': 100.3, 'TRX_STATUS': 0, 'STORE_STATUS': 0.0, 'STORE_LIVE_DATE': '2021-03-01 00:00:00', 'SALES_CREATE_DATE': '2021-03-05 00:00:00'}, {'STX_ID': 2345681, 'STORE_NAME': 'Mağaza2', 'PAID_PRICE': 100.3, 'TRX_STATUS': 0, 'STORE_STATUS': 0.0, 'STORE_LIVE_DATE': '2021-03-01 00:00:00', 'SALES_CREATE_DATE': '2021-04-05 00:00:00'}, {'STX_ID': 2345682, 'STORE_NAME': 'Mağaza3', 'PAID_PRICE': 200.3, 'TRX_STATUS': 0, 'STORE_STATUS': 0.0, 'STORE_LIVE_DATE': '2021-03-01 00:00:00', 'SALES_CREATE_DATE': '2021-05-05 00:00:00'}, {'STX_ID': 2345683, 'STORE_NAME': 'Mağaza4', 'PAID_PRICE': 28.3, 'TRX_STATUS': 1, 'STORE_STATUS': 0.0, 'STORE_LIVE_DATE': '2021-03-01 00:00:00', 'SALES_CREATE_DATE': '2021-06-05 00:00:00'}, {'STX_ID': 2345684, 'STORE_NAME': 'Mağaza5', 'PAID_PRICE': 100.3, 'TRX_STATUS': 0, 'STORE_STATUS': 0.0, 'STORE_LIVE_DATE': '2021-04-01 00:00:00', 'SALES_CREATE_DATE': '2021-03-05 00:00:00'}, {'STX_ID': 2345685, 'STORE_NAME': 'Mağaza6', 'PAID_PRICE': 79.3, 'TRX_STATUS': 1, 'STORE_STATUS': 0.0, 'STORE_LIVE_DATE': '2021-04-01 00:00:00', 'SALES_CREATE_DATE': '2021-07-05 00:00:00'}, {'STX_ID': 2345686, 'STORE_NAME': 'Mağaza7', 'PAID_PRICE': 256.3, 'TRX_STATUS': 1, 'STORE_STATUS': 0.0, 'STORE_LIVE_DATE': '2021-04-01 00:00:00', 'SALES_CREATE_DATE': '2021-03-05 00:00:00'}, {'STX_ID': 2345687, 'STORE_NAME': 'Mağaza8', 'PAID_PRICE': 456.3, 'TRX_STATUS': 1, 'STORE_STATUS': 0.0, 'STORE_LIVE_DATE': '2021-04-01 00:00:00', 'SALES_CREATE_DATE': '2021-08-05 00:00:00'}, {'STX_ID': 2345688, 'STORE_NAME': 'Mağaza9', 'PAID_PRICE': 432.3, 'TRX_STATUS': 1, 'STORE_STATUS': 0.0, 'STORE_LIVE_DATE': '2021-05-01 00:00:00', 'SALES_CREATE_DATE': '2021-07-05 00:00:00'}, {'STX_ID': 2345689, 'STORE_NAME': 'Mağaza10', 'PAID_PRICE': 75.3, 'TRX_STATUS': 0, 'STORE_STATUS': 0.0, 'STORE_LIVE_DATE': '2021-05-01 00:00:00', 'SALES_CREATE_DATE': '2021-03-05 00:00:00'}, {'STX_ID': 2345690, 'STORE_NAME': 'Mağaza2', 'PAID_PRICE': 100.3, 'TRX_STATUS': 1, 'STORE_STATUS': 0.0, 'STORE_LIVE_DATE': '2021-05-01 00:00:00', 'SALES_CREATE_DATE': '2021-09-05 00:00:00'}, {'STX_ID': 2345691, 'STORE_NAME': 'Mağaza4', 'PAID_PRICE': 36.3, 'TRX_STATUS': 1, 'STORE_STATUS': 0.0, 'STORE_LIVE_DATE': '2021-05-01 00:00:00', 'SALES_CREATE_DATE': '2021-02-05 00:00:00'}, {'STX_ID': 2345692, 'STORE_NAME': None, 'PAID_PRICE': None, 'TRX_STATUS': 0, 'STORE_STATUS': None, 'STORE_LIVE_DATE': None, 'SALES_CREATE_DATE': None}, {'STX_ID': 2345693, 'STORE_NAME': 'Mağaza1', 'PAID_PRICE': 100.3, 'TRX_STATUS': 1, 'STORE_STATUS': 0.0, 'STORE_LIVE_DATE': '2021-03-01 00:00:00', 'SALES_CREATE_DATE': '2021-03-05 00:00:00'}, {'STX_ID': 2345694, 'STORE_NAME': None, 'PAID_PRICE': None, 'TRX_STATUS': 1, 'STORE_STATUS': None, 'STORE_LIVE_DATE': None, 'SALES_CREATE_DATE': None}, {'STX_ID': 2345695, 'STORE_NAME': None, 'PAID_PRICE': 75.3, 'TRX_STATUS': 1, 'STORE_STATUS': None, 'STORE_LIVE_DATE': None, 'SALES_CREATE_DATE': '2021-03-05 00:00:00'}, {'STX_ID': 2345696, 'STORE_NAME': None, 'PAID_PRICE': None, 'TRX_STATUS': 0, 'STORE_STATUS': None, 'STORE_LIVE_DATE': None, 'SALES_CREATE_DATE': None}, {'STX_ID': 2345697, 'STORE_NAME': None, 'PAID_PRICE': None, 'TRX_STATUS': 0, 'STORE_STATUS': None, 'STORE_LIVE_DATE': None, 'SALES_CREATE_DATE': None}, {'STX_ID': 2345698, 'STORE_NAME': None, 'PAID_PRICE': None, 'TRX_STATUS': 1, 'STORE_STATUS': None, 'STORE_LIVE_DATE': None, 'SALES_CREATE_DATE': None}, {'STX_ID': 2345699, 'STORE_NAME': None, 'PAID_PRICE': 100.3, 'TRX_STATUS': 1, 'STORE_STATUS': None, 'STORE_LIVE_DATE': None, 'SALES_CREATE_DATE': '2021-03-05 00:00:00'}, {'STX_ID': 2345700, 'STORE_NAME': None, 'PAID_PRICE': None, 'TRX_STATUS': 0, 'STORE_STATUS': None, 'STORE_LIVE_DATE': None, 'SALES_CREATE_DATE': None}, {'STX_ID': 2345701, 'STORE_NAME': None, 'PAID_PRICE': 100.3, 'TRX_STATUS': 1, 'STORE_STATUS': None, 'STORE_LIVE_DATE': None, 'SALES_CREATE_DATE': '2021-03-05 00:00:00'}, {'STX_ID': 2345702, 'STORE_NAME': None, 'PAID_PRICE': None, 'TRX_STATUS': 1, 'STORE_STATUS': None, 'STORE_LIVE_DATE': None, 'SALES_CREATE_DATE': None}, {'STX_ID': 2345703, 'STORE_NAME': None, 'PAID_PRICE': None, 'TRX_STATUS': 1, 'STORE_STATUS': None, 'STORE_LIVE_DATE': None, 'SALES_CREATE_DATE': None}, {'STX_ID': 2345704, 'STORE_NAME': None, 'PAID_PRICE': 100.3, 'TRX_STATUS': 0, 'STORE_STATUS': None, 'STORE_LIVE_DATE': None, 'SALES_CREATE_DATE': '2021-03-05 00:00:00'}, {'STX_ID': 2345705, 'STORE_NAME': None, 'PAID_PRICE': None, 'TRX_STATUS': 0, 'STORE_STATUS': None, 'STORE_LIVE_DATE': None, 'SALES_CREATE_DATE': None}, {'STX_ID': 2345706, 'STORE_NAME': None, 'PAID_PRICE': None, 'TRX_STATUS': 0, 'STORE_STATUS': None, 'STORE_LIVE_DATE': None, 'SALES_CREATE_DATE': None}]
[2022-06-20 21:00:30,277] {logging_mixin.py:115} INFO - 5
[2022-06-20 21:00:30,294] {logging_mixin.py:115} INFO - 5
[2022-06-20 21:00:30,301] {logging_mixin.py:115} INFO - 5
[2022-06-20 21:00:30,319] {logging_mixin.py:115} INFO - 5
[2022-06-20 21:00:30,325] {logging_mixin.py:115} INFO - 5
[2022-06-20 21:00:30,343] {logging_mixin.py:115} INFO - 5
[2022-06-20 21:00:30,358] {logging_mixin.py:115} INFO - 5
[2022-06-20 21:00:30,363] {logging_mixin.py:115} INFO - 5
[2022-06-20 21:00:30,369] {logging_mixin.py:115} INFO - 5
[2022-06-20 21:00:30,386] {logging_mixin.py:115} INFO - 5
[2022-06-20 21:00:30,413] {logging_mixin.py:115} INFO - 5
[2022-06-20 21:00:30,445] {logging_mixin.py:115} INFO - 5
[2022-06-20 21:00:30,452] {logging_mixin.py:115} INFO - 5
[2022-06-20 21:00:30,465] {logging_mixin.py:115} INFO - 5
[2022-06-20 21:00:30,476] {logging_mixin.py:115} INFO - 5
[2022-06-20 21:00:30,501] {logging_mixin.py:115} INFO - 5
[2022-06-20 21:00:30,519] {logging_mixin.py:115} INFO - 5
[2022-06-20 21:00:30,525] {logging_mixin.py:115} INFO - 5
[2022-06-20 21:00:30,531] {logging_mixin.py:115} INFO - 5
[2022-06-20 21:00:30,577] {logging_mixin.py:115} INFO - 5
[2022-06-20 21:00:30,591] {logging_mixin.py:115} INFO - 5
[2022-06-20 21:00:30,603] {logging_mixin.py:115} INFO - 5
[2022-06-20 21:00:30,625] {logging_mixin.py:115} INFO - 5
[2022-06-20 21:00:30,648] {logging_mixin.py:115} INFO - 5
[2022-06-20 21:00:30,705] {logging_mixin.py:115} INFO - 5
[2022-06-20 21:00:30,724] {logging_mixin.py:115} INFO - 5
[2022-06-20 21:00:30,743] {logging_mixin.py:115} INFO - 5
[2022-06-20 21:00:30,765] {logging_mixin.py:115} INFO - 5
[2022-06-20 21:00:30,775] {logging_mixin.py:115} INFO - 5
[2022-06-20 21:00:30,790] {logging_mixin.py:115} INFO - relation "customer" does not exist
LINE 1: INSERT INTO Customer (ID,NAME,CITY,CREATE_DATE) VALUES (4567...
                    ^
[2022-06-20 21:00:30,797] {logging_mixin.py:115} INFO - current transaction is aborted, commands ignored until end of transaction block
[2022-06-20 21:00:30,808] {logging_mixin.py:115} INFO - current transaction is aborted, commands ignored until end of transaction block
[2022-06-20 21:00:30,810] {logging_mixin.py:115} INFO - current transaction is aborted, commands ignored until end of transaction block
[2022-06-20 21:00:30,815] {logging_mixin.py:115} INFO - current transaction is aborted, commands ignored until end of transaction block
[2022-06-20 21:00:30,825] {logging_mixin.py:115} INFO - current transaction is aborted, commands ignored until end of transaction block
[2022-06-20 21:00:30,828] {logging_mixin.py:115} INFO - current transaction is aborted, commands ignored until end of transaction block
[2022-06-20 21:00:30,829] {logging_mixin.py:115} INFO - current transaction is aborted, commands ignored until end of transaction block
[2022-06-20 21:00:30,831] {logging_mixin.py:115} INFO - current transaction is aborted, commands ignored until end of transaction block
[2022-06-20 21:00:30,839] {logging_mixin.py:115} INFO - current transaction is aborted, commands ignored until end of transaction block
[2022-06-20 21:00:30,842] {logging_mixin.py:115} INFO - current transaction is aborted, commands ignored until end of transaction block
[2022-06-20 21:00:30,844] {logging_mixin.py:115} INFO - current transaction is aborted, commands ignored until end of transaction block
[2022-06-20 21:00:30,871] {logging_mixin.py:115} INFO - current transaction is aborted, commands ignored until end of transaction block
[2022-06-20 21:00:30,889] {logging_mixin.py:115} INFO - current transaction is aborted, commands ignored until end of transaction block
[2022-06-20 21:00:30,898] {logging_mixin.py:115} INFO - current transaction is aborted, commands ignored until end of transaction block
[2022-06-20 21:00:30,908] {logging_mixin.py:115} INFO - current transaction is aborted, commands ignored until end of transaction block
[2022-06-20 21:00:30,927] {logging_mixin.py:115} INFO - current transaction is aborted, commands ignored until end of transaction block
[2022-06-20 21:00:30,947] {logging_mixin.py:115} INFO - current transaction is aborted, commands ignored until end of transaction block
[2022-06-20 21:00:30,963] {logging_mixin.py:115} INFO - current transaction is aborted, commands ignored until end of transaction block
[2022-06-20 21:00:30,965] {python.py:173} INFO - Done. Returned value was: None
[2022-06-20 21:00:31,089] {taskinstance.py:1400} INFO - Marking task as SUCCESS. dag_id=etl-processing, task_id=load, execution_date=20220620T204000, start_date=20220620T210027, end_date=20220620T210031
[2022-06-20 21:00:31,268] {local_task_job.py:156} INFO - Task exited with return code 0
[2022-06-20 21:00:31,647] {local_task_job.py:273} INFO - 0 downstream tasks scheduled from follow-on schedule check
