[2022-06-17 19:55:45,436] {taskinstance.py:1159} INFO - Dependencies all met for <TaskInstance: e-t-l.transform manual__2022-06-17T19:55:24.406096+00:00 [queued]>
[2022-06-17 19:55:45,595] {taskinstance.py:1159} INFO - Dependencies all met for <TaskInstance: e-t-l.transform manual__2022-06-17T19:55:24.406096+00:00 [queued]>
[2022-06-17 19:55:45,606] {taskinstance.py:1356} INFO - 
--------------------------------------------------------------------------------
[2022-06-17 19:55:45,614] {taskinstance.py:1357} INFO - Starting attempt 1 of 1
[2022-06-17 19:55:45,615] {taskinstance.py:1358} INFO - 
--------------------------------------------------------------------------------
[2022-06-17 19:55:45,746] {taskinstance.py:1377} INFO - Executing <Task(PythonOperator): transform> on 2022-06-17 19:55:24.406096+00:00
[2022-06-17 19:55:45,761] {standard_task_runner.py:52} INFO - Started process 20166 to run task
[2022-06-17 19:55:45,764] {standard_task_runner.py:79} INFO - Running: ['***', 'tasks', 'run', 'e-t-l', 'transform', 'manual__2022-06-17T19:55:24.406096+00:00', '--job-id', '575', '--raw', '--subdir', 'DAGS_FOLDER/new-new.py', '--cfg-path', '/tmp/tmpuvw8h2am', '--error-file', '/tmp/tmp0tltuvew']
[2022-06-17 19:55:45,796] {standard_task_runner.py:80} INFO - Job 575: Subtask transform
[2022-06-17 19:55:46,354] {task_command.py:370} INFO - Running <TaskInstance: e-t-l.transform manual__2022-06-17T19:55:24.406096+00:00 [running]> on host fe209149cfc1
[2022-06-17 19:55:47,334] {taskinstance.py:1571} INFO - Exporting the following env vars:
AIRFLOW_CTX_DAG_OWNER=***
AIRFLOW_CTX_DAG_ID=e-t-l
AIRFLOW_CTX_TASK_ID=transform
AIRFLOW_CTX_EXECUTION_DATE=2022-06-17T19:55:24.406096+00:00
AIRFLOW_CTX_TRY_NUMBER=1
AIRFLOW_CTX_DAG_RUN_ID=manual__2022-06-17T19:55:24.406096+00:00
[2022-06-17 19:55:47,673] {python.py:173} INFO - Done. Returned value was: None
[2022-06-17 19:55:47,814] {taskinstance.py:1400} INFO - Marking task as SUCCESS. dag_id=e-t-l, task_id=transform, execution_date=20220617T195524, start_date=20220617T195545, end_date=20220617T195547
[2022-06-17 19:55:47,971] {local_task_job.py:156} INFO - Task exited with return code 0
[2022-06-17 19:55:48,423] {local_task_job.py:273} INFO - 1 downstream tasks scheduled from follow-on schedule check
