[2022-06-17 09:09:30,852] {taskinstance.py:1159} INFO - Dependencies all met for <TaskInstance: example_xcom.puller manual__2022-06-17T09:07:51.879751+00:00 [queued]>
[2022-06-17 09:09:31,168] {taskinstance.py:1159} INFO - Dependencies all met for <TaskInstance: example_xcom.puller manual__2022-06-17T09:07:51.879751+00:00 [queued]>
[2022-06-17 09:09:31,215] {taskinstance.py:1356} INFO - 
--------------------------------------------------------------------------------
[2022-06-17 09:09:31,235] {taskinstance.py:1357} INFO - Starting attempt 1 of 1
[2022-06-17 09:09:31,326] {taskinstance.py:1358} INFO - 
--------------------------------------------------------------------------------
[2022-06-17 09:09:31,745] {taskinstance.py:1377} INFO - Executing <Task(_PythonDecoratedOperator): puller> on 2022-06-17 09:07:51.879751+00:00
[2022-06-17 09:09:31,889] {standard_task_runner.py:52} INFO - Started process 3262 to run task
[2022-06-17 09:09:32,292] {standard_task_runner.py:79} INFO - Running: ['***', 'tasks', 'run', 'example_xcom', 'puller', 'manual__2022-06-17T09:07:51.879751+00:00', '--job-id', '523', '--raw', '--subdir', '/home/***/.local/lib/python3.7/site-packages/***/example_dags/example_xcom.py', '--cfg-path', '/tmp/tmpsxi4grxv', '--error-file', '/tmp/tmpisylxv6w']
[2022-06-17 09:09:32,416] {standard_task_runner.py:80} INFO - Job 523: Subtask puller
[2022-06-17 09:09:37,399] {task_command.py:370} INFO - Running <TaskInstance: example_xcom.puller manual__2022-06-17T09:07:51.879751+00:00 [running]> on host fe209149cfc1
[2022-06-17 09:10:11,921] {taskinstance.py:1571} INFO - Exporting the following env vars:
AIRFLOW_CTX_DAG_OWNER=***
AIRFLOW_CTX_DAG_ID=example_xcom
AIRFLOW_CTX_TASK_ID=puller
AIRFLOW_CTX_EXECUTION_DATE=2022-06-17T09:07:51.879751+00:00
AIRFLOW_CTX_TRY_NUMBER=1
AIRFLOW_CTX_DAG_RUN_ID=manual__2022-06-17T09:07:51.879751+00:00
[2022-06-17 09:10:12,224] {python.py:173} INFO - Done. Returned value was: None
[2022-06-17 09:10:12,756] {taskinstance.py:1400} INFO - Marking task as SUCCESS. dag_id=example_xcom, task_id=puller, execution_date=20220617T090751, start_date=20220617T090930, end_date=20220617T091012
[2022-06-17 09:10:12,905] {local_task_job.py:156} INFO - Task exited with return code 0
[2022-06-17 09:10:13,166] {local_task_job.py:273} INFO - 0 downstream tasks scheduled from follow-on schedule check
