[2022-06-17 09:08:39,831] {taskinstance.py:1159} INFO - Dependencies all met for <TaskInstance: example_xcom.push scheduled__2021-01-01T00:00:00+00:00 [queued]>
[2022-06-17 09:08:40,242] {taskinstance.py:1159} INFO - Dependencies all met for <TaskInstance: example_xcom.push scheduled__2021-01-01T00:00:00+00:00 [queued]>
[2022-06-17 09:08:40,273] {taskinstance.py:1356} INFO - 
--------------------------------------------------------------------------------
[2022-06-17 09:08:40,319] {taskinstance.py:1357} INFO - Starting attempt 1 of 1
[2022-06-17 09:08:40,359] {taskinstance.py:1358} INFO - 
--------------------------------------------------------------------------------
[2022-06-17 09:08:41,246] {taskinstance.py:1377} INFO - Executing <Task(_PythonDecoratedOperator): push> on 2021-01-01 00:00:00+00:00
[2022-06-17 09:08:41,359] {standard_task_runner.py:79} INFO - Running: ['***', 'tasks', 'run', 'example_xcom', 'push', 'scheduled__2021-01-01T00:00:00+00:00', '--job-id', '517', '--raw', '--subdir', '/home/***/.local/lib/python3.7/site-packages/***/example_dags/example_xcom.py', '--cfg-path', '/tmp/tmppzip5uwz', '--error-file', '/tmp/tmp_dkv3i2y']
[2022-06-17 09:08:41,367] {standard_task_runner.py:80} INFO - Job 517: Subtask push
[2022-06-17 09:08:41,312] {standard_task_runner.py:52} INFO - Started process 3231 to run task
[2022-06-17 09:08:42,865] {task_command.py:370} INFO - Running <TaskInstance: example_xcom.push scheduled__2021-01-01T00:00:00+00:00 [running]> on host fe209149cfc1
[2022-06-17 09:08:51,187] {taskinstance.py:1571} INFO - Exporting the following env vars:
AIRFLOW_CTX_DAG_OWNER=***
AIRFLOW_CTX_DAG_ID=example_xcom
AIRFLOW_CTX_TASK_ID=push
AIRFLOW_CTX_EXECUTION_DATE=2021-01-01T00:00:00+00:00
AIRFLOW_CTX_TRY_NUMBER=1
AIRFLOW_CTX_DAG_RUN_ID=scheduled__2021-01-01T00:00:00+00:00
[2022-06-17 09:08:52,238] {python.py:173} INFO - Done. Returned value was: None
[2022-06-17 09:08:53,107] {taskinstance.py:1400} INFO - Marking task as SUCCESS. dag_id=example_xcom, task_id=push, execution_date=20210101T000000, start_date=20220617T090839, end_date=20220617T090853
[2022-06-17 09:08:54,464] {local_task_job.py:156} INFO - Task exited with return code 0
[2022-06-17 09:09:01,479] {local_task_job.py:273} INFO - 0 downstream tasks scheduled from follow-on schedule check
