[2022-06-16 10:33:06,564] {taskinstance.py:1159} INFO - Dependencies all met for <TaskInstance: analytics.getdata scheduled__2022-06-11T00:00:00+00:00 [queued]>
[2022-06-16 10:33:06,666] {taskinstance.py:1159} INFO - Dependencies all met for <TaskInstance: analytics.getdata scheduled__2022-06-11T00:00:00+00:00 [queued]>
[2022-06-16 10:33:06,667] {taskinstance.py:1356} INFO - 
--------------------------------------------------------------------------------
[2022-06-16 10:33:06,683] {taskinstance.py:1357} INFO - Starting attempt 1 of 1
[2022-06-16 10:33:06,687] {taskinstance.py:1358} INFO - 
--------------------------------------------------------------------------------
[2022-06-16 10:33:06,877] {taskinstance.py:1377} INFO - Executing <Task(MySqlOperator): getdata> on 2022-06-11 00:00:00+00:00
[2022-06-16 10:33:06,973] {standard_task_runner.py:52} INFO - Started process 3640 to run task
[2022-06-16 10:33:07,051] {standard_task_runner.py:79} INFO - Running: ['***', 'tasks', 'run', 'analytics', 'getdata', 'scheduled__2022-06-11T00:00:00+00:00', '--job-id', '462', '--raw', '--subdir', 'DAGS_FOLDER/testing_etl.py', '--cfg-path', '/tmp/tmpcom8is_i', '--error-file', '/tmp/tmp0u5vgyx0']
[2022-06-16 10:33:07,065] {standard_task_runner.py:80} INFO - Job 462: Subtask getdata
[2022-06-16 10:33:07,662] {task_command.py:370} INFO - Running <TaskInstance: analytics.getdata scheduled__2022-06-11T00:00:00+00:00 [running]> on host fe209149cfc1
[2022-06-16 10:33:09,187] {taskinstance.py:1571} INFO - Exporting the following env vars:
AIRFLOW_CTX_DAG_OWNER=***
AIRFLOW_CTX_DAG_ID=analytics
AIRFLOW_CTX_TASK_ID=getdata
AIRFLOW_CTX_EXECUTION_DATE=2022-06-11T00:00:00+00:00
AIRFLOW_CTX_TRY_NUMBER=1
AIRFLOW_CTX_DAG_RUN_ID=scheduled__2022-06-11T00:00:00+00:00
[2022-06-16 10:33:09,192] {mysql.py:82} INFO - Executing: SELECT * from Customer_T;
[2022-06-16 10:33:09,277] {base.py:68} INFO - Using connection ID 'mysql_con' for task execution.
[2022-06-16 10:33:09,365] {dbapi.py:213} INFO - Running statement: SELECT * from Customer_T;, parameters: None
[2022-06-16 10:33:09,368] {dbapi.py:221} INFO - Rows affected: 19
[2022-06-16 10:33:09,425] {taskinstance.py:1400} INFO - Marking task as SUCCESS. dag_id=analytics, task_id=getdata, execution_date=20220611T000000, start_date=20220616T103306, end_date=20220616T103309
[2022-06-16 10:33:09,511] {local_task_job.py:156} INFO - Task exited with return code 0
[2022-06-16 10:33:09,700] {local_task_job.py:273} INFO - 0 downstream tasks scheduled from follow-on schedule check
