[2022-06-20 20:40:28,965] {taskinstance.py:1159} INFO - Dependencies all met for <TaskInstance: etl-processing.load scheduled__2022-06-20T20:20:00+00:00 [queued]>
[2022-06-20 20:40:29,054] {taskinstance.py:1159} INFO - Dependencies all met for <TaskInstance: etl-processing.load scheduled__2022-06-20T20:20:00+00:00 [queued]>
[2022-06-20 20:40:29,058] {taskinstance.py:1356} INFO - 
--------------------------------------------------------------------------------
[2022-06-20 20:40:29,066] {taskinstance.py:1357} INFO - Starting attempt 1 of 1
[2022-06-20 20:40:29,087] {taskinstance.py:1358} INFO - 
--------------------------------------------------------------------------------
[2022-06-20 20:40:29,259] {taskinstance.py:1377} INFO - Executing <Task(PythonOperator): load> on 2022-06-20 20:20:00+00:00
[2022-06-20 20:40:29,314] {standard_task_runner.py:79} INFO - Running: ['***', 'tasks', 'run', 'etl-processing', 'load', 'scheduled__2022-06-20T20:20:00+00:00', '--job-id', '693', '--raw', '--subdir', 'DAGS_FOLDER/etl_processing.py', '--cfg-path', '/tmp/tmparh4brqs', '--error-file', '/tmp/tmpo2yfm_pz']
[2022-06-20 20:40:29,329] {standard_task_runner.py:80} INFO - Job 693: Subtask load
[2022-06-20 20:40:29,285] {standard_task_runner.py:52} INFO - Started process 3939 to run task
[2022-06-20 20:40:29,813] {task_command.py:370} INFO - Running <TaskInstance: etl-processing.load scheduled__2022-06-20T20:20:00+00:00 [running]> on host fe209149cfc1
[2022-06-20 20:40:30,643] {taskinstance.py:1571} INFO - Exporting the following env vars:
AIRFLOW_CTX_DAG_OWNER=***
AIRFLOW_CTX_DAG_ID=etl-processing
AIRFLOW_CTX_TASK_ID=load
AIRFLOW_CTX_EXECUTION_DATE=2022-06-20T20:20:00+00:00
AIRFLOW_CTX_TRY_NUMBER=1
AIRFLOW_CTX_DAG_RUN_ID=scheduled__2022-06-20T20:20:00+00:00
[2022-06-20 20:40:30,876] {base.py:68} INFO - Using connection ID 'postgres_conn' for task execution.
[2022-06-20 20:40:30,890] {logging_mixin.py:115} INFO - [{'STX_ID': 2345678, 'STORE_NAME': 'Mağaza1', 'PAID_PRICE': 100.3, 'TRX_STATUS': 1, 'STORE_STATUS': 0.0, 'STORE_LIVE_DATE': '2021-03-01 00:00:00', 'SALES_CREATE_DATE': '2021-03-05 00:00:00'}, {'STX_ID': 2345679, 'STORE_NAME': 'Mağaza1', 'PAID_PRICE': 100.3, 'TRX_STATUS': 1, 'STORE_STATUS': 0.0, 'STORE_LIVE_DATE': '2021-03-01 00:00:00', 'SALES_CREATE_DATE': '2021-03-05 00:00:00'}, {'STX_ID': 2345680, 'STORE_NAME': 'Mağaza1', 'PAID_PRICE': 100.3, 'TRX_STATUS': 0, 'STORE_STATUS': 0.0, 'STORE_LIVE_DATE': '2021-03-01 00:00:00', 'SALES_CREATE_DATE': '2021-03-05 00:00:00'}, {'STX_ID': 2345681, 'STORE_NAME': 'Mağaza2', 'PAID_PRICE': 100.3, 'TRX_STATUS': 0, 'STORE_STATUS': 0.0, 'STORE_LIVE_DATE': '2021-03-01 00:00:00', 'SALES_CREATE_DATE': '2021-04-05 00:00:00'}, {'STX_ID': 2345682, 'STORE_NAME': 'Mağaza3', 'PAID_PRICE': 200.3, 'TRX_STATUS': 0, 'STORE_STATUS': 0.0, 'STORE_LIVE_DATE': '2021-03-01 00:00:00', 'SALES_CREATE_DATE': '2021-05-05 00:00:00'}, {'STX_ID': 2345683, 'STORE_NAME': 'Mağaza4', 'PAID_PRICE': 28.3, 'TRX_STATUS': 1, 'STORE_STATUS': 0.0, 'STORE_LIVE_DATE': '2021-03-01 00:00:00', 'SALES_CREATE_DATE': '2021-06-05 00:00:00'}, {'STX_ID': 2345684, 'STORE_NAME': 'Mağaza5', 'PAID_PRICE': 100.3, 'TRX_STATUS': 0, 'STORE_STATUS': 0.0, 'STORE_LIVE_DATE': '2021-04-01 00:00:00', 'SALES_CREATE_DATE': '2021-03-05 00:00:00'}, {'STX_ID': 2345685, 'STORE_NAME': 'Mağaza6', 'PAID_PRICE': 79.3, 'TRX_STATUS': 1, 'STORE_STATUS': 0.0, 'STORE_LIVE_DATE': '2021-04-01 00:00:00', 'SALES_CREATE_DATE': '2021-07-05 00:00:00'}, {'STX_ID': 2345686, 'STORE_NAME': 'Mağaza7', 'PAID_PRICE': 256.3, 'TRX_STATUS': 1, 'STORE_STATUS': 0.0, 'STORE_LIVE_DATE': '2021-04-01 00:00:00', 'SALES_CREATE_DATE': '2021-03-05 00:00:00'}, {'STX_ID': 2345687, 'STORE_NAME': 'Mağaza8', 'PAID_PRICE': 456.3, 'TRX_STATUS': 1, 'STORE_STATUS': 0.0, 'STORE_LIVE_DATE': '2021-04-01 00:00:00', 'SALES_CREATE_DATE': '2021-08-05 00:00:00'}, {'STX_ID': 2345688, 'STORE_NAME': 'Mağaza9', 'PAID_PRICE': 432.3, 'TRX_STATUS': 1, 'STORE_STATUS': 0.0, 'STORE_LIVE_DATE': '2021-05-01 00:00:00', 'SALES_CREATE_DATE': '2021-07-05 00:00:00'}, {'STX_ID': 2345689, 'STORE_NAME': 'Mağaza10', 'PAID_PRICE': 75.3, 'TRX_STATUS': 0, 'STORE_STATUS': 0.0, 'STORE_LIVE_DATE': '2021-05-01 00:00:00', 'SALES_CREATE_DATE': '2021-03-05 00:00:00'}, {'STX_ID': 2345690, 'STORE_NAME': 'Mağaza2', 'PAID_PRICE': 100.3, 'TRX_STATUS': 1, 'STORE_STATUS': 0.0, 'STORE_LIVE_DATE': '2021-05-01 00:00:00', 'SALES_CREATE_DATE': '2021-09-05 00:00:00'}, {'STX_ID': 2345691, 'STORE_NAME': 'Mağaza4', 'PAID_PRICE': 36.3, 'TRX_STATUS': 1, 'STORE_STATUS': 0.0, 'STORE_LIVE_DATE': '2021-05-01 00:00:00', 'SALES_CREATE_DATE': '2021-02-05 00:00:00'}, {'STX_ID': 2345692, 'STORE_NAME': None, 'PAID_PRICE': None, 'TRX_STATUS': 0, 'STORE_STATUS': None, 'STORE_LIVE_DATE': None, 'SALES_CREATE_DATE': None}, {'STX_ID': 2345693, 'STORE_NAME': 'Mağaza1', 'PAID_PRICE': 100.3, 'TRX_STATUS': 1, 'STORE_STATUS': 0.0, 'STORE_LIVE_DATE': '2021-03-01 00:00:00', 'SALES_CREATE_DATE': '2021-03-05 00:00:00'}, {'STX_ID': 2345694, 'STORE_NAME': None, 'PAID_PRICE': None, 'TRX_STATUS': 1, 'STORE_STATUS': None, 'STORE_LIVE_DATE': None, 'SALES_CREATE_DATE': None}, {'STX_ID': 2345695, 'STORE_NAME': None, 'PAID_PRICE': 75.3, 'TRX_STATUS': 1, 'STORE_STATUS': None, 'STORE_LIVE_DATE': None, 'SALES_CREATE_DATE': '2021-03-05 00:00:00'}, {'STX_ID': 2345696, 'STORE_NAME': None, 'PAID_PRICE': None, 'TRX_STATUS': 0, 'STORE_STATUS': None, 'STORE_LIVE_DATE': None, 'SALES_CREATE_DATE': None}, {'STX_ID': 2345697, 'STORE_NAME': None, 'PAID_PRICE': None, 'TRX_STATUS': 0, 'STORE_STATUS': None, 'STORE_LIVE_DATE': None, 'SALES_CREATE_DATE': None}, {'STX_ID': 2345698, 'STORE_NAME': None, 'PAID_PRICE': None, 'TRX_STATUS': 1, 'STORE_STATUS': None, 'STORE_LIVE_DATE': None, 'SALES_CREATE_DATE': None}, {'STX_ID': 2345699, 'STORE_NAME': None, 'PAID_PRICE': 100.3, 'TRX_STATUS': 1, 'STORE_STATUS': None, 'STORE_LIVE_DATE': None, 'SALES_CREATE_DATE': '2021-03-05 00:00:00'}, {'STX_ID': 2345700, 'STORE_NAME': None, 'PAID_PRICE': None, 'TRX_STATUS': 0, 'STORE_STATUS': None, 'STORE_LIVE_DATE': None, 'SALES_CREATE_DATE': None}, {'STX_ID': 2345701, 'STORE_NAME': None, 'PAID_PRICE': 100.3, 'TRX_STATUS': 1, 'STORE_STATUS': None, 'STORE_LIVE_DATE': None, 'SALES_CREATE_DATE': '2021-03-05 00:00:00'}, {'STX_ID': 2345702, 'STORE_NAME': None, 'PAID_PRICE': None, 'TRX_STATUS': 1, 'STORE_STATUS': None, 'STORE_LIVE_DATE': None, 'SALES_CREATE_DATE': None}, {'STX_ID': 2345703, 'STORE_NAME': None, 'PAID_PRICE': None, 'TRX_STATUS': 1, 'STORE_STATUS': None, 'STORE_LIVE_DATE': None, 'SALES_CREATE_DATE': None}, {'STX_ID': 2345704, 'STORE_NAME': None, 'PAID_PRICE': 100.3, 'TRX_STATUS': 0, 'STORE_STATUS': None, 'STORE_LIVE_DATE': None, 'SALES_CREATE_DATE': '2021-03-05 00:00:00'}, {'STX_ID': 2345705, 'STORE_NAME': None, 'PAID_PRICE': None, 'TRX_STATUS': 0, 'STORE_STATUS': None, 'STORE_LIVE_DATE': None, 'SALES_CREATE_DATE': None}, {'STX_ID': 2345706, 'STORE_NAME': None, 'PAID_PRICE': None, 'TRX_STATUS': 0, 'STORE_STATUS': None, 'STORE_LIVE_DATE': None, 'SALES_CREATE_DATE': None}]
[2022-06-20 20:40:30,893] {logging_mixin.py:115} INFO - not all arguments converted during string formatting
[2022-06-20 20:40:30,903] {logging_mixin.py:115} INFO - not all arguments converted during string formatting
[2022-06-20 20:40:30,904] {logging_mixin.py:115} INFO - not all arguments converted during string formatting
[2022-06-20 20:40:30,905] {logging_mixin.py:115} INFO - not all arguments converted during string formatting
[2022-06-20 20:40:30,906] {logging_mixin.py:115} INFO - not all arguments converted during string formatting
[2022-06-20 20:40:30,906] {logging_mixin.py:115} INFO - not all arguments converted during string formatting
[2022-06-20 20:40:30,907] {logging_mixin.py:115} INFO - not all arguments converted during string formatting
[2022-06-20 20:40:30,908] {logging_mixin.py:115} INFO - not all arguments converted during string formatting
[2022-06-20 20:40:30,908] {logging_mixin.py:115} INFO - not all arguments converted during string formatting
[2022-06-20 20:40:30,909] {logging_mixin.py:115} INFO - not all arguments converted during string formatting
[2022-06-20 20:40:30,909] {logging_mixin.py:115} INFO - not all arguments converted during string formatting
[2022-06-20 20:40:30,910] {logging_mixin.py:115} INFO - not all arguments converted during string formatting
[2022-06-20 20:40:30,911] {logging_mixin.py:115} INFO - not all arguments converted during string formatting
[2022-06-20 20:40:30,924] {logging_mixin.py:115} INFO - not all arguments converted during string formatting
[2022-06-20 20:40:30,925] {logging_mixin.py:115} INFO - not all arguments converted during string formatting
[2022-06-20 20:40:30,925] {logging_mixin.py:115} INFO - not all arguments converted during string formatting
[2022-06-20 20:40:30,926] {logging_mixin.py:115} INFO - not all arguments converted during string formatting
[2022-06-20 20:40:30,926] {logging_mixin.py:115} INFO - not all arguments converted during string formatting
[2022-06-20 20:40:30,927] {logging_mixin.py:115} INFO - not all arguments converted during string formatting
[2022-06-20 20:40:30,927] {logging_mixin.py:115} INFO - not all arguments converted during string formatting
[2022-06-20 20:40:30,928] {logging_mixin.py:115} INFO - not all arguments converted during string formatting
[2022-06-20 20:40:30,929] {logging_mixin.py:115} INFO - not all arguments converted during string formatting
[2022-06-20 20:40:30,930] {logging_mixin.py:115} INFO - not all arguments converted during string formatting
[2022-06-20 20:40:30,931] {logging_mixin.py:115} INFO - not all arguments converted during string formatting
[2022-06-20 20:40:30,940] {logging_mixin.py:115} INFO - not all arguments converted during string formatting
[2022-06-20 20:40:30,942] {logging_mixin.py:115} INFO - not all arguments converted during string formatting
[2022-06-20 20:40:30,945] {logging_mixin.py:115} INFO - not all arguments converted during string formatting
[2022-06-20 20:40:30,945] {logging_mixin.py:115} INFO - not all arguments converted during string formatting
[2022-06-20 20:40:30,946] {logging_mixin.py:115} INFO - not all arguments converted during string formatting
[2022-06-20 20:40:30,963] {logging_mixin.py:115} INFO - relation "customer" does not exist
LINE 1: INSERT INTO Customer (ID,NAME,CITY,CREATE_DATE) VALUES (4567...
                    ^
[2022-06-20 20:40:30,980] {logging_mixin.py:115} INFO - current transaction is aborted, commands ignored until end of transaction block
[2022-06-20 20:40:30,982] {logging_mixin.py:115} INFO - current transaction is aborted, commands ignored until end of transaction block
[2022-06-20 20:40:30,994] {logging_mixin.py:115} INFO - current transaction is aborted, commands ignored until end of transaction block
[2022-06-20 20:40:30,995] {logging_mixin.py:115} INFO - current transaction is aborted, commands ignored until end of transaction block
[2022-06-20 20:40:30,997] {logging_mixin.py:115} INFO - current transaction is aborted, commands ignored until end of transaction block
[2022-06-20 20:40:30,998] {logging_mixin.py:115} INFO - current transaction is aborted, commands ignored until end of transaction block
[2022-06-20 20:40:31,009] {logging_mixin.py:115} INFO - current transaction is aborted, commands ignored until end of transaction block
[2022-06-20 20:40:31,011] {logging_mixin.py:115} INFO - current transaction is aborted, commands ignored until end of transaction block
[2022-06-20 20:40:31,013] {logging_mixin.py:115} INFO - current transaction is aborted, commands ignored until end of transaction block
[2022-06-20 20:40:31,015] {logging_mixin.py:115} INFO - current transaction is aborted, commands ignored until end of transaction block
[2022-06-20 20:40:31,026] {logging_mixin.py:115} INFO - current transaction is aborted, commands ignored until end of transaction block
[2022-06-20 20:40:31,027] {logging_mixin.py:115} INFO - current transaction is aborted, commands ignored until end of transaction block
[2022-06-20 20:40:31,029] {logging_mixin.py:115} INFO - current transaction is aborted, commands ignored until end of transaction block
[2022-06-20 20:40:31,030] {logging_mixin.py:115} INFO - current transaction is aborted, commands ignored until end of transaction block
[2022-06-20 20:40:31,031] {logging_mixin.py:115} INFO - current transaction is aborted, commands ignored until end of transaction block
[2022-06-20 20:40:31,043] {logging_mixin.py:115} INFO - current transaction is aborted, commands ignored until end of transaction block
[2022-06-20 20:40:31,045] {logging_mixin.py:115} INFO - current transaction is aborted, commands ignored until end of transaction block
[2022-06-20 20:40:31,048] {logging_mixin.py:115} INFO - current transaction is aborted, commands ignored until end of transaction block
[2022-06-20 20:40:31,050] {taskinstance.py:1889} ERROR - Task failed with exception
Traceback (most recent call last):
  File "/home/airflow/.local/lib/python3.7/site-packages/airflow/operators/python.py", line 171, in execute
    return_value = self.execute_callable()
  File "/home/airflow/.local/lib/python3.7/site-packages/airflow/operators/python.py", line 189, in execute_callable
    return self.python_callable(*self.op_args, **self.op_kwargs)
  File "/opt/airflow/dags/etl_processing.py", line 98, in load_data
    target_db_cursor.execute("select * from Store_Sales;")
psycopg2.errors.InFailedSqlTransaction: current transaction is aborted, commands ignored until end of transaction block

[2022-06-20 20:40:31,104] {taskinstance.py:1400} INFO - Marking task as FAILED. dag_id=etl-processing, task_id=load, execution_date=20220620T202000, start_date=20220620T204028, end_date=20220620T204031
[2022-06-20 20:40:31,235] {standard_task_runner.py:97} ERROR - Failed to execute job 693 for task load (current transaction is aborted, commands ignored until end of transaction block
; 3939)
[2022-06-20 20:40:31,331] {local_task_job.py:156} INFO - Task exited with return code 1
[2022-06-20 20:40:32,130] {local_task_job.py:273} INFO - 0 downstream tasks scheduled from follow-on schedule check
