[2022-06-20 07:53:49,995] {taskinstance.py:1159} INFO - Dependencies all met for <TaskInstance: etl-processing.transform manual__2022-06-20T07:53:41.882199+00:00 [queued]>
[2022-06-20 07:53:50,007] {taskinstance.py:1159} INFO - Dependencies all met for <TaskInstance: etl-processing.transform manual__2022-06-20T07:53:41.882199+00:00 [queued]>
[2022-06-20 07:53:50,007] {taskinstance.py:1356} INFO - 
--------------------------------------------------------------------------------
[2022-06-20 07:53:50,008] {taskinstance.py:1357} INFO - Starting attempt 1 of 1
[2022-06-20 07:53:50,008] {taskinstance.py:1358} INFO - 
--------------------------------------------------------------------------------
[2022-06-20 07:53:50,028] {taskinstance.py:1377} INFO - Executing <Task(PythonOperator): transform> on 2022-06-20 07:53:41.882199+00:00
[2022-06-20 07:53:50,033] {standard_task_runner.py:52} INFO - Started process 5523 to run task
[2022-06-20 07:53:50,037] {standard_task_runner.py:79} INFO - Running: ['***', 'tasks', 'run', 'etl-processing', 'transform', 'manual__2022-06-20T07:53:41.882199+00:00', '--job-id', '636', '--raw', '--subdir', 'DAGS_FOLDER/etl_processing.py', '--cfg-path', '/tmp/tmp9fpkcxix', '--error-file', '/tmp/tmpyqlyz5cj']
[2022-06-20 07:53:50,038] {standard_task_runner.py:80} INFO - Job 636: Subtask transform
[2022-06-20 07:53:50,152] {task_command.py:370} INFO - Running <TaskInstance: etl-processing.transform manual__2022-06-20T07:53:41.882199+00:00 [running]> on host fe209149cfc1
[2022-06-20 07:53:50,486] {taskinstance.py:1571} INFO - Exporting the following env vars:
AIRFLOW_CTX_DAG_OWNER=***
AIRFLOW_CTX_DAG_ID=etl-processing
AIRFLOW_CTX_TASK_ID=transform
AIRFLOW_CTX_EXECUTION_DATE=2022-06-20T07:53:41.882199+00:00
AIRFLOW_CTX_TRY_NUMBER=1
AIRFLOW_CTX_DAG_RUN_ID=manual__2022-06-20T07:53:41.882199+00:00
[2022-06-20 07:53:50,545] {python.py:173} INFO - Done. Returned value was: None
[2022-06-20 07:53:50,569] {taskinstance.py:1400} INFO - Marking task as SUCCESS. dag_id=etl-processing, task_id=transform, execution_date=20220620T075341, start_date=20220620T075349, end_date=20220620T075350
[2022-06-20 07:53:50,628] {local_task_job.py:156} INFO - Task exited with return code 0
[2022-06-20 07:53:50,751] {local_task_job.py:273} INFO - 1 downstream tasks scheduled from follow-on schedule check
