[2022-06-20 20:39:17,472] {taskinstance.py:1159} INFO - Dependencies all met for <TaskInstance: etl-processing.load manual__2022-06-20T20:38:55.484670+00:00 [queued]>
[2022-06-20 20:39:17,505] {taskinstance.py:1159} INFO - Dependencies all met for <TaskInstance: etl-processing.load manual__2022-06-20T20:38:55.484670+00:00 [queued]>
[2022-06-20 20:39:17,506] {taskinstance.py:1356} INFO - 
--------------------------------------------------------------------------------
[2022-06-20 20:39:17,506] {taskinstance.py:1357} INFO - Starting attempt 1 of 1
[2022-06-20 20:39:17,507] {taskinstance.py:1358} INFO - 
--------------------------------------------------------------------------------
[2022-06-20 20:39:17,544] {taskinstance.py:1377} INFO - Executing <Task(PythonOperator): load> on 2022-06-20 20:38:55.484670+00:00
[2022-06-20 20:39:17,558] {standard_task_runner.py:79} INFO - Running: ['***', 'tasks', 'run', 'etl-processing', 'load', 'manual__2022-06-20T20:38:55.484670+00:00', '--job-id', '690', '--raw', '--subdir', 'DAGS_FOLDER/etl_processing.py', '--cfg-path', '/tmp/tmpn2v6bpl0', '--error-file', '/tmp/tmpirkuti67']
[2022-06-20 20:39:17,552] {standard_task_runner.py:52} INFO - Started process 3891 to run task
[2022-06-20 20:39:17,560] {standard_task_runner.py:80} INFO - Job 690: Subtask load
[2022-06-20 20:39:17,747] {task_command.py:370} INFO - Running <TaskInstance: etl-processing.load manual__2022-06-20T20:38:55.484670+00:00 [running]> on host fe209149cfc1
[2022-06-20 20:39:18,136] {taskinstance.py:1571} INFO - Exporting the following env vars:
AIRFLOW_CTX_DAG_OWNER=***
AIRFLOW_CTX_DAG_ID=etl-processing
AIRFLOW_CTX_TASK_ID=load
AIRFLOW_CTX_EXECUTION_DATE=2022-06-20T20:38:55.484670+00:00
AIRFLOW_CTX_TRY_NUMBER=1
AIRFLOW_CTX_DAG_RUN_ID=manual__2022-06-20T20:38:55.484670+00:00
[2022-06-20 20:39:18,288] {base.py:68} INFO - Using connection ID 'postgres_conn' for task execution.
[2022-06-20 20:39:18,329] {logging_mixin.py:115} INFO - [{'STX_ID': 2345678, 'STORE_NAME': 'Mağaza1', 'PAID_PRICE': 100.3, 'TRX_STATUS': 1, 'STORE_STATUS': 0.0, 'STORE_LIVE_DATE': '2021-03-01 00:00:00', 'SALES_CREATE_DATE': '2021-03-05 00:00:00'}, {'STX_ID': 2345679, 'STORE_NAME': 'Mağaza1', 'PAID_PRICE': 100.3, 'TRX_STATUS': 1, 'STORE_STATUS': 0.0, 'STORE_LIVE_DATE': '2021-03-01 00:00:00', 'SALES_CREATE_DATE': '2021-03-05 00:00:00'}, {'STX_ID': 2345680, 'STORE_NAME': 'Mağaza1', 'PAID_PRICE': 100.3, 'TRX_STATUS': 0, 'STORE_STATUS': 0.0, 'STORE_LIVE_DATE': '2021-03-01 00:00:00', 'SALES_CREATE_DATE': '2021-03-05 00:00:00'}, {'STX_ID': 2345681, 'STORE_NAME': 'Mağaza2', 'PAID_PRICE': 100.3, 'TRX_STATUS': 0, 'STORE_STATUS': 0.0, 'STORE_LIVE_DATE': '2021-03-01 00:00:00', 'SALES_CREATE_DATE': '2021-04-05 00:00:00'}, {'STX_ID': 2345682, 'STORE_NAME': 'Mağaza3', 'PAID_PRICE': 200.3, 'TRX_STATUS': 0, 'STORE_STATUS': 0.0, 'STORE_LIVE_DATE': '2021-03-01 00:00:00', 'SALES_CREATE_DATE': '2021-05-05 00:00:00'}, {'STX_ID': 2345683, 'STORE_NAME': 'Mağaza4', 'PAID_PRICE': 28.3, 'TRX_STATUS': 1, 'STORE_STATUS': 0.0, 'STORE_LIVE_DATE': '2021-03-01 00:00:00', 'SALES_CREATE_DATE': '2021-06-05 00:00:00'}, {'STX_ID': 2345684, 'STORE_NAME': 'Mağaza5', 'PAID_PRICE': 100.3, 'TRX_STATUS': 0, 'STORE_STATUS': 0.0, 'STORE_LIVE_DATE': '2021-04-01 00:00:00', 'SALES_CREATE_DATE': '2021-03-05 00:00:00'}, {'STX_ID': 2345685, 'STORE_NAME': 'Mağaza6', 'PAID_PRICE': 79.3, 'TRX_STATUS': 1, 'STORE_STATUS': 0.0, 'STORE_LIVE_DATE': '2021-04-01 00:00:00', 'SALES_CREATE_DATE': '2021-07-05 00:00:00'}, {'STX_ID': 2345686, 'STORE_NAME': 'Mağaza7', 'PAID_PRICE': 256.3, 'TRX_STATUS': 1, 'STORE_STATUS': 0.0, 'STORE_LIVE_DATE': '2021-04-01 00:00:00', 'SALES_CREATE_DATE': '2021-03-05 00:00:00'}, {'STX_ID': 2345687, 'STORE_NAME': 'Mağaza8', 'PAID_PRICE': 456.3, 'TRX_STATUS': 1, 'STORE_STATUS': 0.0, 'STORE_LIVE_DATE': '2021-04-01 00:00:00', 'SALES_CREATE_DATE': '2021-08-05 00:00:00'}, {'STX_ID': 2345688, 'STORE_NAME': 'Mağaza9', 'PAID_PRICE': 432.3, 'TRX_STATUS': 1, 'STORE_STATUS': 0.0, 'STORE_LIVE_DATE': '2021-05-01 00:00:00', 'SALES_CREATE_DATE': '2021-07-05 00:00:00'}, {'STX_ID': 2345689, 'STORE_NAME': 'Mağaza10', 'PAID_PRICE': 75.3, 'TRX_STATUS': 0, 'STORE_STATUS': 0.0, 'STORE_LIVE_DATE': '2021-05-01 00:00:00', 'SALES_CREATE_DATE': '2021-03-05 00:00:00'}, {'STX_ID': 2345690, 'STORE_NAME': 'Mağaza2', 'PAID_PRICE': 100.3, 'TRX_STATUS': 1, 'STORE_STATUS': 0.0, 'STORE_LIVE_DATE': '2021-05-01 00:00:00', 'SALES_CREATE_DATE': '2021-09-05 00:00:00'}, {'STX_ID': 2345691, 'STORE_NAME': 'Mağaza4', 'PAID_PRICE': 36.3, 'TRX_STATUS': 1, 'STORE_STATUS': 0.0, 'STORE_LIVE_DATE': '2021-05-01 00:00:00', 'SALES_CREATE_DATE': '2021-02-05 00:00:00'}, {'STX_ID': 2345692, 'STORE_NAME': None, 'PAID_PRICE': None, 'TRX_STATUS': 0, 'STORE_STATUS': None, 'STORE_LIVE_DATE': None, 'SALES_CREATE_DATE': None}, {'STX_ID': 2345693, 'STORE_NAME': 'Mağaza1', 'PAID_PRICE': 100.3, 'TRX_STATUS': 1, 'STORE_STATUS': 0.0, 'STORE_LIVE_DATE': '2021-03-01 00:00:00', 'SALES_CREATE_DATE': '2021-03-05 00:00:00'}, {'STX_ID': 2345694, 'STORE_NAME': None, 'PAID_PRICE': None, 'TRX_STATUS': 1, 'STORE_STATUS': None, 'STORE_LIVE_DATE': None, 'SALES_CREATE_DATE': None}, {'STX_ID': 2345695, 'STORE_NAME': None, 'PAID_PRICE': 75.3, 'TRX_STATUS': 1, 'STORE_STATUS': None, 'STORE_LIVE_DATE': None, 'SALES_CREATE_DATE': '2021-03-05 00:00:00'}, {'STX_ID': 2345696, 'STORE_NAME': None, 'PAID_PRICE': None, 'TRX_STATUS': 0, 'STORE_STATUS': None, 'STORE_LIVE_DATE': None, 'SALES_CREATE_DATE': None}, {'STX_ID': 2345697, 'STORE_NAME': None, 'PAID_PRICE': None, 'TRX_STATUS': 0, 'STORE_STATUS': None, 'STORE_LIVE_DATE': None, 'SALES_CREATE_DATE': None}, {'STX_ID': 2345698, 'STORE_NAME': None, 'PAID_PRICE': None, 'TRX_STATUS': 1, 'STORE_STATUS': None, 'STORE_LIVE_DATE': None, 'SALES_CREATE_DATE': None}, {'STX_ID': 2345699, 'STORE_NAME': None, 'PAID_PRICE': 100.3, 'TRX_STATUS': 1, 'STORE_STATUS': None, 'STORE_LIVE_DATE': None, 'SALES_CREATE_DATE': '2021-03-05 00:00:00'}, {'STX_ID': 2345700, 'STORE_NAME': None, 'PAID_PRICE': None, 'TRX_STATUS': 0, 'STORE_STATUS': None, 'STORE_LIVE_DATE': None, 'SALES_CREATE_DATE': None}, {'STX_ID': 2345701, 'STORE_NAME': None, 'PAID_PRICE': 100.3, 'TRX_STATUS': 1, 'STORE_STATUS': None, 'STORE_LIVE_DATE': None, 'SALES_CREATE_DATE': '2021-03-05 00:00:00'}, {'STX_ID': 2345702, 'STORE_NAME': None, 'PAID_PRICE': None, 'TRX_STATUS': 1, 'STORE_STATUS': None, 'STORE_LIVE_DATE': None, 'SALES_CREATE_DATE': None}, {'STX_ID': 2345703, 'STORE_NAME': None, 'PAID_PRICE': None, 'TRX_STATUS': 1, 'STORE_STATUS': None, 'STORE_LIVE_DATE': None, 'SALES_CREATE_DATE': None}, {'STX_ID': 2345704, 'STORE_NAME': None, 'PAID_PRICE': 100.3, 'TRX_STATUS': 0, 'STORE_STATUS': None, 'STORE_LIVE_DATE': None, 'SALES_CREATE_DATE': '2021-03-05 00:00:00'}, {'STX_ID': 2345705, 'STORE_NAME': None, 'PAID_PRICE': None, 'TRX_STATUS': 0, 'STORE_STATUS': None, 'STORE_LIVE_DATE': None, 'SALES_CREATE_DATE': None}, {'STX_ID': 2345706, 'STORE_NAME': None, 'PAID_PRICE': None, 'TRX_STATUS': 0, 'STORE_STATUS': None, 'STORE_LIVE_DATE': None, 'SALES_CREATE_DATE': None}]
[2022-06-20 20:39:18,343] {logging_mixin.py:115} INFO - not all arguments converted during string formatting
[2022-06-20 20:39:18,343] {logging_mixin.py:115} INFO - not all arguments converted during string formatting
[2022-06-20 20:39:18,344] {logging_mixin.py:115} INFO - not all arguments converted during string formatting
[2022-06-20 20:39:18,344] {logging_mixin.py:115} INFO - not all arguments converted during string formatting
[2022-06-20 20:39:18,345] {logging_mixin.py:115} INFO - not all arguments converted during string formatting
[2022-06-20 20:39:18,345] {logging_mixin.py:115} INFO - not all arguments converted during string formatting
[2022-06-20 20:39:18,353] {logging_mixin.py:115} INFO - not all arguments converted during string formatting
[2022-06-20 20:39:18,354] {logging_mixin.py:115} INFO - not all arguments converted during string formatting
[2022-06-20 20:39:18,355] {logging_mixin.py:115} INFO - not all arguments converted during string formatting
[2022-06-20 20:39:18,359] {logging_mixin.py:115} INFO - not all arguments converted during string formatting
[2022-06-20 20:39:18,359] {logging_mixin.py:115} INFO - not all arguments converted during string formatting
[2022-06-20 20:39:18,360] {logging_mixin.py:115} INFO - not all arguments converted during string formatting
[2022-06-20 20:39:18,361] {logging_mixin.py:115} INFO - not all arguments converted during string formatting
[2022-06-20 20:39:18,362] {logging_mixin.py:115} INFO - not all arguments converted during string formatting
[2022-06-20 20:39:18,363] {logging_mixin.py:115} INFO - not all arguments converted during string formatting
[2022-06-20 20:39:18,365] {logging_mixin.py:115} INFO - not all arguments converted during string formatting
[2022-06-20 20:39:18,377] {logging_mixin.py:115} INFO - not all arguments converted during string formatting
[2022-06-20 20:39:18,377] {logging_mixin.py:115} INFO - not all arguments converted during string formatting
[2022-06-20 20:39:18,378] {logging_mixin.py:115} INFO - not all arguments converted during string formatting
[2022-06-20 20:39:18,380] {logging_mixin.py:115} INFO - not all arguments converted during string formatting
[2022-06-20 20:39:18,381] {logging_mixin.py:115} INFO - not all arguments converted during string formatting
[2022-06-20 20:39:18,381] {logging_mixin.py:115} INFO - not all arguments converted during string formatting
[2022-06-20 20:39:18,382] {logging_mixin.py:115} INFO - not all arguments converted during string formatting
[2022-06-20 20:39:18,384] {logging_mixin.py:115} INFO - not all arguments converted during string formatting
[2022-06-20 20:39:18,393] {logging_mixin.py:115} INFO - not all arguments converted during string formatting
[2022-06-20 20:39:18,395] {logging_mixin.py:115} INFO - not all arguments converted during string formatting
[2022-06-20 20:39:18,396] {logging_mixin.py:115} INFO - not all arguments converted during string formatting
[2022-06-20 20:39:18,397] {logging_mixin.py:115} INFO - not all arguments converted during string formatting
[2022-06-20 20:39:18,397] {logging_mixin.py:115} INFO - not all arguments converted during string formatting
[2022-06-20 20:39:18,408] {logging_mixin.py:115} INFO - relation "customer" does not exist
LINE 1: INSERT INTO Customer (ID,NAME,CITY,CREATE_DATE) VALUES (4567...
                    ^
[2022-06-20 20:39:18,420] {logging_mixin.py:115} INFO - current transaction is aborted, commands ignored until end of transaction block
[2022-06-20 20:39:18,426] {logging_mixin.py:115} INFO - current transaction is aborted, commands ignored until end of transaction block
[2022-06-20 20:39:18,430] {logging_mixin.py:115} INFO - current transaction is aborted, commands ignored until end of transaction block
[2022-06-20 20:39:18,432] {logging_mixin.py:115} INFO - current transaction is aborted, commands ignored until end of transaction block
[2022-06-20 20:39:18,434] {logging_mixin.py:115} INFO - current transaction is aborted, commands ignored until end of transaction block
[2022-06-20 20:39:18,435] {logging_mixin.py:115} INFO - current transaction is aborted, commands ignored until end of transaction block
[2022-06-20 20:39:18,437] {logging_mixin.py:115} INFO - current transaction is aborted, commands ignored until end of transaction block
[2022-06-20 20:39:18,447] {logging_mixin.py:115} INFO - current transaction is aborted, commands ignored until end of transaction block
[2022-06-20 20:39:18,449] {logging_mixin.py:115} INFO - current transaction is aborted, commands ignored until end of transaction block
[2022-06-20 20:39:18,451] {logging_mixin.py:115} INFO - current transaction is aborted, commands ignored until end of transaction block
[2022-06-20 20:39:18,453] {logging_mixin.py:115} INFO - current transaction is aborted, commands ignored until end of transaction block
[2022-06-20 20:39:18,458] {logging_mixin.py:115} INFO - current transaction is aborted, commands ignored until end of transaction block
[2022-06-20 20:39:18,465] {logging_mixin.py:115} INFO - current transaction is aborted, commands ignored until end of transaction block
[2022-06-20 20:39:18,469] {logging_mixin.py:115} INFO - current transaction is aborted, commands ignored until end of transaction block
[2022-06-20 20:39:18,472] {logging_mixin.py:115} INFO - current transaction is aborted, commands ignored until end of transaction block
[2022-06-20 20:39:18,480] {logging_mixin.py:115} INFO - current transaction is aborted, commands ignored until end of transaction block
[2022-06-20 20:39:18,490] {logging_mixin.py:115} INFO - current transaction is aborted, commands ignored until end of transaction block
[2022-06-20 20:39:18,493] {logging_mixin.py:115} INFO - current transaction is aborted, commands ignored until end of transaction block
[2022-06-20 20:39:18,497] {taskinstance.py:1889} ERROR - Task failed with exception
Traceback (most recent call last):
  File "/home/airflow/.local/lib/python3.7/site-packages/airflow/operators/python.py", line 171, in execute
    return_value = self.execute_callable()
  File "/home/airflow/.local/lib/python3.7/site-packages/airflow/operators/python.py", line 189, in execute_callable
    return self.python_callable(*self.op_args, **self.op_kwargs)
  File "/opt/airflow/dags/etl_processing.py", line 98, in load_data
    target_db_cursor.execute("select * from Store_Sales;")
psycopg2.errors.InFailedSqlTransaction: current transaction is aborted, commands ignored until end of transaction block

[2022-06-20 20:39:18,613] {taskinstance.py:1400} INFO - Marking task as FAILED. dag_id=etl-processing, task_id=load, execution_date=20220620T203855, start_date=20220620T203917, end_date=20220620T203918
[2022-06-20 20:39:18,704] {standard_task_runner.py:97} ERROR - Failed to execute job 690 for task load (current transaction is aborted, commands ignored until end of transaction block
; 3891)
[2022-06-20 20:39:18,786] {local_task_job.py:156} INFO - Task exited with return code 1
[2022-06-20 20:39:19,049] {local_task_job.py:273} INFO - 0 downstream tasks scheduled from follow-on schedule check
