[2022-06-16 10:33:05,132] {taskinstance.py:1159} INFO - Dependencies all met for <TaskInstance: analytics.getdata scheduled__2022-06-10T00:00:00+00:00 [queued]>
[2022-06-16 10:33:05,291] {taskinstance.py:1159} INFO - Dependencies all met for <TaskInstance: analytics.getdata scheduled__2022-06-10T00:00:00+00:00 [queued]>
[2022-06-16 10:33:05,317] {taskinstance.py:1356} INFO - 
--------------------------------------------------------------------------------
[2022-06-16 10:33:05,337] {taskinstance.py:1357} INFO - Starting attempt 1 of 1
[2022-06-16 10:33:05,371] {taskinstance.py:1358} INFO - 
--------------------------------------------------------------------------------
[2022-06-16 10:33:05,852] {taskinstance.py:1377} INFO - Executing <Task(MySqlOperator): getdata> on 2022-06-10 00:00:00+00:00
[2022-06-16 10:33:05,867] {standard_task_runner.py:52} INFO - Started process 3639 to run task
[2022-06-16 10:33:05,966] {standard_task_runner.py:79} INFO - Running: ['***', 'tasks', 'run', 'analytics', 'getdata', 'scheduled__2022-06-10T00:00:00+00:00', '--job-id', '461', '--raw', '--subdir', 'DAGS_FOLDER/testing_etl.py', '--cfg-path', '/tmp/tmpqfw1p2me', '--error-file', '/tmp/tmp1kf4mqxu']
[2022-06-16 10:33:05,978] {standard_task_runner.py:80} INFO - Job 461: Subtask getdata
[2022-06-16 10:33:06,508] {task_command.py:370} INFO - Running <TaskInstance: analytics.getdata scheduled__2022-06-10T00:00:00+00:00 [running]> on host fe209149cfc1
[2022-06-16 10:33:07,811] {taskinstance.py:1571} INFO - Exporting the following env vars:
AIRFLOW_CTX_DAG_OWNER=***
AIRFLOW_CTX_DAG_ID=analytics
AIRFLOW_CTX_TASK_ID=getdata
AIRFLOW_CTX_EXECUTION_DATE=2022-06-10T00:00:00+00:00
AIRFLOW_CTX_TRY_NUMBER=1
AIRFLOW_CTX_DAG_RUN_ID=scheduled__2022-06-10T00:00:00+00:00
[2022-06-16 10:33:07,813] {mysql.py:82} INFO - Executing: SELECT * from Customer_T;
[2022-06-16 10:33:07,890] {base.py:68} INFO - Using connection ID 'mysql_con' for task execution.
[2022-06-16 10:33:08,007] {dbapi.py:213} INFO - Running statement: SELECT * from Customer_T;, parameters: None
[2022-06-16 10:33:08,013] {dbapi.py:221} INFO - Rows affected: 19
[2022-06-16 10:33:08,219] {taskinstance.py:1400} INFO - Marking task as SUCCESS. dag_id=analytics, task_id=getdata, execution_date=20220610T000000, start_date=20220616T103305, end_date=20220616T103308
[2022-06-16 10:33:08,452] {local_task_job.py:156} INFO - Task exited with return code 0
[2022-06-16 10:33:09,068] {local_task_job.py:273} INFO - 0 downstream tasks scheduled from follow-on schedule check
