[2022-06-20 20:43:14,585] {taskinstance.py:1159} INFO - Dependencies all met for <TaskInstance: etl-processing.load manual__2022-06-20T20:42:45.501948+00:00 [queued]>
[2022-06-20 20:43:14,640] {taskinstance.py:1159} INFO - Dependencies all met for <TaskInstance: etl-processing.load manual__2022-06-20T20:42:45.501948+00:00 [queued]>
[2022-06-20 20:43:14,650] {taskinstance.py:1356} INFO - 
--------------------------------------------------------------------------------
[2022-06-20 20:43:14,653] {taskinstance.py:1357} INFO - Starting attempt 1 of 1
[2022-06-20 20:43:14,671] {taskinstance.py:1358} INFO - 
--------------------------------------------------------------------------------
[2022-06-20 20:43:14,896] {taskinstance.py:1377} INFO - Executing <Task(PythonOperator): load> on 2022-06-20 20:42:45.501948+00:00
[2022-06-20 20:43:14,907] {standard_task_runner.py:52} INFO - Started process 4038 to run task
[2022-06-20 20:43:14,945] {standard_task_runner.py:79} INFO - Running: ['***', 'tasks', 'run', 'etl-processing', 'load', 'manual__2022-06-20T20:42:45.501948+00:00', '--job-id', '699', '--raw', '--subdir', 'DAGS_FOLDER/etl_processing.py', '--cfg-path', '/tmp/tmp5nrmlkck', '--error-file', '/tmp/tmp76ejr4su']
[2022-06-20 20:43:14,954] {standard_task_runner.py:80} INFO - Job 699: Subtask load
[2022-06-20 20:43:15,446] {task_command.py:370} INFO - Running <TaskInstance: etl-processing.load manual__2022-06-20T20:42:45.501948+00:00 [running]> on host fe209149cfc1
[2022-06-20 20:43:16,125] {taskinstance.py:1571} INFO - Exporting the following env vars:
AIRFLOW_CTX_DAG_OWNER=***
AIRFLOW_CTX_DAG_ID=etl-processing
AIRFLOW_CTX_TASK_ID=load
AIRFLOW_CTX_EXECUTION_DATE=2022-06-20T20:42:45.501948+00:00
AIRFLOW_CTX_TRY_NUMBER=1
AIRFLOW_CTX_DAG_RUN_ID=manual__2022-06-20T20:42:45.501948+00:00
[2022-06-20 20:43:16,297] {base.py:68} INFO - Using connection ID 'postgres_conn' for task execution.
[2022-06-20 20:43:16,323] {logging_mixin.py:115} INFO - [{'STX_ID': 2345678, 'STORE_NAME': 'Mağaza1', 'PAID_PRICE': 100.3, 'TRX_STATUS': 1, 'STORE_STATUS': 0.0, 'STORE_LIVE_DATE': '2021-03-01 00:00:00', 'SALES_CREATE_DATE': '2021-03-05 00:00:00'}, {'STX_ID': 2345679, 'STORE_NAME': 'Mağaza1', 'PAID_PRICE': 100.3, 'TRX_STATUS': 1, 'STORE_STATUS': 0.0, 'STORE_LIVE_DATE': '2021-03-01 00:00:00', 'SALES_CREATE_DATE': '2021-03-05 00:00:00'}, {'STX_ID': 2345680, 'STORE_NAME': 'Mağaza1', 'PAID_PRICE': 100.3, 'TRX_STATUS': 0, 'STORE_STATUS': 0.0, 'STORE_LIVE_DATE': '2021-03-01 00:00:00', 'SALES_CREATE_DATE': '2021-03-05 00:00:00'}, {'STX_ID': 2345681, 'STORE_NAME': 'Mağaza2', 'PAID_PRICE': 100.3, 'TRX_STATUS': 0, 'STORE_STATUS': 0.0, 'STORE_LIVE_DATE': '2021-03-01 00:00:00', 'SALES_CREATE_DATE': '2021-04-05 00:00:00'}, {'STX_ID': 2345682, 'STORE_NAME': 'Mağaza3', 'PAID_PRICE': 200.3, 'TRX_STATUS': 0, 'STORE_STATUS': 0.0, 'STORE_LIVE_DATE': '2021-03-01 00:00:00', 'SALES_CREATE_DATE': '2021-05-05 00:00:00'}, {'STX_ID': 2345683, 'STORE_NAME': 'Mağaza4', 'PAID_PRICE': 28.3, 'TRX_STATUS': 1, 'STORE_STATUS': 0.0, 'STORE_LIVE_DATE': '2021-03-01 00:00:00', 'SALES_CREATE_DATE': '2021-06-05 00:00:00'}, {'STX_ID': 2345684, 'STORE_NAME': 'Mağaza5', 'PAID_PRICE': 100.3, 'TRX_STATUS': 0, 'STORE_STATUS': 0.0, 'STORE_LIVE_DATE': '2021-04-01 00:00:00', 'SALES_CREATE_DATE': '2021-03-05 00:00:00'}, {'STX_ID': 2345685, 'STORE_NAME': 'Mağaza6', 'PAID_PRICE': 79.3, 'TRX_STATUS': 1, 'STORE_STATUS': 0.0, 'STORE_LIVE_DATE': '2021-04-01 00:00:00', 'SALES_CREATE_DATE': '2021-07-05 00:00:00'}, {'STX_ID': 2345686, 'STORE_NAME': 'Mağaza7', 'PAID_PRICE': 256.3, 'TRX_STATUS': 1, 'STORE_STATUS': 0.0, 'STORE_LIVE_DATE': '2021-04-01 00:00:00', 'SALES_CREATE_DATE': '2021-03-05 00:00:00'}, {'STX_ID': 2345687, 'STORE_NAME': 'Mağaza8', 'PAID_PRICE': 456.3, 'TRX_STATUS': 1, 'STORE_STATUS': 0.0, 'STORE_LIVE_DATE': '2021-04-01 00:00:00', 'SALES_CREATE_DATE': '2021-08-05 00:00:00'}, {'STX_ID': 2345688, 'STORE_NAME': 'Mağaza9', 'PAID_PRICE': 432.3, 'TRX_STATUS': 1, 'STORE_STATUS': 0.0, 'STORE_LIVE_DATE': '2021-05-01 00:00:00', 'SALES_CREATE_DATE': '2021-07-05 00:00:00'}, {'STX_ID': 2345689, 'STORE_NAME': 'Mağaza10', 'PAID_PRICE': 75.3, 'TRX_STATUS': 0, 'STORE_STATUS': 0.0, 'STORE_LIVE_DATE': '2021-05-01 00:00:00', 'SALES_CREATE_DATE': '2021-03-05 00:00:00'}, {'STX_ID': 2345690, 'STORE_NAME': 'Mağaza2', 'PAID_PRICE': 100.3, 'TRX_STATUS': 1, 'STORE_STATUS': 0.0, 'STORE_LIVE_DATE': '2021-05-01 00:00:00', 'SALES_CREATE_DATE': '2021-09-05 00:00:00'}, {'STX_ID': 2345691, 'STORE_NAME': 'Mağaza4', 'PAID_PRICE': 36.3, 'TRX_STATUS': 1, 'STORE_STATUS': 0.0, 'STORE_LIVE_DATE': '2021-05-01 00:00:00', 'SALES_CREATE_DATE': '2021-02-05 00:00:00'}, {'STX_ID': 2345692, 'STORE_NAME': None, 'PAID_PRICE': None, 'TRX_STATUS': 0, 'STORE_STATUS': None, 'STORE_LIVE_DATE': None, 'SALES_CREATE_DATE': None}, {'STX_ID': 2345693, 'STORE_NAME': 'Mağaza1', 'PAID_PRICE': 100.3, 'TRX_STATUS': 1, 'STORE_STATUS': 0.0, 'STORE_LIVE_DATE': '2021-03-01 00:00:00', 'SALES_CREATE_DATE': '2021-03-05 00:00:00'}, {'STX_ID': 2345694, 'STORE_NAME': None, 'PAID_PRICE': None, 'TRX_STATUS': 1, 'STORE_STATUS': None, 'STORE_LIVE_DATE': None, 'SALES_CREATE_DATE': None}, {'STX_ID': 2345695, 'STORE_NAME': None, 'PAID_PRICE': 75.3, 'TRX_STATUS': 1, 'STORE_STATUS': None, 'STORE_LIVE_DATE': None, 'SALES_CREATE_DATE': '2021-03-05 00:00:00'}, {'STX_ID': 2345696, 'STORE_NAME': None, 'PAID_PRICE': None, 'TRX_STATUS': 0, 'STORE_STATUS': None, 'STORE_LIVE_DATE': None, 'SALES_CREATE_DATE': None}, {'STX_ID': 2345697, 'STORE_NAME': None, 'PAID_PRICE': None, 'TRX_STATUS': 0, 'STORE_STATUS': None, 'STORE_LIVE_DATE': None, 'SALES_CREATE_DATE': None}, {'STX_ID': 2345698, 'STORE_NAME': None, 'PAID_PRICE': None, 'TRX_STATUS': 1, 'STORE_STATUS': None, 'STORE_LIVE_DATE': None, 'SALES_CREATE_DATE': None}, {'STX_ID': 2345699, 'STORE_NAME': None, 'PAID_PRICE': 100.3, 'TRX_STATUS': 1, 'STORE_STATUS': None, 'STORE_LIVE_DATE': None, 'SALES_CREATE_DATE': '2021-03-05 00:00:00'}, {'STX_ID': 2345700, 'STORE_NAME': None, 'PAID_PRICE': None, 'TRX_STATUS': 0, 'STORE_STATUS': None, 'STORE_LIVE_DATE': None, 'SALES_CREATE_DATE': None}, {'STX_ID': 2345701, 'STORE_NAME': None, 'PAID_PRICE': 100.3, 'TRX_STATUS': 1, 'STORE_STATUS': None, 'STORE_LIVE_DATE': None, 'SALES_CREATE_DATE': '2021-03-05 00:00:00'}, {'STX_ID': 2345702, 'STORE_NAME': None, 'PAID_PRICE': None, 'TRX_STATUS': 1, 'STORE_STATUS': None, 'STORE_LIVE_DATE': None, 'SALES_CREATE_DATE': None}, {'STX_ID': 2345703, 'STORE_NAME': None, 'PAID_PRICE': None, 'TRX_STATUS': 1, 'STORE_STATUS': None, 'STORE_LIVE_DATE': None, 'SALES_CREATE_DATE': None}, {'STX_ID': 2345704, 'STORE_NAME': None, 'PAID_PRICE': 100.3, 'TRX_STATUS': 0, 'STORE_STATUS': None, 'STORE_LIVE_DATE': None, 'SALES_CREATE_DATE': '2021-03-05 00:00:00'}, {'STX_ID': 2345705, 'STORE_NAME': None, 'PAID_PRICE': None, 'TRX_STATUS': 0, 'STORE_STATUS': None, 'STORE_LIVE_DATE': None, 'SALES_CREATE_DATE': None}, {'STX_ID': 2345706, 'STORE_NAME': None, 'PAID_PRICE': None, 'TRX_STATUS': 0, 'STORE_STATUS': None, 'STORE_LIVE_DATE': None, 'SALES_CREATE_DATE': None}]
[2022-06-20 20:43:16,324] {logging_mixin.py:115} INFO - unsupported format character 'd' (0x64) at index 54
[2022-06-20 20:43:16,325] {logging_mixin.py:115} INFO - unsupported format character 'd' (0x64) at index 54
[2022-06-20 20:43:16,326] {logging_mixin.py:115} INFO - unsupported format character 'd' (0x64) at index 54
[2022-06-20 20:43:16,331] {logging_mixin.py:115} INFO - unsupported format character 'd' (0x64) at index 54
[2022-06-20 20:43:16,343] {logging_mixin.py:115} INFO - unsupported format character 'd' (0x64) at index 54
[2022-06-20 20:43:16,355] {logging_mixin.py:115} INFO - unsupported format character 'd' (0x64) at index 54
[2022-06-20 20:43:16,373] {logging_mixin.py:115} INFO - unsupported format character 'd' (0x64) at index 54
[2022-06-20 20:43:16,375] {logging_mixin.py:115} INFO - unsupported format character 'd' (0x64) at index 54
[2022-06-20 20:43:16,376] {logging_mixin.py:115} INFO - unsupported format character 'd' (0x64) at index 54
[2022-06-20 20:43:16,377] {logging_mixin.py:115} INFO - unsupported format character 'd' (0x64) at index 54
[2022-06-20 20:43:16,377] {logging_mixin.py:115} INFO - unsupported format character 'd' (0x64) at index 54
[2022-06-20 20:43:16,379] {logging_mixin.py:115} INFO - unsupported format character 'd' (0x64) at index 54
[2022-06-20 20:43:16,389] {logging_mixin.py:115} INFO - unsupported format character 'd' (0x64) at index 54
[2022-06-20 20:43:16,405] {logging_mixin.py:115} INFO - unsupported format character 'd' (0x64) at index 54
[2022-06-20 20:43:16,411] {logging_mixin.py:115} INFO - unsupported format character 'd' (0x64) at index 54
[2022-06-20 20:43:16,412] {logging_mixin.py:115} INFO - unsupported format character 'd' (0x64) at index 54
[2022-06-20 20:43:16,413] {logging_mixin.py:115} INFO - unsupported format character 'd' (0x64) at index 54
[2022-06-20 20:43:16,414] {logging_mixin.py:115} INFO - unsupported format character 'd' (0x64) at index 54
[2022-06-20 20:43:16,415] {logging_mixin.py:115} INFO - unsupported format character 'd' (0x64) at index 54
[2022-06-20 20:43:16,427] {logging_mixin.py:115} INFO - unsupported format character 'd' (0x64) at index 54
[2022-06-20 20:43:16,431] {logging_mixin.py:115} INFO - unsupported format character 'd' (0x64) at index 54
[2022-06-20 20:43:16,433] {logging_mixin.py:115} INFO - unsupported format character 'd' (0x64) at index 54
[2022-06-20 20:43:16,434] {logging_mixin.py:115} INFO - unsupported format character 'd' (0x64) at index 54
[2022-06-20 20:43:16,484] {logging_mixin.py:115} INFO - unsupported format character 'd' (0x64) at index 54
[2022-06-20 20:43:16,500] {logging_mixin.py:115} INFO - unsupported format character 'd' (0x64) at index 54
[2022-06-20 20:43:16,511] {logging_mixin.py:115} INFO - unsupported format character 'd' (0x64) at index 54
[2022-06-20 20:43:16,516] {logging_mixin.py:115} INFO - unsupported format character 'd' (0x64) at index 54
[2022-06-20 20:43:16,518] {logging_mixin.py:115} INFO - unsupported format character 'd' (0x64) at index 54
[2022-06-20 20:43:16,519] {logging_mixin.py:115} INFO - unsupported format character 'd' (0x64) at index 54
[2022-06-20 20:43:16,528] {logging_mixin.py:115} INFO - relation "customer" does not exist
LINE 1: INSERT INTO Customer (ID,NAME,CITY,CREATE_DATE) VALUES (4567...
                    ^
[2022-06-20 20:43:16,536] {logging_mixin.py:115} INFO - current transaction is aborted, commands ignored until end of transaction block
[2022-06-20 20:43:16,538] {logging_mixin.py:115} INFO - current transaction is aborted, commands ignored until end of transaction block
[2022-06-20 20:43:16,540] {logging_mixin.py:115} INFO - current transaction is aborted, commands ignored until end of transaction block
[2022-06-20 20:43:16,544] {logging_mixin.py:115} INFO - current transaction is aborted, commands ignored until end of transaction block
[2022-06-20 20:43:16,546] {logging_mixin.py:115} INFO - current transaction is aborted, commands ignored until end of transaction block
[2022-06-20 20:43:16,553] {logging_mixin.py:115} INFO - current transaction is aborted, commands ignored until end of transaction block
[2022-06-20 20:43:16,556] {logging_mixin.py:115} INFO - current transaction is aborted, commands ignored until end of transaction block
[2022-06-20 20:43:16,562] {logging_mixin.py:115} INFO - current transaction is aborted, commands ignored until end of transaction block
[2022-06-20 20:43:16,571] {logging_mixin.py:115} INFO - current transaction is aborted, commands ignored until end of transaction block
[2022-06-20 20:43:16,592] {logging_mixin.py:115} INFO - current transaction is aborted, commands ignored until end of transaction block
[2022-06-20 20:43:16,593] {logging_mixin.py:115} INFO - current transaction is aborted, commands ignored until end of transaction block
[2022-06-20 20:43:16,594] {logging_mixin.py:115} INFO - current transaction is aborted, commands ignored until end of transaction block
[2022-06-20 20:43:16,595] {logging_mixin.py:115} INFO - current transaction is aborted, commands ignored until end of transaction block
[2022-06-20 20:43:16,597] {logging_mixin.py:115} INFO - current transaction is aborted, commands ignored until end of transaction block
[2022-06-20 20:43:16,600] {logging_mixin.py:115} INFO - current transaction is aborted, commands ignored until end of transaction block
[2022-06-20 20:43:16,604] {logging_mixin.py:115} INFO - current transaction is aborted, commands ignored until end of transaction block
[2022-06-20 20:43:16,607] {logging_mixin.py:115} INFO - current transaction is aborted, commands ignored until end of transaction block
[2022-06-20 20:43:16,625] {logging_mixin.py:115} INFO - current transaction is aborted, commands ignored until end of transaction block
[2022-06-20 20:43:16,626] {taskinstance.py:1889} ERROR - Task failed with exception
Traceback (most recent call last):
  File "/home/airflow/.local/lib/python3.7/site-packages/airflow/operators/python.py", line 171, in execute
    return_value = self.execute_callable()
  File "/home/airflow/.local/lib/python3.7/site-packages/airflow/operators/python.py", line 189, in execute_callable
    return self.python_callable(*self.op_args, **self.op_kwargs)
  File "/opt/airflow/dags/etl_processing.py", line 99, in load_data
    target_db_cursor.execute("select * from Store_Sales;")
psycopg2.errors.InFailedSqlTransaction: current transaction is aborted, commands ignored until end of transaction block

[2022-06-20 20:43:16,660] {taskinstance.py:1400} INFO - Marking task as FAILED. dag_id=etl-processing, task_id=load, execution_date=20220620T204245, start_date=20220620T204314, end_date=20220620T204316
[2022-06-20 20:43:16,736] {standard_task_runner.py:97} ERROR - Failed to execute job 699 for task load (current transaction is aborted, commands ignored until end of transaction block
; 4038)
[2022-06-20 20:43:16,808] {local_task_job.py:156} INFO - Task exited with return code 1
[2022-06-20 20:43:16,989] {local_task_job.py:273} INFO - 0 downstream tasks scheduled from follow-on schedule check
