[2022-06-16 10:31:10,520] {taskinstance.py:1159} INFO - Dependencies all met for <TaskInstance: analytics.getdata scheduled__2022-04-16T00:00:00+00:00 [queued]>
[2022-06-16 10:31:10,710] {taskinstance.py:1159} INFO - Dependencies all met for <TaskInstance: analytics.getdata scheduled__2022-04-16T00:00:00+00:00 [queued]>
[2022-06-16 10:31:10,719] {taskinstance.py:1356} INFO - 
--------------------------------------------------------------------------------
[2022-06-16 10:31:10,720] {taskinstance.py:1357} INFO - Starting attempt 1 of 1
[2022-06-16 10:31:10,731] {taskinstance.py:1358} INFO - 
--------------------------------------------------------------------------------
[2022-06-16 10:31:10,908] {taskinstance.py:1377} INFO - Executing <Task(MySqlOperator): getdata> on 2022-04-16 00:00:00+00:00
[2022-06-16 10:31:10,915] {standard_task_runner.py:52} INFO - Started process 3477 to run task
[2022-06-16 10:31:10,959] {standard_task_runner.py:79} INFO - Running: ['***', 'tasks', 'run', 'analytics', 'getdata', 'scheduled__2022-04-16T00:00:00+00:00', '--job-id', '406', '--raw', '--subdir', 'DAGS_FOLDER/testing_etl.py', '--cfg-path', '/tmp/tmpy2pq8j3l', '--error-file', '/tmp/tmprgs5abe0']
[2022-06-16 10:31:10,961] {standard_task_runner.py:80} INFO - Job 406: Subtask getdata
[2022-06-16 10:31:12,155] {task_command.py:370} INFO - Running <TaskInstance: analytics.getdata scheduled__2022-04-16T00:00:00+00:00 [running]> on host fe209149cfc1
[2022-06-16 10:31:14,150] {taskinstance.py:1571} INFO - Exporting the following env vars:
AIRFLOW_CTX_DAG_OWNER=***
AIRFLOW_CTX_DAG_ID=analytics
AIRFLOW_CTX_TASK_ID=getdata
AIRFLOW_CTX_EXECUTION_DATE=2022-04-16T00:00:00+00:00
AIRFLOW_CTX_TRY_NUMBER=1
AIRFLOW_CTX_DAG_RUN_ID=scheduled__2022-04-16T00:00:00+00:00
[2022-06-16 10:31:14,152] {mysql.py:82} INFO - Executing: SELECT * from Customer_T;
[2022-06-16 10:31:14,298] {base.py:68} INFO - Using connection ID 'mysql_con' for task execution.
[2022-06-16 10:31:14,478] {dbapi.py:213} INFO - Running statement: SELECT * from Customer_T;, parameters: None
[2022-06-16 10:31:14,480] {dbapi.py:221} INFO - Rows affected: 19
[2022-06-16 10:31:14,633] {taskinstance.py:1400} INFO - Marking task as SUCCESS. dag_id=analytics, task_id=getdata, execution_date=20220416T000000, start_date=20220616T103110, end_date=20220616T103114
[2022-06-16 10:31:14,808] {local_task_job.py:156} INFO - Task exited with return code 0
[2022-06-16 10:31:15,002] {local_task_job.py:273} INFO - 0 downstream tasks scheduled from follow-on schedule check
