[2022-06-17 09:04:46,199] {taskinstance.py:1159} INFO - Dependencies all met for <TaskInstance: postgre_insert.create_pet_table manual__2022-06-17T09:04:33.065857+00:00 [queued]>
[2022-06-17 09:04:46,281] {taskinstance.py:1159} INFO - Dependencies all met for <TaskInstance: postgre_insert.create_pet_table manual__2022-06-17T09:04:33.065857+00:00 [queued]>
[2022-06-17 09:04:46,308] {taskinstance.py:1356} INFO - 
--------------------------------------------------------------------------------
[2022-06-17 09:04:46,324] {taskinstance.py:1357} INFO - Starting attempt 1 of 1
[2022-06-17 09:04:46,341] {taskinstance.py:1358} INFO - 
--------------------------------------------------------------------------------
[2022-06-17 09:04:52,411] {taskinstance.py:1377} INFO - Executing <Task(PostgresOperator): create_pet_table> on 2022-06-17 09:04:33.065857+00:00
[2022-06-17 09:04:52,470] {standard_task_runner.py:52} INFO - Started process 3121 to run task
[2022-06-17 09:04:52,490] {standard_task_runner.py:79} INFO - Running: ['***', 'tasks', 'run', 'postgre_insert', 'create_pet_table', 'manual__2022-06-17T09:04:33.065857+00:00', '--job-id', '511', '--raw', '--subdir', 'DAGS_FOLDER/postgre_conn.py', '--cfg-path', '/tmp/tmpg4r447o4', '--error-file', '/tmp/tmpchmo6h7b']
[2022-06-17 09:04:52,507] {standard_task_runner.py:80} INFO - Job 511: Subtask create_pet_table
[2022-06-17 09:04:52,884] {task_command.py:370} INFO - Running <TaskInstance: postgre_insert.create_pet_table manual__2022-06-17T09:04:33.065857+00:00 [running]> on host fe209149cfc1
[2022-06-17 09:04:53,951] {taskinstance.py:1571} INFO - Exporting the following env vars:
AIRFLOW_CTX_DAG_OWNER=***
AIRFLOW_CTX_DAG_ID=postgre_insert
AIRFLOW_CTX_TASK_ID=create_pet_table
AIRFLOW_CTX_EXECUTION_DATE=2022-06-17T09:04:33.065857+00:00
AIRFLOW_CTX_TRY_NUMBER=1
AIRFLOW_CTX_DAG_RUN_ID=manual__2022-06-17T09:04:33.065857+00:00
[2022-06-17 09:04:54,375] {base.py:68} INFO - Using connection ID 'postgres_conn' for task execution.
[2022-06-17 09:04:54,518] {dbapi.py:213} INFO - Running statement: 
                CREATE TABLE IF NOT EXISTS Store_Sales (
                ID INT generated by default as identity primary key ,
                STX_ID INT,
                STORE_NAME varchar(250),
                PAID_PRICE numeric(10,2),
                TRX_STATUS INT,
                STORE_STATUS INT,
                STORE_LIVE_DATE TIMESTAMP ,
                SALES_CREATE_DATE TIMESTAMP 
                );
                              , parameters: None
[2022-06-17 09:04:55,245] {taskinstance.py:1400} INFO - Marking task as SUCCESS. dag_id=postgre_insert, task_id=create_pet_table, execution_date=20220617T090433, start_date=20220617T090446, end_date=20220617T090455
[2022-06-17 09:04:55,440] {local_task_job.py:156} INFO - Task exited with return code 0
[2022-06-17 09:04:55,693] {local_task_job.py:273} INFO - 0 downstream tasks scheduled from follow-on schedule check
