[2022-06-20 08:00:09,822] {taskinstance.py:1159} INFO - Dependencies all met for <TaskInstance: etl-processing.transform scheduled__2022-06-20T07:40:00+00:00 [queued]>
[2022-06-20 08:00:09,926] {taskinstance.py:1159} INFO - Dependencies all met for <TaskInstance: etl-processing.transform scheduled__2022-06-20T07:40:00+00:00 [queued]>
[2022-06-20 08:00:09,928] {taskinstance.py:1356} INFO - 
--------------------------------------------------------------------------------
[2022-06-20 08:00:09,930] {taskinstance.py:1357} INFO - Starting attempt 1 of 1
[2022-06-20 08:00:09,935] {taskinstance.py:1358} INFO - 
--------------------------------------------------------------------------------
[2022-06-20 08:00:10,079] {taskinstance.py:1377} INFO - Executing <Task(PythonOperator): transform> on 2022-06-20 07:40:00+00:00
[2022-06-20 08:00:10,100] {standard_task_runner.py:52} INFO - Started process 5738 to run task
[2022-06-20 08:00:10,141] {standard_task_runner.py:79} INFO - Running: ['***', 'tasks', 'run', 'etl-processing', 'transform', 'scheduled__2022-06-20T07:40:00+00:00', '--job-id', '639', '--raw', '--subdir', 'DAGS_FOLDER/etl_processing.py', '--cfg-path', '/tmp/tmpto20as2m', '--error-file', '/tmp/tmp5zbwz529']
[2022-06-20 08:00:10,156] {standard_task_runner.py:80} INFO - Job 639: Subtask transform
[2022-06-20 08:00:10,574] {task_command.py:370} INFO - Running <TaskInstance: etl-processing.transform scheduled__2022-06-20T07:40:00+00:00 [running]> on host fe209149cfc1
[2022-06-20 08:00:11,240] {taskinstance.py:1571} INFO - Exporting the following env vars:
AIRFLOW_CTX_DAG_OWNER=***
AIRFLOW_CTX_DAG_ID=etl-processing
AIRFLOW_CTX_TASK_ID=transform
AIRFLOW_CTX_EXECUTION_DATE=2022-06-20T07:40:00+00:00
AIRFLOW_CTX_TRY_NUMBER=1
AIRFLOW_CTX_DAG_RUN_ID=scheduled__2022-06-20T07:40:00+00:00
[2022-06-20 08:00:11,513] {python.py:173} INFO - Done. Returned value was: None
[2022-06-20 08:00:11,616] {taskinstance.py:1400} INFO - Marking task as SUCCESS. dag_id=etl-processing, task_id=transform, execution_date=20220620T074000, start_date=20220620T080009, end_date=20220620T080011
[2022-06-20 08:00:11,960] {local_task_job.py:156} INFO - Task exited with return code 0
[2022-06-20 08:00:12,436] {local_task_job.py:273} INFO - 1 downstream tasks scheduled from follow-on schedule check
