[2022-06-17 20:40:45,075] {taskinstance.py:1159} INFO - Dependencies all met for <TaskInstance: e-t-l.load scheduled__2022-06-17T20:20:00+00:00 [queued]>
[2022-06-17 20:40:45,375] {taskinstance.py:1159} INFO - Dependencies all met for <TaskInstance: e-t-l.load scheduled__2022-06-17T20:20:00+00:00 [queued]>
[2022-06-17 20:40:45,391] {taskinstance.py:1356} INFO - 
--------------------------------------------------------------------------------
[2022-06-17 20:40:45,407] {taskinstance.py:1357} INFO - Starting attempt 1 of 1
[2022-06-17 20:40:45,425] {taskinstance.py:1358} INFO - 
--------------------------------------------------------------------------------
[2022-06-17 20:40:45,709] {taskinstance.py:1377} INFO - Executing <Task(PythonOperator): load> on 2022-06-17 20:20:00+00:00
[2022-06-17 20:40:45,838] {standard_task_runner.py:52} INFO - Started process 21597 to run task
[2022-06-17 20:40:45,920] {standard_task_runner.py:79} INFO - Running: ['***', 'tasks', 'run', 'e-t-l', 'load', 'scheduled__2022-06-17T20:20:00+00:00', '--job-id', '608', '--raw', '--subdir', 'DAGS_FOLDER/new-new.py', '--cfg-path', '/tmp/tmp__ynkkcl', '--error-file', '/tmp/tmpcl_gpvn5']
[2022-06-17 20:40:45,934] {standard_task_runner.py:80} INFO - Job 608: Subtask load
[2022-06-17 20:40:47,441] {task_command.py:370} INFO - Running <TaskInstance: e-t-l.load scheduled__2022-06-17T20:20:00+00:00 [running]> on host fe209149cfc1
[2022-06-17 20:40:49,297] {taskinstance.py:1571} INFO - Exporting the following env vars:
AIRFLOW_CTX_DAG_OWNER=***
AIRFLOW_CTX_DAG_ID=e-t-l
AIRFLOW_CTX_TASK_ID=load
AIRFLOW_CTX_EXECUTION_DATE=2022-06-17T20:20:00+00:00
AIRFLOW_CTX_TRY_NUMBER=1
AIRFLOW_CTX_DAG_RUN_ID=scheduled__2022-06-17T20:20:00+00:00
[2022-06-17 20:40:49,631] {base.py:68} INFO - Using connection ID 'postgres_conn' for task execution.
[2022-06-17 20:40:49,696] {logging_mixin.py:115} INFO - [{'STX_ID': 2345678, 'STORE_NAME': 'Mağaza1', 'PAID_PRICE': 100.3, 'TRX_STATUS': 1, 'STORE_STATUS': 0.0, 'STORE_LIVE_DATE': '2021-03-01 00:00:00', 'SALES_CREATE_DATE': '2021-03-05 00:00:00'}, {'STX_ID': 2345679, 'STORE_NAME': 'Mağaza1', 'PAID_PRICE': 100.3, 'TRX_STATUS': 1, 'STORE_STATUS': 0.0, 'STORE_LIVE_DATE': '2021-03-01 00:00:00', 'SALES_CREATE_DATE': '2021-03-05 00:00:00'}, {'STX_ID': 2345680, 'STORE_NAME': 'Mağaza1', 'PAID_PRICE': 100.3, 'TRX_STATUS': 0, 'STORE_STATUS': 0.0, 'STORE_LIVE_DATE': '2021-03-01 00:00:00', 'SALES_CREATE_DATE': '2021-03-05 00:00:00'}, {'STX_ID': 2345681, 'STORE_NAME': 'Mağaza2', 'PAID_PRICE': 100.3, 'TRX_STATUS': 0, 'STORE_STATUS': 0.0, 'STORE_LIVE_DATE': '2021-03-01 00:00:00', 'SALES_CREATE_DATE': '2021-04-05 00:00:00'}, {'STX_ID': 2345682, 'STORE_NAME': 'Mağaza3', 'PAID_PRICE': 200.3, 'TRX_STATUS': 0, 'STORE_STATUS': 0.0, 'STORE_LIVE_DATE': '2021-03-01 00:00:00', 'SALES_CREATE_DATE': '2021-05-05 00:00:00'}, {'STX_ID': 2345683, 'STORE_NAME': 'Mağaza4', 'PAID_PRICE': 28.3, 'TRX_STATUS': 1, 'STORE_STATUS': 0.0, 'STORE_LIVE_DATE': '2021-03-01 00:00:00', 'SALES_CREATE_DATE': '2021-06-05 00:00:00'}, {'STX_ID': 2345684, 'STORE_NAME': 'Mağaza5', 'PAID_PRICE': 100.3, 'TRX_STATUS': 0, 'STORE_STATUS': 0.0, 'STORE_LIVE_DATE': '2021-04-01 00:00:00', 'SALES_CREATE_DATE': '2021-03-05 00:00:00'}, {'STX_ID': 2345685, 'STORE_NAME': 'Mağaza6', 'PAID_PRICE': 79.3, 'TRX_STATUS': 1, 'STORE_STATUS': 0.0, 'STORE_LIVE_DATE': '2021-04-01 00:00:00', 'SALES_CREATE_DATE': '2021-07-05 00:00:00'}, {'STX_ID': 2345686, 'STORE_NAME': 'Mağaza7', 'PAID_PRICE': 256.3, 'TRX_STATUS': 1, 'STORE_STATUS': 0.0, 'STORE_LIVE_DATE': '2021-04-01 00:00:00', 'SALES_CREATE_DATE': '2021-03-05 00:00:00'}, {'STX_ID': 2345687, 'STORE_NAME': 'Mağaza8', 'PAID_PRICE': 456.3, 'TRX_STATUS': 1, 'STORE_STATUS': 0.0, 'STORE_LIVE_DATE': '2021-04-01 00:00:00', 'SALES_CREATE_DATE': '2021-08-05 00:00:00'}, {'STX_ID': 2345688, 'STORE_NAME': 'Mağaza9', 'PAID_PRICE': 432.3, 'TRX_STATUS': 1, 'STORE_STATUS': 0.0, 'STORE_LIVE_DATE': '2021-05-01 00:00:00', 'SALES_CREATE_DATE': '2021-07-05 00:00:00'}, {'STX_ID': 2345689, 'STORE_NAME': 'Mağaza10', 'PAID_PRICE': 75.3, 'TRX_STATUS': 0, 'STORE_STATUS': 0.0, 'STORE_LIVE_DATE': '2021-05-01 00:00:00', 'SALES_CREATE_DATE': '2021-03-05 00:00:00'}, {'STX_ID': 2345690, 'STORE_NAME': 'Mağaza2', 'PAID_PRICE': 100.3, 'TRX_STATUS': 1, 'STORE_STATUS': 0.0, 'STORE_LIVE_DATE': '2021-05-01 00:00:00', 'SALES_CREATE_DATE': '2021-09-05 00:00:00'}, {'STX_ID': 2345691, 'STORE_NAME': 'Mağaza4', 'PAID_PRICE': 36.3, 'TRX_STATUS': 1, 'STORE_STATUS': 0.0, 'STORE_LIVE_DATE': '2021-05-01 00:00:00', 'SALES_CREATE_DATE': '2021-02-05 00:00:00'}, {'STX_ID': 2345692, 'STORE_NAME': 'NULL', 'PAID_PRICE': 'NULL', 'TRX_STATUS': 0, 'STORE_STATUS': 'NULL', 'STORE_LIVE_DATE': 'NULL', 'SALES_CREATE_DATE': 'NULL'}, {'STX_ID': 2345693, 'STORE_NAME': 'Mağaza1', 'PAID_PRICE': 100.3, 'TRX_STATUS': 1, 'STORE_STATUS': 0.0, 'STORE_LIVE_DATE': '2021-03-01 00:00:00', 'SALES_CREATE_DATE': '2021-03-05 00:00:00'}, {'STX_ID': 2345694, 'STORE_NAME': 'NULL', 'PAID_PRICE': 'NULL', 'TRX_STATUS': 1, 'STORE_STATUS': 'NULL', 'STORE_LIVE_DATE': 'NULL', 'SALES_CREATE_DATE': 'NULL'}, {'STX_ID': 2345695, 'STORE_NAME': 'NULL', 'PAID_PRICE': 75.3, 'TRX_STATUS': 1, 'STORE_STATUS': 'NULL', 'STORE_LIVE_DATE': 'NULL', 'SALES_CREATE_DATE': '2021-03-05 00:00:00'}, {'STX_ID': 2345696, 'STORE_NAME': 'NULL', 'PAID_PRICE': 'NULL', 'TRX_STATUS': 0, 'STORE_STATUS': 'NULL', 'STORE_LIVE_DATE': 'NULL', 'SALES_CREATE_DATE': 'NULL'}, {'STX_ID': 2345697, 'STORE_NAME': 'NULL', 'PAID_PRICE': 'NULL', 'TRX_STATUS': 0, 'STORE_STATUS': 'NULL', 'STORE_LIVE_DATE': 'NULL', 'SALES_CREATE_DATE': 'NULL'}, {'STX_ID': 2345698, 'STORE_NAME': 'NULL', 'PAID_PRICE': 'NULL', 'TRX_STATUS': 1, 'STORE_STATUS': 'NULL', 'STORE_LIVE_DATE': 'NULL', 'SALES_CREATE_DATE': 'NULL'}, {'STX_ID': 2345699, 'STORE_NAME': 'NULL', 'PAID_PRICE': 100.3, 'TRX_STATUS': 1, 'STORE_STATUS': 'NULL', 'STORE_LIVE_DATE': 'NULL', 'SALES_CREATE_DATE': '2021-03-05 00:00:00'}, {'STX_ID': 2345700, 'STORE_NAME': 'NULL', 'PAID_PRICE': 'NULL', 'TRX_STATUS': 0, 'STORE_STATUS': 'NULL', 'STORE_LIVE_DATE': 'NULL', 'SALES_CREATE_DATE': 'NULL'}, {'STX_ID': 2345701, 'STORE_NAME': 'NULL', 'PAID_PRICE': 100.3, 'TRX_STATUS': 1, 'STORE_STATUS': 'NULL', 'STORE_LIVE_DATE': 'NULL', 'SALES_CREATE_DATE': '2021-03-05 00:00:00'}, {'STX_ID': 2345702, 'STORE_NAME': 'NULL', 'PAID_PRICE': 'NULL', 'TRX_STATUS': 1, 'STORE_STATUS': 'NULL', 'STORE_LIVE_DATE': 'NULL', 'SALES_CREATE_DATE': 'NULL'}, {'STX_ID': 2345703, 'STORE_NAME': 'NULL', 'PAID_PRICE': 'NULL', 'TRX_STATUS': 1, 'STORE_STATUS': 'NULL', 'STORE_LIVE_DATE': 'NULL', 'SALES_CREATE_DATE': 'NULL'}, {'STX_ID': 2345704, 'STORE_NAME': 'NULL', 'PAID_PRICE': 100.3, 'TRX_STATUS': 0, 'STORE_STATUS': 'NULL', 'STORE_LIVE_DATE': 'NULL', 'SALES_CREATE_DATE': '2021-03-05 00:00:00'}, {'STX_ID': 2345705, 'STORE_NAME': 'NULL', 'PAID_PRICE': 'NULL', 'TRX_STATUS': 0, 'STORE_STATUS': 'NULL', 'STORE_LIVE_DATE': 'NULL', 'SALES_CREATE_DATE': 'NULL'}, {'STX_ID': 2345706, 'STORE_NAME': 'NULL', 'PAID_PRICE': 'NULL', 'TRX_STATUS': 0, 'STORE_STATUS': 'NULL', 'STORE_LIVE_DATE': 'NULL', 'SALES_CREATE_DATE': 'NULL'}]
[2022-06-17 20:40:49,698] {logging_mixin.py:115} INFO - INSERT INTO  Store_Sales (STX_ID,STORE_NAME,PAID_PRICE,TRX_STATUS,STORE_STATUS,STORE_LIVE_DATE,SALES_CREATE_DATE) VALUES (2345678,Mağaza1,100.3,1,0.0,2021-03-01 00:00:00,2021-03-05 00:00:00)
[2022-06-17 20:40:49,791] {logging_mixin.py:115} INFO - INSERT INTO  Store_Sales (STX_ID,STORE_NAME,PAID_PRICE,TRX_STATUS,STORE_STATUS,STORE_LIVE_DATE,SALES_CREATE_DATE) VALUES (2345679,Mağaza1,100.3,1,0.0,2021-03-01 00:00:00,2021-03-05 00:00:00)
[2022-06-17 20:40:49,925] {logging_mixin.py:115} INFO - INSERT INTO  Store_Sales (STX_ID,STORE_NAME,PAID_PRICE,TRX_STATUS,STORE_STATUS,STORE_LIVE_DATE,SALES_CREATE_DATE) VALUES (2345680,Mağaza1,100.3,0,0.0,2021-03-01 00:00:00,2021-03-05 00:00:00)
[2022-06-17 20:40:50,005] {logging_mixin.py:115} INFO - INSERT INTO  Store_Sales (STX_ID,STORE_NAME,PAID_PRICE,TRX_STATUS,STORE_STATUS,STORE_LIVE_DATE,SALES_CREATE_DATE) VALUES (2345681,Mağaza2,100.3,0,0.0,2021-03-01 00:00:00,2021-04-05 00:00:00)
[2022-06-17 20:40:50,102] {logging_mixin.py:115} INFO - INSERT INTO  Store_Sales (STX_ID,STORE_NAME,PAID_PRICE,TRX_STATUS,STORE_STATUS,STORE_LIVE_DATE,SALES_CREATE_DATE) VALUES (2345682,Mağaza3,200.3,0,0.0,2021-03-01 00:00:00,2021-05-05 00:00:00)
[2022-06-17 20:40:50,221] {logging_mixin.py:115} INFO - INSERT INTO  Store_Sales (STX_ID,STORE_NAME,PAID_PRICE,TRX_STATUS,STORE_STATUS,STORE_LIVE_DATE,SALES_CREATE_DATE) VALUES (2345683,Mağaza4,28.3,1,0.0,2021-03-01 00:00:00,2021-06-05 00:00:00)
[2022-06-17 20:40:50,274] {logging_mixin.py:115} INFO - INSERT INTO  Store_Sales (STX_ID,STORE_NAME,PAID_PRICE,TRX_STATUS,STORE_STATUS,STORE_LIVE_DATE,SALES_CREATE_DATE) VALUES (2345684,Mağaza5,100.3,0,0.0,2021-04-01 00:00:00,2021-03-05 00:00:00)
[2022-06-17 20:40:50,289] {logging_mixin.py:115} INFO - INSERT INTO  Store_Sales (STX_ID,STORE_NAME,PAID_PRICE,TRX_STATUS,STORE_STATUS,STORE_LIVE_DATE,SALES_CREATE_DATE) VALUES (2345685,Mağaza6,79.3,1,0.0,2021-04-01 00:00:00,2021-07-05 00:00:00)
[2022-06-17 20:40:50,322] {logging_mixin.py:115} INFO - INSERT INTO  Store_Sales (STX_ID,STORE_NAME,PAID_PRICE,TRX_STATUS,STORE_STATUS,STORE_LIVE_DATE,SALES_CREATE_DATE) VALUES (2345686,Mağaza7,256.3,1,0.0,2021-04-01 00:00:00,2021-03-05 00:00:00)
[2022-06-17 20:40:50,343] {logging_mixin.py:115} INFO - INSERT INTO  Store_Sales (STX_ID,STORE_NAME,PAID_PRICE,TRX_STATUS,STORE_STATUS,STORE_LIVE_DATE,SALES_CREATE_DATE) VALUES (2345687,Mağaza8,456.3,1,0.0,2021-04-01 00:00:00,2021-08-05 00:00:00)
[2022-06-17 20:40:50,371] {logging_mixin.py:115} INFO - INSERT INTO  Store_Sales (STX_ID,STORE_NAME,PAID_PRICE,TRX_STATUS,STORE_STATUS,STORE_LIVE_DATE,SALES_CREATE_DATE) VALUES (2345688,Mağaza9,432.3,1,0.0,2021-05-01 00:00:00,2021-07-05 00:00:00)
[2022-06-17 20:40:50,388] {logging_mixin.py:115} INFO - INSERT INTO  Store_Sales (STX_ID,STORE_NAME,PAID_PRICE,TRX_STATUS,STORE_STATUS,STORE_LIVE_DATE,SALES_CREATE_DATE) VALUES (2345689,Mağaza10,75.3,0,0.0,2021-05-01 00:00:00,2021-03-05 00:00:00)
[2022-06-17 20:40:50,420] {logging_mixin.py:115} INFO - INSERT INTO  Store_Sales (STX_ID,STORE_NAME,PAID_PRICE,TRX_STATUS,STORE_STATUS,STORE_LIVE_DATE,SALES_CREATE_DATE) VALUES (2345690,Mağaza2,100.3,1,0.0,2021-05-01 00:00:00,2021-09-05 00:00:00)
[2022-06-17 20:40:50,451] {logging_mixin.py:115} INFO - INSERT INTO  Store_Sales (STX_ID,STORE_NAME,PAID_PRICE,TRX_STATUS,STORE_STATUS,STORE_LIVE_DATE,SALES_CREATE_DATE) VALUES (2345691,Mağaza4,36.3,1,0.0,2021-05-01 00:00:00,2021-02-05 00:00:00)
[2022-06-17 20:40:50,500] {logging_mixin.py:115} INFO - INSERT INTO  Store_Sales (STX_ID,STORE_NAME,PAID_PRICE,TRX_STATUS,STORE_STATUS,STORE_LIVE_DATE,SALES_CREATE_DATE) VALUES (2345692,NULL,NULL,0,NULL,NULL,NULL)
[2022-06-17 20:40:50,503] {taskinstance.py:1889} ERROR - Task failed with exception
Traceback (most recent call last):
  File "/home/airflow/.local/lib/python3.7/site-packages/airflow/operators/python.py", line 171, in execute
    return_value = self.execute_callable()
  File "/home/airflow/.local/lib/python3.7/site-packages/airflow/operators/python.py", line 189, in execute_callable
    return self.python_callable(*self.op_args, **self.op_kwargs)
  File "/opt/airflow/dags/new-new.py", line 74, in load_data
    target_db_cursor.execute(sql, tuple(i.values()))
psycopg2.errors.InvalidTextRepresentation: invalid input syntax for type numeric: "NULL"
LINE 1: ...VE_DATE,SALES_CREATE_DATE) VALUES (2345692,'NULL','NULL',0,'...
                                                             ^

[2022-06-17 20:40:50,830] {taskinstance.py:1400} INFO - Marking task as FAILED. dag_id=e-t-l, task_id=load, execution_date=20220617T202000, start_date=20220617T204045, end_date=20220617T204050
[2022-06-17 20:40:51,136] {standard_task_runner.py:97} ERROR - Failed to execute job 608 for task load (invalid input syntax for type numeric: "NULL"
LINE 1: ...VE_DATE,SALES_CREATE_DATE) VALUES (2345692,'NULL','NULL',0,'...
                                                             ^
; 21597)
[2022-06-17 20:40:51,365] {local_task_job.py:156} INFO - Task exited with return code 1
[2022-06-17 20:40:51,773] {local_task_job.py:273} INFO - 0 downstream tasks scheduled from follow-on schedule check
