[2022-06-20 21:37:56,212] {taskinstance.py:1159} INFO - Dependencies all met for <TaskInstance: etl-processing.health_check manual__2022-06-20T21:37:23.736294+00:00 [queued]>
[2022-06-20 21:37:56,235] {taskinstance.py:1159} INFO - Dependencies all met for <TaskInstance: etl-processing.health_check manual__2022-06-20T21:37:23.736294+00:00 [queued]>
[2022-06-20 21:37:56,235] {taskinstance.py:1356} INFO - 
--------------------------------------------------------------------------------
[2022-06-20 21:37:56,236] {taskinstance.py:1357} INFO - Starting attempt 1 of 1
[2022-06-20 21:37:56,237] {taskinstance.py:1358} INFO - 
--------------------------------------------------------------------------------
[2022-06-20 21:37:56,276] {taskinstance.py:1377} INFO - Executing <Task(BashOperator): health_check> on 2022-06-20 21:37:23.736294+00:00
[2022-06-20 21:37:56,289] {standard_task_runner.py:52} INFO - Started process 5900 to run task
[2022-06-20 21:37:56,299] {standard_task_runner.py:79} INFO - Running: ['***', 'tasks', 'run', 'etl-processing', 'health_check', 'manual__2022-06-20T21:37:23.736294+00:00', '--job-id', '726', '--raw', '--subdir', 'DAGS_FOLDER/etl_processing.py', '--cfg-path', '/tmp/tmp5cmmthge', '--error-file', '/tmp/tmp6m8bbr2f']
[2022-06-20 21:37:56,306] {standard_task_runner.py:80} INFO - Job 726: Subtask health_check
[2022-06-20 21:37:56,519] {task_command.py:370} INFO - Running <TaskInstance: etl-processing.health_check manual__2022-06-20T21:37:23.736294+00:00 [running]> on host fe209149cfc1
[2022-06-20 21:37:56,656] {taskinstance.py:1889} ERROR - Task failed with exception
Traceback (most recent call last):
  File "/home/airflow/.local/lib/python3.7/site-packages/airflow/models/taskinstance.py", line 1451, in _run_raw_task
    self._execute_task_with_callbacks(context, test_mode)
  File "/home/airflow/.local/lib/python3.7/site-packages/airflow/models/taskinstance.py", line 1555, in _execute_task_with_callbacks
    task_orig = self.render_templates(context=context)
  File "/home/airflow/.local/lib/python3.7/site-packages/airflow/models/taskinstance.py", line 2212, in render_templates
    rendered_task = self.task.render_template_fields(context)
  File "/home/airflow/.local/lib/python3.7/site-packages/airflow/models/baseoperator.py", line 1185, in render_template_fields
    self._do_render_template_fields(self, self.template_fields, context, jinja_env, set())
  File "/home/airflow/.local/lib/python3.7/site-packages/airflow/utils/session.py", line 71, in wrapper
    return func(*args, session=session, **kwargs)
  File "/home/airflow/.local/lib/python3.7/site-packages/airflow/models/abstractoperator.py", line 348, in _do_render_template_fields
    seen_oids,
  File "/home/airflow/.local/lib/python3.7/site-packages/airflow/models/abstractoperator.py", line 385, in render_template
    template = jinja_env.get_template(value)
  File "/home/airflow/.local/lib/python3.7/site-packages/jinja2/environment.py", line 997, in get_template
    return self._load_template(name, globals)
  File "/home/airflow/.local/lib/python3.7/site-packages/jinja2/environment.py", line 958, in _load_template
    template = self.loader.load(self, name, self.make_globals(globals))
  File "/home/airflow/.local/lib/python3.7/site-packages/jinja2/loaders.py", line 125, in load
    source, filename, uptodate = self.get_source(environment, name)
  File "/home/airflow/.local/lib/python3.7/site-packages/jinja2/loaders.py", line 214, in get_source
    raise TemplateNotFound(template)
jinja2.exceptions.TemplateNotFound: \healt_check.sh
[2022-06-20 21:37:56,692] {taskinstance.py:1400} INFO - Marking task as FAILED. dag_id=etl-processing, task_id=health_check, execution_date=20220620T213723, start_date=20220620T213756, end_date=20220620T213756
[2022-06-20 21:37:56,725] {standard_task_runner.py:97} ERROR - Failed to execute job 726 for task health_check (\healt_check.sh; 5900)
[2022-06-20 21:37:56,761] {local_task_job.py:156} INFO - Task exited with return code 1
[2022-06-20 21:37:56,865] {local_task_job.py:273} INFO - 0 downstream tasks scheduled from follow-on schedule check
