[2022-06-17 21:00:53,310] {taskinstance.py:1159} INFO - Dependencies all met for <TaskInstance: e-t-l.transform scheduled__2022-06-17T20:40:00+00:00 [queued]>
[2022-06-17 21:00:53,470] {taskinstance.py:1159} INFO - Dependencies all met for <TaskInstance: e-t-l.transform scheduled__2022-06-17T20:40:00+00:00 [queued]>
[2022-06-17 21:00:53,471] {taskinstance.py:1356} INFO - 
--------------------------------------------------------------------------------
[2022-06-17 21:00:53,471] {taskinstance.py:1357} INFO - Starting attempt 1 of 1
[2022-06-17 21:00:53,472] {taskinstance.py:1358} INFO - 
--------------------------------------------------------------------------------
[2022-06-17 21:00:53,839] {taskinstance.py:1377} INFO - Executing <Task(PythonOperator): transform> on 2022-06-17 20:40:00+00:00
[2022-06-17 21:00:53,899] {standard_task_runner.py:52} INFO - Started process 22199 to run task
[2022-06-17 21:00:54,282] {standard_task_runner.py:79} INFO - Running: ['***', 'tasks', 'run', 'e-t-l', 'transform', 'scheduled__2022-06-17T20:40:00+00:00', '--job-id', '619', '--raw', '--subdir', 'DAGS_FOLDER/new-new.py', '--cfg-path', '/tmp/tmp_i71ek83', '--error-file', '/tmp/tmpzkgekoby']
[2022-06-17 21:00:54,324] {standard_task_runner.py:80} INFO - Job 619: Subtask transform
[2022-06-17 21:00:55,589] {task_command.py:370} INFO - Running <TaskInstance: e-t-l.transform scheduled__2022-06-17T20:40:00+00:00 [running]> on host fe209149cfc1
[2022-06-17 21:00:56,551] {taskinstance.py:1571} INFO - Exporting the following env vars:
AIRFLOW_CTX_DAG_OWNER=***
AIRFLOW_CTX_DAG_ID=e-t-l
AIRFLOW_CTX_TASK_ID=transform
AIRFLOW_CTX_EXECUTION_DATE=2022-06-17T20:40:00+00:00
AIRFLOW_CTX_TRY_NUMBER=1
AIRFLOW_CTX_DAG_RUN_ID=scheduled__2022-06-17T20:40:00+00:00
[2022-06-17 21:00:56,885] {python.py:173} INFO - Done. Returned value was: None
[2022-06-17 21:00:57,047] {taskinstance.py:1400} INFO - Marking task as SUCCESS. dag_id=e-t-l, task_id=transform, execution_date=20220617T204000, start_date=20220617T210053, end_date=20220617T210057
[2022-06-17 21:00:57,293] {local_task_job.py:156} INFO - Task exited with return code 0
[2022-06-17 21:00:58,039] {local_task_job.py:273} INFO - 0 downstream tasks scheduled from follow-on schedule check
