[2022-06-20 19:40:15,552] {taskinstance.py:1159} INFO - Dependencies all met for <TaskInstance: etl-processing.transform scheduled__2022-06-20T19:20:00+00:00 [queued]>
[2022-06-20 19:40:15,574] {taskinstance.py:1159} INFO - Dependencies all met for <TaskInstance: etl-processing.transform scheduled__2022-06-20T19:20:00+00:00 [queued]>
[2022-06-20 19:40:15,575] {taskinstance.py:1356} INFO - 
--------------------------------------------------------------------------------
[2022-06-20 19:40:15,575] {taskinstance.py:1357} INFO - Starting attempt 1 of 1
[2022-06-20 19:40:15,575] {taskinstance.py:1358} INFO - 
--------------------------------------------------------------------------------
[2022-06-20 19:40:15,624] {taskinstance.py:1377} INFO - Executing <Task(PythonOperator): transform> on 2022-06-20 19:20:00+00:00
[2022-06-20 19:40:15,632] {standard_task_runner.py:52} INFO - Started process 1970 to run task
[2022-06-20 19:40:15,638] {standard_task_runner.py:79} INFO - Running: ['***', 'tasks', 'run', 'etl-processing', 'transform', 'scheduled__2022-06-20T19:20:00+00:00', '--job-id', '671', '--raw', '--subdir', 'DAGS_FOLDER/etl_processing.py', '--cfg-path', '/tmp/tmp07k3sbq1', '--error-file', '/tmp/tmp_o39q476']
[2022-06-20 19:40:15,641] {standard_task_runner.py:80} INFO - Job 671: Subtask transform
[2022-06-20 19:40:15,771] {task_command.py:370} INFO - Running <TaskInstance: etl-processing.transform scheduled__2022-06-20T19:20:00+00:00 [running]> on host fe209149cfc1
[2022-06-20 19:40:15,961] {taskinstance.py:1571} INFO - Exporting the following env vars:
AIRFLOW_CTX_DAG_OWNER=***
AIRFLOW_CTX_DAG_ID=etl-processing
AIRFLOW_CTX_TASK_ID=transform
AIRFLOW_CTX_EXECUTION_DATE=2022-06-20T19:20:00+00:00
AIRFLOW_CTX_TRY_NUMBER=1
AIRFLOW_CTX_DAG_RUN_ID=scheduled__2022-06-20T19:20:00+00:00
[2022-06-20 19:40:16,013] {python.py:173} INFO - Done. Returned value was: None
[2022-06-20 19:40:16,035] {taskinstance.py:1400} INFO - Marking task as SUCCESS. dag_id=etl-processing, task_id=transform, execution_date=20220620T192000, start_date=20220620T194015, end_date=20220620T194016
[2022-06-20 19:40:16,097] {local_task_job.py:156} INFO - Task exited with return code 0
[2022-06-20 19:40:16,170] {local_task_job.py:273} INFO - 1 downstream tasks scheduled from follow-on schedule check
