[2022-06-17 20:00:26,484] {taskinstance.py:1159} INFO - Dependencies all met for <TaskInstance: e-t-l.transform scheduled__2022-06-17T19:40:00+00:00 [queued]>
[2022-06-17 20:00:26,672] {taskinstance.py:1159} INFO - Dependencies all met for <TaskInstance: e-t-l.transform scheduled__2022-06-17T19:40:00+00:00 [queued]>
[2022-06-17 20:00:26,696] {taskinstance.py:1356} INFO - 
--------------------------------------------------------------------------------
[2022-06-17 20:00:26,712] {taskinstance.py:1357} INFO - Starting attempt 1 of 1
[2022-06-17 20:00:26,731] {taskinstance.py:1358} INFO - 
--------------------------------------------------------------------------------
[2022-06-17 20:00:26,992] {taskinstance.py:1377} INFO - Executing <Task(PythonOperator): transform> on 2022-06-17 19:40:00+00:00
[2022-06-17 20:00:27,130] {standard_task_runner.py:52} INFO - Started process 20332 to run task
[2022-06-17 20:00:27,198] {standard_task_runner.py:79} INFO - Running: ['***', 'tasks', 'run', 'e-t-l', 'transform', 'scheduled__2022-06-17T19:40:00+00:00', '--job-id', '583', '--raw', '--subdir', 'DAGS_FOLDER/new-new.py', '--cfg-path', '/tmp/tmpj_i03wgy', '--error-file', '/tmp/tmpqj226fou']
[2022-06-17 20:00:27,218] {standard_task_runner.py:80} INFO - Job 583: Subtask transform
[2022-06-17 20:00:28,512] {task_command.py:370} INFO - Running <TaskInstance: e-t-l.transform scheduled__2022-06-17T19:40:00+00:00 [running]> on host fe209149cfc1
[2022-06-17 20:00:29,997] {taskinstance.py:1571} INFO - Exporting the following env vars:
AIRFLOW_CTX_DAG_OWNER=***
AIRFLOW_CTX_DAG_ID=e-t-l
AIRFLOW_CTX_TASK_ID=transform
AIRFLOW_CTX_EXECUTION_DATE=2022-06-17T19:40:00+00:00
AIRFLOW_CTX_TRY_NUMBER=1
AIRFLOW_CTX_DAG_RUN_ID=scheduled__2022-06-17T19:40:00+00:00
[2022-06-17 20:00:30,242] {python.py:173} INFO - Done. Returned value was: None
[2022-06-17 20:00:30,484] {taskinstance.py:1400} INFO - Marking task as SUCCESS. dag_id=e-t-l, task_id=transform, execution_date=20220617T194000, start_date=20220617T200026, end_date=20220617T200030
[2022-06-17 20:00:30,713] {local_task_job.py:156} INFO - Task exited with return code 0
[2022-06-17 20:00:31,005] {local_task_job.py:273} INFO - 1 downstream tasks scheduled from follow-on schedule check
