[2022-06-17 09:08:37,467] {taskinstance.py:1159} INFO - Dependencies all met for <TaskInstance: example_xcom.bash_push manual__2022-06-17T09:07:51.879751+00:00 [queued]>
[2022-06-17 09:08:37,850] {taskinstance.py:1159} INFO - Dependencies all met for <TaskInstance: example_xcom.bash_push manual__2022-06-17T09:07:51.879751+00:00 [queued]>
[2022-06-17 09:08:37,865] {taskinstance.py:1356} INFO - 
--------------------------------------------------------------------------------
[2022-06-17 09:08:37,995] {taskinstance.py:1357} INFO - Starting attempt 1 of 1
[2022-06-17 09:08:38,084] {taskinstance.py:1358} INFO - 
--------------------------------------------------------------------------------
[2022-06-17 09:08:38,871] {taskinstance.py:1377} INFO - Executing <Task(BashOperator): bash_push> on 2022-06-17 09:07:51.879751+00:00
[2022-06-17 09:08:39,047] {standard_task_runner.py:52} INFO - Started process 3229 to run task
[2022-06-17 09:08:39,095] {standard_task_runner.py:79} INFO - Running: ['***', 'tasks', 'run', 'example_xcom', 'bash_push', 'manual__2022-06-17T09:07:51.879751+00:00', '--job-id', '514', '--raw', '--subdir', '/home/***/.local/lib/python3.7/site-packages/***/example_dags/example_xcom.py', '--cfg-path', '/tmp/tmprn7mvw4x', '--error-file', '/tmp/tmpyqx5env7']
[2022-06-17 09:08:39,110] {standard_task_runner.py:80} INFO - Job 514: Subtask bash_push
[2022-06-17 09:08:40,632] {task_command.py:370} INFO - Running <TaskInstance: example_xcom.bash_push manual__2022-06-17T09:07:51.879751+00:00 [running]> on host fe209149cfc1
[2022-06-17 09:08:43,721] {taskinstance.py:1571} INFO - Exporting the following env vars:
AIRFLOW_CTX_DAG_OWNER=***
AIRFLOW_CTX_DAG_ID=example_xcom
AIRFLOW_CTX_TASK_ID=bash_push
AIRFLOW_CTX_EXECUTION_DATE=2022-06-17T09:07:51.879751+00:00
AIRFLOW_CTX_TRY_NUMBER=1
AIRFLOW_CTX_DAG_RUN_ID=manual__2022-06-17T09:07:51.879751+00:00
[2022-06-17 09:08:43,738] {subprocess.py:62} INFO - Tmp dir root location: 
 /tmp
[2022-06-17 09:08:43,754] {subprocess.py:74} INFO - Running command: ['bash', '-c', 'echo "bash_push demo"  && echo "Manually set xcom value None" && echo "value_by_return"']
[2022-06-17 09:08:46,335] {subprocess.py:85} INFO - Output:
[2022-06-17 09:08:46,351] {subprocess.py:92} INFO - bash_push demo
[2022-06-17 09:08:46,415] {subprocess.py:92} INFO - Manually set xcom value None
[2022-06-17 09:08:46,500] {subprocess.py:92} INFO - value_by_return
[2022-06-17 09:08:46,533] {subprocess.py:96} INFO - Command exited with return code 0
[2022-06-17 09:08:52,469] {taskinstance.py:1400} INFO - Marking task as SUCCESS. dag_id=example_xcom, task_id=bash_push, execution_date=20220617T090751, start_date=20220617T090837, end_date=20220617T090852
[2022-06-17 09:08:53,078] {local_task_job.py:156} INFO - Task exited with return code 0
[2022-06-17 09:09:00,913] {local_task_job.py:273} INFO - 2 downstream tasks scheduled from follow-on schedule check
