[2022-06-17 19:55:52,972] {taskinstance.py:1159} INFO - Dependencies all met for <TaskInstance: e-t-l.transform manual__2022-06-17T19:55:14.682401+00:00 [queued]>
[2022-06-17 19:55:53,100] {taskinstance.py:1159} INFO - Dependencies all met for <TaskInstance: e-t-l.transform manual__2022-06-17T19:55:14.682401+00:00 [queued]>
[2022-06-17 19:55:53,114] {taskinstance.py:1356} INFO - 
--------------------------------------------------------------------------------
[2022-06-17 19:55:53,124] {taskinstance.py:1357} INFO - Starting attempt 1 of 1
[2022-06-17 19:55:53,173] {taskinstance.py:1358} INFO - 
--------------------------------------------------------------------------------
[2022-06-17 19:55:53,578] {taskinstance.py:1377} INFO - Executing <Task(PythonOperator): transform> on 2022-06-17 19:55:14.682401+00:00
[2022-06-17 19:55:53,665] {standard_task_runner.py:52} INFO - Started process 20169 to run task
[2022-06-17 19:55:53,684] {standard_task_runner.py:79} INFO - Running: ['***', 'tasks', 'run', 'e-t-l', 'transform', 'manual__2022-06-17T19:55:14.682401+00:00', '--job-id', '576', '--raw', '--subdir', 'DAGS_FOLDER/new-new.py', '--cfg-path', '/tmp/tmp2a28j50q', '--error-file', '/tmp/tmpqvm0lgp2']
[2022-06-17 19:55:53,686] {standard_task_runner.py:80} INFO - Job 576: Subtask transform
[2022-06-17 19:55:54,119] {task_command.py:370} INFO - Running <TaskInstance: e-t-l.transform manual__2022-06-17T19:55:14.682401+00:00 [running]> on host fe209149cfc1
[2022-06-17 19:55:55,234] {taskinstance.py:1571} INFO - Exporting the following env vars:
AIRFLOW_CTX_DAG_OWNER=***
AIRFLOW_CTX_DAG_ID=e-t-l
AIRFLOW_CTX_TASK_ID=transform
AIRFLOW_CTX_EXECUTION_DATE=2022-06-17T19:55:14.682401+00:00
AIRFLOW_CTX_TRY_NUMBER=1
AIRFLOW_CTX_DAG_RUN_ID=manual__2022-06-17T19:55:14.682401+00:00
[2022-06-17 19:55:55,466] {python.py:173} INFO - Done. Returned value was: None
[2022-06-17 19:55:55,555] {taskinstance.py:1400} INFO - Marking task as SUCCESS. dag_id=e-t-l, task_id=transform, execution_date=20220617T195514, start_date=20220617T195552, end_date=20220617T195555
[2022-06-17 19:55:55,684] {local_task_job.py:156} INFO - Task exited with return code 0
[2022-06-17 19:55:56,003] {local_task_job.py:273} INFO - 1 downstream tasks scheduled from follow-on schedule check
