[2022-06-16 10:30:42,243] {taskinstance.py:1159} INFO - Dependencies all met for <TaskInstance: analytics.getdata scheduled__2022-04-04T00:00:00+00:00 [queued]>
[2022-06-16 10:30:42,301] {taskinstance.py:1159} INFO - Dependencies all met for <TaskInstance: analytics.getdata scheduled__2022-04-04T00:00:00+00:00 [queued]>
[2022-06-16 10:30:42,303] {taskinstance.py:1356} INFO - 
--------------------------------------------------------------------------------
[2022-06-16 10:30:42,308] {taskinstance.py:1357} INFO - Starting attempt 1 of 1
[2022-06-16 10:30:42,319] {taskinstance.py:1358} INFO - 
--------------------------------------------------------------------------------
[2022-06-16 10:30:42,496] {taskinstance.py:1377} INFO - Executing <Task(MySqlOperator): getdata> on 2022-04-04 00:00:00+00:00
[2022-06-16 10:30:42,505] {standard_task_runner.py:52} INFO - Started process 3442 to run task
[2022-06-16 10:30:42,517] {standard_task_runner.py:79} INFO - Running: ['***', 'tasks', 'run', 'analytics', 'getdata', 'scheduled__2022-04-04T00:00:00+00:00', '--job-id', '394', '--raw', '--subdir', 'DAGS_FOLDER/testing_etl.py', '--cfg-path', '/tmp/tmpfzfud0v9', '--error-file', '/tmp/tmpmsih1c_h']
[2022-06-16 10:30:42,537] {standard_task_runner.py:80} INFO - Job 394: Subtask getdata
[2022-06-16 10:30:42,947] {task_command.py:370} INFO - Running <TaskInstance: analytics.getdata scheduled__2022-04-04T00:00:00+00:00 [running]> on host fe209149cfc1
[2022-06-16 10:30:43,286] {taskinstance.py:1571} INFO - Exporting the following env vars:
AIRFLOW_CTX_DAG_OWNER=***
AIRFLOW_CTX_DAG_ID=analytics
AIRFLOW_CTX_TASK_ID=getdata
AIRFLOW_CTX_EXECUTION_DATE=2022-04-04T00:00:00+00:00
AIRFLOW_CTX_TRY_NUMBER=1
AIRFLOW_CTX_DAG_RUN_ID=scheduled__2022-04-04T00:00:00+00:00
[2022-06-16 10:30:43,290] {mysql.py:82} INFO - Executing: SELECT * from Customer_T;
[2022-06-16 10:30:43,334] {base.py:68} INFO - Using connection ID 'mysql_con' for task execution.
[2022-06-16 10:30:43,374] {dbapi.py:213} INFO - Running statement: SELECT * from Customer_T;, parameters: None
[2022-06-16 10:30:43,376] {dbapi.py:221} INFO - Rows affected: 19
[2022-06-16 10:30:43,430] {taskinstance.py:1400} INFO - Marking task as SUCCESS. dag_id=analytics, task_id=getdata, execution_date=20220404T000000, start_date=20220616T103042, end_date=20220616T103043
[2022-06-16 10:30:43,493] {local_task_job.py:156} INFO - Task exited with return code 0
[2022-06-16 10:30:43,779] {local_task_job.py:273} INFO - 0 downstream tasks scheduled from follow-on schedule check
