[2022-06-17 20:40:28,606] {taskinstance.py:1159} INFO - Dependencies all met for <TaskInstance: e-t-l.transform scheduled__2022-06-17T20:20:00+00:00 [queued]>
[2022-06-17 20:40:28,795] {taskinstance.py:1159} INFO - Dependencies all met for <TaskInstance: e-t-l.transform scheduled__2022-06-17T20:20:00+00:00 [queued]>
[2022-06-17 20:40:28,811] {taskinstance.py:1356} INFO - 
--------------------------------------------------------------------------------
[2022-06-17 20:40:28,814] {taskinstance.py:1357} INFO - Starting attempt 1 of 1
[2022-06-17 20:40:28,836] {taskinstance.py:1358} INFO - 
--------------------------------------------------------------------------------
[2022-06-17 20:40:29,163] {taskinstance.py:1377} INFO - Executing <Task(PythonOperator): transform> on 2022-06-17 20:20:00+00:00
[2022-06-17 20:40:29,209] {standard_task_runner.py:52} INFO - Started process 21584 to run task
[2022-06-17 20:40:29,260] {standard_task_runner.py:79} INFO - Running: ['***', 'tasks', 'run', 'e-t-l', 'transform', 'scheduled__2022-06-17T20:20:00+00:00', '--job-id', '607', '--raw', '--subdir', 'DAGS_FOLDER/new-new.py', '--cfg-path', '/tmp/tmplcwoxcfr', '--error-file', '/tmp/tmpot53e2pk']
[2022-06-17 20:40:29,276] {standard_task_runner.py:80} INFO - Job 607: Subtask transform
[2022-06-17 20:40:29,866] {task_command.py:370} INFO - Running <TaskInstance: e-t-l.transform scheduled__2022-06-17T20:20:00+00:00 [running]> on host fe209149cfc1
[2022-06-17 20:40:30,987] {taskinstance.py:1571} INFO - Exporting the following env vars:
AIRFLOW_CTX_DAG_OWNER=***
AIRFLOW_CTX_DAG_ID=e-t-l
AIRFLOW_CTX_TASK_ID=transform
AIRFLOW_CTX_EXECUTION_DATE=2022-06-17T20:20:00+00:00
AIRFLOW_CTX_TRY_NUMBER=1
AIRFLOW_CTX_DAG_RUN_ID=scheduled__2022-06-17T20:20:00+00:00
[2022-06-17 20:40:31,653] {python.py:173} INFO - Done. Returned value was: None
[2022-06-17 20:40:32,296] {taskinstance.py:1400} INFO - Marking task as SUCCESS. dag_id=e-t-l, task_id=transform, execution_date=20220617T202000, start_date=20220617T204028, end_date=20220617T204032
[2022-06-17 20:40:32,596] {local_task_job.py:156} INFO - Task exited with return code 0
[2022-06-17 20:40:33,466] {local_task_job.py:273} INFO - 1 downstream tasks scheduled from follow-on schedule check
