[2022-06-16 19:52:10,498] {taskinstance.py:1159} INFO - Dependencies all met for <TaskInstance: etl-processing.extract manual__2022-06-16T19:51:55.357792+00:00 [queued]>
[2022-06-16 19:52:10,547] {taskinstance.py:1159} INFO - Dependencies all met for <TaskInstance: etl-processing.extract manual__2022-06-16T19:51:55.357792+00:00 [queued]>
[2022-06-16 19:52:10,548] {taskinstance.py:1356} INFO - 
--------------------------------------------------------------------------------
[2022-06-16 19:52:10,548] {taskinstance.py:1357} INFO - Starting attempt 1 of 1
[2022-06-16 19:52:10,549] {taskinstance.py:1358} INFO - 
--------------------------------------------------------------------------------
[2022-06-16 19:52:10,632] {taskinstance.py:1377} INFO - Executing <Task(PythonOperator): extract> on 2022-06-16 19:51:55.357792+00:00
[2022-06-16 19:52:10,643] {standard_task_runner.py:52} INFO - Started process 3646 to run task
[2022-06-16 19:52:10,652] {standard_task_runner.py:79} INFO - Running: ['***', 'tasks', 'run', 'etl-processing', 'extract', 'manual__2022-06-16T19:51:55.357792+00:00', '--job-id', '479', '--raw', '--subdir', 'DAGS_FOLDER/testing_etl.py', '--cfg-path', '/tmp/tmp69xtep0_', '--error-file', '/tmp/tmpggfohy8_']
[2022-06-16 19:52:10,664] {standard_task_runner.py:80} INFO - Job 479: Subtask extract
[2022-06-16 19:52:10,923] {task_command.py:370} INFO - Running <TaskInstance: etl-processing.extract manual__2022-06-16T19:51:55.357792+00:00 [running]> on host fe209149cfc1
[2022-06-16 19:52:11,124] {taskinstance.py:1571} INFO - Exporting the following env vars:
AIRFLOW_CTX_DAG_OWNER=***
AIRFLOW_CTX_DAG_ID=etl-processing
AIRFLOW_CTX_TASK_ID=extract
AIRFLOW_CTX_EXECUTION_DATE=2022-06-16T19:51:55.357792+00:00
AIRFLOW_CTX_TRY_NUMBER=1
AIRFLOW_CTX_DAG_RUN_ID=manual__2022-06-16T19:51:55.357792+00:00
[2022-06-16 19:52:14,674] {base.py:68} INFO - Using connection ID 'mysql_con' for task execution.
[2022-06-16 19:52:14,888] {logging_mixin.py:115} INFO - Index(['ID', 'NAME', 'CITY', 'CREATE_DATE'], dtype='object')
[2022-06-16 19:52:14,889] {python.py:173} INFO - Done. Returned value was:          ID       NAME       CITY CREATE_DATE
0   4567890   Müşteri1   İstanbul  2021-02-01
1   4567891   Müşteri1   İstanbul  2021-02-01
2   4567892   Müşteri1   İstanbul  2021-02-01
3   4567893   Müşteri1   İstanbul  2021-02-01
4   4567894   Müşteri3     Ankara  2021-03-01
5   4567895   Müşteri3     Ankara  2021-03-01
6   4567896   Müşteri4  Kastamonu  2021-04-01
7   4567897   Müşteri4  Kastamonu  2021-04-01
8   4567898   Müşteri4  Kastamonu  2021-04-01
9   4567899   Müşteri4  Kastamonu  2021-04-01
10  4567901   Müşteri6  Kastamonu  2021-05-01
11  4567902   Müşteri7     Batman  2021-06-01
12  4567903   Müşteri7  Kastamonu  2021-07-01
13  4567904   Müşteri8     Ankara  2021-08-01
14  4567905   Müşteri9     Ankara  2021-09-01
15  4567906   Müşteri6  Kastamonu  2021-05-01
16  4567907  Müşteri11    Kocaeli  2021-09-01
17  4567908  Müşteri12    Sakarya  2021-08-01
18  4567988  Müşteri10     Ankara  2021-09-01
[2022-06-16 19:52:14,941] {xcom.py:585} ERROR - Could not serialize the XCom value into JSON. If you are using pickle instead of JSON for XCom, then you need to enable pickle support for XCom in your *** config.
[2022-06-16 19:52:14,946] {taskinstance.py:1889} ERROR - Task failed with exception
Traceback (most recent call last):
  File "/home/airflow/.local/lib/python3.7/site-packages/airflow/utils/session.py", line 68, in wrapper
    return func(*args, **kwargs)
  File "/home/airflow/.local/lib/python3.7/site-packages/airflow/models/taskinstance.py", line 2392, in xcom_push
    session=session,
  File "/home/airflow/.local/lib/python3.7/site-packages/airflow/utils/session.py", line 68, in wrapper
    return func(*args, **kwargs)
  File "/home/airflow/.local/lib/python3.7/site-packages/airflow/models/xcom.py", line 197, in set
    map_index=map_index,
  File "/home/airflow/.local/lib/python3.7/site-packages/airflow/models/xcom.py", line 582, in serialize_value
    return json.dumps(value).encode('UTF-8')
  File "/usr/local/lib/python3.7/json/__init__.py", line 231, in dumps
    return _default_encoder.encode(obj)
  File "/usr/local/lib/python3.7/json/encoder.py", line 199, in encode
    chunks = self.iterencode(o, _one_shot=True)
  File "/usr/local/lib/python3.7/json/encoder.py", line 257, in iterencode
    return _iterencode(o, 0)
  File "/usr/local/lib/python3.7/json/encoder.py", line 179, in default
    raise TypeError(f'Object of type {o.__class__.__name__} '
TypeError: Object of type DataFrame is not JSON serializable
[2022-06-16 19:52:14,973] {taskinstance.py:1400} INFO - Marking task as FAILED. dag_id=etl-processing, task_id=extract, execution_date=20220616T195155, start_date=20220616T195210, end_date=20220616T195214
[2022-06-16 19:52:15,007] {standard_task_runner.py:97} ERROR - Failed to execute job 479 for task extract (Object of type DataFrame is not JSON serializable; 3646)
[2022-06-16 19:52:15,063] {local_task_job.py:156} INFO - Task exited with return code 1
[2022-06-16 19:52:15,175] {local_task_job.py:273} INFO - 0 downstream tasks scheduled from follow-on schedule check
