[2022-06-17 20:10:57,890] {taskinstance.py:1159} INFO - Dependencies all met for <TaskInstance: e-t-l.transform manual__2022-06-17T20:10:30.508144+00:00 [queued]>
[2022-06-17 20:10:58,028] {taskinstance.py:1159} INFO - Dependencies all met for <TaskInstance: e-t-l.transform manual__2022-06-17T20:10:30.508144+00:00 [queued]>
[2022-06-17 20:10:58,087] {taskinstance.py:1356} INFO - 
--------------------------------------------------------------------------------
[2022-06-17 20:10:58,119] {taskinstance.py:1357} INFO - Starting attempt 1 of 1
[2022-06-17 20:10:58,163] {taskinstance.py:1358} INFO - 
--------------------------------------------------------------------------------
[2022-06-17 20:10:58,395] {taskinstance.py:1377} INFO - Executing <Task(PythonOperator): transform> on 2022-06-17 20:10:30.508144+00:00
[2022-06-17 20:10:58,442] {standard_task_runner.py:52} INFO - Started process 20670 to run task
[2022-06-17 20:10:58,459] {standard_task_runner.py:79} INFO - Running: ['***', 'tasks', 'run', 'e-t-l', 'transform', 'manual__2022-06-17T20:10:30.508144+00:00', '--job-id', '589', '--raw', '--subdir', 'DAGS_FOLDER/new-new.py', '--cfg-path', '/tmp/tmpzy6qv_ur', '--error-file', '/tmp/tmpl73c_a8r']
[2022-06-17 20:10:58,556] {standard_task_runner.py:80} INFO - Job 589: Subtask transform
[2022-06-17 20:10:59,714] {task_command.py:370} INFO - Running <TaskInstance: e-t-l.transform manual__2022-06-17T20:10:30.508144+00:00 [running]> on host fe209149cfc1
[2022-06-17 20:11:00,989] {taskinstance.py:1571} INFO - Exporting the following env vars:
AIRFLOW_CTX_DAG_OWNER=***
AIRFLOW_CTX_DAG_ID=e-t-l
AIRFLOW_CTX_TASK_ID=transform
AIRFLOW_CTX_EXECUTION_DATE=2022-06-17T20:10:30.508144+00:00
AIRFLOW_CTX_TRY_NUMBER=1
AIRFLOW_CTX_DAG_RUN_ID=manual__2022-06-17T20:10:30.508144+00:00
[2022-06-17 20:11:01,323] {python.py:173} INFO - Done. Returned value was: None
[2022-06-17 20:11:01,443] {taskinstance.py:1400} INFO - Marking task as SUCCESS. dag_id=e-t-l, task_id=transform, execution_date=20220617T201030, start_date=20220617T201057, end_date=20220617T201101
[2022-06-17 20:11:01,732] {local_task_job.py:156} INFO - Task exited with return code 0
[2022-06-17 20:11:02,211] {local_task_job.py:273} INFO - 1 downstream tasks scheduled from follow-on schedule check
