[2022-06-20 19:40:18,773] {taskinstance.py:1159} INFO - Dependencies all met for <TaskInstance: etl-processing.load scheduled__2022-06-20T19:20:00+00:00 [queued]>
[2022-06-20 19:40:18,792] {taskinstance.py:1159} INFO - Dependencies all met for <TaskInstance: etl-processing.load scheduled__2022-06-20T19:20:00+00:00 [queued]>
[2022-06-20 19:40:18,793] {taskinstance.py:1356} INFO - 
--------------------------------------------------------------------------------
[2022-06-20 19:40:18,793] {taskinstance.py:1357} INFO - Starting attempt 1 of 1
[2022-06-20 19:40:18,794] {taskinstance.py:1358} INFO - 
--------------------------------------------------------------------------------
[2022-06-20 19:40:18,821] {taskinstance.py:1377} INFO - Executing <Task(PythonOperator): load> on 2022-06-20 19:20:00+00:00
[2022-06-20 19:40:18,829] {standard_task_runner.py:52} INFO - Started process 1973 to run task
[2022-06-20 19:40:18,835] {standard_task_runner.py:79} INFO - Running: ['***', 'tasks', 'run', 'etl-processing', 'load', 'scheduled__2022-06-20T19:20:00+00:00', '--job-id', '672', '--raw', '--subdir', 'DAGS_FOLDER/etl_processing.py', '--cfg-path', '/tmp/tmp4trhy7wp', '--error-file', '/tmp/tmpxw4insuz']
[2022-06-20 19:40:18,837] {standard_task_runner.py:80} INFO - Job 672: Subtask load
[2022-06-20 19:40:18,978] {task_command.py:370} INFO - Running <TaskInstance: etl-processing.load scheduled__2022-06-20T19:20:00+00:00 [running]> on host fe209149cfc1
[2022-06-20 19:40:19,130] {taskinstance.py:1571} INFO - Exporting the following env vars:
AIRFLOW_CTX_DAG_OWNER=***
AIRFLOW_CTX_DAG_ID=etl-processing
AIRFLOW_CTX_TASK_ID=load
AIRFLOW_CTX_EXECUTION_DATE=2022-06-20T19:20:00+00:00
AIRFLOW_CTX_TRY_NUMBER=1
AIRFLOW_CTX_DAG_RUN_ID=scheduled__2022-06-20T19:20:00+00:00
[2022-06-20 19:40:19,176] {base.py:68} INFO - Using connection ID 'postgres_conn' for task execution.
[2022-06-20 19:40:19,183] {logging_mixin.py:115} INFO - [{'STX_ID': 2345678, 'STORE_NAME': 'Mağaza1', 'PAID_PRICE': 100.3, 'TRX_STATUS': 1, 'STORE_STATUS': 0.0, 'STORE_LIVE_DATE': '2021-03-01 00:00:00', 'SALES_CREATE_DATE': '2021-03-05 00:00:00'}, {'STX_ID': 2345679, 'STORE_NAME': 'Mağaza1', 'PAID_PRICE': 100.3, 'TRX_STATUS': 1, 'STORE_STATUS': 0.0, 'STORE_LIVE_DATE': '2021-03-01 00:00:00', 'SALES_CREATE_DATE': '2021-03-05 00:00:00'}, {'STX_ID': 2345680, 'STORE_NAME': 'Mağaza1', 'PAID_PRICE': 100.3, 'TRX_STATUS': 0, 'STORE_STATUS': 0.0, 'STORE_LIVE_DATE': '2021-03-01 00:00:00', 'SALES_CREATE_DATE': '2021-03-05 00:00:00'}, {'STX_ID': 2345681, 'STORE_NAME': 'Mağaza2', 'PAID_PRICE': 100.3, 'TRX_STATUS': 0, 'STORE_STATUS': 0.0, 'STORE_LIVE_DATE': '2021-03-01 00:00:00', 'SALES_CREATE_DATE': '2021-04-05 00:00:00'}, {'STX_ID': 2345682, 'STORE_NAME': 'Mağaza3', 'PAID_PRICE': 200.3, 'TRX_STATUS': 0, 'STORE_STATUS': 0.0, 'STORE_LIVE_DATE': '2021-03-01 00:00:00', 'SALES_CREATE_DATE': '2021-05-05 00:00:00'}, {'STX_ID': 2345683, 'STORE_NAME': 'Mağaza4', 'PAID_PRICE': 28.3, 'TRX_STATUS': 1, 'STORE_STATUS': 0.0, 'STORE_LIVE_DATE': '2021-03-01 00:00:00', 'SALES_CREATE_DATE': '2021-06-05 00:00:00'}, {'STX_ID': 2345684, 'STORE_NAME': 'Mağaza5', 'PAID_PRICE': 100.3, 'TRX_STATUS': 0, 'STORE_STATUS': 0.0, 'STORE_LIVE_DATE': '2021-04-01 00:00:00', 'SALES_CREATE_DATE': '2021-03-05 00:00:00'}, {'STX_ID': 2345685, 'STORE_NAME': 'Mağaza6', 'PAID_PRICE': 79.3, 'TRX_STATUS': 1, 'STORE_STATUS': 0.0, 'STORE_LIVE_DATE': '2021-04-01 00:00:00', 'SALES_CREATE_DATE': '2021-07-05 00:00:00'}, {'STX_ID': 2345686, 'STORE_NAME': 'Mağaza7', 'PAID_PRICE': 256.3, 'TRX_STATUS': 1, 'STORE_STATUS': 0.0, 'STORE_LIVE_DATE': '2021-04-01 00:00:00', 'SALES_CREATE_DATE': '2021-03-05 00:00:00'}, {'STX_ID': 2345687, 'STORE_NAME': 'Mağaza8', 'PAID_PRICE': 456.3, 'TRX_STATUS': 1, 'STORE_STATUS': 0.0, 'STORE_LIVE_DATE': '2021-04-01 00:00:00', 'SALES_CREATE_DATE': '2021-08-05 00:00:00'}, {'STX_ID': 2345688, 'STORE_NAME': 'Mağaza9', 'PAID_PRICE': 432.3, 'TRX_STATUS': 1, 'STORE_STATUS': 0.0, 'STORE_LIVE_DATE': '2021-05-01 00:00:00', 'SALES_CREATE_DATE': '2021-07-05 00:00:00'}, {'STX_ID': 2345689, 'STORE_NAME': 'Mağaza10', 'PAID_PRICE': 75.3, 'TRX_STATUS': 0, 'STORE_STATUS': 0.0, 'STORE_LIVE_DATE': '2021-05-01 00:00:00', 'SALES_CREATE_DATE': '2021-03-05 00:00:00'}, {'STX_ID': 2345690, 'STORE_NAME': 'Mağaza2', 'PAID_PRICE': 100.3, 'TRX_STATUS': 1, 'STORE_STATUS': 0.0, 'STORE_LIVE_DATE': '2021-05-01 00:00:00', 'SALES_CREATE_DATE': '2021-09-05 00:00:00'}, {'STX_ID': 2345691, 'STORE_NAME': 'Mağaza4', 'PAID_PRICE': 36.3, 'TRX_STATUS': 1, 'STORE_STATUS': 0.0, 'STORE_LIVE_DATE': '2021-05-01 00:00:00', 'SALES_CREATE_DATE': '2021-02-05 00:00:00'}, {'STX_ID': 2345692, 'STORE_NAME': None, 'PAID_PRICE': None, 'TRX_STATUS': 0, 'STORE_STATUS': None, 'STORE_LIVE_DATE': None, 'SALES_CREATE_DATE': None}, {'STX_ID': 2345693, 'STORE_NAME': 'Mağaza1', 'PAID_PRICE': 100.3, 'TRX_STATUS': 1, 'STORE_STATUS': 0.0, 'STORE_LIVE_DATE': '2021-03-01 00:00:00', 'SALES_CREATE_DATE': '2021-03-05 00:00:00'}, {'STX_ID': 2345694, 'STORE_NAME': None, 'PAID_PRICE': None, 'TRX_STATUS': 1, 'STORE_STATUS': None, 'STORE_LIVE_DATE': None, 'SALES_CREATE_DATE': None}, {'STX_ID': 2345695, 'STORE_NAME': None, 'PAID_PRICE': 75.3, 'TRX_STATUS': 1, 'STORE_STATUS': None, 'STORE_LIVE_DATE': None, 'SALES_CREATE_DATE': '2021-03-05 00:00:00'}, {'STX_ID': 2345696, 'STORE_NAME': None, 'PAID_PRICE': None, 'TRX_STATUS': 0, 'STORE_STATUS': None, 'STORE_LIVE_DATE': None, 'SALES_CREATE_DATE': None}, {'STX_ID': 2345697, 'STORE_NAME': None, 'PAID_PRICE': None, 'TRX_STATUS': 0, 'STORE_STATUS': None, 'STORE_LIVE_DATE': None, 'SALES_CREATE_DATE': None}, {'STX_ID': 2345698, 'STORE_NAME': None, 'PAID_PRICE': None, 'TRX_STATUS': 1, 'STORE_STATUS': None, 'STORE_LIVE_DATE': None, 'SALES_CREATE_DATE': None}, {'STX_ID': 2345699, 'STORE_NAME': None, 'PAID_PRICE': 100.3, 'TRX_STATUS': 1, 'STORE_STATUS': None, 'STORE_LIVE_DATE': None, 'SALES_CREATE_DATE': '2021-03-05 00:00:00'}, {'STX_ID': 2345700, 'STORE_NAME': None, 'PAID_PRICE': None, 'TRX_STATUS': 0, 'STORE_STATUS': None, 'STORE_LIVE_DATE': None, 'SALES_CREATE_DATE': None}, {'STX_ID': 2345701, 'STORE_NAME': None, 'PAID_PRICE': 100.3, 'TRX_STATUS': 1, 'STORE_STATUS': None, 'STORE_LIVE_DATE': None, 'SALES_CREATE_DATE': '2021-03-05 00:00:00'}, {'STX_ID': 2345702, 'STORE_NAME': None, 'PAID_PRICE': None, 'TRX_STATUS': 1, 'STORE_STATUS': None, 'STORE_LIVE_DATE': None, 'SALES_CREATE_DATE': None}, {'STX_ID': 2345703, 'STORE_NAME': None, 'PAID_PRICE': None, 'TRX_STATUS': 1, 'STORE_STATUS': None, 'STORE_LIVE_DATE': None, 'SALES_CREATE_DATE': None}, {'STX_ID': 2345704, 'STORE_NAME': None, 'PAID_PRICE': 100.3, 'TRX_STATUS': 0, 'STORE_STATUS': None, 'STORE_LIVE_DATE': None, 'SALES_CREATE_DATE': '2021-03-05 00:00:00'}, {'STX_ID': 2345705, 'STORE_NAME': None, 'PAID_PRICE': None, 'TRX_STATUS': 0, 'STORE_STATUS': None, 'STORE_LIVE_DATE': None, 'SALES_CREATE_DATE': None}, {'STX_ID': 2345706, 'STORE_NAME': None, 'PAID_PRICE': None, 'TRX_STATUS': 0, 'STORE_STATUS': None, 'STORE_LIVE_DATE': None, 'SALES_CREATE_DATE': None}]
[2022-06-20 19:40:19,183] {logging_mixin.py:115} INFO - INSERT INTO  Store_Sales (STX_ID,STORE_NAME,PAID_PRICE,TRX_STATUS,STORE_STATUS,STORE_LIVE_DATE,SALES_CREATE_DATE) VALUES (2345678,Mağaza1,100.3,1,0.0,2021-03-01 00:00:00,2021-03-05 00:00:00)
[2022-06-20 19:40:19,199] {logging_mixin.py:115} INFO - INSERT INTO  Store_Sales (STX_ID,STORE_NAME,PAID_PRICE,TRX_STATUS,STORE_STATUS,STORE_LIVE_DATE,SALES_CREATE_DATE) VALUES (2345679,Mağaza1,100.3,1,0.0,2021-03-01 00:00:00,2021-03-05 00:00:00)
[2022-06-20 19:40:19,203] {logging_mixin.py:115} INFO - INSERT INTO  Store_Sales (STX_ID,STORE_NAME,PAID_PRICE,TRX_STATUS,STORE_STATUS,STORE_LIVE_DATE,SALES_CREATE_DATE) VALUES (2345680,Mağaza1,100.3,0,0.0,2021-03-01 00:00:00,2021-03-05 00:00:00)
[2022-06-20 19:40:19,206] {logging_mixin.py:115} INFO - INSERT INTO  Store_Sales (STX_ID,STORE_NAME,PAID_PRICE,TRX_STATUS,STORE_STATUS,STORE_LIVE_DATE,SALES_CREATE_DATE) VALUES (2345681,Mağaza2,100.3,0,0.0,2021-03-01 00:00:00,2021-04-05 00:00:00)
[2022-06-20 19:40:19,210] {logging_mixin.py:115} INFO - INSERT INTO  Store_Sales (STX_ID,STORE_NAME,PAID_PRICE,TRX_STATUS,STORE_STATUS,STORE_LIVE_DATE,SALES_CREATE_DATE) VALUES (2345682,Mağaza3,200.3,0,0.0,2021-03-01 00:00:00,2021-05-05 00:00:00)
[2022-06-20 19:40:19,216] {logging_mixin.py:115} INFO - INSERT INTO  Store_Sales (STX_ID,STORE_NAME,PAID_PRICE,TRX_STATUS,STORE_STATUS,STORE_LIVE_DATE,SALES_CREATE_DATE) VALUES (2345683,Mağaza4,28.3,1,0.0,2021-03-01 00:00:00,2021-06-05 00:00:00)
[2022-06-20 19:40:19,220] {logging_mixin.py:115} INFO - INSERT INTO  Store_Sales (STX_ID,STORE_NAME,PAID_PRICE,TRX_STATUS,STORE_STATUS,STORE_LIVE_DATE,SALES_CREATE_DATE) VALUES (2345684,Mağaza5,100.3,0,0.0,2021-04-01 00:00:00,2021-03-05 00:00:00)
[2022-06-20 19:40:19,242] {logging_mixin.py:115} INFO - INSERT INTO  Store_Sales (STX_ID,STORE_NAME,PAID_PRICE,TRX_STATUS,STORE_STATUS,STORE_LIVE_DATE,SALES_CREATE_DATE) VALUES (2345685,Mağaza6,79.3,1,0.0,2021-04-01 00:00:00,2021-07-05 00:00:00)
[2022-06-20 19:40:19,251] {logging_mixin.py:115} INFO - INSERT INTO  Store_Sales (STX_ID,STORE_NAME,PAID_PRICE,TRX_STATUS,STORE_STATUS,STORE_LIVE_DATE,SALES_CREATE_DATE) VALUES (2345686,Mağaza7,256.3,1,0.0,2021-04-01 00:00:00,2021-03-05 00:00:00)
[2022-06-20 19:40:19,257] {logging_mixin.py:115} INFO - INSERT INTO  Store_Sales (STX_ID,STORE_NAME,PAID_PRICE,TRX_STATUS,STORE_STATUS,STORE_LIVE_DATE,SALES_CREATE_DATE) VALUES (2345687,Mağaza8,456.3,1,0.0,2021-04-01 00:00:00,2021-08-05 00:00:00)
[2022-06-20 19:40:19,262] {logging_mixin.py:115} INFO - INSERT INTO  Store_Sales (STX_ID,STORE_NAME,PAID_PRICE,TRX_STATUS,STORE_STATUS,STORE_LIVE_DATE,SALES_CREATE_DATE) VALUES (2345688,Mağaza9,432.3,1,0.0,2021-05-01 00:00:00,2021-07-05 00:00:00)
[2022-06-20 19:40:19,267] {logging_mixin.py:115} INFO - INSERT INTO  Store_Sales (STX_ID,STORE_NAME,PAID_PRICE,TRX_STATUS,STORE_STATUS,STORE_LIVE_DATE,SALES_CREATE_DATE) VALUES (2345689,Mağaza10,75.3,0,0.0,2021-05-01 00:00:00,2021-03-05 00:00:00)
[2022-06-20 19:40:19,271] {logging_mixin.py:115} INFO - INSERT INTO  Store_Sales (STX_ID,STORE_NAME,PAID_PRICE,TRX_STATUS,STORE_STATUS,STORE_LIVE_DATE,SALES_CREATE_DATE) VALUES (2345690,Mağaza2,100.3,1,0.0,2021-05-01 00:00:00,2021-09-05 00:00:00)
[2022-06-20 19:40:19,276] {logging_mixin.py:115} INFO - INSERT INTO  Store_Sales (STX_ID,STORE_NAME,PAID_PRICE,TRX_STATUS,STORE_STATUS,STORE_LIVE_DATE,SALES_CREATE_DATE) VALUES (2345691,Mağaza4,36.3,1,0.0,2021-05-01 00:00:00,2021-02-05 00:00:00)
[2022-06-20 19:40:19,285] {logging_mixin.py:115} INFO - INSERT INTO  Store_Sales (STX_ID,STORE_NAME,PAID_PRICE,TRX_STATUS,STORE_STATUS,STORE_LIVE_DATE,SALES_CREATE_DATE) VALUES (2345692,None,None,0,None,None,None)
[2022-06-20 19:40:19,290] {logging_mixin.py:115} INFO - INSERT INTO  Store_Sales (STX_ID,STORE_NAME,PAID_PRICE,TRX_STATUS,STORE_STATUS,STORE_LIVE_DATE,SALES_CREATE_DATE) VALUES (2345693,Mağaza1,100.3,1,0.0,2021-03-01 00:00:00,2021-03-05 00:00:00)
[2022-06-20 19:40:19,295] {logging_mixin.py:115} INFO - INSERT INTO  Store_Sales (STX_ID,STORE_NAME,PAID_PRICE,TRX_STATUS,STORE_STATUS,STORE_LIVE_DATE,SALES_CREATE_DATE) VALUES (2345694,None,None,1,None,None,None)
[2022-06-20 19:40:19,301] {logging_mixin.py:115} INFO - INSERT INTO  Store_Sales (STX_ID,STORE_NAME,PAID_PRICE,TRX_STATUS,STORE_STATUS,STORE_LIVE_DATE,SALES_CREATE_DATE) VALUES (2345695,None,75.3,1,None,None,2021-03-05 00:00:00)
[2022-06-20 19:40:19,317] {logging_mixin.py:115} INFO - INSERT INTO  Store_Sales (STX_ID,STORE_NAME,PAID_PRICE,TRX_STATUS,STORE_STATUS,STORE_LIVE_DATE,SALES_CREATE_DATE) VALUES (2345696,None,None,0,None,None,None)
[2022-06-20 19:40:19,323] {logging_mixin.py:115} INFO - INSERT INTO  Store_Sales (STX_ID,STORE_NAME,PAID_PRICE,TRX_STATUS,STORE_STATUS,STORE_LIVE_DATE,SALES_CREATE_DATE) VALUES (2345697,None,None,0,None,None,None)
[2022-06-20 19:40:19,331] {logging_mixin.py:115} INFO - INSERT INTO  Store_Sales (STX_ID,STORE_NAME,PAID_PRICE,TRX_STATUS,STORE_STATUS,STORE_LIVE_DATE,SALES_CREATE_DATE) VALUES (2345698,None,None,1,None,None,None)
[2022-06-20 19:40:19,347] {logging_mixin.py:115} INFO - INSERT INTO  Store_Sales (STX_ID,STORE_NAME,PAID_PRICE,TRX_STATUS,STORE_STATUS,STORE_LIVE_DATE,SALES_CREATE_DATE) VALUES (2345699,None,100.3,1,None,None,2021-03-05 00:00:00)
[2022-06-20 19:40:19,351] {logging_mixin.py:115} INFO - INSERT INTO  Store_Sales (STX_ID,STORE_NAME,PAID_PRICE,TRX_STATUS,STORE_STATUS,STORE_LIVE_DATE,SALES_CREATE_DATE) VALUES (2345700,None,None,0,None,None,None)
[2022-06-20 19:40:19,356] {logging_mixin.py:115} INFO - INSERT INTO  Store_Sales (STX_ID,STORE_NAME,PAID_PRICE,TRX_STATUS,STORE_STATUS,STORE_LIVE_DATE,SALES_CREATE_DATE) VALUES (2345701,None,100.3,1,None,None,2021-03-05 00:00:00)
[2022-06-20 19:40:19,360] {logging_mixin.py:115} INFO - INSERT INTO  Store_Sales (STX_ID,STORE_NAME,PAID_PRICE,TRX_STATUS,STORE_STATUS,STORE_LIVE_DATE,SALES_CREATE_DATE) VALUES (2345702,None,None,1,None,None,None)
[2022-06-20 19:40:19,365] {logging_mixin.py:115} INFO - INSERT INTO  Store_Sales (STX_ID,STORE_NAME,PAID_PRICE,TRX_STATUS,STORE_STATUS,STORE_LIVE_DATE,SALES_CREATE_DATE) VALUES (2345703,None,None,1,None,None,None)
[2022-06-20 19:40:19,372] {logging_mixin.py:115} INFO - INSERT INTO  Store_Sales (STX_ID,STORE_NAME,PAID_PRICE,TRX_STATUS,STORE_STATUS,STORE_LIVE_DATE,SALES_CREATE_DATE) VALUES (2345704,None,100.3,0,None,None,2021-03-05 00:00:00)
[2022-06-20 19:40:19,376] {logging_mixin.py:115} INFO - INSERT INTO  Store_Sales (STX_ID,STORE_NAME,PAID_PRICE,TRX_STATUS,STORE_STATUS,STORE_LIVE_DATE,SALES_CREATE_DATE) VALUES (2345705,None,None,0,None,None,None)
[2022-06-20 19:40:19,387] {logging_mixin.py:115} INFO - INSERT INTO  Store_Sales (STX_ID,STORE_NAME,PAID_PRICE,TRX_STATUS,STORE_STATUS,STORE_LIVE_DATE,SALES_CREATE_DATE) VALUES (2345706,None,None,0,None,None,None)
[2022-06-20 19:40:19,392] {taskinstance.py:1889} ERROR - Task failed with exception
Traceback (most recent call last):
  File "/home/airflow/.local/lib/python3.7/site-packages/airflow/operators/python.py", line 171, in execute
    return_value = self.execute_callable()
  File "/home/airflow/.local/lib/python3.7/site-packages/airflow/operators/python.py", line 189, in execute_callable
    return self.python_callable(*self.op_args, **self.op_kwargs)
  File "/opt/airflow/dags/etl_processing.py", line 79, in load_data
    target_db_cursor.execute(sql, tuple(j.values()))
psycopg2.errors.UndefinedTable: relation "customer" does not exist
LINE 1: INSERT INTO Customer (ID,NAME,CITY,CREATE_DATE) VALUES (4567...
                    ^

[2022-06-20 19:40:19,417] {taskinstance.py:1400} INFO - Marking task as FAILED. dag_id=etl-processing, task_id=load, execution_date=20220620T192000, start_date=20220620T194018, end_date=20220620T194019
[2022-06-20 19:40:19,456] {standard_task_runner.py:97} ERROR - Failed to execute job 672 for task load (relation "customer" does not exist
LINE 1: INSERT INTO Customer (ID,NAME,CITY,CREATE_DATE) VALUES (4567...
                    ^
; 1973)
[2022-06-20 19:40:19,495] {local_task_job.py:156} INFO - Task exited with return code 1
[2022-06-20 19:40:19,584] {local_task_job.py:273} INFO - 0 downstream tasks scheduled from follow-on schedule check
