[2022-06-17 21:01:11,590] {taskinstance.py:1159} INFO - Dependencies all met for <TaskInstance: e-t-l.load scheduled__2022-06-17T20:40:00+00:00 [queued]>
[2022-06-17 21:01:11,688] {taskinstance.py:1159} INFO - Dependencies all met for <TaskInstance: e-t-l.load scheduled__2022-06-17T20:40:00+00:00 [queued]>
[2022-06-17 21:01:11,692] {taskinstance.py:1356} INFO - 
--------------------------------------------------------------------------------
[2022-06-17 21:01:11,693] {taskinstance.py:1357} INFO - Starting attempt 1 of 1
[2022-06-17 21:01:11,693] {taskinstance.py:1358} INFO - 
--------------------------------------------------------------------------------
[2022-06-17 21:01:11,992] {taskinstance.py:1377} INFO - Executing <Task(PythonOperator): load> on 2022-06-17 20:40:00+00:00
[2022-06-17 21:01:12,046] {standard_task_runner.py:52} INFO - Started process 22212 to run task
[2022-06-17 21:01:12,093] {standard_task_runner.py:79} INFO - Running: ['***', 'tasks', 'run', 'e-t-l', 'load', 'scheduled__2022-06-17T20:40:00+00:00', '--job-id', '620', '--raw', '--subdir', 'DAGS_FOLDER/new-new.py', '--cfg-path', '/tmp/tmpszt7rcxk', '--error-file', '/tmp/tmp30bwg6mo']
[2022-06-17 21:01:12,190] {standard_task_runner.py:80} INFO - Job 620: Subtask load
[2022-06-17 21:01:13,069] {task_command.py:370} INFO - Running <TaskInstance: e-t-l.load scheduled__2022-06-17T20:40:00+00:00 [running]> on host fe209149cfc1
[2022-06-17 21:01:15,583] {taskinstance.py:1571} INFO - Exporting the following env vars:
AIRFLOW_CTX_DAG_OWNER=***
AIRFLOW_CTX_DAG_ID=e-t-l
AIRFLOW_CTX_TASK_ID=load
AIRFLOW_CTX_EXECUTION_DATE=2022-06-17T20:40:00+00:00
AIRFLOW_CTX_TRY_NUMBER=1
AIRFLOW_CTX_DAG_RUN_ID=scheduled__2022-06-17T20:40:00+00:00
[2022-06-17 21:01:16,093] {base.py:68} INFO - Using connection ID 'postgres_conn' for task execution.
[2022-06-17 21:01:16,163] {logging_mixin.py:115} INFO - [{'STX_ID': 2345678, 'STORE_NAME': 'Mağaza1', 'PAID_PRICE': 100.3, 'TRX_STATUS': 1, 'STORE_STATUS': 0.0, 'STORE_LIVE_DATE': '2021-03-01 00:00:00', 'SALES_CREATE_DATE': '2021-03-05 00:00:00'}, {'STX_ID': 2345679, 'STORE_NAME': 'Mağaza1', 'PAID_PRICE': 100.3, 'TRX_STATUS': 1, 'STORE_STATUS': 0.0, 'STORE_LIVE_DATE': '2021-03-01 00:00:00', 'SALES_CREATE_DATE': '2021-03-05 00:00:00'}, {'STX_ID': 2345680, 'STORE_NAME': 'Mağaza1', 'PAID_PRICE': 100.3, 'TRX_STATUS': 0, 'STORE_STATUS': 0.0, 'STORE_LIVE_DATE': '2021-03-01 00:00:00', 'SALES_CREATE_DATE': '2021-03-05 00:00:00'}, {'STX_ID': 2345681, 'STORE_NAME': 'Mağaza2', 'PAID_PRICE': 100.3, 'TRX_STATUS': 0, 'STORE_STATUS': 0.0, 'STORE_LIVE_DATE': '2021-03-01 00:00:00', 'SALES_CREATE_DATE': '2021-04-05 00:00:00'}, {'STX_ID': 2345682, 'STORE_NAME': 'Mağaza3', 'PAID_PRICE': 200.3, 'TRX_STATUS': 0, 'STORE_STATUS': 0.0, 'STORE_LIVE_DATE': '2021-03-01 00:00:00', 'SALES_CREATE_DATE': '2021-05-05 00:00:00'}, {'STX_ID': 2345683, 'STORE_NAME': 'Mağaza4', 'PAID_PRICE': 28.3, 'TRX_STATUS': 1, 'STORE_STATUS': 0.0, 'STORE_LIVE_DATE': '2021-03-01 00:00:00', 'SALES_CREATE_DATE': '2021-06-05 00:00:00'}, {'STX_ID': 2345684, 'STORE_NAME': 'Mağaza5', 'PAID_PRICE': 100.3, 'TRX_STATUS': 0, 'STORE_STATUS': 0.0, 'STORE_LIVE_DATE': '2021-04-01 00:00:00', 'SALES_CREATE_DATE': '2021-03-05 00:00:00'}, {'STX_ID': 2345685, 'STORE_NAME': 'Mağaza6', 'PAID_PRICE': 79.3, 'TRX_STATUS': 1, 'STORE_STATUS': 0.0, 'STORE_LIVE_DATE': '2021-04-01 00:00:00', 'SALES_CREATE_DATE': '2021-07-05 00:00:00'}, {'STX_ID': 2345686, 'STORE_NAME': 'Mağaza7', 'PAID_PRICE': 256.3, 'TRX_STATUS': 1, 'STORE_STATUS': 0.0, 'STORE_LIVE_DATE': '2021-04-01 00:00:00', 'SALES_CREATE_DATE': '2021-03-05 00:00:00'}, {'STX_ID': 2345687, 'STORE_NAME': 'Mağaza8', 'PAID_PRICE': 456.3, 'TRX_STATUS': 1, 'STORE_STATUS': 0.0, 'STORE_LIVE_DATE': '2021-04-01 00:00:00', 'SALES_CREATE_DATE': '2021-08-05 00:00:00'}, {'STX_ID': 2345688, 'STORE_NAME': 'Mağaza9', 'PAID_PRICE': 432.3, 'TRX_STATUS': 1, 'STORE_STATUS': 0.0, 'STORE_LIVE_DATE': '2021-05-01 00:00:00', 'SALES_CREATE_DATE': '2021-07-05 00:00:00'}, {'STX_ID': 2345689, 'STORE_NAME': 'Mağaza10', 'PAID_PRICE': 75.3, 'TRX_STATUS': 0, 'STORE_STATUS': 0.0, 'STORE_LIVE_DATE': '2021-05-01 00:00:00', 'SALES_CREATE_DATE': '2021-03-05 00:00:00'}, {'STX_ID': 2345690, 'STORE_NAME': 'Mağaza2', 'PAID_PRICE': 100.3, 'TRX_STATUS': 1, 'STORE_STATUS': 0.0, 'STORE_LIVE_DATE': '2021-05-01 00:00:00', 'SALES_CREATE_DATE': '2021-09-05 00:00:00'}, {'STX_ID': 2345691, 'STORE_NAME': 'Mağaza4', 'PAID_PRICE': 36.3, 'TRX_STATUS': 1, 'STORE_STATUS': 0.0, 'STORE_LIVE_DATE': '2021-05-01 00:00:00', 'SALES_CREATE_DATE': '2021-02-05 00:00:00'}, {'STX_ID': 2345692, 'STORE_NAME': None, 'PAID_PRICE': None, 'TRX_STATUS': 0, 'STORE_STATUS': None, 'STORE_LIVE_DATE': None, 'SALES_CREATE_DATE': None}, {'STX_ID': 2345693, 'STORE_NAME': 'Mağaza1', 'PAID_PRICE': 100.3, 'TRX_STATUS': 1, 'STORE_STATUS': 0.0, 'STORE_LIVE_DATE': '2021-03-01 00:00:00', 'SALES_CREATE_DATE': '2021-03-05 00:00:00'}, {'STX_ID': 2345694, 'STORE_NAME': None, 'PAID_PRICE': None, 'TRX_STATUS': 1, 'STORE_STATUS': None, 'STORE_LIVE_DATE': None, 'SALES_CREATE_DATE': None}, {'STX_ID': 2345695, 'STORE_NAME': None, 'PAID_PRICE': 75.3, 'TRX_STATUS': 1, 'STORE_STATUS': None, 'STORE_LIVE_DATE': None, 'SALES_CREATE_DATE': '2021-03-05 00:00:00'}, {'STX_ID': 2345696, 'STORE_NAME': None, 'PAID_PRICE': None, 'TRX_STATUS': 0, 'STORE_STATUS': None, 'STORE_LIVE_DATE': None, 'SALES_CREATE_DATE': None}, {'STX_ID': 2345697, 'STORE_NAME': None, 'PAID_PRICE': None, 'TRX_STATUS': 0, 'STORE_STATUS': None, 'STORE_LIVE_DATE': None, 'SALES_CREATE_DATE': None}, {'STX_ID': 2345698, 'STORE_NAME': None, 'PAID_PRICE': None, 'TRX_STATUS': 1, 'STORE_STATUS': None, 'STORE_LIVE_DATE': None, 'SALES_CREATE_DATE': None}, {'STX_ID': 2345699, 'STORE_NAME': None, 'PAID_PRICE': 100.3, 'TRX_STATUS': 1, 'STORE_STATUS': None, 'STORE_LIVE_DATE': None, 'SALES_CREATE_DATE': '2021-03-05 00:00:00'}, {'STX_ID': 2345700, 'STORE_NAME': None, 'PAID_PRICE': None, 'TRX_STATUS': 0, 'STORE_STATUS': None, 'STORE_LIVE_DATE': None, 'SALES_CREATE_DATE': None}, {'STX_ID': 2345701, 'STORE_NAME': None, 'PAID_PRICE': 100.3, 'TRX_STATUS': 1, 'STORE_STATUS': None, 'STORE_LIVE_DATE': None, 'SALES_CREATE_DATE': '2021-03-05 00:00:00'}, {'STX_ID': 2345702, 'STORE_NAME': None, 'PAID_PRICE': None, 'TRX_STATUS': 1, 'STORE_STATUS': None, 'STORE_LIVE_DATE': None, 'SALES_CREATE_DATE': None}, {'STX_ID': 2345703, 'STORE_NAME': None, 'PAID_PRICE': None, 'TRX_STATUS': 1, 'STORE_STATUS': None, 'STORE_LIVE_DATE': None, 'SALES_CREATE_DATE': None}, {'STX_ID': 2345704, 'STORE_NAME': None, 'PAID_PRICE': 100.3, 'TRX_STATUS': 0, 'STORE_STATUS': None, 'STORE_LIVE_DATE': None, 'SALES_CREATE_DATE': '2021-03-05 00:00:00'}, {'STX_ID': 2345705, 'STORE_NAME': None, 'PAID_PRICE': None, 'TRX_STATUS': 0, 'STORE_STATUS': None, 'STORE_LIVE_DATE': None, 'SALES_CREATE_DATE': None}, {'STX_ID': 2345706, 'STORE_NAME': None, 'PAID_PRICE': None, 'TRX_STATUS': 0, 'STORE_STATUS': None, 'STORE_LIVE_DATE': None, 'SALES_CREATE_DATE': None}]
[2022-06-17 21:01:16,179] {logging_mixin.py:115} INFO - INSERT INTO  Store_Sales (STX_ID,STORE_NAME,PAID_PRICE,TRX_STATUS,STORE_STATUS,STORE_LIVE_DATE,SALES_CREATE_DATE) VALUES (2345678,Mağaza1,100.3,1,0.0,2021-03-01 00:00:00,2021-03-05 00:00:00)
[2022-06-17 21:01:16,292] {logging_mixin.py:115} INFO - INSERT INTO  Store_Sales (STX_ID,STORE_NAME,PAID_PRICE,TRX_STATUS,STORE_STATUS,STORE_LIVE_DATE,SALES_CREATE_DATE) VALUES (2345679,Mağaza1,100.3,1,0.0,2021-03-01 00:00:00,2021-03-05 00:00:00)
[2022-06-17 21:01:16,404] {logging_mixin.py:115} INFO - INSERT INTO  Store_Sales (STX_ID,STORE_NAME,PAID_PRICE,TRX_STATUS,STORE_STATUS,STORE_LIVE_DATE,SALES_CREATE_DATE) VALUES (2345680,Mağaza1,100.3,0,0.0,2021-03-01 00:00:00,2021-03-05 00:00:00)
[2022-06-17 21:01:16,468] {logging_mixin.py:115} INFO - INSERT INTO  Store_Sales (STX_ID,STORE_NAME,PAID_PRICE,TRX_STATUS,STORE_STATUS,STORE_LIVE_DATE,SALES_CREATE_DATE) VALUES (2345681,Mağaza2,100.3,0,0.0,2021-03-01 00:00:00,2021-04-05 00:00:00)
[2022-06-17 21:01:16,554] {logging_mixin.py:115} INFO - INSERT INTO  Store_Sales (STX_ID,STORE_NAME,PAID_PRICE,TRX_STATUS,STORE_STATUS,STORE_LIVE_DATE,SALES_CREATE_DATE) VALUES (2345682,Mağaza3,200.3,0,0.0,2021-03-01 00:00:00,2021-05-05 00:00:00)
[2022-06-17 21:01:16,636] {logging_mixin.py:115} INFO - INSERT INTO  Store_Sales (STX_ID,STORE_NAME,PAID_PRICE,TRX_STATUS,STORE_STATUS,STORE_LIVE_DATE,SALES_CREATE_DATE) VALUES (2345683,Mağaza4,28.3,1,0.0,2021-03-01 00:00:00,2021-06-05 00:00:00)
[2022-06-17 21:01:16,684] {logging_mixin.py:115} INFO - INSERT INTO  Store_Sales (STX_ID,STORE_NAME,PAID_PRICE,TRX_STATUS,STORE_STATUS,STORE_LIVE_DATE,SALES_CREATE_DATE) VALUES (2345684,Mağaza5,100.3,0,0.0,2021-04-01 00:00:00,2021-03-05 00:00:00)
[2022-06-17 21:01:16,716] {logging_mixin.py:115} INFO - INSERT INTO  Store_Sales (STX_ID,STORE_NAME,PAID_PRICE,TRX_STATUS,STORE_STATUS,STORE_LIVE_DATE,SALES_CREATE_DATE) VALUES (2345685,Mağaza6,79.3,1,0.0,2021-04-01 00:00:00,2021-07-05 00:00:00)
[2022-06-17 21:01:16,776] {logging_mixin.py:115} INFO - INSERT INTO  Store_Sales (STX_ID,STORE_NAME,PAID_PRICE,TRX_STATUS,STORE_STATUS,STORE_LIVE_DATE,SALES_CREATE_DATE) VALUES (2345686,Mağaza7,256.3,1,0.0,2021-04-01 00:00:00,2021-03-05 00:00:00)
[2022-06-17 21:01:16,840] {logging_mixin.py:115} INFO - INSERT INTO  Store_Sales (STX_ID,STORE_NAME,PAID_PRICE,TRX_STATUS,STORE_STATUS,STORE_LIVE_DATE,SALES_CREATE_DATE) VALUES (2345687,Mağaza8,456.3,1,0.0,2021-04-01 00:00:00,2021-08-05 00:00:00)
[2022-06-17 21:01:16,884] {logging_mixin.py:115} INFO - INSERT INTO  Store_Sales (STX_ID,STORE_NAME,PAID_PRICE,TRX_STATUS,STORE_STATUS,STORE_LIVE_DATE,SALES_CREATE_DATE) VALUES (2345688,Mağaza9,432.3,1,0.0,2021-05-01 00:00:00,2021-07-05 00:00:00)
[2022-06-17 21:01:16,913] {logging_mixin.py:115} INFO - INSERT INTO  Store_Sales (STX_ID,STORE_NAME,PAID_PRICE,TRX_STATUS,STORE_STATUS,STORE_LIVE_DATE,SALES_CREATE_DATE) VALUES (2345689,Mağaza10,75.3,0,0.0,2021-05-01 00:00:00,2021-03-05 00:00:00)
[2022-06-17 21:01:16,957] {logging_mixin.py:115} INFO - INSERT INTO  Store_Sales (STX_ID,STORE_NAME,PAID_PRICE,TRX_STATUS,STORE_STATUS,STORE_LIVE_DATE,SALES_CREATE_DATE) VALUES (2345690,Mağaza2,100.3,1,0.0,2021-05-01 00:00:00,2021-09-05 00:00:00)
[2022-06-17 21:01:16,988] {logging_mixin.py:115} INFO - INSERT INTO  Store_Sales (STX_ID,STORE_NAME,PAID_PRICE,TRX_STATUS,STORE_STATUS,STORE_LIVE_DATE,SALES_CREATE_DATE) VALUES (2345691,Mağaza4,36.3,1,0.0,2021-05-01 00:00:00,2021-02-05 00:00:00)
[2022-06-17 21:01:17,010] {logging_mixin.py:115} INFO - INSERT INTO  Store_Sales (STX_ID,STORE_NAME,PAID_PRICE,TRX_STATUS,STORE_STATUS,STORE_LIVE_DATE,SALES_CREATE_DATE) VALUES (2345692,None,None,0,None,None,None)
[2022-06-17 21:01:17,052] {logging_mixin.py:115} INFO - INSERT INTO  Store_Sales (STX_ID,STORE_NAME,PAID_PRICE,TRX_STATUS,STORE_STATUS,STORE_LIVE_DATE,SALES_CREATE_DATE) VALUES (2345693,Mağaza1,100.3,1,0.0,2021-03-01 00:00:00,2021-03-05 00:00:00)
[2022-06-17 21:01:17,057] {logging_mixin.py:115} INFO - INSERT INTO  Store_Sales (STX_ID,STORE_NAME,PAID_PRICE,TRX_STATUS,STORE_STATUS,STORE_LIVE_DATE,SALES_CREATE_DATE) VALUES (2345694,None,None,1,None,None,None)
[2022-06-17 21:01:17,084] {logging_mixin.py:115} INFO - INSERT INTO  Store_Sales (STX_ID,STORE_NAME,PAID_PRICE,TRX_STATUS,STORE_STATUS,STORE_LIVE_DATE,SALES_CREATE_DATE) VALUES (2345695,None,75.3,1,None,None,2021-03-05 00:00:00)
[2022-06-17 21:01:17,116] {logging_mixin.py:115} INFO - INSERT INTO  Store_Sales (STX_ID,STORE_NAME,PAID_PRICE,TRX_STATUS,STORE_STATUS,STORE_LIVE_DATE,SALES_CREATE_DATE) VALUES (2345696,None,None,0,None,None,None)
[2022-06-17 21:01:17,132] {logging_mixin.py:115} INFO - INSERT INTO  Store_Sales (STX_ID,STORE_NAME,PAID_PRICE,TRX_STATUS,STORE_STATUS,STORE_LIVE_DATE,SALES_CREATE_DATE) VALUES (2345697,None,None,0,None,None,None)
[2022-06-17 21:01:17,212] {logging_mixin.py:115} INFO - INSERT INTO  Store_Sales (STX_ID,STORE_NAME,PAID_PRICE,TRX_STATUS,STORE_STATUS,STORE_LIVE_DATE,SALES_CREATE_DATE) VALUES (2345698,None,None,1,None,None,None)
[2022-06-17 21:01:17,308] {logging_mixin.py:115} INFO - INSERT INTO  Store_Sales (STX_ID,STORE_NAME,PAID_PRICE,TRX_STATUS,STORE_STATUS,STORE_LIVE_DATE,SALES_CREATE_DATE) VALUES (2345699,None,100.3,1,None,None,2021-03-05 00:00:00)
[2022-06-17 21:01:17,388] {logging_mixin.py:115} INFO - INSERT INTO  Store_Sales (STX_ID,STORE_NAME,PAID_PRICE,TRX_STATUS,STORE_STATUS,STORE_LIVE_DATE,SALES_CREATE_DATE) VALUES (2345700,None,None,0,None,None,None)
[2022-06-17 21:01:17,469] {logging_mixin.py:115} INFO - INSERT INTO  Store_Sales (STX_ID,STORE_NAME,PAID_PRICE,TRX_STATUS,STORE_STATUS,STORE_LIVE_DATE,SALES_CREATE_DATE) VALUES (2345701,None,100.3,1,None,None,2021-03-05 00:00:00)
[2022-06-17 21:01:17,500] {logging_mixin.py:115} INFO - INSERT INTO  Store_Sales (STX_ID,STORE_NAME,PAID_PRICE,TRX_STATUS,STORE_STATUS,STORE_LIVE_DATE,SALES_CREATE_DATE) VALUES (2345702,None,None,1,None,None,None)
[2022-06-17 21:01:17,519] {logging_mixin.py:115} INFO - INSERT INTO  Store_Sales (STX_ID,STORE_NAME,PAID_PRICE,TRX_STATUS,STORE_STATUS,STORE_LIVE_DATE,SALES_CREATE_DATE) VALUES (2345703,None,None,1,None,None,None)
[2022-06-17 21:01:17,536] {logging_mixin.py:115} INFO - INSERT INTO  Store_Sales (STX_ID,STORE_NAME,PAID_PRICE,TRX_STATUS,STORE_STATUS,STORE_LIVE_DATE,SALES_CREATE_DATE) VALUES (2345704,None,100.3,0,None,None,2021-03-05 00:00:00)
[2022-06-17 21:01:17,725] {logging_mixin.py:115} INFO - INSERT INTO  Store_Sales (STX_ID,STORE_NAME,PAID_PRICE,TRX_STATUS,STORE_STATUS,STORE_LIVE_DATE,SALES_CREATE_DATE) VALUES (2345705,None,None,0,None,None,None)
[2022-06-17 21:01:17,789] {logging_mixin.py:115} INFO - INSERT INTO  Store_Sales (STX_ID,STORE_NAME,PAID_PRICE,TRX_STATUS,STORE_STATUS,STORE_LIVE_DATE,SALES_CREATE_DATE) VALUES (2345706,None,None,0,None,None,None)
[2022-06-17 21:01:17,888] {logging_mixin.py:115} INFO - None
[2022-06-17 21:01:17,902] {python.py:173} INFO - Done. Returned value was: None
[2022-06-17 21:01:18,163] {taskinstance.py:1400} INFO - Marking task as SUCCESS. dag_id=e-t-l, task_id=load, execution_date=20220617T204000, start_date=20220617T210111, end_date=20220617T210118
[2022-06-17 21:01:18,434] {local_task_job.py:156} INFO - Task exited with return code 0
[2022-06-17 21:01:18,942] {local_task_job.py:273} INFO - 0 downstream tasks scheduled from follow-on schedule check
