[2022-06-17 20:08:22,336] {taskinstance.py:1159} INFO - Dependencies all met for <TaskInstance: e-t-l.transform manual__2022-06-17T20:07:50.274004+00:00 [queued]>
[2022-06-17 20:08:22,449] {taskinstance.py:1159} INFO - Dependencies all met for <TaskInstance: e-t-l.transform manual__2022-06-17T20:07:50.274004+00:00 [queued]>
[2022-06-17 20:08:22,467] {taskinstance.py:1356} INFO - 
--------------------------------------------------------------------------------
[2022-06-17 20:08:22,483] {taskinstance.py:1357} INFO - Starting attempt 1 of 1
[2022-06-17 20:08:22,495] {taskinstance.py:1358} INFO - 
--------------------------------------------------------------------------------
[2022-06-17 20:08:22,611] {taskinstance.py:1377} INFO - Executing <Task(PythonOperator): transform> on 2022-06-17 20:07:50.274004+00:00
[2022-06-17 20:08:22,634] {standard_task_runner.py:52} INFO - Started process 20584 to run task
[2022-06-17 20:08:22,648] {standard_task_runner.py:79} INFO - Running: ['***', 'tasks', 'run', 'e-t-l', 'transform', 'manual__2022-06-17T20:07:50.274004+00:00', '--job-id', '586', '--raw', '--subdir', 'DAGS_FOLDER/new-new.py', '--cfg-path', '/tmp/tmprv64iogc', '--error-file', '/tmp/tmp7yk9vuig']
[2022-06-17 20:08:22,655] {standard_task_runner.py:80} INFO - Job 586: Subtask transform
[2022-06-17 20:08:22,972] {task_command.py:370} INFO - Running <TaskInstance: e-t-l.transform manual__2022-06-17T20:07:50.274004+00:00 [running]> on host fe209149cfc1
[2022-06-17 20:08:23,372] {taskinstance.py:1571} INFO - Exporting the following env vars:
AIRFLOW_CTX_DAG_OWNER=***
AIRFLOW_CTX_DAG_ID=e-t-l
AIRFLOW_CTX_TASK_ID=transform
AIRFLOW_CTX_EXECUTION_DATE=2022-06-17T20:07:50.274004+00:00
AIRFLOW_CTX_TRY_NUMBER=1
AIRFLOW_CTX_DAG_RUN_ID=manual__2022-06-17T20:07:50.274004+00:00
[2022-06-17 20:08:23,512] {python.py:173} INFO - Done. Returned value was: None
[2022-06-17 20:08:23,566] {taskinstance.py:1400} INFO - Marking task as SUCCESS. dag_id=e-t-l, task_id=transform, execution_date=20220617T200750, start_date=20220617T200822, end_date=20220617T200823
[2022-06-17 20:08:23,650] {local_task_job.py:156} INFO - Task exited with return code 0
[2022-06-17 20:08:23,890] {local_task_job.py:273} INFO - 1 downstream tasks scheduled from follow-on schedule check
