[2022-06-16 10:32:11,931] {taskinstance.py:1159} INFO - Dependencies all met for <TaskInstance: analytics.getdata scheduled__2022-05-12T00:00:00+00:00 [queued]>
[2022-06-16 10:32:11,994] {taskinstance.py:1159} INFO - Dependencies all met for <TaskInstance: analytics.getdata scheduled__2022-05-12T00:00:00+00:00 [queued]>
[2022-06-16 10:32:11,998] {taskinstance.py:1356} INFO - 
--------------------------------------------------------------------------------
[2022-06-16 10:32:11,999] {taskinstance.py:1357} INFO - Starting attempt 1 of 1
[2022-06-16 10:32:12,001] {taskinstance.py:1358} INFO - 
--------------------------------------------------------------------------------
[2022-06-16 10:32:12,098] {taskinstance.py:1377} INFO - Executing <Task(MySqlOperator): getdata> on 2022-05-12 00:00:00+00:00
[2022-06-16 10:32:12,112] {standard_task_runner.py:52} INFO - Started process 3553 to run task
[2022-06-16 10:32:12,156] {standard_task_runner.py:79} INFO - Running: ['***', 'tasks', 'run', 'analytics', 'getdata', 'scheduled__2022-05-12T00:00:00+00:00', '--job-id', '432', '--raw', '--subdir', 'DAGS_FOLDER/testing_etl.py', '--cfg-path', '/tmp/tmphd51t_eg', '--error-file', '/tmp/tmp7uwewthl']
[2022-06-16 10:32:12,158] {standard_task_runner.py:80} INFO - Job 432: Subtask getdata
[2022-06-16 10:32:12,353] {task_command.py:370} INFO - Running <TaskInstance: analytics.getdata scheduled__2022-05-12T00:00:00+00:00 [running]> on host fe209149cfc1
[2022-06-16 10:32:12,681] {taskinstance.py:1571} INFO - Exporting the following env vars:
AIRFLOW_CTX_DAG_OWNER=***
AIRFLOW_CTX_DAG_ID=analytics
AIRFLOW_CTX_TASK_ID=getdata
AIRFLOW_CTX_EXECUTION_DATE=2022-05-12T00:00:00+00:00
AIRFLOW_CTX_TRY_NUMBER=1
AIRFLOW_CTX_DAG_RUN_ID=scheduled__2022-05-12T00:00:00+00:00
[2022-06-16 10:32:12,689] {mysql.py:82} INFO - Executing: SELECT * from Customer_T;
[2022-06-16 10:32:12,715] {base.py:68} INFO - Using connection ID 'mysql_con' for task execution.
[2022-06-16 10:32:12,748] {dbapi.py:213} INFO - Running statement: SELECT * from Customer_T;, parameters: None
[2022-06-16 10:32:12,749] {dbapi.py:221} INFO - Rows affected: 19
[2022-06-16 10:32:12,805] {taskinstance.py:1400} INFO - Marking task as SUCCESS. dag_id=analytics, task_id=getdata, execution_date=20220512T000000, start_date=20220616T103211, end_date=20220616T103212
[2022-06-16 10:32:12,878] {local_task_job.py:156} INFO - Task exited with return code 0
[2022-06-16 10:32:13,046] {local_task_job.py:273} INFO - 0 downstream tasks scheduled from follow-on schedule check
