[2022-06-20 21:40:28,759] {taskinstance.py:1159} INFO - Dependencies all met for <TaskInstance: etl-processing.transform scheduled__2022-06-20T21:20:00+00:00 [queued]>
[2022-06-20 21:40:28,832] {taskinstance.py:1159} INFO - Dependencies all met for <TaskInstance: etl-processing.transform scheduled__2022-06-20T21:20:00+00:00 [queued]>
[2022-06-20 21:40:28,833] {taskinstance.py:1356} INFO - 
--------------------------------------------------------------------------------
[2022-06-20 21:40:28,833] {taskinstance.py:1357} INFO - Starting attempt 1 of 1
[2022-06-20 21:40:28,835] {taskinstance.py:1358} INFO - 
--------------------------------------------------------------------------------
[2022-06-20 21:40:29,038] {taskinstance.py:1377} INFO - Executing <Task(PythonOperator): transform> on 2022-06-20 21:20:00+00:00
[2022-06-20 21:40:29,131] {standard_task_runner.py:52} INFO - Started process 5993 to run task
[2022-06-20 21:40:29,174] {standard_task_runner.py:79} INFO - Running: ['***', 'tasks', 'run', 'etl-processing', 'transform', 'scheduled__2022-06-20T21:20:00+00:00', '--job-id', '732', '--raw', '--subdir', 'DAGS_FOLDER/etl_processing.py', '--cfg-path', '/tmp/tmp04im2c79', '--error-file', '/tmp/tmp5pdj2s9t']
[2022-06-20 21:40:29,213] {standard_task_runner.py:80} INFO - Job 732: Subtask transform
[2022-06-20 21:40:30,051] {task_command.py:370} INFO - Running <TaskInstance: etl-processing.transform scheduled__2022-06-20T21:20:00+00:00 [running]> on host fe209149cfc1
[2022-06-20 21:40:31,291] {taskinstance.py:1571} INFO - Exporting the following env vars:
AIRFLOW_CTX_DAG_OWNER=***
AIRFLOW_CTX_DAG_ID=etl-processing
AIRFLOW_CTX_TASK_ID=transform
AIRFLOW_CTX_EXECUTION_DATE=2022-06-20T21:20:00+00:00
AIRFLOW_CTX_TRY_NUMBER=1
AIRFLOW_CTX_DAG_RUN_ID=scheduled__2022-06-20T21:20:00+00:00
[2022-06-20 21:40:31,642] {python.py:173} INFO - Done. Returned value was: None
[2022-06-20 21:40:31,898] {taskinstance.py:1400} INFO - Marking task as SUCCESS. dag_id=etl-processing, task_id=transform, execution_date=20220620T212000, start_date=20220620T214028, end_date=20220620T214031
[2022-06-20 21:40:32,219] {local_task_job.py:156} INFO - Task exited with return code 0
[2022-06-20 21:40:32,977] {local_task_job.py:273} INFO - 0 downstream tasks scheduled from follow-on schedule check
