[2022-06-17 19:40:28,516] {taskinstance.py:1159} INFO - Dependencies all met for <TaskInstance: e-t-l.transform scheduled__2022-06-17T19:20:00+00:00 [queued]>
[2022-06-17 19:40:28,630] {taskinstance.py:1159} INFO - Dependencies all met for <TaskInstance: e-t-l.transform scheduled__2022-06-17T19:20:00+00:00 [queued]>
[2022-06-17 19:40:28,644] {taskinstance.py:1356} INFO - 
--------------------------------------------------------------------------------
[2022-06-17 19:40:28,676] {taskinstance.py:1357} INFO - Starting attempt 1 of 1
[2022-06-17 19:40:28,709] {taskinstance.py:1358} INFO - 
--------------------------------------------------------------------------------
[2022-06-17 19:40:29,076] {taskinstance.py:1377} INFO - Executing <Task(PythonOperator): transform> on 2022-06-17 19:20:00+00:00
[2022-06-17 19:40:29,159] {standard_task_runner.py:52} INFO - Started process 19683 to run task
[2022-06-17 19:40:29,220] {standard_task_runner.py:79} INFO - Running: ['***', 'tasks', 'run', 'e-t-l', 'transform', 'scheduled__2022-06-17T19:20:00+00:00', '--job-id', '566', '--raw', '--subdir', 'DAGS_FOLDER/new-new.py', '--cfg-path', '/tmp/tmpdhahlxav', '--error-file', '/tmp/tmp9t0ycu81']
[2022-06-17 19:40:29,223] {standard_task_runner.py:80} INFO - Job 566: Subtask transform
[2022-06-17 19:40:30,293] {task_command.py:370} INFO - Running <TaskInstance: e-t-l.transform scheduled__2022-06-17T19:20:00+00:00 [running]> on host fe209149cfc1
[2022-06-17 19:40:31,531] {taskinstance.py:1571} INFO - Exporting the following env vars:
AIRFLOW_CTX_DAG_OWNER=***
AIRFLOW_CTX_DAG_ID=e-t-l
AIRFLOW_CTX_TASK_ID=transform
AIRFLOW_CTX_EXECUTION_DATE=2022-06-17T19:20:00+00:00
AIRFLOW_CTX_TRY_NUMBER=1
AIRFLOW_CTX_DAG_RUN_ID=scheduled__2022-06-17T19:20:00+00:00
[2022-06-17 19:40:31,891] {python.py:173} INFO - Done. Returned value was: None
[2022-06-17 19:40:32,029] {taskinstance.py:1400} INFO - Marking task as SUCCESS. dag_id=e-t-l, task_id=transform, execution_date=20220617T192000, start_date=20220617T194028, end_date=20220617T194032
[2022-06-17 19:40:32,253] {local_task_job.py:156} INFO - Task exited with return code 0
[2022-06-17 19:40:32,911] {local_task_job.py:273} INFO - 0 downstream tasks scheduled from follow-on schedule check
