[2022-06-20 21:20:14,295] {taskinstance.py:1159} INFO - Dependencies all met for <TaskInstance: etl-processing.load scheduled__2022-06-20T21:00:00+00:00 [queued]>
[2022-06-20 21:20:14,322] {taskinstance.py:1159} INFO - Dependencies all met for <TaskInstance: etl-processing.load scheduled__2022-06-20T21:00:00+00:00 [queued]>
[2022-06-20 21:20:14,323] {taskinstance.py:1356} INFO - 
--------------------------------------------------------------------------------
[2022-06-20 21:20:14,323] {taskinstance.py:1357} INFO - Starting attempt 1 of 1
[2022-06-20 21:20:14,324] {taskinstance.py:1358} INFO - 
--------------------------------------------------------------------------------
[2022-06-20 21:20:14,349] {taskinstance.py:1377} INFO - Executing <Task(PythonOperator): load> on 2022-06-20 21:00:00+00:00
[2022-06-20 21:20:14,355] {standard_task_runner.py:52} INFO - Started process 5252 to run task
[2022-06-20 21:20:14,363] {standard_task_runner.py:79} INFO - Running: ['***', 'tasks', 'run', 'etl-processing', 'load', 'scheduled__2022-06-20T21:00:00+00:00', '--job-id', '719', '--raw', '--subdir', 'DAGS_FOLDER/etl_processing.py', '--cfg-path', '/tmp/tmpecui1nho', '--error-file', '/tmp/tmp2jkdk3lc']
[2022-06-20 21:20:14,364] {standard_task_runner.py:80} INFO - Job 719: Subtask load
[2022-06-20 21:20:14,472] {task_command.py:370} INFO - Running <TaskInstance: etl-processing.load scheduled__2022-06-20T21:00:00+00:00 [running]> on host fe209149cfc1
[2022-06-20 21:20:14,647] {taskinstance.py:1571} INFO - Exporting the following env vars:
AIRFLOW_CTX_DAG_OWNER=***
AIRFLOW_CTX_DAG_ID=etl-processing
AIRFLOW_CTX_TASK_ID=load
AIRFLOW_CTX_EXECUTION_DATE=2022-06-20T21:00:00+00:00
AIRFLOW_CTX_TRY_NUMBER=1
AIRFLOW_CTX_DAG_RUN_ID=scheduled__2022-06-20T21:00:00+00:00
[2022-06-20 21:20:14,785] {base.py:68} INFO - Using connection ID 'postgres_conn' for task execution.
[2022-06-20 21:20:15,037] {logging_mixin.py:115} INFO - [{'STX_ID': 2345678, 'STORE_NAME': 'Mağaza1', 'PAID_PRICE': 100.3, 'TRX_STATUS': 1, 'STORE_STATUS': 0.0, 'STORE_LIVE_DATE': '2021-03-01 00:00:00', 'SALES_CREATE_DATE': '2021-03-05 00:00:00'}, {'STX_ID': 2345679, 'STORE_NAME': 'Mağaza1', 'PAID_PRICE': 100.3, 'TRX_STATUS': 1, 'STORE_STATUS': 0.0, 'STORE_LIVE_DATE': '2021-03-01 00:00:00', 'SALES_CREATE_DATE': '2021-03-05 00:00:00'}, {'STX_ID': 2345680, 'STORE_NAME': 'Mağaza1', 'PAID_PRICE': 100.3, 'TRX_STATUS': 0, 'STORE_STATUS': 0.0, 'STORE_LIVE_DATE': '2021-03-01 00:00:00', 'SALES_CREATE_DATE': '2021-03-05 00:00:00'}, {'STX_ID': 2345681, 'STORE_NAME': 'Mağaza2', 'PAID_PRICE': 100.3, 'TRX_STATUS': 0, 'STORE_STATUS': 0.0, 'STORE_LIVE_DATE': '2021-03-01 00:00:00', 'SALES_CREATE_DATE': '2021-04-05 00:00:00'}, {'STX_ID': 2345682, 'STORE_NAME': 'Mağaza3', 'PAID_PRICE': 200.3, 'TRX_STATUS': 0, 'STORE_STATUS': 0.0, 'STORE_LIVE_DATE': '2021-03-01 00:00:00', 'SALES_CREATE_DATE': '2021-05-05 00:00:00'}, {'STX_ID': 2345683, 'STORE_NAME': 'Mağaza4', 'PAID_PRICE': 28.3, 'TRX_STATUS': 1, 'STORE_STATUS': 0.0, 'STORE_LIVE_DATE': '2021-03-01 00:00:00', 'SALES_CREATE_DATE': '2021-06-05 00:00:00'}, {'STX_ID': 2345684, 'STORE_NAME': 'Mağaza5', 'PAID_PRICE': 100.3, 'TRX_STATUS': 0, 'STORE_STATUS': 0.0, 'STORE_LIVE_DATE': '2021-04-01 00:00:00', 'SALES_CREATE_DATE': '2021-03-05 00:00:00'}, {'STX_ID': 2345685, 'STORE_NAME': 'Mağaza6', 'PAID_PRICE': 79.3, 'TRX_STATUS': 1, 'STORE_STATUS': 0.0, 'STORE_LIVE_DATE': '2021-04-01 00:00:00', 'SALES_CREATE_DATE': '2021-07-05 00:00:00'}, {'STX_ID': 2345686, 'STORE_NAME': 'Mağaza7', 'PAID_PRICE': 256.3, 'TRX_STATUS': 1, 'STORE_STATUS': 0.0, 'STORE_LIVE_DATE': '2021-04-01 00:00:00', 'SALES_CREATE_DATE': '2021-03-05 00:00:00'}, {'STX_ID': 2345687, 'STORE_NAME': 'Mağaza8', 'PAID_PRICE': 456.3, 'TRX_STATUS': 1, 'STORE_STATUS': 0.0, 'STORE_LIVE_DATE': '2021-04-01 00:00:00', 'SALES_CREATE_DATE': '2021-08-05 00:00:00'}, {'STX_ID': 2345688, 'STORE_NAME': 'Mağaza9', 'PAID_PRICE': 432.3, 'TRX_STATUS': 1, 'STORE_STATUS': 0.0, 'STORE_LIVE_DATE': '2021-05-01 00:00:00', 'SALES_CREATE_DATE': '2021-07-05 00:00:00'}, {'STX_ID': 2345689, 'STORE_NAME': 'Mağaza10', 'PAID_PRICE': 75.3, 'TRX_STATUS': 0, 'STORE_STATUS': 0.0, 'STORE_LIVE_DATE': '2021-05-01 00:00:00', 'SALES_CREATE_DATE': '2021-03-05 00:00:00'}, {'STX_ID': 2345690, 'STORE_NAME': 'Mağaza2', 'PAID_PRICE': 100.3, 'TRX_STATUS': 1, 'STORE_STATUS': 0.0, 'STORE_LIVE_DATE': '2021-05-01 00:00:00', 'SALES_CREATE_DATE': '2021-09-05 00:00:00'}, {'STX_ID': 2345691, 'STORE_NAME': 'Mağaza4', 'PAID_PRICE': 36.3, 'TRX_STATUS': 1, 'STORE_STATUS': 0.0, 'STORE_LIVE_DATE': '2021-05-01 00:00:00', 'SALES_CREATE_DATE': '2021-02-05 00:00:00'}, {'STX_ID': 2345692, 'STORE_NAME': None, 'PAID_PRICE': None, 'TRX_STATUS': 0, 'STORE_STATUS': None, 'STORE_LIVE_DATE': None, 'SALES_CREATE_DATE': None}, {'STX_ID': 2345693, 'STORE_NAME': 'Mağaza1', 'PAID_PRICE': 100.3, 'TRX_STATUS': 1, 'STORE_STATUS': 0.0, 'STORE_LIVE_DATE': '2021-03-01 00:00:00', 'SALES_CREATE_DATE': '2021-03-05 00:00:00'}, {'STX_ID': 2345694, 'STORE_NAME': None, 'PAID_PRICE': None, 'TRX_STATUS': 1, 'STORE_STATUS': None, 'STORE_LIVE_DATE': None, 'SALES_CREATE_DATE': None}, {'STX_ID': 2345695, 'STORE_NAME': None, 'PAID_PRICE': 75.3, 'TRX_STATUS': 1, 'STORE_STATUS': None, 'STORE_LIVE_DATE': None, 'SALES_CREATE_DATE': '2021-03-05 00:00:00'}, {'STX_ID': 2345696, 'STORE_NAME': None, 'PAID_PRICE': None, 'TRX_STATUS': 0, 'STORE_STATUS': None, 'STORE_LIVE_DATE': None, 'SALES_CREATE_DATE': None}, {'STX_ID': 2345697, 'STORE_NAME': None, 'PAID_PRICE': None, 'TRX_STATUS': 0, 'STORE_STATUS': None, 'STORE_LIVE_DATE': None, 'SALES_CREATE_DATE': None}, {'STX_ID': 2345698, 'STORE_NAME': None, 'PAID_PRICE': None, 'TRX_STATUS': 1, 'STORE_STATUS': None, 'STORE_LIVE_DATE': None, 'SALES_CREATE_DATE': None}, {'STX_ID': 2345699, 'STORE_NAME': None, 'PAID_PRICE': 100.3, 'TRX_STATUS': 1, 'STORE_STATUS': None, 'STORE_LIVE_DATE': None, 'SALES_CREATE_DATE': '2021-03-05 00:00:00'}, {'STX_ID': 2345700, 'STORE_NAME': None, 'PAID_PRICE': None, 'TRX_STATUS': 0, 'STORE_STATUS': None, 'STORE_LIVE_DATE': None, 'SALES_CREATE_DATE': None}, {'STX_ID': 2345701, 'STORE_NAME': None, 'PAID_PRICE': 100.3, 'TRX_STATUS': 1, 'STORE_STATUS': None, 'STORE_LIVE_DATE': None, 'SALES_CREATE_DATE': '2021-03-05 00:00:00'}, {'STX_ID': 2345702, 'STORE_NAME': None, 'PAID_PRICE': None, 'TRX_STATUS': 1, 'STORE_STATUS': None, 'STORE_LIVE_DATE': None, 'SALES_CREATE_DATE': None}, {'STX_ID': 2345703, 'STORE_NAME': None, 'PAID_PRICE': None, 'TRX_STATUS': 1, 'STORE_STATUS': None, 'STORE_LIVE_DATE': None, 'SALES_CREATE_DATE': None}, {'STX_ID': 2345704, 'STORE_NAME': None, 'PAID_PRICE': 100.3, 'TRX_STATUS': 0, 'STORE_STATUS': None, 'STORE_LIVE_DATE': None, 'SALES_CREATE_DATE': '2021-03-05 00:00:00'}, {'STX_ID': 2345705, 'STORE_NAME': None, 'PAID_PRICE': None, 'TRX_STATUS': 0, 'STORE_STATUS': None, 'STORE_LIVE_DATE': None, 'SALES_CREATE_DATE': None}, {'STX_ID': 2345706, 'STORE_NAME': None, 'PAID_PRICE': None, 'TRX_STATUS': 0, 'STORE_STATUS': None, 'STORE_LIVE_DATE': None, 'SALES_CREATE_DATE': None}]
[2022-06-20 21:20:15,062] {logging_mixin.py:115} INFO - 5
[2022-06-20 21:20:15,147] {logging_mixin.py:115} INFO - 5
[2022-06-20 21:20:15,178] {logging_mixin.py:115} INFO - 5
[2022-06-20 21:20:15,214] {logging_mixin.py:115} INFO - 5
[2022-06-20 21:20:15,310] {logging_mixin.py:115} INFO - 5
[2022-06-20 21:20:15,356] {logging_mixin.py:115} INFO - 5
[2022-06-20 21:20:15,418] {logging_mixin.py:115} INFO - 5
[2022-06-20 21:20:15,450] {logging_mixin.py:115} INFO - 5
[2022-06-20 21:20:15,473] {logging_mixin.py:115} INFO - 5
[2022-06-20 21:20:15,488] {logging_mixin.py:115} INFO - 5
[2022-06-20 21:20:15,503] {logging_mixin.py:115} INFO - 5
[2022-06-20 21:20:15,509] {logging_mixin.py:115} INFO - 5
[2022-06-20 21:20:15,531] {logging_mixin.py:115} INFO - 5
[2022-06-20 21:20:15,548] {logging_mixin.py:115} INFO - 5
[2022-06-20 21:20:15,556] {logging_mixin.py:115} INFO - 5
[2022-06-20 21:20:15,562] {logging_mixin.py:115} INFO - 5
[2022-06-20 21:20:15,574] {logging_mixin.py:115} INFO - 5
[2022-06-20 21:20:15,593] {logging_mixin.py:115} INFO - 5
[2022-06-20 21:20:15,608] {logging_mixin.py:115} INFO - 5
[2022-06-20 21:20:15,615] {logging_mixin.py:115} INFO - 5
[2022-06-20 21:20:15,622] {logging_mixin.py:115} INFO - 5
[2022-06-20 21:20:15,641] {logging_mixin.py:115} INFO - 5
[2022-06-20 21:20:15,648] {logging_mixin.py:115} INFO - 5
[2022-06-20 21:20:15,661] {logging_mixin.py:115} INFO - 5
[2022-06-20 21:20:15,665] {logging_mixin.py:115} INFO - 5
[2022-06-20 21:20:15,671] {logging_mixin.py:115} INFO - 5
[2022-06-20 21:20:15,676] {logging_mixin.py:115} INFO - 5
[2022-06-20 21:20:15,681] {logging_mixin.py:115} INFO - 5
[2022-06-20 21:20:15,685] {logging_mixin.py:115} INFO - 5
[2022-06-20 21:20:15,843] {logging_mixin.py:115} INFO - [(31, 5, 'magaza', None, None, None, None, None), (32, 5, 'magaza', None, None, None, None, None), (33, 5, 'magaza', None, None, None, None, None), (34, 5, 'magaza', None, None, None, None, None), (35, 5, 'magaza', None, None, None, None, None), (36, 5, 'magaza', None, None, None, None, None), (37, 5, 'magaza', None, None, None, None, None), (38, 5, 'magaza', None, None, None, None, None), (39, 5, 'magaza', None, None, None, None, None), (40, 5, 'magaza', None, None, None, None, None), (41, 5, 'magaza', None, None, None, None, None), (42, 5, 'magaza', None, None, None, None, None), (43, 5, 'magaza', None, None, None, None, None), (44, 5, 'magaza', None, None, None, None, None), (45, 5, 'magaza', None, None, None, None, None), (46, 5, 'magaza', None, None, None, None, None), (47, 5, 'magaza', None, None, None, None, None), (48, 5, 'magaza', None, None, None, None, None), (49, 5, 'magaza', None, None, None, None, None), (50, 5, 'magaza', None, None, None, None, None), (51, 5, 'magaza', None, None, None, None, None), (52, 5, 'magaza', None, None, None, None, None), (53, 5, 'magaza', None, None, None, None, None), (54, 5, 'magaza', None, None, None, None, None), (55, 5, 'magaza', None, None, None, None, None), (56, 5, 'magaza', None, None, None, None, None), (57, 5, 'magaza', None, None, None, None, None), (58, 5, 'magaza', None, None, None, None, None), (59, 5, 'magaza', None, None, None, None, None)]
[2022-06-20 21:20:15,845] {python.py:173} INFO - Done. Returned value was: None
[2022-06-20 21:20:15,949] {taskinstance.py:1400} INFO - Marking task as SUCCESS. dag_id=etl-processing, task_id=load, execution_date=20220620T210000, start_date=20220620T212014, end_date=20220620T212015
[2022-06-20 21:20:16,053] {local_task_job.py:156} INFO - Task exited with return code 0
[2022-06-20 21:20:16,200] {local_task_job.py:273} INFO - 0 downstream tasks scheduled from follow-on schedule check
