[2022-06-17 09:09:29,007] {taskinstance.py:1159} INFO - Dependencies all met for <TaskInstance: example_xcom.bash_pull manual__2022-06-17T09:07:51.879751+00:00 [queued]>
[2022-06-17 09:09:29,587] {taskinstance.py:1159} INFO - Dependencies all met for <TaskInstance: example_xcom.bash_pull manual__2022-06-17T09:07:51.879751+00:00 [queued]>
[2022-06-17 09:09:29,602] {taskinstance.py:1356} INFO - 
--------------------------------------------------------------------------------
[2022-06-17 09:09:29,633] {taskinstance.py:1357} INFO - Starting attempt 1 of 1
[2022-06-17 09:09:29,711] {taskinstance.py:1358} INFO - 
--------------------------------------------------------------------------------
[2022-06-17 09:09:30,437] {taskinstance.py:1377} INFO - Executing <Task(BashOperator): bash_pull> on 2022-06-17 09:07:51.879751+00:00
[2022-06-17 09:09:30,660] {standard_task_runner.py:79} INFO - Running: ['***', 'tasks', 'run', 'example_xcom', 'bash_pull', 'manual__2022-06-17T09:07:51.879751+00:00', '--job-id', '522', '--raw', '--subdir', '/home/***/.local/lib/python3.7/site-packages/***/example_dags/example_xcom.py', '--cfg-path', '/tmp/tmpsds_8vil', '--error-file', '/tmp/tmpslu0o3hf']
[2022-06-17 09:09:30,723] {standard_task_runner.py:80} INFO - Job 522: Subtask bash_pull
[2022-06-17 09:09:30,578] {standard_task_runner.py:52} INFO - Started process 3261 to run task
[2022-06-17 09:09:32,898] {task_command.py:370} INFO - Running <TaskInstance: example_xcom.bash_pull manual__2022-06-17T09:07:51.879751+00:00 [running]> on host fe209149cfc1
[2022-06-17 09:10:11,521] {taskinstance.py:1571} INFO - Exporting the following env vars:
AIRFLOW_CTX_DAG_OWNER=***
AIRFLOW_CTX_DAG_ID=example_xcom
AIRFLOW_CTX_TASK_ID=bash_pull
AIRFLOW_CTX_EXECUTION_DATE=2022-06-17T09:07:51.879751+00:00
AIRFLOW_CTX_TRY_NUMBER=1
AIRFLOW_CTX_DAG_RUN_ID=manual__2022-06-17T09:07:51.879751+00:00
[2022-06-17 09:10:11,561] {subprocess.py:62} INFO - Tmp dir root location: 
 /tmp
[2022-06-17 09:10:11,577] {subprocess.py:74} INFO - Running command: ['bash', '-c', 'echo "bash pull demo" && echo "The xcom pushed manually is manually_pushed_value" && echo "The returned_value xcom is value_by_return" && echo "finished"']
[2022-06-17 09:10:11,679] {subprocess.py:85} INFO - Output:
[2022-06-17 09:10:11,702] {subprocess.py:92} INFO - bash pull demo
[2022-06-17 09:10:11,708] {subprocess.py:92} INFO - The xcom pushed manually is manually_pushed_value
[2022-06-17 09:10:11,712] {subprocess.py:92} INFO - The returned_value xcom is value_by_return
[2022-06-17 09:10:11,720] {subprocess.py:92} INFO - finished
[2022-06-17 09:10:11,726] {subprocess.py:96} INFO - Command exited with return code 0
[2022-06-17 09:10:11,961] {taskinstance.py:1400} INFO - Marking task as SUCCESS. dag_id=example_xcom, task_id=bash_pull, execution_date=20220617T090751, start_date=20220617T090929, end_date=20220617T091011
[2022-06-17 09:10:12,216] {local_task_job.py:156} INFO - Task exited with return code 0
[2022-06-17 09:10:12,754] {local_task_job.py:273} INFO - 0 downstream tasks scheduled from follow-on schedule check
