[2022-06-17 20:34:19,080] {taskinstance.py:1159} INFO - Dependencies all met for <TaskInstance: e-t-l.load manual__2022-06-17T20:33:29.251757+00:00 [queued]>
[2022-06-17 20:34:19,294] {taskinstance.py:1159} INFO - Dependencies all met for <TaskInstance: e-t-l.load manual__2022-06-17T20:33:29.251757+00:00 [queued]>
[2022-06-17 20:34:19,327] {taskinstance.py:1356} INFO - 
--------------------------------------------------------------------------------
[2022-06-17 20:34:19,355] {taskinstance.py:1357} INFO - Starting attempt 1 of 1
[2022-06-17 20:34:19,397] {taskinstance.py:1358} INFO - 
--------------------------------------------------------------------------------
[2022-06-17 20:34:19,867] {taskinstance.py:1377} INFO - Executing <Task(PythonOperator): load> on 2022-06-17 20:33:29.251757+00:00
[2022-06-17 20:34:19,898] {standard_task_runner.py:52} INFO - Started process 21392 to run task
[2022-06-17 20:34:19,908] {standard_task_runner.py:79} INFO - Running: ['***', 'tasks', 'run', 'e-t-l', 'load', 'manual__2022-06-17T20:33:29.251757+00:00', '--job-id', '602', '--raw', '--subdir', 'DAGS_FOLDER/new-new.py', '--cfg-path', '/tmp/tmpz56ju2_g', '--error-file', '/tmp/tmp5si4jgn5']
[2022-06-17 20:34:19,941] {standard_task_runner.py:80} INFO - Job 602: Subtask load
[2022-06-17 20:34:20,649] {task_command.py:370} INFO - Running <TaskInstance: e-t-l.load manual__2022-06-17T20:33:29.251757+00:00 [running]> on host fe209149cfc1
[2022-06-17 20:34:21,527] {taskinstance.py:1571} INFO - Exporting the following env vars:
AIRFLOW_CTX_DAG_OWNER=***
AIRFLOW_CTX_DAG_ID=e-t-l
AIRFLOW_CTX_TASK_ID=load
AIRFLOW_CTX_EXECUTION_DATE=2022-06-17T20:33:29.251757+00:00
AIRFLOW_CTX_TRY_NUMBER=1
AIRFLOW_CTX_DAG_RUN_ID=manual__2022-06-17T20:33:29.251757+00:00
[2022-06-17 20:34:21,703] {base.py:68} INFO - Using connection ID 'postgres_conn' for task execution.
[2022-06-17 20:34:21,741] {logging_mixin.py:115} INFO - [{'STX_ID': 2345678, 'STORE_NAME': 'Mağaza1', 'PAID_PRICE': 100.3, 'TRX_STATUS': 1, 'STORE_STATUS': 0.0, 'STORE_LIVE_DATE': '2021-03-01 00:00:00', 'SALES_CREATE_DATE': '2021-03-05 00:00:00'}, {'STX_ID': 2345679, 'STORE_NAME': 'Mağaza1', 'PAID_PRICE': 100.3, 'TRX_STATUS': 1, 'STORE_STATUS': 0.0, 'STORE_LIVE_DATE': '2021-03-01 00:00:00', 'SALES_CREATE_DATE': '2021-03-05 00:00:00'}, {'STX_ID': 2345680, 'STORE_NAME': 'Mağaza1', 'PAID_PRICE': 100.3, 'TRX_STATUS': 0, 'STORE_STATUS': 0.0, 'STORE_LIVE_DATE': '2021-03-01 00:00:00', 'SALES_CREATE_DATE': '2021-03-05 00:00:00'}, {'STX_ID': 2345681, 'STORE_NAME': 'Mağaza2', 'PAID_PRICE': 100.3, 'TRX_STATUS': 0, 'STORE_STATUS': 0.0, 'STORE_LIVE_DATE': '2021-03-01 00:00:00', 'SALES_CREATE_DATE': '2021-04-05 00:00:00'}, {'STX_ID': 2345682, 'STORE_NAME': 'Mağaza3', 'PAID_PRICE': 200.3, 'TRX_STATUS': 0, 'STORE_STATUS': 0.0, 'STORE_LIVE_DATE': '2021-03-01 00:00:00', 'SALES_CREATE_DATE': '2021-05-05 00:00:00'}, {'STX_ID': 2345683, 'STORE_NAME': 'Mağaza4', 'PAID_PRICE': 28.3, 'TRX_STATUS': 1, 'STORE_STATUS': 0.0, 'STORE_LIVE_DATE': '2021-03-01 00:00:00', 'SALES_CREATE_DATE': '2021-06-05 00:00:00'}, {'STX_ID': 2345684, 'STORE_NAME': 'Mağaza5', 'PAID_PRICE': 100.3, 'TRX_STATUS': 0, 'STORE_STATUS': 0.0, 'STORE_LIVE_DATE': '2021-04-01 00:00:00', 'SALES_CREATE_DATE': '2021-03-05 00:00:00'}, {'STX_ID': 2345685, 'STORE_NAME': 'Mağaza6', 'PAID_PRICE': 79.3, 'TRX_STATUS': 1, 'STORE_STATUS': 0.0, 'STORE_LIVE_DATE': '2021-04-01 00:00:00', 'SALES_CREATE_DATE': '2021-07-05 00:00:00'}, {'STX_ID': 2345686, 'STORE_NAME': 'Mağaza7', 'PAID_PRICE': 256.3, 'TRX_STATUS': 1, 'STORE_STATUS': 0.0, 'STORE_LIVE_DATE': '2021-04-01 00:00:00', 'SALES_CREATE_DATE': '2021-03-05 00:00:00'}, {'STX_ID': 2345687, 'STORE_NAME': 'Mağaza8', 'PAID_PRICE': 456.3, 'TRX_STATUS': 1, 'STORE_STATUS': 0.0, 'STORE_LIVE_DATE': '2021-04-01 00:00:00', 'SALES_CREATE_DATE': '2021-08-05 00:00:00'}, {'STX_ID': 2345688, 'STORE_NAME': 'Mağaza9', 'PAID_PRICE': 432.3, 'TRX_STATUS': 1, 'STORE_STATUS': 0.0, 'STORE_LIVE_DATE': '2021-05-01 00:00:00', 'SALES_CREATE_DATE': '2021-07-05 00:00:00'}, {'STX_ID': 2345689, 'STORE_NAME': 'Mağaza10', 'PAID_PRICE': 75.3, 'TRX_STATUS': 0, 'STORE_STATUS': 0.0, 'STORE_LIVE_DATE': '2021-05-01 00:00:00', 'SALES_CREATE_DATE': '2021-03-05 00:00:00'}, {'STX_ID': 2345690, 'STORE_NAME': 'Mağaza2', 'PAID_PRICE': 100.3, 'TRX_STATUS': 1, 'STORE_STATUS': 0.0, 'STORE_LIVE_DATE': '2021-05-01 00:00:00', 'SALES_CREATE_DATE': '2021-09-05 00:00:00'}, {'STX_ID': 2345691, 'STORE_NAME': 'Mağaza4', 'PAID_PRICE': 36.3, 'TRX_STATUS': 1, 'STORE_STATUS': 0.0, 'STORE_LIVE_DATE': '2021-05-01 00:00:00', 'SALES_CREATE_DATE': '2021-02-05 00:00:00'}, {'STX_ID': 2345692, 'STORE_NAME': 'NULL', 'PAID_PRICE': nan, 'TRX_STATUS': 0, 'STORE_STATUS': nan, 'STORE_LIVE_DATE': 'NULL', 'SALES_CREATE_DATE': 'NULL'}, {'STX_ID': 2345693, 'STORE_NAME': 'Mağaza1', 'PAID_PRICE': 100.3, 'TRX_STATUS': 1, 'STORE_STATUS': 0.0, 'STORE_LIVE_DATE': '2021-03-01 00:00:00', 'SALES_CREATE_DATE': '2021-03-05 00:00:00'}, {'STX_ID': 2345694, 'STORE_NAME': 'NULL', 'PAID_PRICE': nan, 'TRX_STATUS': 1, 'STORE_STATUS': nan, 'STORE_LIVE_DATE': 'NULL', 'SALES_CREATE_DATE': 'NULL'}, {'STX_ID': 2345695, 'STORE_NAME': 'NULL', 'PAID_PRICE': 75.3, 'TRX_STATUS': 1, 'STORE_STATUS': nan, 'STORE_LIVE_DATE': 'NULL', 'SALES_CREATE_DATE': '2021-03-05 00:00:00'}, {'STX_ID': 2345696, 'STORE_NAME': 'NULL', 'PAID_PRICE': nan, 'TRX_STATUS': 0, 'STORE_STATUS': nan, 'STORE_LIVE_DATE': 'NULL', 'SALES_CREATE_DATE': 'NULL'}, {'STX_ID': 2345697, 'STORE_NAME': 'NULL', 'PAID_PRICE': nan, 'TRX_STATUS': 0, 'STORE_STATUS': nan, 'STORE_LIVE_DATE': 'NULL', 'SALES_CREATE_DATE': 'NULL'}, {'STX_ID': 2345698, 'STORE_NAME': 'NULL', 'PAID_PRICE': nan, 'TRX_STATUS': 1, 'STORE_STATUS': nan, 'STORE_LIVE_DATE': 'NULL', 'SALES_CREATE_DATE': 'NULL'}, {'STX_ID': 2345699, 'STORE_NAME': 'NULL', 'PAID_PRICE': 100.3, 'TRX_STATUS': 1, 'STORE_STATUS': nan, 'STORE_LIVE_DATE': 'NULL', 'SALES_CREATE_DATE': '2021-03-05 00:00:00'}, {'STX_ID': 2345700, 'STORE_NAME': 'NULL', 'PAID_PRICE': nan, 'TRX_STATUS': 0, 'STORE_STATUS': nan, 'STORE_LIVE_DATE': 'NULL', 'SALES_CREATE_DATE': 'NULL'}, {'STX_ID': 2345701, 'STORE_NAME': 'NULL', 'PAID_PRICE': 100.3, 'TRX_STATUS': 1, 'STORE_STATUS': nan, 'STORE_LIVE_DATE': 'NULL', 'SALES_CREATE_DATE': '2021-03-05 00:00:00'}, {'STX_ID': 2345702, 'STORE_NAME': 'NULL', 'PAID_PRICE': nan, 'TRX_STATUS': 1, 'STORE_STATUS': nan, 'STORE_LIVE_DATE': 'NULL', 'SALES_CREATE_DATE': 'NULL'}, {'STX_ID': 2345703, 'STORE_NAME': 'NULL', 'PAID_PRICE': nan, 'TRX_STATUS': 1, 'STORE_STATUS': nan, 'STORE_LIVE_DATE': 'NULL', 'SALES_CREATE_DATE': 'NULL'}, {'STX_ID': 2345704, 'STORE_NAME': 'NULL', 'PAID_PRICE': 100.3, 'TRX_STATUS': 0, 'STORE_STATUS': nan, 'STORE_LIVE_DATE': 'NULL', 'SALES_CREATE_DATE': '2021-03-05 00:00:00'}, {'STX_ID': 2345705, 'STORE_NAME': 'NULL', 'PAID_PRICE': nan, 'TRX_STATUS': 0, 'STORE_STATUS': nan, 'STORE_LIVE_DATE': 'NULL', 'SALES_CREATE_DATE': 'NULL'}, {'STX_ID': 2345706, 'STORE_NAME': 'NULL', 'PAID_PRICE': nan, 'TRX_STATUS': 0, 'STORE_STATUS': nan, 'STORE_LIVE_DATE': 'NULL', 'SALES_CREATE_DATE': 'NULL'}]
[2022-06-17 20:34:21,758] {logging_mixin.py:115} INFO - INSERT INTO  Store_Sales (STX_ID,STORE_NAME,PAID_PRICE,TRX_STATUS,STORE_STATUS,STORE_LIVE_DATE,SALES_CREATE_DATE) VALUES (2345678,Mağaza1,100.3,1,0.0,2021-03-01 00:00:00,2021-03-05 00:00:00)
[2022-06-17 20:34:21,812] {logging_mixin.py:115} INFO - INSERT INTO  Store_Sales (STX_ID,STORE_NAME,PAID_PRICE,TRX_STATUS,STORE_STATUS,STORE_LIVE_DATE,SALES_CREATE_DATE) VALUES (2345679,Mağaza1,100.3,1,0.0,2021-03-01 00:00:00,2021-03-05 00:00:00)
[2022-06-17 20:34:21,830] {logging_mixin.py:115} INFO - INSERT INTO  Store_Sales (STX_ID,STORE_NAME,PAID_PRICE,TRX_STATUS,STORE_STATUS,STORE_LIVE_DATE,SALES_CREATE_DATE) VALUES (2345680,Mağaza1,100.3,0,0.0,2021-03-01 00:00:00,2021-03-05 00:00:00)
[2022-06-17 20:34:21,838] {logging_mixin.py:115} INFO - INSERT INTO  Store_Sales (STX_ID,STORE_NAME,PAID_PRICE,TRX_STATUS,STORE_STATUS,STORE_LIVE_DATE,SALES_CREATE_DATE) VALUES (2345681,Mağaza2,100.3,0,0.0,2021-03-01 00:00:00,2021-04-05 00:00:00)
[2022-06-17 20:34:21,856] {logging_mixin.py:115} INFO - INSERT INTO  Store_Sales (STX_ID,STORE_NAME,PAID_PRICE,TRX_STATUS,STORE_STATUS,STORE_LIVE_DATE,SALES_CREATE_DATE) VALUES (2345682,Mağaza3,200.3,0,0.0,2021-03-01 00:00:00,2021-05-05 00:00:00)
[2022-06-17 20:34:21,866] {logging_mixin.py:115} INFO - INSERT INTO  Store_Sales (STX_ID,STORE_NAME,PAID_PRICE,TRX_STATUS,STORE_STATUS,STORE_LIVE_DATE,SALES_CREATE_DATE) VALUES (2345683,Mağaza4,28.3,1,0.0,2021-03-01 00:00:00,2021-06-05 00:00:00)
[2022-06-17 20:34:21,900] {logging_mixin.py:115} INFO - INSERT INTO  Store_Sales (STX_ID,STORE_NAME,PAID_PRICE,TRX_STATUS,STORE_STATUS,STORE_LIVE_DATE,SALES_CREATE_DATE) VALUES (2345684,Mağaza5,100.3,0,0.0,2021-04-01 00:00:00,2021-03-05 00:00:00)
[2022-06-17 20:34:21,920] {logging_mixin.py:115} INFO - INSERT INTO  Store_Sales (STX_ID,STORE_NAME,PAID_PRICE,TRX_STATUS,STORE_STATUS,STORE_LIVE_DATE,SALES_CREATE_DATE) VALUES (2345685,Mağaza6,79.3,1,0.0,2021-04-01 00:00:00,2021-07-05 00:00:00)
[2022-06-17 20:34:21,953] {logging_mixin.py:115} INFO - INSERT INTO  Store_Sales (STX_ID,STORE_NAME,PAID_PRICE,TRX_STATUS,STORE_STATUS,STORE_LIVE_DATE,SALES_CREATE_DATE) VALUES (2345686,Mağaza7,256.3,1,0.0,2021-04-01 00:00:00,2021-03-05 00:00:00)
[2022-06-17 20:34:21,961] {logging_mixin.py:115} INFO - INSERT INTO  Store_Sales (STX_ID,STORE_NAME,PAID_PRICE,TRX_STATUS,STORE_STATUS,STORE_LIVE_DATE,SALES_CREATE_DATE) VALUES (2345687,Mağaza8,456.3,1,0.0,2021-04-01 00:00:00,2021-08-05 00:00:00)
[2022-06-17 20:34:21,995] {logging_mixin.py:115} INFO - INSERT INTO  Store_Sales (STX_ID,STORE_NAME,PAID_PRICE,TRX_STATUS,STORE_STATUS,STORE_LIVE_DATE,SALES_CREATE_DATE) VALUES (2345688,Mağaza9,432.3,1,0.0,2021-05-01 00:00:00,2021-07-05 00:00:00)
[2022-06-17 20:34:22,034] {logging_mixin.py:115} INFO - INSERT INTO  Store_Sales (STX_ID,STORE_NAME,PAID_PRICE,TRX_STATUS,STORE_STATUS,STORE_LIVE_DATE,SALES_CREATE_DATE) VALUES (2345689,Mağaza10,75.3,0,0.0,2021-05-01 00:00:00,2021-03-05 00:00:00)
[2022-06-17 20:34:22,067] {logging_mixin.py:115} INFO - INSERT INTO  Store_Sales (STX_ID,STORE_NAME,PAID_PRICE,TRX_STATUS,STORE_STATUS,STORE_LIVE_DATE,SALES_CREATE_DATE) VALUES (2345690,Mağaza2,100.3,1,0.0,2021-05-01 00:00:00,2021-09-05 00:00:00)
[2022-06-17 20:34:22,085] {logging_mixin.py:115} INFO - INSERT INTO  Store_Sales (STX_ID,STORE_NAME,PAID_PRICE,TRX_STATUS,STORE_STATUS,STORE_LIVE_DATE,SALES_CREATE_DATE) VALUES (2345691,Mağaza4,36.3,1,0.0,2021-05-01 00:00:00,2021-02-05 00:00:00)
[2022-06-17 20:34:22,131] {logging_mixin.py:115} INFO - INSERT INTO  Store_Sales (STX_ID,STORE_NAME,PAID_PRICE,TRX_STATUS,STORE_STATUS,STORE_LIVE_DATE,SALES_CREATE_DATE) VALUES (2345692,NULL,nan,0,nan,NULL,NULL)
[2022-06-17 20:34:22,184] {taskinstance.py:1889} ERROR - Task failed with exception
Traceback (most recent call last):
  File "/home/airflow/.local/lib/python3.7/site-packages/airflow/operators/python.py", line 171, in execute
    return_value = self.execute_callable()
  File "/home/airflow/.local/lib/python3.7/site-packages/airflow/operators/python.py", line 189, in execute_callable
    return self.python_callable(*self.op_args, **self.op_kwargs)
  File "/opt/airflow/dags/new-new.py", line 74, in load_data
    target_db_cursor.execute(sql, tuple(i.values()))
psycopg2.errors.InvalidDatetimeFormat: invalid input syntax for type timestamp: "NULL"
LINE 1: ...ALUES (2345692,'NULL','NaN'::float,0,'NaN'::float,'NULL','NU...
                                                             ^

[2022-06-17 20:34:22,316] {taskinstance.py:1400} INFO - Marking task as FAILED. dag_id=e-t-l, task_id=load, execution_date=20220617T203329, start_date=20220617T203419, end_date=20220617T203422
[2022-06-17 20:34:22,405] {standard_task_runner.py:97} ERROR - Failed to execute job 602 for task load (invalid input syntax for type timestamp: "NULL"
LINE 1: ...ALUES (2345692,'NULL','NaN'::float,0,'NaN'::float,'NULL','NU...
                                                             ^
; 21392)
[2022-06-17 20:34:22,467] {local_task_job.py:156} INFO - Task exited with return code 1
[2022-06-17 20:34:22,696] {local_task_job.py:273} INFO - 0 downstream tasks scheduled from follow-on schedule check
