[2022-06-17 09:08:32,199] {taskinstance.py:1159} INFO - Dependencies all met for <TaskInstance: example_xcom.push_by_returning scheduled__2021-01-01T00:00:00+00:00 [queued]>
[2022-06-17 09:08:32,246] {taskinstance.py:1159} INFO - Dependencies all met for <TaskInstance: example_xcom.push_by_returning scheduled__2021-01-01T00:00:00+00:00 [queued]>
[2022-06-17 09:08:33,117] {taskinstance.py:1356} INFO - 
--------------------------------------------------------------------------------
[2022-06-17 09:08:34,505] {taskinstance.py:1357} INFO - Starting attempt 1 of 1
[2022-06-17 09:08:34,632] {taskinstance.py:1358} INFO - 
--------------------------------------------------------------------------------
[2022-06-17 09:08:34,786] {taskinstance.py:1377} INFO - Executing <Task(_PythonDecoratedOperator): push_by_returning> on 2021-01-01 00:00:00+00:00
[2022-06-17 09:08:34,851] {standard_task_runner.py:52} INFO - Started process 3220 to run task
[2022-06-17 09:08:34,865] {standard_task_runner.py:79} INFO - Running: ['***', 'tasks', 'run', 'example_xcom', 'push_by_returning', 'scheduled__2021-01-01T00:00:00+00:00', '--job-id', '513', '--raw', '--subdir', '/home/***/.local/lib/python3.7/site-packages/***/example_dags/example_xcom.py', '--cfg-path', '/tmp/tmpzjbjm4be', '--error-file', '/tmp/tmpil4y5hko']
[2022-06-17 09:08:34,886] {standard_task_runner.py:80} INFO - Job 513: Subtask push_by_returning
[2022-06-17 09:08:35,522] {task_command.py:370} INFO - Running <TaskInstance: example_xcom.push_by_returning scheduled__2021-01-01T00:00:00+00:00 [running]> on host fe209149cfc1
[2022-06-17 09:08:37,542] {taskinstance.py:1571} INFO - Exporting the following env vars:
AIRFLOW_CTX_DAG_OWNER=***
AIRFLOW_CTX_DAG_ID=example_xcom
AIRFLOW_CTX_TASK_ID=push_by_returning
AIRFLOW_CTX_EXECUTION_DATE=2021-01-01T00:00:00+00:00
AIRFLOW_CTX_TRY_NUMBER=1
AIRFLOW_CTX_DAG_RUN_ID=scheduled__2021-01-01T00:00:00+00:00
[2022-06-17 09:08:37,780] {python.py:173} INFO - Done. Returned value was: {'a': 'b'}
[2022-06-17 09:08:41,259] {taskinstance.py:1400} INFO - Marking task as SUCCESS. dag_id=example_xcom, task_id=push_by_returning, execution_date=20210101T000000, start_date=20220617T090832, end_date=20220617T090841
[2022-06-17 09:08:41,777] {local_task_job.py:156} INFO - Task exited with return code 0
[2022-06-17 09:08:42,512] {local_task_job.py:273} INFO - 0 downstream tasks scheduled from follow-on schedule check
