[2022-06-20 21:37:41,466] {taskinstance.py:1159} INFO - Dependencies all met for <TaskInstance: etl-processing.transform manual__2022-06-20T21:37:23.736294+00:00 [queued]>
[2022-06-20 21:37:41,521] {taskinstance.py:1159} INFO - Dependencies all met for <TaskInstance: etl-processing.transform manual__2022-06-20T21:37:23.736294+00:00 [queued]>
[2022-06-20 21:37:41,532] {taskinstance.py:1356} INFO - 
--------------------------------------------------------------------------------
[2022-06-20 21:37:41,547] {taskinstance.py:1357} INFO - Starting attempt 1 of 1
[2022-06-20 21:37:41,548] {taskinstance.py:1358} INFO - 
--------------------------------------------------------------------------------
[2022-06-20 21:37:41,678] {taskinstance.py:1377} INFO - Executing <Task(PythonOperator): transform> on 2022-06-20 21:37:23.736294+00:00
[2022-06-20 21:37:41,686] {standard_task_runner.py:52} INFO - Started process 5894 to run task
[2022-06-20 21:37:41,694] {standard_task_runner.py:79} INFO - Running: ['***', 'tasks', 'run', 'etl-processing', 'transform', 'manual__2022-06-20T21:37:23.736294+00:00', '--job-id', '724', '--raw', '--subdir', 'DAGS_FOLDER/etl_processing.py', '--cfg-path', '/tmp/tmprr_chbzp', '--error-file', '/tmp/tmph9lvof34']
[2022-06-20 21:37:41,698] {standard_task_runner.py:80} INFO - Job 724: Subtask transform
[2022-06-20 21:37:41,925] {task_command.py:370} INFO - Running <TaskInstance: etl-processing.transform manual__2022-06-20T21:37:23.736294+00:00 [running]> on host fe209149cfc1
[2022-06-20 21:37:42,483] {taskinstance.py:1571} INFO - Exporting the following env vars:
AIRFLOW_CTX_DAG_OWNER=***
AIRFLOW_CTX_DAG_ID=etl-processing
AIRFLOW_CTX_TASK_ID=transform
AIRFLOW_CTX_EXECUTION_DATE=2022-06-20T21:37:23.736294+00:00
AIRFLOW_CTX_TRY_NUMBER=1
AIRFLOW_CTX_DAG_RUN_ID=manual__2022-06-20T21:37:23.736294+00:00
[2022-06-20 21:37:42,944] {python.py:173} INFO - Done. Returned value was: None
[2022-06-20 21:37:43,271] {taskinstance.py:1400} INFO - Marking task as SUCCESS. dag_id=etl-processing, task_id=transform, execution_date=20220620T213723, start_date=20220620T213741, end_date=20220620T213743
[2022-06-20 21:37:43,463] {local_task_job.py:156} INFO - Task exited with return code 0
[2022-06-20 21:37:43,877] {local_task_job.py:273} INFO - 1 downstream tasks scheduled from follow-on schedule check
