[2022-06-20 18:47:12,940] {taskinstance.py:1159} INFO - Dependencies all met for <TaskInstance: etl-processing.transform scheduled__2022-06-20T18:20:00+00:00 [queued]>
[2022-06-20 18:47:13,080] {taskinstance.py:1159} INFO - Dependencies all met for <TaskInstance: etl-processing.transform scheduled__2022-06-20T18:20:00+00:00 [queued]>
[2022-06-20 18:47:13,129] {taskinstance.py:1356} INFO - 
--------------------------------------------------------------------------------
[2022-06-20 18:47:13,211] {taskinstance.py:1357} INFO - Starting attempt 1 of 1
[2022-06-20 18:47:13,238] {taskinstance.py:1358} INFO - 
--------------------------------------------------------------------------------
[2022-06-20 18:47:13,873] {taskinstance.py:1377} INFO - Executing <Task(PythonOperator): transform> on 2022-06-20 18:20:00+00:00
[2022-06-20 18:47:14,103] {standard_task_runner.py:52} INFO - Started process 135 to run task
[2022-06-20 18:47:14,146] {standard_task_runner.py:79} INFO - Running: ['***', 'tasks', 'run', 'etl-processing', 'transform', 'scheduled__2022-06-20T18:20:00+00:00', '--job-id', '658', '--raw', '--subdir', 'DAGS_FOLDER/etl_processing.py', '--cfg-path', '/tmp/tmpdibq2685', '--error-file', '/tmp/tmpz6jhchd4']
[2022-06-20 18:47:14,221] {standard_task_runner.py:80} INFO - Job 658: Subtask transform
[2022-06-20 18:47:15,123] {task_command.py:370} INFO - Running <TaskInstance: etl-processing.transform scheduled__2022-06-20T18:20:00+00:00 [running]> on host fe209149cfc1
[2022-06-20 18:47:16,058] {taskinstance.py:1571} INFO - Exporting the following env vars:
AIRFLOW_CTX_DAG_OWNER=***
AIRFLOW_CTX_DAG_ID=etl-processing
AIRFLOW_CTX_TASK_ID=transform
AIRFLOW_CTX_EXECUTION_DATE=2022-06-20T18:20:00+00:00
AIRFLOW_CTX_TRY_NUMBER=1
AIRFLOW_CTX_DAG_RUN_ID=scheduled__2022-06-20T18:20:00+00:00
[2022-06-20 18:47:16,413] {python.py:173} INFO - Done. Returned value was: None
[2022-06-20 18:47:16,503] {taskinstance.py:1400} INFO - Marking task as SUCCESS. dag_id=etl-processing, task_id=transform, execution_date=20220620T182000, start_date=20220620T184712, end_date=20220620T184716
[2022-06-20 18:47:16,707] {local_task_job.py:156} INFO - Task exited with return code 0
[2022-06-20 18:47:17,058] {local_task_job.py:273} INFO - 1 downstream tasks scheduled from follow-on schedule check
