[2022-06-17 09:09:03,134] {taskinstance.py:1159} INFO - Dependencies all met for <TaskInstance: example_xcom.pull_value_from_bash_push scheduled__2021-01-01T00:00:00+00:00 [queued]>
[2022-06-17 09:09:03,369] {taskinstance.py:1159} INFO - Dependencies all met for <TaskInstance: example_xcom.pull_value_from_bash_push scheduled__2021-01-01T00:00:00+00:00 [queued]>
[2022-06-17 09:09:03,385] {taskinstance.py:1356} INFO - 
--------------------------------------------------------------------------------
[2022-06-17 09:09:03,400] {taskinstance.py:1357} INFO - Starting attempt 1 of 1
[2022-06-17 09:09:03,417] {taskinstance.py:1358} INFO - 
--------------------------------------------------------------------------------
[2022-06-17 09:09:08,883] {taskinstance.py:1377} INFO - Executing <Task(_PythonDecoratedOperator): pull_value_from_bash_push> on 2021-01-01 00:00:00+00:00
[2022-06-17 09:09:09,531] {standard_task_runner.py:79} INFO - Running: ['***', 'tasks', 'run', 'example_xcom', 'pull_value_from_bash_push', 'scheduled__2021-01-01T00:00:00+00:00', '--job-id', '518', '--raw', '--subdir', '/home/***/.local/lib/python3.7/site-packages/***/example_dags/example_xcom.py', '--cfg-path', '/tmp/tmphlmse7nl', '--error-file', '/tmp/tmpdy8qff9h']
[2022-06-17 09:09:10,698] {standard_task_runner.py:80} INFO - Job 518: Subtask pull_value_from_bash_push
[2022-06-17 09:09:09,424] {standard_task_runner.py:52} INFO - Started process 3247 to run task
[2022-06-17 09:09:13,826] {task_command.py:370} INFO - Running <TaskInstance: example_xcom.pull_value_from_bash_push scheduled__2021-01-01T00:00:00+00:00 [running]> on host fe209149cfc1
[2022-06-17 09:09:17,793] {taskinstance.py:1571} INFO - Exporting the following env vars:
AIRFLOW_CTX_DAG_OWNER=***
AIRFLOW_CTX_DAG_ID=example_xcom
AIRFLOW_CTX_TASK_ID=pull_value_from_bash_push
AIRFLOW_CTX_EXECUTION_DATE=2021-01-01T00:00:00+00:00
AIRFLOW_CTX_TRY_NUMBER=1
AIRFLOW_CTX_DAG_RUN_ID=scheduled__2021-01-01T00:00:00+00:00
[2022-06-17 09:09:18,563] {logging_mixin.py:115} INFO - The xcom value pushed by task push via return value is value_by_return
[2022-06-17 09:09:18,616] {logging_mixin.py:115} INFO - The xcom value pushed by task push manually is manually_pushed_value
[2022-06-17 09:09:18,664] {python.py:173} INFO - Done. Returned value was: None
[2022-06-17 09:09:19,343] {taskinstance.py:1400} INFO - Marking task as SUCCESS. dag_id=example_xcom, task_id=pull_value_from_bash_push, execution_date=20210101T000000, start_date=20220617T090903, end_date=20220617T090919
[2022-06-17 09:09:20,053] {local_task_job.py:156} INFO - Task exited with return code 0
[2022-06-17 09:09:22,229] {local_task_job.py:273} INFO - 0 downstream tasks scheduled from follow-on schedule check
