[2022-06-17 20:19:09,583] {taskinstance.py:1159} INFO - Dependencies all met for <TaskInstance: e-t-l.transform manual__2022-06-17T20:18:44.736547+00:00 [queued]>
[2022-06-17 20:19:09,625] {taskinstance.py:1159} INFO - Dependencies all met for <TaskInstance: e-t-l.transform manual__2022-06-17T20:18:44.736547+00:00 [queued]>
[2022-06-17 20:19:09,626] {taskinstance.py:1356} INFO - 
--------------------------------------------------------------------------------
[2022-06-17 20:19:09,627] {taskinstance.py:1357} INFO - Starting attempt 1 of 1
[2022-06-17 20:19:09,628] {taskinstance.py:1358} INFO - 
--------------------------------------------------------------------------------
[2022-06-17 20:19:09,701] {taskinstance.py:1377} INFO - Executing <Task(PythonOperator): transform> on 2022-06-17 20:18:44.736547+00:00
[2022-06-17 20:19:09,724] {standard_task_runner.py:52} INFO - Started process 20923 to run task
[2022-06-17 20:19:09,730] {standard_task_runner.py:79} INFO - Running: ['***', 'tasks', 'run', 'e-t-l', 'transform', 'manual__2022-06-17T20:18:44.736547+00:00', '--job-id', '592', '--raw', '--subdir', 'DAGS_FOLDER/new-new.py', '--cfg-path', '/tmp/tmpm25x8qxd', '--error-file', '/tmp/tmp3tu4ybzf']
[2022-06-17 20:19:09,733] {standard_task_runner.py:80} INFO - Job 592: Subtask transform
[2022-06-17 20:19:09,855] {task_command.py:370} INFO - Running <TaskInstance: e-t-l.transform manual__2022-06-17T20:18:44.736547+00:00 [running]> on host fe209149cfc1
[2022-06-17 20:19:10,002] {taskinstance.py:1571} INFO - Exporting the following env vars:
AIRFLOW_CTX_DAG_OWNER=***
AIRFLOW_CTX_DAG_ID=e-t-l
AIRFLOW_CTX_TASK_ID=transform
AIRFLOW_CTX_EXECUTION_DATE=2022-06-17T20:18:44.736547+00:00
AIRFLOW_CTX_TRY_NUMBER=1
AIRFLOW_CTX_DAG_RUN_ID=manual__2022-06-17T20:18:44.736547+00:00
[2022-06-17 20:19:10,022] {taskinstance.py:1889} ERROR - Task failed with exception
Traceback (most recent call last):
  File "/home/airflow/.local/lib/python3.7/site-packages/airflow/operators/python.py", line 171, in execute
    return_value = self.execute_callable()
  File "/home/airflow/.local/lib/python3.7/site-packages/airflow/operators/python.py", line 189, in execute_callable
    return self.python_callable(*self.op_args, **self.op_kwargs)
  File "/opt/airflow/dags/new-new.py", line 36, in transform_data
    for key, value in source_db_store_result.items():
AttributeError: 'list' object has no attribute 'items'
[2022-06-17 20:19:10,038] {taskinstance.py:1400} INFO - Marking task as FAILED. dag_id=e-t-l, task_id=transform, execution_date=20220617T201844, start_date=20220617T201909, end_date=20220617T201910
[2022-06-17 20:19:10,055] {standard_task_runner.py:97} ERROR - Failed to execute job 592 for task transform ('list' object has no attribute 'items'; 20923)
[2022-06-17 20:19:10,074] {local_task_job.py:156} INFO - Task exited with return code 1
[2022-06-17 20:19:10,140] {local_task_job.py:273} INFO - 0 downstream tasks scheduled from follow-on schedule check
