[2022-06-17 19:52:16,685] {taskinstance.py:1159} INFO - Dependencies all met for <TaskInstance: e-t-l.transform manual__2022-06-17T19:52:03.960105+00:00 [queued]>
[2022-06-17 19:52:16,718] {taskinstance.py:1159} INFO - Dependencies all met for <TaskInstance: e-t-l.transform manual__2022-06-17T19:52:03.960105+00:00 [queued]>
[2022-06-17 19:52:16,719] {taskinstance.py:1356} INFO - 
--------------------------------------------------------------------------------
[2022-06-17 19:52:16,720] {taskinstance.py:1357} INFO - Starting attempt 1 of 1
[2022-06-17 19:52:16,746] {taskinstance.py:1358} INFO - 
--------------------------------------------------------------------------------
[2022-06-17 19:52:16,799] {taskinstance.py:1377} INFO - Executing <Task(PythonOperator): transform> on 2022-06-17 19:52:03.960105+00:00
[2022-06-17 19:52:16,816] {standard_task_runner.py:52} INFO - Started process 20045 to run task
[2022-06-17 19:52:16,840] {standard_task_runner.py:79} INFO - Running: ['***', 'tasks', 'run', 'e-t-l', 'transform', 'manual__2022-06-17T19:52:03.960105+00:00', '--job-id', '571', '--raw', '--subdir', 'DAGS_FOLDER/new-new.py', '--cfg-path', '/tmp/tmpevtgoz59', '--error-file', '/tmp/tmpvxd__xe9']
[2022-06-17 19:52:16,847] {standard_task_runner.py:80} INFO - Job 571: Subtask transform
[2022-06-17 19:52:17,079] {task_command.py:370} INFO - Running <TaskInstance: e-t-l.transform manual__2022-06-17T19:52:03.960105+00:00 [running]> on host fe209149cfc1
[2022-06-17 19:52:17,480] {taskinstance.py:1571} INFO - Exporting the following env vars:
AIRFLOW_CTX_DAG_OWNER=***
AIRFLOW_CTX_DAG_ID=e-t-l
AIRFLOW_CTX_TASK_ID=transform
AIRFLOW_CTX_EXECUTION_DATE=2022-06-17T19:52:03.960105+00:00
AIRFLOW_CTX_TRY_NUMBER=1
AIRFLOW_CTX_DAG_RUN_ID=manual__2022-06-17T19:52:03.960105+00:00
[2022-06-17 19:52:17,678] {python.py:173} INFO - Done. Returned value was: None
[2022-06-17 19:52:17,753] {taskinstance.py:1400} INFO - Marking task as SUCCESS. dag_id=e-t-l, task_id=transform, execution_date=20220617T195203, start_date=20220617T195216, end_date=20220617T195217
[2022-06-17 19:52:17,838] {local_task_job.py:156} INFO - Task exited with return code 0
[2022-06-17 19:52:17,998] {local_task_job.py:273} INFO - 1 downstream tasks scheduled from follow-on schedule check
