[2022-06-20 21:01:27,365] {taskinstance.py:1159} INFO - Dependencies all met for <TaskInstance: etl-processing.transform manual__2022-06-20T21:01:08.072140+00:00 [queued]>
[2022-06-20 21:01:27,518] {taskinstance.py:1159} INFO - Dependencies all met for <TaskInstance: etl-processing.transform manual__2022-06-20T21:01:08.072140+00:00 [queued]>
[2022-06-20 21:01:27,523] {taskinstance.py:1356} INFO - 
--------------------------------------------------------------------------------
[2022-06-20 21:01:27,526] {taskinstance.py:1357} INFO - Starting attempt 1 of 1
[2022-06-20 21:01:27,527] {taskinstance.py:1358} INFO - 
--------------------------------------------------------------------------------
[2022-06-20 21:01:27,800] {taskinstance.py:1377} INFO - Executing <Task(PythonOperator): transform> on 2022-06-20 21:01:08.072140+00:00
[2022-06-20 21:01:27,817] {standard_task_runner.py:52} INFO - Started process 4618 to run task
[2022-06-20 21:01:27,843] {standard_task_runner.py:79} INFO - Running: ['***', 'tasks', 'run', 'etl-processing', 'transform', 'manual__2022-06-20T21:01:08.072140+00:00', '--job-id', '709', '--raw', '--subdir', 'DAGS_FOLDER/etl_processing.py', '--cfg-path', '/tmp/tmp3fp0h3xz', '--error-file', '/tmp/tmpiuptfx0y']
[2022-06-20 21:01:27,857] {standard_task_runner.py:80} INFO - Job 709: Subtask transform
[2022-06-20 21:01:28,398] {task_command.py:370} INFO - Running <TaskInstance: etl-processing.transform manual__2022-06-20T21:01:08.072140+00:00 [running]> on host fe209149cfc1
[2022-06-20 21:01:29,315] {taskinstance.py:1571} INFO - Exporting the following env vars:
AIRFLOW_CTX_DAG_OWNER=***
AIRFLOW_CTX_DAG_ID=etl-processing
AIRFLOW_CTX_TASK_ID=transform
AIRFLOW_CTX_EXECUTION_DATE=2022-06-20T21:01:08.072140+00:00
AIRFLOW_CTX_TRY_NUMBER=1
AIRFLOW_CTX_DAG_RUN_ID=manual__2022-06-20T21:01:08.072140+00:00
[2022-06-20 21:01:29,830] {python.py:173} INFO - Done. Returned value was: None
[2022-06-20 21:01:29,940] {taskinstance.py:1400} INFO - Marking task as SUCCESS. dag_id=etl-processing, task_id=transform, execution_date=20220620T210108, start_date=20220620T210127, end_date=20220620T210129
[2022-06-20 21:01:30,253] {local_task_job.py:156} INFO - Task exited with return code 0
[2022-06-20 21:01:30,952] {local_task_job.py:273} INFO - 1 downstream tasks scheduled from follow-on schedule check
