[2022-06-20 21:06:33,696] {taskinstance.py:1159} INFO - Dependencies all met for <TaskInstance: etl-processing.load manual__2022-06-20T21:06:12.272010+00:00 [queued]>
[2022-06-20 21:06:33,732] {taskinstance.py:1159} INFO - Dependencies all met for <TaskInstance: etl-processing.load manual__2022-06-20T21:06:12.272010+00:00 [queued]>
[2022-06-20 21:06:33,733] {taskinstance.py:1356} INFO - 
--------------------------------------------------------------------------------
[2022-06-20 21:06:33,734] {taskinstance.py:1357} INFO - Starting attempt 1 of 1
[2022-06-20 21:06:33,735] {taskinstance.py:1358} INFO - 
--------------------------------------------------------------------------------
[2022-06-20 21:06:33,799] {taskinstance.py:1377} INFO - Executing <Task(PythonOperator): load> on 2022-06-20 21:06:12.272010+00:00
[2022-06-20 21:06:33,807] {standard_task_runner.py:52} INFO - Started process 4781 to run task
[2022-06-20 21:06:33,818] {standard_task_runner.py:79} INFO - Running: ['***', 'tasks', 'run', 'etl-processing', 'load', 'manual__2022-06-20T21:06:12.272010+00:00', '--job-id', '716', '--raw', '--subdir', 'DAGS_FOLDER/etl_processing.py', '--cfg-path', '/tmp/tmpsrnbx9ic', '--error-file', '/tmp/tmp2shdmxtl']
[2022-06-20 21:06:33,825] {standard_task_runner.py:80} INFO - Job 716: Subtask load
[2022-06-20 21:06:34,015] {task_command.py:370} INFO - Running <TaskInstance: etl-processing.load manual__2022-06-20T21:06:12.272010+00:00 [running]> on host fe209149cfc1
[2022-06-20 21:06:34,335] {taskinstance.py:1571} INFO - Exporting the following env vars:
AIRFLOW_CTX_DAG_OWNER=***
AIRFLOW_CTX_DAG_ID=etl-processing
AIRFLOW_CTX_TASK_ID=load
AIRFLOW_CTX_EXECUTION_DATE=2022-06-20T21:06:12.272010+00:00
AIRFLOW_CTX_TRY_NUMBER=1
AIRFLOW_CTX_DAG_RUN_ID=manual__2022-06-20T21:06:12.272010+00:00
[2022-06-20 21:06:34,400] {base.py:68} INFO - Using connection ID 'postgres_conn' for task execution.
[2022-06-20 21:06:34,420] {logging_mixin.py:115} INFO - [{'STX_ID': 2345678, 'STORE_NAME': 'Mağaza1', 'PAID_PRICE': 100.3, 'TRX_STATUS': 1, 'STORE_STATUS': 0.0, 'STORE_LIVE_DATE': '2021-03-01 00:00:00', 'SALES_CREATE_DATE': '2021-03-05 00:00:00'}, {'STX_ID': 2345679, 'STORE_NAME': 'Mağaza1', 'PAID_PRICE': 100.3, 'TRX_STATUS': 1, 'STORE_STATUS': 0.0, 'STORE_LIVE_DATE': '2021-03-01 00:00:00', 'SALES_CREATE_DATE': '2021-03-05 00:00:00'}, {'STX_ID': 2345680, 'STORE_NAME': 'Mağaza1', 'PAID_PRICE': 100.3, 'TRX_STATUS': 0, 'STORE_STATUS': 0.0, 'STORE_LIVE_DATE': '2021-03-01 00:00:00', 'SALES_CREATE_DATE': '2021-03-05 00:00:00'}, {'STX_ID': 2345681, 'STORE_NAME': 'Mağaza2', 'PAID_PRICE': 100.3, 'TRX_STATUS': 0, 'STORE_STATUS': 0.0, 'STORE_LIVE_DATE': '2021-03-01 00:00:00', 'SALES_CREATE_DATE': '2021-04-05 00:00:00'}, {'STX_ID': 2345682, 'STORE_NAME': 'Mağaza3', 'PAID_PRICE': 200.3, 'TRX_STATUS': 0, 'STORE_STATUS': 0.0, 'STORE_LIVE_DATE': '2021-03-01 00:00:00', 'SALES_CREATE_DATE': '2021-05-05 00:00:00'}, {'STX_ID': 2345683, 'STORE_NAME': 'Mağaza4', 'PAID_PRICE': 28.3, 'TRX_STATUS': 1, 'STORE_STATUS': 0.0, 'STORE_LIVE_DATE': '2021-03-01 00:00:00', 'SALES_CREATE_DATE': '2021-06-05 00:00:00'}, {'STX_ID': 2345684, 'STORE_NAME': 'Mağaza5', 'PAID_PRICE': 100.3, 'TRX_STATUS': 0, 'STORE_STATUS': 0.0, 'STORE_LIVE_DATE': '2021-04-01 00:00:00', 'SALES_CREATE_DATE': '2021-03-05 00:00:00'}, {'STX_ID': 2345685, 'STORE_NAME': 'Mağaza6', 'PAID_PRICE': 79.3, 'TRX_STATUS': 1, 'STORE_STATUS': 0.0, 'STORE_LIVE_DATE': '2021-04-01 00:00:00', 'SALES_CREATE_DATE': '2021-07-05 00:00:00'}, {'STX_ID': 2345686, 'STORE_NAME': 'Mağaza7', 'PAID_PRICE': 256.3, 'TRX_STATUS': 1, 'STORE_STATUS': 0.0, 'STORE_LIVE_DATE': '2021-04-01 00:00:00', 'SALES_CREATE_DATE': '2021-03-05 00:00:00'}, {'STX_ID': 2345687, 'STORE_NAME': 'Mağaza8', 'PAID_PRICE': 456.3, 'TRX_STATUS': 1, 'STORE_STATUS': 0.0, 'STORE_LIVE_DATE': '2021-04-01 00:00:00', 'SALES_CREATE_DATE': '2021-08-05 00:00:00'}, {'STX_ID': 2345688, 'STORE_NAME': 'Mağaza9', 'PAID_PRICE': 432.3, 'TRX_STATUS': 1, 'STORE_STATUS': 0.0, 'STORE_LIVE_DATE': '2021-05-01 00:00:00', 'SALES_CREATE_DATE': '2021-07-05 00:00:00'}, {'STX_ID': 2345689, 'STORE_NAME': 'Mağaza10', 'PAID_PRICE': 75.3, 'TRX_STATUS': 0, 'STORE_STATUS': 0.0, 'STORE_LIVE_DATE': '2021-05-01 00:00:00', 'SALES_CREATE_DATE': '2021-03-05 00:00:00'}, {'STX_ID': 2345690, 'STORE_NAME': 'Mağaza2', 'PAID_PRICE': 100.3, 'TRX_STATUS': 1, 'STORE_STATUS': 0.0, 'STORE_LIVE_DATE': '2021-05-01 00:00:00', 'SALES_CREATE_DATE': '2021-09-05 00:00:00'}, {'STX_ID': 2345691, 'STORE_NAME': 'Mağaza4', 'PAID_PRICE': 36.3, 'TRX_STATUS': 1, 'STORE_STATUS': 0.0, 'STORE_LIVE_DATE': '2021-05-01 00:00:00', 'SALES_CREATE_DATE': '2021-02-05 00:00:00'}, {'STX_ID': 2345692, 'STORE_NAME': None, 'PAID_PRICE': None, 'TRX_STATUS': 0, 'STORE_STATUS': None, 'STORE_LIVE_DATE': None, 'SALES_CREATE_DATE': None}, {'STX_ID': 2345693, 'STORE_NAME': 'Mağaza1', 'PAID_PRICE': 100.3, 'TRX_STATUS': 1, 'STORE_STATUS': 0.0, 'STORE_LIVE_DATE': '2021-03-01 00:00:00', 'SALES_CREATE_DATE': '2021-03-05 00:00:00'}, {'STX_ID': 2345694, 'STORE_NAME': None, 'PAID_PRICE': None, 'TRX_STATUS': 1, 'STORE_STATUS': None, 'STORE_LIVE_DATE': None, 'SALES_CREATE_DATE': None}, {'STX_ID': 2345695, 'STORE_NAME': None, 'PAID_PRICE': 75.3, 'TRX_STATUS': 1, 'STORE_STATUS': None, 'STORE_LIVE_DATE': None, 'SALES_CREATE_DATE': '2021-03-05 00:00:00'}, {'STX_ID': 2345696, 'STORE_NAME': None, 'PAID_PRICE': None, 'TRX_STATUS': 0, 'STORE_STATUS': None, 'STORE_LIVE_DATE': None, 'SALES_CREATE_DATE': None}, {'STX_ID': 2345697, 'STORE_NAME': None, 'PAID_PRICE': None, 'TRX_STATUS': 0, 'STORE_STATUS': None, 'STORE_LIVE_DATE': None, 'SALES_CREATE_DATE': None}, {'STX_ID': 2345698, 'STORE_NAME': None, 'PAID_PRICE': None, 'TRX_STATUS': 1, 'STORE_STATUS': None, 'STORE_LIVE_DATE': None, 'SALES_CREATE_DATE': None}, {'STX_ID': 2345699, 'STORE_NAME': None, 'PAID_PRICE': 100.3, 'TRX_STATUS': 1, 'STORE_STATUS': None, 'STORE_LIVE_DATE': None, 'SALES_CREATE_DATE': '2021-03-05 00:00:00'}, {'STX_ID': 2345700, 'STORE_NAME': None, 'PAID_PRICE': None, 'TRX_STATUS': 0, 'STORE_STATUS': None, 'STORE_LIVE_DATE': None, 'SALES_CREATE_DATE': None}, {'STX_ID': 2345701, 'STORE_NAME': None, 'PAID_PRICE': 100.3, 'TRX_STATUS': 1, 'STORE_STATUS': None, 'STORE_LIVE_DATE': None, 'SALES_CREATE_DATE': '2021-03-05 00:00:00'}, {'STX_ID': 2345702, 'STORE_NAME': None, 'PAID_PRICE': None, 'TRX_STATUS': 1, 'STORE_STATUS': None, 'STORE_LIVE_DATE': None, 'SALES_CREATE_DATE': None}, {'STX_ID': 2345703, 'STORE_NAME': None, 'PAID_PRICE': None, 'TRX_STATUS': 1, 'STORE_STATUS': None, 'STORE_LIVE_DATE': None, 'SALES_CREATE_DATE': None}, {'STX_ID': 2345704, 'STORE_NAME': None, 'PAID_PRICE': 100.3, 'TRX_STATUS': 0, 'STORE_STATUS': None, 'STORE_LIVE_DATE': None, 'SALES_CREATE_DATE': '2021-03-05 00:00:00'}, {'STX_ID': 2345705, 'STORE_NAME': None, 'PAID_PRICE': None, 'TRX_STATUS': 0, 'STORE_STATUS': None, 'STORE_LIVE_DATE': None, 'SALES_CREATE_DATE': None}, {'STX_ID': 2345706, 'STORE_NAME': None, 'PAID_PRICE': None, 'TRX_STATUS': 0, 'STORE_STATUS': None, 'STORE_LIVE_DATE': None, 'SALES_CREATE_DATE': None}]
[2022-06-20 21:06:34,446] {logging_mixin.py:115} INFO - 5
[2022-06-20 21:06:34,452] {logging_mixin.py:115} INFO - 5
[2022-06-20 21:06:34,458] {logging_mixin.py:115} INFO - 5
[2022-06-20 21:06:34,463] {logging_mixin.py:115} INFO - 5
[2022-06-20 21:06:34,469] {logging_mixin.py:115} INFO - 5
[2022-06-20 21:06:34,474] {logging_mixin.py:115} INFO - 5
[2022-06-20 21:06:34,480] {logging_mixin.py:115} INFO - 5
[2022-06-20 21:06:34,486] {logging_mixin.py:115} INFO - 5
[2022-06-20 21:06:34,500] {logging_mixin.py:115} INFO - 5
[2022-06-20 21:06:34,506] {logging_mixin.py:115} INFO - 5
[2022-06-20 21:06:34,520] {logging_mixin.py:115} INFO - 5
[2022-06-20 21:06:34,536] {logging_mixin.py:115} INFO - 5
[2022-06-20 21:06:34,546] {logging_mixin.py:115} INFO - 5
[2022-06-20 21:06:34,560] {logging_mixin.py:115} INFO - 5
[2022-06-20 21:06:34,574] {logging_mixin.py:115} INFO - 5
[2022-06-20 21:06:34,581] {logging_mixin.py:115} INFO - 5
[2022-06-20 21:06:34,587] {logging_mixin.py:115} INFO - 5
[2022-06-20 21:06:34,593] {logging_mixin.py:115} INFO - 5
[2022-06-20 21:06:34,608] {logging_mixin.py:115} INFO - 5
[2022-06-20 21:06:34,624] {logging_mixin.py:115} INFO - 5
[2022-06-20 21:06:34,646] {logging_mixin.py:115} INFO - 5
[2022-06-20 21:06:34,655] {logging_mixin.py:115} INFO - 5
[2022-06-20 21:06:34,662] {logging_mixin.py:115} INFO - 5
[2022-06-20 21:06:34,667] {logging_mixin.py:115} INFO - 5
[2022-06-20 21:06:34,673] {logging_mixin.py:115} INFO - 5
[2022-06-20 21:06:34,678] {logging_mixin.py:115} INFO - 5
[2022-06-20 21:06:34,683] {logging_mixin.py:115} INFO - 5
[2022-06-20 21:06:34,692] {logging_mixin.py:115} INFO - 5
[2022-06-20 21:06:34,697] {logging_mixin.py:115} INFO - 5
[2022-06-20 21:06:34,832] {logging_mixin.py:115} INFO - [(1, 2345692, None, None, 0, None, None, None), (2, 5, 'magaza', None, None, None, None, None), (3, 5, 'magaza', None, None, None, None, None), (4, 5, 'magaza', None, None, None, None, None), (5, 5, 'magaza', None, None, None, None, None), (6, 5, 'magaza', None, None, None, None, None), (7, 5, 'magaza', None, None, None, None, None), (8, 5, 'magaza', None, None, None, None, None), (9, 5, 'magaza', None, None, None, None, None), (10, 5, 'magaza', None, None, None, None, None), (11, 5, 'magaza', None, None, None, None, None), (12, 5, 'magaza', None, None, None, None, None), (13, 5, 'magaza', None, None, None, None, None), (14, 5, 'magaza', None, None, None, None, None), (15, 5, 'magaza', None, None, None, None, None), (16, 5, 'magaza', None, None, None, None, None), (17, 5, 'magaza', None, None, None, None, None), (18, 5, 'magaza', None, None, None, None, None), (19, 5, 'magaza', None, None, None, None, None), (20, 5, 'magaza', None, None, None, None, None), (21, 5, 'magaza', None, None, None, None, None), (22, 5, 'magaza', None, None, None, None, None), (23, 5, 'magaza', None, None, None, None, None), (24, 5, 'magaza', None, None, None, None, None), (25, 5, 'magaza', None, None, None, None, None), (26, 5, 'magaza', None, None, None, None, None), (27, 5, 'magaza', None, None, None, None, None), (28, 5, 'magaza', None, None, None, None, None), (29, 5, 'magaza', None, None, None, None, None), (30, 5, 'magaza', None, None, None, None, None)]
[2022-06-20 21:06:34,833] {python.py:173} INFO - Done. Returned value was: None
[2022-06-20 21:06:34,879] {taskinstance.py:1400} INFO - Marking task as SUCCESS. dag_id=etl-processing, task_id=load, execution_date=20220620T210612, start_date=20220620T210633, end_date=20220620T210634
[2022-06-20 21:06:34,980] {local_task_job.py:156} INFO - Task exited with return code 0
[2022-06-20 21:06:35,138] {local_task_job.py:273} INFO - 0 downstream tasks scheduled from follow-on schedule check
