[2022-06-17 20:51:25,752] {taskinstance.py:1159} INFO - Dependencies all met for <TaskInstance: e-t-l.transform manual__2022-06-17T20:49:01.747483+00:00 [queued]>
[2022-06-17 20:51:25,952] {taskinstance.py:1159} INFO - Dependencies all met for <TaskInstance: e-t-l.transform manual__2022-06-17T20:49:01.747483+00:00 [queued]>
[2022-06-17 20:51:25,997] {taskinstance.py:1356} INFO - 
--------------------------------------------------------------------------------
[2022-06-17 20:51:26,029] {taskinstance.py:1357} INFO - Starting attempt 1 of 1
[2022-06-17 20:51:26,077] {taskinstance.py:1358} INFO - 
--------------------------------------------------------------------------------
[2022-06-17 20:51:26,743] {taskinstance.py:1377} INFO - Executing <Task(PythonOperator): transform> on 2022-06-17 20:49:01.747483+00:00
[2022-06-17 20:51:27,110] {standard_task_runner.py:79} INFO - Running: ['***', 'tasks', 'run', 'e-t-l', 'transform', 'manual__2022-06-17T20:49:01.747483+00:00', '--job-id', '611', '--raw', '--subdir', 'DAGS_FOLDER/new-new.py', '--cfg-path', '/tmp/tmpgbbj_vq7', '--error-file', '/tmp/tmpy6fm4d93']
[2022-06-17 20:51:27,203] {standard_task_runner.py:80} INFO - Job 611: Subtask transform
[2022-06-17 20:51:27,011] {standard_task_runner.py:52} INFO - Started process 21902 to run task
[2022-06-17 20:51:30,141] {task_command.py:370} INFO - Running <TaskInstance: e-t-l.transform manual__2022-06-17T20:49:01.747483+00:00 [running]> on host fe209149cfc1
[2022-06-17 20:51:35,312] {taskinstance.py:1571} INFO - Exporting the following env vars:
AIRFLOW_CTX_DAG_OWNER=***
AIRFLOW_CTX_DAG_ID=e-t-l
AIRFLOW_CTX_TASK_ID=transform
AIRFLOW_CTX_EXECUTION_DATE=2022-06-17T20:49:01.747483+00:00
AIRFLOW_CTX_TRY_NUMBER=1
AIRFLOW_CTX_DAG_RUN_ID=manual__2022-06-17T20:49:01.747483+00:00
[2022-06-17 20:51:37,476] {python.py:173} INFO - Done. Returned value was: None
[2022-06-17 20:51:38,325] {taskinstance.py:1400} INFO - Marking task as SUCCESS. dag_id=e-t-l, task_id=transform, execution_date=20220617T204901, start_date=20220617T205125, end_date=20220617T205138
[2022-06-17 20:51:39,292] {local_task_job.py:156} INFO - Task exited with return code 0
[2022-06-17 20:51:40,867] {local_task_job.py:273} INFO - 1 downstream tasks scheduled from follow-on schedule check
