[2022-06-17 19:50:28,407] {taskinstance.py:1159} INFO - Dependencies all met for <TaskInstance: e-t-l.transform manual__2022-06-17T19:50:06.370132+00:00 [queued]>
[2022-06-17 19:50:28,495] {taskinstance.py:1159} INFO - Dependencies all met for <TaskInstance: e-t-l.transform manual__2022-06-17T19:50:06.370132+00:00 [queued]>
[2022-06-17 19:50:28,509] {taskinstance.py:1356} INFO - 
--------------------------------------------------------------------------------
[2022-06-17 19:50:28,529] {taskinstance.py:1357} INFO - Starting attempt 1 of 1
[2022-06-17 19:50:28,546] {taskinstance.py:1358} INFO - 
--------------------------------------------------------------------------------
[2022-06-17 19:50:28,684] {taskinstance.py:1377} INFO - Executing <Task(PythonOperator): transform> on 2022-06-17 19:50:06.370132+00:00
[2022-06-17 19:50:28,712] {standard_task_runner.py:52} INFO - Started process 19988 to run task
[2022-06-17 19:50:28,725] {standard_task_runner.py:79} INFO - Running: ['***', 'tasks', 'run', 'e-t-l', 'transform', 'manual__2022-06-17T19:50:06.370132+00:00', '--job-id', '568', '--raw', '--subdir', 'DAGS_FOLDER/new-new.py', '--cfg-path', '/tmp/tmp7_68ju11', '--error-file', '/tmp/tmp3dnu39zv']
[2022-06-17 19:50:28,734] {standard_task_runner.py:80} INFO - Job 568: Subtask transform
[2022-06-17 19:50:29,279] {task_command.py:370} INFO - Running <TaskInstance: e-t-l.transform manual__2022-06-17T19:50:06.370132+00:00 [running]> on host fe209149cfc1
[2022-06-17 19:50:30,186] {taskinstance.py:1571} INFO - Exporting the following env vars:
AIRFLOW_CTX_DAG_OWNER=***
AIRFLOW_CTX_DAG_ID=e-t-l
AIRFLOW_CTX_TASK_ID=transform
AIRFLOW_CTX_EXECUTION_DATE=2022-06-17T19:50:06.370132+00:00
AIRFLOW_CTX_TRY_NUMBER=1
AIRFLOW_CTX_DAG_RUN_ID=manual__2022-06-17T19:50:06.370132+00:00
[2022-06-17 19:50:30,500] {python.py:173} INFO - Done. Returned value was: None
[2022-06-17 19:50:30,701] {taskinstance.py:1400} INFO - Marking task as SUCCESS. dag_id=e-t-l, task_id=transform, execution_date=20220617T195006, start_date=20220617T195028, end_date=20220617T195030
[2022-06-17 19:50:30,911] {local_task_job.py:156} INFO - Task exited with return code 0
[2022-06-17 19:50:31,220] {local_task_job.py:273} INFO - 1 downstream tasks scheduled from follow-on schedule check
