[2022-06-17 20:20:10,404] {taskinstance.py:1159} INFO - Dependencies all met for <TaskInstance: e-t-l.transform scheduled__2022-06-17T20:00:00+00:00 [queued]>
[2022-06-17 20:20:10,514] {taskinstance.py:1159} INFO - Dependencies all met for <TaskInstance: e-t-l.transform scheduled__2022-06-17T20:00:00+00:00 [queued]>
[2022-06-17 20:20:10,735] {taskinstance.py:1356} INFO - 
--------------------------------------------------------------------------------
[2022-06-17 20:20:10,799] {taskinstance.py:1357} INFO - Starting attempt 1 of 1
[2022-06-17 20:20:10,856] {taskinstance.py:1358} INFO - 
--------------------------------------------------------------------------------
[2022-06-17 20:20:10,986] {taskinstance.py:1377} INFO - Executing <Task(PythonOperator): transform> on 2022-06-17 20:00:00+00:00
[2022-06-17 20:20:11,012] {standard_task_runner.py:52} INFO - Started process 20960 to run task
[2022-06-17 20:20:11,046] {standard_task_runner.py:79} INFO - Running: ['***', 'tasks', 'run', 'e-t-l', 'transform', 'scheduled__2022-06-17T20:00:00+00:00', '--job-id', '594', '--raw', '--subdir', 'DAGS_FOLDER/new-new.py', '--cfg-path', '/tmp/tmplf7k_emi', '--error-file', '/tmp/tmp6usg5tv7']
[2022-06-17 20:20:11,081] {standard_task_runner.py:80} INFO - Job 594: Subtask transform
[2022-06-17 20:20:11,721] {task_command.py:370} INFO - Running <TaskInstance: e-t-l.transform scheduled__2022-06-17T20:00:00+00:00 [running]> on host fe209149cfc1
[2022-06-17 20:20:13,083] {taskinstance.py:1571} INFO - Exporting the following env vars:
AIRFLOW_CTX_DAG_OWNER=***
AIRFLOW_CTX_DAG_ID=e-t-l
AIRFLOW_CTX_TASK_ID=transform
AIRFLOW_CTX_EXECUTION_DATE=2022-06-17T20:00:00+00:00
AIRFLOW_CTX_TRY_NUMBER=1
AIRFLOW_CTX_DAG_RUN_ID=scheduled__2022-06-17T20:00:00+00:00
[2022-06-17 20:20:13,197] {taskinstance.py:1889} ERROR - Task failed with exception
Traceback (most recent call last):
  File "/home/airflow/.local/lib/python3.7/site-packages/airflow/operators/python.py", line 171, in execute
    return_value = self.execute_callable()
  File "/home/airflow/.local/lib/python3.7/site-packages/airflow/operators/python.py", line 189, in execute_callable
    return self.python_callable(*self.op_args, **self.op_kwargs)
  File "/opt/airflow/dags/new-new.py", line 36, in transform_data
    for key, value in source_db_store_result.items():
AttributeError: 'list' object has no attribute 'items'
[2022-06-17 20:20:13,404] {taskinstance.py:1400} INFO - Marking task as FAILED. dag_id=e-t-l, task_id=transform, execution_date=20220617T200000, start_date=20220617T202010, end_date=20220617T202013
[2022-06-17 20:20:13,658] {standard_task_runner.py:97} ERROR - Failed to execute job 594 for task transform ('list' object has no attribute 'items'; 20960)
[2022-06-17 20:20:13,701] {local_task_job.py:156} INFO - Task exited with return code 1
[2022-06-17 20:20:14,205] {local_task_job.py:273} INFO - 0 downstream tasks scheduled from follow-on schedule check
