[2022-06-20 20:00:12,998] {taskinstance.py:1159} INFO - Dependencies all met for <TaskInstance: etl-processing.transform scheduled__2022-06-20T19:40:00+00:00 [queued]>
[2022-06-20 20:00:13,054] {taskinstance.py:1159} INFO - Dependencies all met for <TaskInstance: etl-processing.transform scheduled__2022-06-20T19:40:00+00:00 [queued]>
[2022-06-20 20:00:13,055] {taskinstance.py:1356} INFO - 
--------------------------------------------------------------------------------
[2022-06-20 20:00:13,055] {taskinstance.py:1357} INFO - Starting attempt 1 of 1
[2022-06-20 20:00:13,065] {taskinstance.py:1358} INFO - 
--------------------------------------------------------------------------------
[2022-06-20 20:00:13,246] {taskinstance.py:1377} INFO - Executing <Task(PythonOperator): transform> on 2022-06-20 19:40:00+00:00
[2022-06-20 20:00:13,271] {standard_task_runner.py:52} INFO - Started process 2627 to run task
[2022-06-20 20:00:13,302] {standard_task_runner.py:79} INFO - Running: ['***', 'tasks', 'run', 'etl-processing', 'transform', 'scheduled__2022-06-20T19:40:00+00:00', '--job-id', '674', '--raw', '--subdir', 'DAGS_FOLDER/etl_processing.py', '--cfg-path', '/tmp/tmp02z28yta', '--error-file', '/tmp/tmpe4g9rxsb']
[2022-06-20 20:00:13,308] {standard_task_runner.py:80} INFO - Job 674: Subtask transform
[2022-06-20 20:00:13,811] {task_command.py:370} INFO - Running <TaskInstance: etl-processing.transform scheduled__2022-06-20T19:40:00+00:00 [running]> on host fe209149cfc1
[2022-06-20 20:00:14,297] {taskinstance.py:1571} INFO - Exporting the following env vars:
AIRFLOW_CTX_DAG_OWNER=***
AIRFLOW_CTX_DAG_ID=etl-processing
AIRFLOW_CTX_TASK_ID=transform
AIRFLOW_CTX_EXECUTION_DATE=2022-06-20T19:40:00+00:00
AIRFLOW_CTX_TRY_NUMBER=1
AIRFLOW_CTX_DAG_RUN_ID=scheduled__2022-06-20T19:40:00+00:00
[2022-06-20 20:00:14,417] {python.py:173} INFO - Done. Returned value was: None
[2022-06-20 20:00:14,486] {taskinstance.py:1400} INFO - Marking task as SUCCESS. dag_id=etl-processing, task_id=transform, execution_date=20220620T194000, start_date=20220620T200012, end_date=20220620T200014
[2022-06-20 20:00:14,555] {local_task_job.py:156} INFO - Task exited with return code 0
[2022-06-20 20:00:14,734] {local_task_job.py:273} INFO - 1 downstream tasks scheduled from follow-on schedule check
