[2022-06-20 20:20:06,489] {taskinstance.py:1159} INFO - Dependencies all met for <TaskInstance: etl-processing.transform scheduled__2022-06-20T20:00:00+00:00 [queued]>
[2022-06-20 20:20:06,505] {taskinstance.py:1159} INFO - Dependencies all met for <TaskInstance: etl-processing.transform scheduled__2022-06-20T20:00:00+00:00 [queued]>
[2022-06-20 20:20:06,505] {taskinstance.py:1356} INFO - 
--------------------------------------------------------------------------------
[2022-06-20 20:20:06,506] {taskinstance.py:1357} INFO - Starting attempt 1 of 1
[2022-06-20 20:20:06,506] {taskinstance.py:1358} INFO - 
--------------------------------------------------------------------------------
[2022-06-20 20:20:06,532] {taskinstance.py:1377} INFO - Executing <Task(PythonOperator): transform> on 2022-06-20 20:00:00+00:00
[2022-06-20 20:20:06,539] {standard_task_runner.py:52} INFO - Started process 3301 to run task
[2022-06-20 20:20:06,544] {standard_task_runner.py:79} INFO - Running: ['***', 'tasks', 'run', 'etl-processing', 'transform', 'scheduled__2022-06-20T20:00:00+00:00', '--job-id', '677', '--raw', '--subdir', 'DAGS_FOLDER/etl_processing.py', '--cfg-path', '/tmp/tmpfnqgtayq', '--error-file', '/tmp/tmpvhpf1r46']
[2022-06-20 20:20:06,545] {standard_task_runner.py:80} INFO - Job 677: Subtask transform
[2022-06-20 20:20:06,646] {task_command.py:370} INFO - Running <TaskInstance: etl-processing.transform scheduled__2022-06-20T20:00:00+00:00 [running]> on host fe209149cfc1
[2022-06-20 20:20:06,958] {taskinstance.py:1571} INFO - Exporting the following env vars:
AIRFLOW_CTX_DAG_OWNER=***
AIRFLOW_CTX_DAG_ID=etl-processing
AIRFLOW_CTX_TASK_ID=transform
AIRFLOW_CTX_EXECUTION_DATE=2022-06-20T20:00:00+00:00
AIRFLOW_CTX_TRY_NUMBER=1
AIRFLOW_CTX_DAG_RUN_ID=scheduled__2022-06-20T20:00:00+00:00
[2022-06-20 20:20:07,134] {python.py:173} INFO - Done. Returned value was: None
[2022-06-20 20:20:07,193] {taskinstance.py:1400} INFO - Marking task as SUCCESS. dag_id=etl-processing, task_id=transform, execution_date=20220620T200000, start_date=20220620T202006, end_date=20220620T202007
[2022-06-20 20:20:07,258] {local_task_job.py:156} INFO - Task exited with return code 0
[2022-06-20 20:20:07,484] {local_task_job.py:273} INFO - 1 downstream tasks scheduled from follow-on schedule check
