[2022-06-15 08:08:37,592] {processor.py:153} INFO - Started process (PID=52) to work on /opt/airflow/dags/etl_processing.py
[2022-06-15 08:08:37,594] {processor.py:641} INFO - Processing file /opt/airflow/dags/etl_processing.py for tasks to queue
[2022-06-15 08:08:37,601] {logging_mixin.py:115} INFO - [2022-06-15 08:08:37,600] {dagbag.py:507} INFO - Filling up the DagBag from /opt/airflow/dags/etl_processing.py
[2022-06-15 08:08:37,664] {logging_mixin.py:115} INFO - [2022-06-15 08:08:37,659] {dagbag.py:320} ERROR - Failed to import: /opt/airflow/dags/etl_processing.py
Traceback (most recent call last):
  File "/home/airflow/.local/lib/python3.7/site-packages/airflow/models/dagbag.py", line 317, in parse
    loader.exec_module(new_module)
  File "<frozen importlib._bootstrap_external>", line 728, in exec_module
  File "<frozen importlib._bootstrap>", line 219, in _call_with_frames_removed
  File "/opt/airflow/dags/etl_processing.py", line 6, in <module>
    from dags.enviroment_connection import connect_db, query_fetchall_as_dictionary
ModuleNotFoundError: No module named 'dags'
[2022-06-15 08:08:37,672] {processor.py:653} WARNING - No viable dags retrieved from /opt/airflow/dags/etl_processing.py
[2022-06-15 08:08:37,759] {processor.py:161} INFO - Processing /opt/airflow/dags/etl_processing.py took 0.173 seconds
[2022-06-15 08:09:51,210] {processor.py:153} INFO - Started process (PID=122) to work on /opt/airflow/dags/etl_processing.py
[2022-06-15 08:09:51,369] {processor.py:641} INFO - Processing file /opt/airflow/dags/etl_processing.py for tasks to queue
[2022-06-15 08:09:51,486] {logging_mixin.py:115} INFO - [2022-06-15 08:09:51,486] {dagbag.py:507} INFO - Filling up the DagBag from /opt/airflow/dags/etl_processing.py
[2022-06-15 08:09:55,299] {logging_mixin.py:115} INFO - [2022-06-15 08:09:54,354] {dagbag.py:320} ERROR - Failed to import: /opt/airflow/dags/etl_processing.py
Traceback (most recent call last):
  File "/home/airflow/.local/lib/python3.7/site-packages/airflow/models/dagbag.py", line 317, in parse
    loader.exec_module(new_module)
  File "<frozen importlib._bootstrap_external>", line 728, in exec_module
  File "<frozen importlib._bootstrap>", line 219, in _call_with_frames_removed
  File "/opt/airflow/dags/etl_processing.py", line 6, in <module>
    from dags.enviroment_connection import connect_db, query_fetchall_as_dictionary
ModuleNotFoundError: No module named 'dags'
[2022-06-15 08:09:55,587] {processor.py:653} WARNING - No viable dags retrieved from /opt/airflow/dags/etl_processing.py
[2022-06-15 08:09:56,205] {processor.py:161} INFO - Processing /opt/airflow/dags/etl_processing.py took 5.044 seconds
[2022-06-15 08:10:34,755] {processor.py:153} INFO - Started process (PID=179) to work on /opt/airflow/dags/etl_processing.py
[2022-06-15 08:10:34,794] {processor.py:641} INFO - Processing file /opt/airflow/dags/etl_processing.py for tasks to queue
[2022-06-15 08:10:34,802] {logging_mixin.py:115} INFO - [2022-06-15 08:10:34,802] {dagbag.py:507} INFO - Filling up the DagBag from /opt/airflow/dags/etl_processing.py
[2022-06-15 08:10:34,967] {logging_mixin.py:115} INFO - [2022-06-15 08:10:34,953] {dagbag.py:320} ERROR - Failed to import: /opt/airflow/dags/etl_processing.py
Traceback (most recent call last):
  File "/home/airflow/.local/lib/python3.7/site-packages/airflow/models/dagbag.py", line 317, in parse
    loader.exec_module(new_module)
  File "<frozen importlib._bootstrap_external>", line 728, in exec_module
  File "<frozen importlib._bootstrap>", line 219, in _call_with_frames_removed
  File "/opt/airflow/dags/etl_processing.py", line 6, in <module>
    from dags.enviroment_connection import connect_db, query_fetchall_as_dictionary
ModuleNotFoundError: No module named 'dags'
[2022-06-15 08:10:34,970] {processor.py:653} WARNING - No viable dags retrieved from /opt/airflow/dags/etl_processing.py
[2022-06-15 08:10:36,061] {processor.py:161} INFO - Processing /opt/airflow/dags/etl_processing.py took 1.312 seconds
[2022-06-15 08:11:14,082] {processor.py:153} INFO - Started process (PID=221) to work on /opt/airflow/dags/etl_processing.py
[2022-06-15 08:11:14,088] {processor.py:641} INFO - Processing file /opt/airflow/dags/etl_processing.py for tasks to queue
[2022-06-15 08:11:14,098] {logging_mixin.py:115} INFO - [2022-06-15 08:11:14,097] {dagbag.py:507} INFO - Filling up the DagBag from /opt/airflow/dags/etl_processing.py
[2022-06-15 08:11:14,168] {logging_mixin.py:115} INFO - [2022-06-15 08:11:14,163] {dagbag.py:320} ERROR - Failed to import: /opt/airflow/dags/etl_processing.py
Traceback (most recent call last):
  File "/home/airflow/.local/lib/python3.7/site-packages/airflow/models/dagbag.py", line 317, in parse
    loader.exec_module(new_module)
  File "<frozen importlib._bootstrap_external>", line 728, in exec_module
  File "<frozen importlib._bootstrap>", line 219, in _call_with_frames_removed
  File "/opt/airflow/dags/etl_processing.py", line 6, in <module>
    from dags.enviroment_connection import connect_db, query_fetchall_as_dictionary
ModuleNotFoundError: No module named 'dags'
[2022-06-15 08:11:14,177] {processor.py:653} WARNING - No viable dags retrieved from /opt/airflow/dags/etl_processing.py
[2022-06-15 08:11:14,326] {processor.py:161} INFO - Processing /opt/airflow/dags/etl_processing.py took 0.270 seconds
[2022-06-15 08:12:12,422] {processor.py:153} INFO - Started process (PID=267) to work on /opt/airflow/dags/etl_processing.py
[2022-06-15 08:12:12,438] {processor.py:641} INFO - Processing file /opt/airflow/dags/etl_processing.py for tasks to queue
[2022-06-15 08:12:12,454] {logging_mixin.py:115} INFO - [2022-06-15 08:12:12,453] {dagbag.py:507} INFO - Filling up the DagBag from /opt/airflow/dags/etl_processing.py
[2022-06-15 08:12:12,582] {logging_mixin.py:115} INFO - [2022-06-15 08:12:12,565] {dagbag.py:320} ERROR - Failed to import: /opt/airflow/dags/etl_processing.py
Traceback (most recent call last):
  File "/home/airflow/.local/lib/python3.7/site-packages/airflow/models/dagbag.py", line 317, in parse
    loader.exec_module(new_module)
  File "<frozen importlib._bootstrap_external>", line 728, in exec_module
  File "<frozen importlib._bootstrap>", line 219, in _call_with_frames_removed
  File "/opt/airflow/dags/etl_processing.py", line 6, in <module>
    from dags.enviroment_connection import connect_db, query_fetchall_as_dictionary
ModuleNotFoundError: No module named 'dags'
[2022-06-15 08:12:12,593] {processor.py:653} WARNING - No viable dags retrieved from /opt/airflow/dags/etl_processing.py
[2022-06-15 08:12:12,738] {processor.py:161} INFO - Processing /opt/airflow/dags/etl_processing.py took 0.323 seconds
[2022-06-15 08:12:45,513] {processor.py:153} INFO - Started process (PID=319) to work on /opt/airflow/dags/etl_processing.py
[2022-06-15 08:12:45,516] {processor.py:641} INFO - Processing file /opt/airflow/dags/etl_processing.py for tasks to queue
[2022-06-15 08:12:45,530] {logging_mixin.py:115} INFO - [2022-06-15 08:12:45,530] {dagbag.py:507} INFO - Filling up the DagBag from /opt/airflow/dags/etl_processing.py
[2022-06-15 08:12:45,626] {logging_mixin.py:115} INFO - [2022-06-15 08:12:45,561] {dagbag.py:320} ERROR - Failed to import: /opt/airflow/dags/etl_processing.py
Traceback (most recent call last):
  File "/home/airflow/.local/lib/python3.7/site-packages/airflow/models/dagbag.py", line 317, in parse
    loader.exec_module(new_module)
  File "<frozen importlib._bootstrap_external>", line 728, in exec_module
  File "<frozen importlib._bootstrap>", line 219, in _call_with_frames_removed
  File "/opt/airflow/dags/etl_processing.py", line 6, in <module>
    from dags.enviroment_connection import connect_db, query_fetchall_as_dictionary
ModuleNotFoundError: No module named 'dags'
[2022-06-15 08:12:45,629] {processor.py:653} WARNING - No viable dags retrieved from /opt/airflow/dags/etl_processing.py
[2022-06-15 08:12:45,768] {processor.py:161} INFO - Processing /opt/airflow/dags/etl_processing.py took 0.261 seconds
[2022-06-15 08:13:15,953] {processor.py:153} INFO - Started process (PID=362) to work on /opt/airflow/dags/etl_processing.py
[2022-06-15 08:13:15,957] {processor.py:641} INFO - Processing file /opt/airflow/dags/etl_processing.py for tasks to queue
[2022-06-15 08:13:15,958] {logging_mixin.py:115} INFO - [2022-06-15 08:13:15,958] {dagbag.py:507} INFO - Filling up the DagBag from /opt/airflow/dags/etl_processing.py
[2022-06-15 08:13:16,002] {logging_mixin.py:115} INFO - [2022-06-15 08:13:15,995] {dagbag.py:320} ERROR - Failed to import: /opt/airflow/dags/etl_processing.py
Traceback (most recent call last):
  File "/home/airflow/.local/lib/python3.7/site-packages/airflow/models/dagbag.py", line 317, in parse
    loader.exec_module(new_module)
  File "<frozen importlib._bootstrap_external>", line 728, in exec_module
  File "<frozen importlib._bootstrap>", line 219, in _call_with_frames_removed
  File "/opt/airflow/dags/etl_processing.py", line 6, in <module>
    from dags.enviroment_connection import connect_db, query_fetchall_as_dictionary
ModuleNotFoundError: No module named 'dags'
[2022-06-15 08:13:16,006] {processor.py:653} WARNING - No viable dags retrieved from /opt/airflow/dags/etl_processing.py
[2022-06-15 08:13:16,080] {processor.py:161} INFO - Processing /opt/airflow/dags/etl_processing.py took 0.131 seconds
[2022-06-15 08:13:46,125] {processor.py:153} INFO - Started process (PID=415) to work on /opt/airflow/dags/etl_processing.py
[2022-06-15 08:13:46,127] {processor.py:641} INFO - Processing file /opt/airflow/dags/etl_processing.py for tasks to queue
[2022-06-15 08:13:46,128] {logging_mixin.py:115} INFO - [2022-06-15 08:13:46,128] {dagbag.py:507} INFO - Filling up the DagBag from /opt/airflow/dags/etl_processing.py
[2022-06-15 08:13:46,154] {logging_mixin.py:115} INFO - [2022-06-15 08:13:46,148] {dagbag.py:320} ERROR - Failed to import: /opt/airflow/dags/etl_processing.py
Traceback (most recent call last):
  File "/home/airflow/.local/lib/python3.7/site-packages/airflow/models/dagbag.py", line 317, in parse
    loader.exec_module(new_module)
  File "<frozen importlib._bootstrap_external>", line 728, in exec_module
  File "<frozen importlib._bootstrap>", line 219, in _call_with_frames_removed
  File "/opt/airflow/dags/etl_processing.py", line 6, in <module>
    from dags.enviroment_connection import connect_db, query_fetchall_as_dictionary
ModuleNotFoundError: No module named 'dags'
[2022-06-15 08:13:46,156] {processor.py:653} WARNING - No viable dags retrieved from /opt/airflow/dags/etl_processing.py
[2022-06-15 08:13:46,190] {processor.py:161} INFO - Processing /opt/airflow/dags/etl_processing.py took 0.071 seconds
[2022-06-15 08:14:16,285] {processor.py:153} INFO - Started process (PID=470) to work on /opt/airflow/dags/etl_processing.py
[2022-06-15 08:14:16,286] {processor.py:641} INFO - Processing file /opt/airflow/dags/etl_processing.py for tasks to queue
[2022-06-15 08:14:16,287] {logging_mixin.py:115} INFO - [2022-06-15 08:14:16,287] {dagbag.py:507} INFO - Filling up the DagBag from /opt/airflow/dags/etl_processing.py
[2022-06-15 08:14:16,308] {logging_mixin.py:115} INFO - [2022-06-15 08:14:16,304] {dagbag.py:320} ERROR - Failed to import: /opt/airflow/dags/etl_processing.py
Traceback (most recent call last):
  File "/home/airflow/.local/lib/python3.7/site-packages/airflow/models/dagbag.py", line 317, in parse
    loader.exec_module(new_module)
  File "<frozen importlib._bootstrap_external>", line 728, in exec_module
  File "<frozen importlib._bootstrap>", line 219, in _call_with_frames_removed
  File "/opt/airflow/dags/etl_processing.py", line 6, in <module>
    from dags.enviroment_connection import connect_db, query_fetchall_as_dictionary
ModuleNotFoundError: No module named 'dags'
[2022-06-15 08:14:16,310] {processor.py:653} WARNING - No viable dags retrieved from /opt/airflow/dags/etl_processing.py
[2022-06-15 08:14:16,333] {processor.py:161} INFO - Processing /opt/airflow/dags/etl_processing.py took 0.052 seconds
[2022-06-15 08:14:47,613] {processor.py:153} INFO - Started process (PID=523) to work on /opt/airflow/dags/etl_processing.py
[2022-06-15 08:14:47,628] {processor.py:641} INFO - Processing file /opt/airflow/dags/etl_processing.py for tasks to queue
[2022-06-15 08:14:47,634] {logging_mixin.py:115} INFO - [2022-06-15 08:14:47,633] {dagbag.py:507} INFO - Filling up the DagBag from /opt/airflow/dags/etl_processing.py
[2022-06-15 08:14:47,971] {logging_mixin.py:115} INFO - [2022-06-15 08:14:47,949] {dagbag.py:320} ERROR - Failed to import: /opt/airflow/dags/etl_processing.py
Traceback (most recent call last):
  File "/home/airflow/.local/lib/python3.7/site-packages/airflow/models/dagbag.py", line 317, in parse
    loader.exec_module(new_module)
  File "<frozen importlib._bootstrap_external>", line 728, in exec_module
  File "<frozen importlib._bootstrap>", line 219, in _call_with_frames_removed
  File "/opt/airflow/dags/etl_processing.py", line 6, in <module>
    from dags.enviroment_connection import connect_db, query_fetchall_as_dictionary
ModuleNotFoundError: No module named 'dags'
[2022-06-15 08:14:47,973] {processor.py:653} WARNING - No viable dags retrieved from /opt/airflow/dags/etl_processing.py
[2022-06-15 08:14:48,085] {processor.py:161} INFO - Processing /opt/airflow/dags/etl_processing.py took 0.486 seconds
[2022-06-15 08:15:18,366] {processor.py:153} INFO - Started process (PID=577) to work on /opt/airflow/dags/etl_processing.py
[2022-06-15 08:15:18,369] {processor.py:641} INFO - Processing file /opt/airflow/dags/etl_processing.py for tasks to queue
[2022-06-15 08:15:18,370] {logging_mixin.py:115} INFO - [2022-06-15 08:15:18,370] {dagbag.py:507} INFO - Filling up the DagBag from /opt/airflow/dags/etl_processing.py
[2022-06-15 08:15:18,669] {logging_mixin.py:115} INFO - [2022-06-15 08:15:18,652] {dagbag.py:320} ERROR - Failed to import: /opt/airflow/dags/etl_processing.py
Traceback (most recent call last):
  File "/home/airflow/.local/lib/python3.7/site-packages/airflow/models/dagbag.py", line 317, in parse
    loader.exec_module(new_module)
  File "<frozen importlib._bootstrap_external>", line 728, in exec_module
  File "<frozen importlib._bootstrap>", line 219, in _call_with_frames_removed
  File "/opt/airflow/dags/etl_processing.py", line 6, in <module>
    from dags.enviroment_connection import connect_db, query_fetchall_as_dictionary
ModuleNotFoundError: No module named 'dags'
[2022-06-15 08:15:18,671] {processor.py:653} WARNING - No viable dags retrieved from /opt/airflow/dags/etl_processing.py
[2022-06-15 08:15:18,798] {processor.py:161} INFO - Processing /opt/airflow/dags/etl_processing.py took 0.449 seconds
[2022-06-15 08:15:51,691] {processor.py:153} INFO - Started process (PID=632) to work on /opt/airflow/dags/etl_processing.py
[2022-06-15 08:15:51,699] {processor.py:641} INFO - Processing file /opt/airflow/dags/etl_processing.py for tasks to queue
[2022-06-15 08:15:51,718] {logging_mixin.py:115} INFO - [2022-06-15 08:15:51,718] {dagbag.py:507} INFO - Filling up the DagBag from /opt/airflow/dags/etl_processing.py
[2022-06-15 08:15:51,894] {logging_mixin.py:115} INFO - [2022-06-15 08:15:51,848] {dagbag.py:320} ERROR - Failed to import: /opt/airflow/dags/etl_processing.py
Traceback (most recent call last):
  File "/home/airflow/.local/lib/python3.7/site-packages/airflow/models/dagbag.py", line 317, in parse
    loader.exec_module(new_module)
  File "<frozen importlib._bootstrap_external>", line 728, in exec_module
  File "<frozen importlib._bootstrap>", line 219, in _call_with_frames_removed
  File "/opt/airflow/dags/etl_processing.py", line 6, in <module>
    from dags.enviroment_connection import connect_db, query_fetchall_as_dictionary
ModuleNotFoundError: No module named 'dags'
[2022-06-15 08:15:51,897] {processor.py:653} WARNING - No viable dags retrieved from /opt/airflow/dags/etl_processing.py
[2022-06-15 08:15:52,040] {processor.py:161} INFO - Processing /opt/airflow/dags/etl_processing.py took 0.366 seconds
[2022-06-15 08:16:22,242] {processor.py:153} INFO - Started process (PID=686) to work on /opt/airflow/dags/etl_processing.py
[2022-06-15 08:16:22,248] {processor.py:641} INFO - Processing file /opt/airflow/dags/etl_processing.py for tasks to queue
[2022-06-15 08:16:22,267] {logging_mixin.py:115} INFO - [2022-06-15 08:16:22,267] {dagbag.py:507} INFO - Filling up the DagBag from /opt/airflow/dags/etl_processing.py
[2022-06-15 08:16:22,479] {logging_mixin.py:115} INFO - [2022-06-15 08:16:22,439] {dagbag.py:320} ERROR - Failed to import: /opt/airflow/dags/etl_processing.py
Traceback (most recent call last):
  File "/home/airflow/.local/lib/python3.7/site-packages/airflow/models/dagbag.py", line 317, in parse
    loader.exec_module(new_module)
  File "<frozen importlib._bootstrap_external>", line 728, in exec_module
  File "<frozen importlib._bootstrap>", line 219, in _call_with_frames_removed
  File "/opt/airflow/dags/etl_processing.py", line 6, in <module>
    from dags.enviroment_connection import connect_db, query_fetchall_as_dictionary
ModuleNotFoundError: No module named 'dags'
[2022-06-15 08:16:22,481] {processor.py:653} WARNING - No viable dags retrieved from /opt/airflow/dags/etl_processing.py
[2022-06-15 08:16:22,555] {processor.py:161} INFO - Processing /opt/airflow/dags/etl_processing.py took 0.329 seconds
[2022-06-15 08:16:53,469] {processor.py:153} INFO - Started process (PID=733) to work on /opt/airflow/dags/etl_processing.py
[2022-06-15 08:16:53,479] {processor.py:641} INFO - Processing file /opt/airflow/dags/etl_processing.py for tasks to queue
[2022-06-15 08:16:53,481] {logging_mixin.py:115} INFO - [2022-06-15 08:16:53,481] {dagbag.py:507} INFO - Filling up the DagBag from /opt/airflow/dags/etl_processing.py
[2022-06-15 08:16:53,598] {logging_mixin.py:115} INFO - [2022-06-15 08:16:53,568] {dagbag.py:320} ERROR - Failed to import: /opt/airflow/dags/etl_processing.py
Traceback (most recent call last):
  File "/home/airflow/.local/lib/python3.7/site-packages/airflow/models/dagbag.py", line 317, in parse
    loader.exec_module(new_module)
  File "<frozen importlib._bootstrap_external>", line 728, in exec_module
  File "<frozen importlib._bootstrap>", line 219, in _call_with_frames_removed
  File "/opt/airflow/dags/etl_processing.py", line 6, in <module>
    from dags.enviroment_connection import connect_db, query_fetchall_as_dictionary
ModuleNotFoundError: No module named 'dags'
[2022-06-15 08:16:53,609] {processor.py:653} WARNING - No viable dags retrieved from /opt/airflow/dags/etl_processing.py
[2022-06-15 08:16:53,721] {processor.py:161} INFO - Processing /opt/airflow/dags/etl_processing.py took 0.259 seconds
[2022-06-15 08:17:24,538] {processor.py:153} INFO - Started process (PID=787) to work on /opt/airflow/dags/etl_processing.py
[2022-06-15 08:17:24,551] {processor.py:641} INFO - Processing file /opt/airflow/dags/etl_processing.py for tasks to queue
[2022-06-15 08:17:24,564] {logging_mixin.py:115} INFO - [2022-06-15 08:17:24,563] {dagbag.py:507} INFO - Filling up the DagBag from /opt/airflow/dags/etl_processing.py
[2022-06-15 08:17:24,791] {logging_mixin.py:115} INFO - [2022-06-15 08:17:24,742] {dagbag.py:320} ERROR - Failed to import: /opt/airflow/dags/etl_processing.py
Traceback (most recent call last):
  File "/home/airflow/.local/lib/python3.7/site-packages/airflow/models/dagbag.py", line 317, in parse
    loader.exec_module(new_module)
  File "<frozen importlib._bootstrap_external>", line 728, in exec_module
  File "<frozen importlib._bootstrap>", line 219, in _call_with_frames_removed
  File "/opt/airflow/dags/etl_processing.py", line 6, in <module>
    from dags.enviroment_connection import connect_db, query_fetchall_as_dictionary
ModuleNotFoundError: No module named 'dags'
[2022-06-15 08:17:24,794] {processor.py:653} WARNING - No viable dags retrieved from /opt/airflow/dags/etl_processing.py
[2022-06-15 08:17:24,979] {processor.py:161} INFO - Processing /opt/airflow/dags/etl_processing.py took 0.460 seconds
[2022-06-15 08:17:55,454] {processor.py:153} INFO - Started process (PID=841) to work on /opt/airflow/dags/etl_processing.py
[2022-06-15 08:17:55,456] {processor.py:641} INFO - Processing file /opt/airflow/dags/etl_processing.py for tasks to queue
[2022-06-15 08:17:55,457] {logging_mixin.py:115} INFO - [2022-06-15 08:17:55,457] {dagbag.py:507} INFO - Filling up the DagBag from /opt/airflow/dags/etl_processing.py
[2022-06-15 08:17:55,693] {logging_mixin.py:115} INFO - [2022-06-15 08:17:55,525] {dagbag.py:320} ERROR - Failed to import: /opt/airflow/dags/etl_processing.py
Traceback (most recent call last):
  File "/home/airflow/.local/lib/python3.7/site-packages/airflow/models/dagbag.py", line 317, in parse
    loader.exec_module(new_module)
  File "<frozen importlib._bootstrap_external>", line 728, in exec_module
  File "<frozen importlib._bootstrap>", line 219, in _call_with_frames_removed
  File "/opt/airflow/dags/etl_processing.py", line 6, in <module>
    from dags.enviroment_connection import connect_db, query_fetchall_as_dictionary
ModuleNotFoundError: No module named 'dags'
[2022-06-15 08:17:55,696] {processor.py:653} WARNING - No viable dags retrieved from /opt/airflow/dags/etl_processing.py
[2022-06-15 08:17:55,810] {processor.py:161} INFO - Processing /opt/airflow/dags/etl_processing.py took 0.361 seconds
[2022-06-15 08:18:26,506] {processor.py:153} INFO - Started process (PID=895) to work on /opt/airflow/dags/etl_processing.py
[2022-06-15 08:18:26,519] {processor.py:641} INFO - Processing file /opt/airflow/dags/etl_processing.py for tasks to queue
[2022-06-15 08:18:26,530] {logging_mixin.py:115} INFO - [2022-06-15 08:18:26,530] {dagbag.py:507} INFO - Filling up the DagBag from /opt/airflow/dags/etl_processing.py
[2022-06-15 08:18:27,071] {logging_mixin.py:115} INFO - [2022-06-15 08:18:26,990] {dagbag.py:320} ERROR - Failed to import: /opt/airflow/dags/etl_processing.py
Traceback (most recent call last):
  File "/home/airflow/.local/lib/python3.7/site-packages/airflow/models/dagbag.py", line 317, in parse
    loader.exec_module(new_module)
  File "<frozen importlib._bootstrap_external>", line 728, in exec_module
  File "<frozen importlib._bootstrap>", line 219, in _call_with_frames_removed
  File "/opt/airflow/dags/etl_processing.py", line 6, in <module>
    from dags.enviroment_connection import connect_db, query_fetchall_as_dictionary
ModuleNotFoundError: No module named 'dags'
[2022-06-15 08:18:27,084] {processor.py:653} WARNING - No viable dags retrieved from /opt/airflow/dags/etl_processing.py
[2022-06-15 08:18:27,284] {processor.py:161} INFO - Processing /opt/airflow/dags/etl_processing.py took 0.783 seconds
[2022-06-15 08:18:57,408] {processor.py:153} INFO - Started process (PID=944) to work on /opt/airflow/dags/etl_processing.py
[2022-06-15 08:18:57,409] {processor.py:641} INFO - Processing file /opt/airflow/dags/etl_processing.py for tasks to queue
[2022-06-15 08:18:57,410] {logging_mixin.py:115} INFO - [2022-06-15 08:18:57,410] {dagbag.py:507} INFO - Filling up the DagBag from /opt/airflow/dags/etl_processing.py
[2022-06-15 08:18:57,534] {logging_mixin.py:115} INFO - [2022-06-15 08:18:57,519] {dagbag.py:320} ERROR - Failed to import: /opt/airflow/dags/etl_processing.py
Traceback (most recent call last):
  File "/home/airflow/.local/lib/python3.7/site-packages/airflow/models/dagbag.py", line 317, in parse
    loader.exec_module(new_module)
  File "<frozen importlib._bootstrap_external>", line 728, in exec_module
  File "<frozen importlib._bootstrap>", line 219, in _call_with_frames_removed
  File "/opt/airflow/dags/etl_processing.py", line 6, in <module>
    from dags.enviroment_connection import connect_db, query_fetchall_as_dictionary
ModuleNotFoundError: No module named 'dags'
[2022-06-15 08:18:57,536] {processor.py:653} WARNING - No viable dags retrieved from /opt/airflow/dags/etl_processing.py
[2022-06-15 08:18:57,628] {processor.py:161} INFO - Processing /opt/airflow/dags/etl_processing.py took 0.234 seconds
[2022-06-15 08:19:27,906] {processor.py:153} INFO - Started process (PID=1000) to work on /opt/airflow/dags/etl_processing.py
[2022-06-15 08:19:27,907] {processor.py:641} INFO - Processing file /opt/airflow/dags/etl_processing.py for tasks to queue
[2022-06-15 08:19:27,912] {logging_mixin.py:115} INFO - [2022-06-15 08:19:27,912] {dagbag.py:507} INFO - Filling up the DagBag from /opt/airflow/dags/etl_processing.py
[2022-06-15 08:19:27,947] {logging_mixin.py:115} INFO - [2022-06-15 08:19:27,941] {dagbag.py:320} ERROR - Failed to import: /opt/airflow/dags/etl_processing.py
Traceback (most recent call last):
  File "/home/airflow/.local/lib/python3.7/site-packages/airflow/models/dagbag.py", line 317, in parse
    loader.exec_module(new_module)
  File "<frozen importlib._bootstrap_external>", line 728, in exec_module
  File "<frozen importlib._bootstrap>", line 219, in _call_with_frames_removed
  File "/opt/airflow/dags/etl_processing.py", line 6, in <module>
    from dags.enviroment_connection import connect_db, query_fetchall_as_dictionary
ModuleNotFoundError: No module named 'dags'
[2022-06-15 08:19:27,949] {processor.py:653} WARNING - No viable dags retrieved from /opt/airflow/dags/etl_processing.py
[2022-06-15 08:19:28,002] {processor.py:161} INFO - Processing /opt/airflow/dags/etl_processing.py took 0.103 seconds
[2022-06-15 08:20:00,360] {processor.py:153} INFO - Started process (PID=1052) to work on /opt/airflow/dags/etl_processing.py
[2022-06-15 08:20:00,380] {processor.py:641} INFO - Processing file /opt/airflow/dags/etl_processing.py for tasks to queue
[2022-06-15 08:20:00,385] {logging_mixin.py:115} INFO - [2022-06-15 08:20:00,385] {dagbag.py:507} INFO - Filling up the DagBag from /opt/airflow/dags/etl_processing.py
[2022-06-15 08:20:00,855] {logging_mixin.py:115} INFO - [2022-06-15 08:20:00,836] {dagbag.py:320} ERROR - Failed to import: /opt/airflow/dags/etl_processing.py
Traceback (most recent call last):
  File "/home/airflow/.local/lib/python3.7/site-packages/airflow/models/dagbag.py", line 317, in parse
    loader.exec_module(new_module)
  File "<frozen importlib._bootstrap_external>", line 728, in exec_module
  File "<frozen importlib._bootstrap>", line 219, in _call_with_frames_removed
  File "/opt/airflow/dags/etl_processing.py", line 6, in <module>
    from dags.enviroment_connection import connect_db, query_fetchall_as_dictionary
ModuleNotFoundError: No module named 'dags'
[2022-06-15 08:20:00,885] {processor.py:653} WARNING - No viable dags retrieved from /opt/airflow/dags/etl_processing.py
[2022-06-15 08:20:01,016] {processor.py:161} INFO - Processing /opt/airflow/dags/etl_processing.py took 0.685 seconds
[2022-06-15 08:20:36,113] {processor.py:153} INFO - Started process (PID=1099) to work on /opt/airflow/dags/etl_processing.py
[2022-06-15 08:20:36,115] {processor.py:641} INFO - Processing file /opt/airflow/dags/etl_processing.py for tasks to queue
[2022-06-15 08:20:36,116] {logging_mixin.py:115} INFO - [2022-06-15 08:20:36,116] {dagbag.py:507} INFO - Filling up the DagBag from /opt/airflow/dags/etl_processing.py
[2022-06-15 08:20:36,154] {logging_mixin.py:115} INFO - [2022-06-15 08:20:36,147] {dagbag.py:320} ERROR - Failed to import: /opt/airflow/dags/etl_processing.py
Traceback (most recent call last):
  File "/home/airflow/.local/lib/python3.7/site-packages/airflow/models/dagbag.py", line 317, in parse
    loader.exec_module(new_module)
  File "<frozen importlib._bootstrap_external>", line 728, in exec_module
  File "<frozen importlib._bootstrap>", line 219, in _call_with_frames_removed
  File "/opt/airflow/dags/etl_processing.py", line 6, in <module>
    from dags.enviroment_connection import connect_db, query_fetchall_as_dictionary
ModuleNotFoundError: No module named 'dags'
[2022-06-15 08:20:36,156] {processor.py:653} WARNING - No viable dags retrieved from /opt/airflow/dags/etl_processing.py
[2022-06-15 08:20:36,235] {processor.py:161} INFO - Processing /opt/airflow/dags/etl_processing.py took 0.129 seconds
[2022-06-15 08:21:08,283] {processor.py:153} INFO - Started process (PID=1152) to work on /opt/airflow/dags/etl_processing.py
[2022-06-15 08:21:08,298] {processor.py:641} INFO - Processing file /opt/airflow/dags/etl_processing.py for tasks to queue
[2022-06-15 08:21:08,311] {logging_mixin.py:115} INFO - [2022-06-15 08:21:08,311] {dagbag.py:507} INFO - Filling up the DagBag from /opt/airflow/dags/etl_processing.py
[2022-06-15 08:21:09,037] {logging_mixin.py:115} INFO - [2022-06-15 08:21:08,912] {dagbag.py:320} ERROR - Failed to import: /opt/airflow/dags/etl_processing.py
Traceback (most recent call last):
  File "/home/airflow/.local/lib/python3.7/site-packages/airflow/models/dagbag.py", line 317, in parse
    loader.exec_module(new_module)
  File "<frozen importlib._bootstrap_external>", line 728, in exec_module
  File "<frozen importlib._bootstrap>", line 219, in _call_with_frames_removed
  File "/opt/airflow/dags/etl_processing.py", line 6, in <module>
    from dags.enviroment_connection import connect_db, query_fetchall_as_dictionary
ModuleNotFoundError: No module named 'dags'
[2022-06-15 08:21:09,056] {processor.py:653} WARNING - No viable dags retrieved from /opt/airflow/dags/etl_processing.py
[2022-06-15 08:21:09,296] {processor.py:161} INFO - Processing /opt/airflow/dags/etl_processing.py took 1.045 seconds
[2022-06-15 08:21:39,987] {processor.py:153} INFO - Started process (PID=1199) to work on /opt/airflow/dags/etl_processing.py
[2022-06-15 08:21:39,989] {processor.py:641} INFO - Processing file /opt/airflow/dags/etl_processing.py for tasks to queue
[2022-06-15 08:21:39,990] {logging_mixin.py:115} INFO - [2022-06-15 08:21:39,990] {dagbag.py:507} INFO - Filling up the DagBag from /opt/airflow/dags/etl_processing.py
[2022-06-15 08:21:40,015] {logging_mixin.py:115} INFO - [2022-06-15 08:21:40,011] {dagbag.py:320} ERROR - Failed to import: /opt/airflow/dags/etl_processing.py
Traceback (most recent call last):
  File "/home/airflow/.local/lib/python3.7/site-packages/airflow/models/dagbag.py", line 317, in parse
    loader.exec_module(new_module)
  File "<frozen importlib._bootstrap_external>", line 728, in exec_module
  File "<frozen importlib._bootstrap>", line 219, in _call_with_frames_removed
  File "/opt/airflow/dags/etl_processing.py", line 6, in <module>
    from dags.enviroment_connection import connect_db, query_fetchall_as_dictionary
ModuleNotFoundError: No module named 'dags'
[2022-06-15 08:21:40,017] {processor.py:653} WARNING - No viable dags retrieved from /opt/airflow/dags/etl_processing.py
[2022-06-15 08:21:40,065] {processor.py:161} INFO - Processing /opt/airflow/dags/etl_processing.py took 0.083 seconds
[2022-06-15 08:22:10,175] {processor.py:153} INFO - Started process (PID=1257) to work on /opt/airflow/dags/etl_processing.py
[2022-06-15 08:22:10,177] {processor.py:641} INFO - Processing file /opt/airflow/dags/etl_processing.py for tasks to queue
[2022-06-15 08:22:10,179] {logging_mixin.py:115} INFO - [2022-06-15 08:22:10,178] {dagbag.py:507} INFO - Filling up the DagBag from /opt/airflow/dags/etl_processing.py
[2022-06-15 08:22:10,213] {logging_mixin.py:115} INFO - [2022-06-15 08:22:10,208] {dagbag.py:320} ERROR - Failed to import: /opt/airflow/dags/etl_processing.py
Traceback (most recent call last):
  File "/home/airflow/.local/lib/python3.7/site-packages/airflow/models/dagbag.py", line 317, in parse
    loader.exec_module(new_module)
  File "<frozen importlib._bootstrap_external>", line 728, in exec_module
  File "<frozen importlib._bootstrap>", line 219, in _call_with_frames_removed
  File "/opt/airflow/dags/etl_processing.py", line 6, in <module>
    from dags.enviroment_connection import connect_db, query_fetchall_as_dictionary
ModuleNotFoundError: No module named 'dags'
[2022-06-15 08:22:10,222] {processor.py:653} WARNING - No viable dags retrieved from /opt/airflow/dags/etl_processing.py
[2022-06-15 08:22:10,266] {processor.py:161} INFO - Processing /opt/airflow/dags/etl_processing.py took 0.108 seconds
[2022-06-15 08:22:40,500] {processor.py:153} INFO - Started process (PID=1311) to work on /opt/airflow/dags/etl_processing.py
[2022-06-15 08:22:40,501] {processor.py:641} INFO - Processing file /opt/airflow/dags/etl_processing.py for tasks to queue
[2022-06-15 08:22:40,502] {logging_mixin.py:115} INFO - [2022-06-15 08:22:40,502] {dagbag.py:507} INFO - Filling up the DagBag from /opt/airflow/dags/etl_processing.py
[2022-06-15 08:22:40,541] {logging_mixin.py:115} INFO - [2022-06-15 08:22:40,533] {dagbag.py:320} ERROR - Failed to import: /opt/airflow/dags/etl_processing.py
Traceback (most recent call last):
  File "/home/airflow/.local/lib/python3.7/site-packages/airflow/models/dagbag.py", line 317, in parse
    loader.exec_module(new_module)
  File "<frozen importlib._bootstrap_external>", line 728, in exec_module
  File "<frozen importlib._bootstrap>", line 219, in _call_with_frames_removed
  File "/opt/airflow/dags/etl_processing.py", line 6, in <module>
    from dags.enviroment_connection import connect_db, query_fetchall_as_dictionary
ModuleNotFoundError: No module named 'dags'
[2022-06-15 08:22:40,545] {processor.py:653} WARNING - No viable dags retrieved from /opt/airflow/dags/etl_processing.py
[2022-06-15 08:22:40,610] {processor.py:161} INFO - Processing /opt/airflow/dags/etl_processing.py took 0.118 seconds
[2022-06-15 08:23:10,910] {processor.py:153} INFO - Started process (PID=1368) to work on /opt/airflow/dags/etl_processing.py
[2022-06-15 08:23:10,913] {processor.py:641} INFO - Processing file /opt/airflow/dags/etl_processing.py for tasks to queue
[2022-06-15 08:23:10,916] {logging_mixin.py:115} INFO - [2022-06-15 08:23:10,916] {dagbag.py:507} INFO - Filling up the DagBag from /opt/airflow/dags/etl_processing.py
[2022-06-15 08:23:11,036] {logging_mixin.py:115} INFO - [2022-06-15 08:23:10,994] {dagbag.py:320} ERROR - Failed to import: /opt/airflow/dags/etl_processing.py
Traceback (most recent call last):
  File "/home/airflow/.local/lib/python3.7/site-packages/airflow/models/dagbag.py", line 317, in parse
    loader.exec_module(new_module)
  File "<frozen importlib._bootstrap_external>", line 728, in exec_module
  File "<frozen importlib._bootstrap>", line 219, in _call_with_frames_removed
  File "/opt/airflow/dags/etl_processing.py", line 6, in <module>
    from dags.enviroment_connection import connect_db, query_fetchall_as_dictionary
ModuleNotFoundError: No module named 'dags'
[2022-06-15 08:23:11,074] {processor.py:653} WARNING - No viable dags retrieved from /opt/airflow/dags/etl_processing.py
[2022-06-15 08:23:11,246] {processor.py:161} INFO - Processing /opt/airflow/dags/etl_processing.py took 0.346 seconds
[2022-06-15 08:23:43,650] {processor.py:153} INFO - Started process (PID=1416) to work on /opt/airflow/dags/etl_processing.py
[2022-06-15 08:23:43,662] {processor.py:641} INFO - Processing file /opt/airflow/dags/etl_processing.py for tasks to queue
[2022-06-15 08:23:43,664] {logging_mixin.py:115} INFO - [2022-06-15 08:23:43,663] {dagbag.py:507} INFO - Filling up the DagBag from /opt/airflow/dags/etl_processing.py
[2022-06-15 08:23:43,876] {logging_mixin.py:115} INFO - [2022-06-15 08:23:43,795] {dagbag.py:320} ERROR - Failed to import: /opt/airflow/dags/etl_processing.py
Traceback (most recent call last):
  File "/home/airflow/.local/lib/python3.7/site-packages/airflow/models/dagbag.py", line 317, in parse
    loader.exec_module(new_module)
  File "<frozen importlib._bootstrap_external>", line 728, in exec_module
  File "<frozen importlib._bootstrap>", line 219, in _call_with_frames_removed
  File "/opt/airflow/dags/etl_processing.py", line 6, in <module>
    from dags.enviroment_connection import connect_db, query_fetchall_as_dictionary
ModuleNotFoundError: No module named 'dags'
[2022-06-15 08:23:43,891] {processor.py:653} WARNING - No viable dags retrieved from /opt/airflow/dags/etl_processing.py
[2022-06-15 08:23:44,022] {processor.py:161} INFO - Processing /opt/airflow/dags/etl_processing.py took 0.381 seconds
[2022-06-15 08:24:27,102] {processor.py:153} INFO - Started process (PID=1428) to work on /opt/airflow/dags/etl_processing.py
[2022-06-15 08:24:27,105] {processor.py:641} INFO - Processing file /opt/airflow/dags/etl_processing.py for tasks to queue
[2022-06-15 08:24:27,109] {logging_mixin.py:115} INFO - [2022-06-15 08:24:27,109] {dagbag.py:507} INFO - Filling up the DagBag from /opt/airflow/dags/etl_processing.py
[2022-06-15 08:24:27,377] {logging_mixin.py:115} INFO - [2022-06-15 08:24:27,196] {dagbag.py:320} ERROR - Failed to import: /opt/airflow/dags/etl_processing.py
Traceback (most recent call last):
  File "/home/airflow/.local/lib/python3.7/site-packages/airflow/models/dagbag.py", line 317, in parse
    loader.exec_module(new_module)
  File "<frozen importlib._bootstrap_external>", line 728, in exec_module
  File "<frozen importlib._bootstrap>", line 219, in _call_with_frames_removed
  File "/opt/airflow/dags/etl_processing.py", line 6, in <module>
    from dags.enviroment_connection import connect_db, query_fetchall_as_dictionary
ModuleNotFoundError: No module named 'dags'
[2022-06-15 08:24:27,380] {processor.py:653} WARNING - No viable dags retrieved from /opt/airflow/dags/etl_processing.py
[2022-06-15 08:24:27,452] {processor.py:161} INFO - Processing /opt/airflow/dags/etl_processing.py took 0.368 seconds
[2022-06-15 08:25:00,444] {processor.py:153} INFO - Started process (PID=1480) to work on /opt/airflow/dags/etl_processing.py
[2022-06-15 08:25:00,456] {processor.py:641} INFO - Processing file /opt/airflow/dags/etl_processing.py for tasks to queue
[2022-06-15 08:25:00,457] {logging_mixin.py:115} INFO - [2022-06-15 08:25:00,457] {dagbag.py:507} INFO - Filling up the DagBag from /opt/airflow/dags/etl_processing.py
[2022-06-15 08:25:00,530] {logging_mixin.py:115} INFO - [2022-06-15 08:25:00,523] {dagbag.py:320} ERROR - Failed to import: /opt/airflow/dags/etl_processing.py
Traceback (most recent call last):
  File "/home/airflow/.local/lib/python3.7/site-packages/airflow/models/dagbag.py", line 317, in parse
    loader.exec_module(new_module)
  File "<frozen importlib._bootstrap_external>", line 728, in exec_module
  File "<frozen importlib._bootstrap>", line 219, in _call_with_frames_removed
  File "/opt/airflow/dags/etl_processing.py", line 6, in <module>
    from dags.enviroment_connection import connect_db, query_fetchall_as_dictionary
ModuleNotFoundError: No module named 'dags'
[2022-06-15 08:25:00,537] {processor.py:653} WARNING - No viable dags retrieved from /opt/airflow/dags/etl_processing.py
[2022-06-15 08:25:01,101] {processor.py:161} INFO - Processing /opt/airflow/dags/etl_processing.py took 0.665 seconds
[2022-06-15 08:25:31,820] {processor.py:153} INFO - Started process (PID=1535) to work on /opt/airflow/dags/etl_processing.py
[2022-06-15 08:25:31,822] {processor.py:641} INFO - Processing file /opt/airflow/dags/etl_processing.py for tasks to queue
[2022-06-15 08:25:31,824] {logging_mixin.py:115} INFO - [2022-06-15 08:25:31,824] {dagbag.py:507} INFO - Filling up the DagBag from /opt/airflow/dags/etl_processing.py
[2022-06-15 08:25:31,970] {logging_mixin.py:115} INFO - [2022-06-15 08:25:31,959] {dagbag.py:320} ERROR - Failed to import: /opt/airflow/dags/etl_processing.py
Traceback (most recent call last):
  File "/home/airflow/.local/lib/python3.7/site-packages/airflow/models/dagbag.py", line 317, in parse
    loader.exec_module(new_module)
  File "<frozen importlib._bootstrap_external>", line 728, in exec_module
  File "<frozen importlib._bootstrap>", line 219, in _call_with_frames_removed
  File "/opt/airflow/dags/etl_processing.py", line 6, in <module>
    from dags.enviroment_connection import connect_db, query_fetchall_as_dictionary
ModuleNotFoundError: No module named 'dags'
[2022-06-15 08:25:31,976] {processor.py:653} WARNING - No viable dags retrieved from /opt/airflow/dags/etl_processing.py
[2022-06-15 08:25:32,107] {processor.py:161} INFO - Processing /opt/airflow/dags/etl_processing.py took 0.305 seconds
[2022-06-15 08:26:02,698] {processor.py:153} INFO - Started process (PID=1588) to work on /opt/airflow/dags/etl_processing.py
[2022-06-15 08:26:02,727] {processor.py:641} INFO - Processing file /opt/airflow/dags/etl_processing.py for tasks to queue
[2022-06-15 08:26:02,729] {logging_mixin.py:115} INFO - [2022-06-15 08:26:02,729] {dagbag.py:507} INFO - Filling up the DagBag from /opt/airflow/dags/etl_processing.py
[2022-06-15 08:26:03,032] {logging_mixin.py:115} INFO - [2022-06-15 08:26:03,015] {dagbag.py:320} ERROR - Failed to import: /opt/airflow/dags/etl_processing.py
Traceback (most recent call last):
  File "/home/airflow/.local/lib/python3.7/site-packages/airflow/models/dagbag.py", line 317, in parse
    loader.exec_module(new_module)
  File "<frozen importlib._bootstrap_external>", line 728, in exec_module
  File "<frozen importlib._bootstrap>", line 219, in _call_with_frames_removed
  File "/opt/airflow/dags/etl_processing.py", line 6, in <module>
    from dags.enviroment_connection import connect_db, query_fetchall_as_dictionary
ModuleNotFoundError: No module named 'dags'
[2022-06-15 08:26:03,065] {processor.py:653} WARNING - No viable dags retrieved from /opt/airflow/dags/etl_processing.py
[2022-06-15 08:26:03,321] {processor.py:161} INFO - Processing /opt/airflow/dags/etl_processing.py took 0.635 seconds
[2022-06-15 08:26:33,822] {processor.py:153} INFO - Started process (PID=1634) to work on /opt/airflow/dags/etl_processing.py
[2022-06-15 08:26:33,835] {processor.py:641} INFO - Processing file /opt/airflow/dags/etl_processing.py for tasks to queue
[2022-06-15 08:26:33,836] {logging_mixin.py:115} INFO - [2022-06-15 08:26:33,836] {dagbag.py:507} INFO - Filling up the DagBag from /opt/airflow/dags/etl_processing.py
[2022-06-15 08:26:33,887] {logging_mixin.py:115} INFO - [2022-06-15 08:26:33,877] {dagbag.py:320} ERROR - Failed to import: /opt/airflow/dags/etl_processing.py
Traceback (most recent call last):
  File "/home/airflow/.local/lib/python3.7/site-packages/airflow/models/dagbag.py", line 317, in parse
    loader.exec_module(new_module)
  File "<frozen importlib._bootstrap_external>", line 728, in exec_module
  File "<frozen importlib._bootstrap>", line 219, in _call_with_frames_removed
  File "/opt/airflow/dags/etl_processing.py", line 6, in <module>
    from dags.enviroment_connection import connect_db, query_fetchall_as_dictionary
ModuleNotFoundError: No module named 'dags'
[2022-06-15 08:26:33,901] {processor.py:653} WARNING - No viable dags retrieved from /opt/airflow/dags/etl_processing.py
[2022-06-15 08:26:35,105] {processor.py:161} INFO - Processing /opt/airflow/dags/etl_processing.py took 1.290 seconds
[2022-06-15 08:27:05,580] {processor.py:153} INFO - Started process (PID=1691) to work on /opt/airflow/dags/etl_processing.py
[2022-06-15 08:27:05,592] {processor.py:641} INFO - Processing file /opt/airflow/dags/etl_processing.py for tasks to queue
[2022-06-15 08:27:05,622] {logging_mixin.py:115} INFO - [2022-06-15 08:27:05,621] {dagbag.py:507} INFO - Filling up the DagBag from /opt/airflow/dags/etl_processing.py
[2022-06-15 08:27:05,776] {logging_mixin.py:115} INFO - [2022-06-15 08:27:05,759] {dagbag.py:320} ERROR - Failed to import: /opt/airflow/dags/etl_processing.py
Traceback (most recent call last):
  File "/home/airflow/.local/lib/python3.7/site-packages/airflow/models/dagbag.py", line 317, in parse
    loader.exec_module(new_module)
  File "<frozen importlib._bootstrap_external>", line 728, in exec_module
  File "<frozen importlib._bootstrap>", line 219, in _call_with_frames_removed
  File "/opt/airflow/dags/etl_processing.py", line 6, in <module>
    from dags.enviroment_connection import connect_db, query_fetchall_as_dictionary
ModuleNotFoundError: No module named 'dags'
[2022-06-15 08:27:05,782] {processor.py:653} WARNING - No viable dags retrieved from /opt/airflow/dags/etl_processing.py
[2022-06-15 08:27:05,857] {processor.py:161} INFO - Processing /opt/airflow/dags/etl_processing.py took 0.282 seconds
[2022-06-15 08:27:36,762] {processor.py:153} INFO - Started process (PID=1744) to work on /opt/airflow/dags/etl_processing.py
[2022-06-15 08:27:36,780] {processor.py:641} INFO - Processing file /opt/airflow/dags/etl_processing.py for tasks to queue
[2022-06-15 08:27:36,782] {logging_mixin.py:115} INFO - [2022-06-15 08:27:36,782] {dagbag.py:507} INFO - Filling up the DagBag from /opt/airflow/dags/etl_processing.py
[2022-06-15 08:27:36,933] {logging_mixin.py:115} INFO - [2022-06-15 08:27:36,929] {dagbag.py:320} ERROR - Failed to import: /opt/airflow/dags/etl_processing.py
Traceback (most recent call last):
  File "/home/airflow/.local/lib/python3.7/site-packages/airflow/models/dagbag.py", line 317, in parse
    loader.exec_module(new_module)
  File "<frozen importlib._bootstrap_external>", line 728, in exec_module
  File "<frozen importlib._bootstrap>", line 219, in _call_with_frames_removed
  File "/opt/airflow/dags/etl_processing.py", line 6, in <module>
    from dags.enviroment_connection import connect_db, query_fetchall_as_dictionary
ModuleNotFoundError: No module named 'dags'
[2022-06-15 08:27:36,935] {processor.py:653} WARNING - No viable dags retrieved from /opt/airflow/dags/etl_processing.py
[2022-06-15 08:27:37,052] {processor.py:161} INFO - Processing /opt/airflow/dags/etl_processing.py took 0.294 seconds
[2022-06-15 08:28:07,203] {processor.py:153} INFO - Started process (PID=1790) to work on /opt/airflow/dags/etl_processing.py
[2022-06-15 08:28:07,229] {processor.py:641} INFO - Processing file /opt/airflow/dags/etl_processing.py for tasks to queue
[2022-06-15 08:28:07,230] {logging_mixin.py:115} INFO - [2022-06-15 08:28:07,230] {dagbag.py:507} INFO - Filling up the DagBag from /opt/airflow/dags/etl_processing.py
[2022-06-15 08:28:07,321] {logging_mixin.py:115} INFO - [2022-06-15 08:28:07,307] {dagbag.py:320} ERROR - Failed to import: /opt/airflow/dags/etl_processing.py
Traceback (most recent call last):
  File "/home/airflow/.local/lib/python3.7/site-packages/airflow/models/dagbag.py", line 317, in parse
    loader.exec_module(new_module)
  File "<frozen importlib._bootstrap_external>", line 728, in exec_module
  File "<frozen importlib._bootstrap>", line 219, in _call_with_frames_removed
  File "/opt/airflow/dags/etl_processing.py", line 6, in <module>
    from dags.enviroment_connection import connect_db, query_fetchall_as_dictionary
ModuleNotFoundError: No module named 'dags'
[2022-06-15 08:28:07,329] {processor.py:653} WARNING - No viable dags retrieved from /opt/airflow/dags/etl_processing.py
[2022-06-15 08:28:07,479] {processor.py:161} INFO - Processing /opt/airflow/dags/etl_processing.py took 0.285 seconds
[2022-06-15 08:28:37,870] {processor.py:153} INFO - Started process (PID=1846) to work on /opt/airflow/dags/etl_processing.py
[2022-06-15 08:28:37,888] {processor.py:641} INFO - Processing file /opt/airflow/dags/etl_processing.py for tasks to queue
[2022-06-15 08:28:37,901] {logging_mixin.py:115} INFO - [2022-06-15 08:28:37,900] {dagbag.py:507} INFO - Filling up the DagBag from /opt/airflow/dags/etl_processing.py
[2022-06-15 08:28:37,964] {logging_mixin.py:115} INFO - [2022-06-15 08:28:37,958] {dagbag.py:320} ERROR - Failed to import: /opt/airflow/dags/etl_processing.py
Traceback (most recent call last):
  File "/home/airflow/.local/lib/python3.7/site-packages/airflow/models/dagbag.py", line 317, in parse
    loader.exec_module(new_module)
  File "<frozen importlib._bootstrap_external>", line 728, in exec_module
  File "<frozen importlib._bootstrap>", line 219, in _call_with_frames_removed
  File "/opt/airflow/dags/etl_processing.py", line 6, in <module>
    from dags.enviroment_connection import connect_db, query_fetchall_as_dictionary
ModuleNotFoundError: No module named 'dags'
[2022-06-15 08:28:37,976] {processor.py:653} WARNING - No viable dags retrieved from /opt/airflow/dags/etl_processing.py
[2022-06-15 08:28:38,076] {processor.py:161} INFO - Processing /opt/airflow/dags/etl_processing.py took 0.222 seconds
[2022-06-15 08:29:16,263] {processor.py:153} INFO - Started process (PID=1901) to work on /opt/airflow/dags/etl_processing.py
[2022-06-15 08:29:16,265] {processor.py:641} INFO - Processing file /opt/airflow/dags/etl_processing.py for tasks to queue
[2022-06-15 08:29:16,267] {logging_mixin.py:115} INFO - [2022-06-15 08:29:16,267] {dagbag.py:507} INFO - Filling up the DagBag from /opt/airflow/dags/etl_processing.py
[2022-06-15 08:29:16,338] {logging_mixin.py:115} INFO - [2022-06-15 08:29:16,332] {dagbag.py:320} ERROR - Failed to import: /opt/airflow/dags/etl_processing.py
Traceback (most recent call last):
  File "/home/airflow/.local/lib/python3.7/site-packages/airflow/models/dagbag.py", line 317, in parse
    loader.exec_module(new_module)
  File "<frozen importlib._bootstrap_external>", line 728, in exec_module
  File "<frozen importlib._bootstrap>", line 219, in _call_with_frames_removed
  File "/opt/airflow/dags/etl_processing.py", line 6, in <module>
    from dags.enviroment_connection import connect_db, query_fetchall_as_dictionary
ModuleNotFoundError: No module named 'dags'
[2022-06-15 08:29:16,341] {processor.py:653} WARNING - No viable dags retrieved from /opt/airflow/dags/etl_processing.py
[2022-06-15 08:29:16,462] {processor.py:161} INFO - Processing /opt/airflow/dags/etl_processing.py took 0.204 seconds
[2022-06-15 08:29:46,934] {processor.py:153} INFO - Started process (PID=1957) to work on /opt/airflow/dags/etl_processing.py
[2022-06-15 08:29:46,936] {processor.py:641} INFO - Processing file /opt/airflow/dags/etl_processing.py for tasks to queue
[2022-06-15 08:29:46,937] {logging_mixin.py:115} INFO - [2022-06-15 08:29:46,937] {dagbag.py:507} INFO - Filling up the DagBag from /opt/airflow/dags/etl_processing.py
[2022-06-15 08:29:46,959] {logging_mixin.py:115} INFO - [2022-06-15 08:29:46,955] {dagbag.py:320} ERROR - Failed to import: /opt/airflow/dags/etl_processing.py
Traceback (most recent call last):
  File "/home/airflow/.local/lib/python3.7/site-packages/airflow/models/dagbag.py", line 317, in parse
    loader.exec_module(new_module)
  File "<frozen importlib._bootstrap_external>", line 728, in exec_module
  File "<frozen importlib._bootstrap>", line 219, in _call_with_frames_removed
  File "/opt/airflow/dags/etl_processing.py", line 6, in <module>
    from dags.enviroment_connection import connect_db, query_fetchall_as_dictionary
ModuleNotFoundError: No module named 'dags'
[2022-06-15 08:29:46,961] {processor.py:653} WARNING - No viable dags retrieved from /opt/airflow/dags/etl_processing.py
[2022-06-15 08:29:46,996] {processor.py:161} INFO - Processing /opt/airflow/dags/etl_processing.py took 0.065 seconds
[2022-06-15 08:30:18,696] {processor.py:153} INFO - Started process (PID=2008) to work on /opt/airflow/dags/etl_processing.py
[2022-06-15 08:30:18,704] {processor.py:641} INFO - Processing file /opt/airflow/dags/etl_processing.py for tasks to queue
[2022-06-15 08:30:18,710] {logging_mixin.py:115} INFO - [2022-06-15 08:30:18,708] {dagbag.py:507} INFO - Filling up the DagBag from /opt/airflow/dags/etl_processing.py
[2022-06-15 08:30:18,954] {logging_mixin.py:115} INFO - [2022-06-15 08:30:18,854] {dagbag.py:320} ERROR - Failed to import: /opt/airflow/dags/etl_processing.py
Traceback (most recent call last):
  File "/home/airflow/.local/lib/python3.7/site-packages/airflow/models/dagbag.py", line 317, in parse
    loader.exec_module(new_module)
  File "<frozen importlib._bootstrap_external>", line 728, in exec_module
  File "<frozen importlib._bootstrap>", line 219, in _call_with_frames_removed
  File "/opt/airflow/dags/etl_processing.py", line 6, in <module>
    from dags.enviroment_connection import connect_db, query_fetchall_as_dictionary
ModuleNotFoundError: No module named 'dags'
[2022-06-15 08:30:19,018] {processor.py:653} WARNING - No viable dags retrieved from /opt/airflow/dags/etl_processing.py
[2022-06-15 08:30:19,100] {processor.py:161} INFO - Processing /opt/airflow/dags/etl_processing.py took 0.411 seconds
[2022-06-15 08:30:50,655] {processor.py:153} INFO - Started process (PID=2062) to work on /opt/airflow/dags/etl_processing.py
[2022-06-15 08:30:50,657] {processor.py:641} INFO - Processing file /opt/airflow/dags/etl_processing.py for tasks to queue
[2022-06-15 08:30:50,659] {logging_mixin.py:115} INFO - [2022-06-15 08:30:50,659] {dagbag.py:507} INFO - Filling up the DagBag from /opt/airflow/dags/etl_processing.py
[2022-06-15 08:30:50,711] {logging_mixin.py:115} INFO - [2022-06-15 08:30:50,694] {dagbag.py:320} ERROR - Failed to import: /opt/airflow/dags/etl_processing.py
Traceback (most recent call last):
  File "/home/airflow/.local/lib/python3.7/site-packages/airflow/models/dagbag.py", line 317, in parse
    loader.exec_module(new_module)
  File "<frozen importlib._bootstrap_external>", line 728, in exec_module
  File "<frozen importlib._bootstrap>", line 219, in _call_with_frames_removed
  File "/opt/airflow/dags/etl_processing.py", line 6, in <module>
    from dags.enviroment_connection import connect_db, query_fetchall_as_dictionary
ModuleNotFoundError: No module named 'dags'
[2022-06-15 08:30:50,726] {processor.py:653} WARNING - No viable dags retrieved from /opt/airflow/dags/etl_processing.py
[2022-06-15 08:30:50,891] {processor.py:161} INFO - Processing /opt/airflow/dags/etl_processing.py took 0.278 seconds
[2022-06-15 08:31:21,166] {processor.py:153} INFO - Started process (PID=2105) to work on /opt/airflow/dags/etl_processing.py
[2022-06-15 08:31:21,168] {processor.py:641} INFO - Processing file /opt/airflow/dags/etl_processing.py for tasks to queue
[2022-06-15 08:31:21,169] {logging_mixin.py:115} INFO - [2022-06-15 08:31:21,169] {dagbag.py:507} INFO - Filling up the DagBag from /opt/airflow/dags/etl_processing.py
[2022-06-15 08:31:21,199] {logging_mixin.py:115} INFO - [2022-06-15 08:31:21,192] {dagbag.py:320} ERROR - Failed to import: /opt/airflow/dags/etl_processing.py
Traceback (most recent call last):
  File "/home/airflow/.local/lib/python3.7/site-packages/airflow/models/dagbag.py", line 317, in parse
    loader.exec_module(new_module)
  File "<frozen importlib._bootstrap_external>", line 728, in exec_module
  File "<frozen importlib._bootstrap>", line 219, in _call_with_frames_removed
  File "/opt/airflow/dags/etl_processing.py", line 6, in <module>
    from dags.enviroment_connection import connect_db, query_fetchall_as_dictionary
ModuleNotFoundError: No module named 'dags'
[2022-06-15 08:31:21,201] {processor.py:653} WARNING - No viable dags retrieved from /opt/airflow/dags/etl_processing.py
[2022-06-15 08:31:21,251] {processor.py:161} INFO - Processing /opt/airflow/dags/etl_processing.py took 0.089 seconds
[2022-06-15 08:31:50,928] {processor.py:153} INFO - Started process (PID=2159) to work on /opt/airflow/dags/etl_processing.py
[2022-06-15 08:31:50,929] {processor.py:641} INFO - Processing file /opt/airflow/dags/etl_processing.py for tasks to queue
[2022-06-15 08:31:50,931] {logging_mixin.py:115} INFO - [2022-06-15 08:31:50,931] {dagbag.py:507} INFO - Filling up the DagBag from /opt/airflow/dags/etl_processing.py
[2022-06-15 08:31:50,993] {logging_mixin.py:115} INFO - [2022-06-15 08:31:50,987] {dagbag.py:320} ERROR - Failed to import: /opt/airflow/dags/etl_processing.py
Traceback (most recent call last):
  File "/home/airflow/.local/lib/python3.7/site-packages/airflow/models/dagbag.py", line 317, in parse
    loader.exec_module(new_module)
  File "<frozen importlib._bootstrap_external>", line 728, in exec_module
  File "<frozen importlib._bootstrap>", line 219, in _call_with_frames_removed
  File "/opt/airflow/dags/etl_processing.py", line 6, in <module>
    from dags.enviroment_connection import connect_db, query_fetchall_as_dictionary
ModuleNotFoundError: No module named 'dags'
[2022-06-15 08:31:50,996] {processor.py:653} WARNING - No viable dags retrieved from /opt/airflow/dags/etl_processing.py
[2022-06-15 08:31:59,960] {processor.py:161} INFO - Processing /opt/airflow/dags/etl_processing.py took 9.038 seconds
[2022-06-15 08:32:34,535] {processor.py:153} INFO - Started process (PID=2213) to work on /opt/airflow/dags/etl_processing.py
[2022-06-15 08:32:34,551] {processor.py:641} INFO - Processing file /opt/airflow/dags/etl_processing.py for tasks to queue
[2022-06-15 08:32:34,555] {logging_mixin.py:115} INFO - [2022-06-15 08:32:34,555] {dagbag.py:507} INFO - Filling up the DagBag from /opt/airflow/dags/etl_processing.py
[2022-06-15 08:32:34,875] {logging_mixin.py:115} INFO - [2022-06-15 08:32:34,728] {dagbag.py:320} ERROR - Failed to import: /opt/airflow/dags/etl_processing.py
Traceback (most recent call last):
  File "/home/airflow/.local/lib/python3.7/site-packages/airflow/models/dagbag.py", line 317, in parse
    loader.exec_module(new_module)
  File "<frozen importlib._bootstrap_external>", line 728, in exec_module
  File "<frozen importlib._bootstrap>", line 219, in _call_with_frames_removed
  File "/opt/airflow/dags/etl_processing.py", line 6, in <module>
    from dags.enviroment_connection import connect_db, query_fetchall_as_dictionary
ModuleNotFoundError: No module named 'dags'
[2022-06-15 08:32:34,878] {processor.py:653} WARNING - No viable dags retrieved from /opt/airflow/dags/etl_processing.py
[2022-06-15 08:32:35,131] {processor.py:161} INFO - Processing /opt/airflow/dags/etl_processing.py took 0.629 seconds
[2022-06-15 08:33:06,096] {processor.py:153} INFO - Started process (PID=2269) to work on /opt/airflow/dags/etl_processing.py
[2022-06-15 08:33:06,098] {processor.py:641} INFO - Processing file /opt/airflow/dags/etl_processing.py for tasks to queue
[2022-06-15 08:33:06,099] {logging_mixin.py:115} INFO - [2022-06-15 08:33:06,099] {dagbag.py:507} INFO - Filling up the DagBag from /opt/airflow/dags/etl_processing.py
[2022-06-15 08:33:06,143] {logging_mixin.py:115} INFO - [2022-06-15 08:33:06,137] {dagbag.py:320} ERROR - Failed to import: /opt/airflow/dags/etl_processing.py
Traceback (most recent call last):
  File "/home/airflow/.local/lib/python3.7/site-packages/airflow/models/dagbag.py", line 317, in parse
    loader.exec_module(new_module)
  File "<frozen importlib._bootstrap_external>", line 728, in exec_module
  File "<frozen importlib._bootstrap>", line 219, in _call_with_frames_removed
  File "/opt/airflow/dags/etl_processing.py", line 6, in <module>
    from dags.enviroment_connection import connect_db, query_fetchall_as_dictionary
ModuleNotFoundError: No module named 'dags'
[2022-06-15 08:33:06,145] {processor.py:653} WARNING - No viable dags retrieved from /opt/airflow/dags/etl_processing.py
[2022-06-15 08:33:06,227] {processor.py:161} INFO - Processing /opt/airflow/dags/etl_processing.py took 0.137 seconds
[2022-06-15 08:33:36,427] {processor.py:153} INFO - Started process (PID=2323) to work on /opt/airflow/dags/etl_processing.py
[2022-06-15 08:33:36,428] {processor.py:641} INFO - Processing file /opt/airflow/dags/etl_processing.py for tasks to queue
[2022-06-15 08:33:36,430] {logging_mixin.py:115} INFO - [2022-06-15 08:33:36,430] {dagbag.py:507} INFO - Filling up the DagBag from /opt/airflow/dags/etl_processing.py
[2022-06-15 08:33:36,648] {logging_mixin.py:115} INFO - [2022-06-15 08:33:36,579] {dagbag.py:320} ERROR - Failed to import: /opt/airflow/dags/etl_processing.py
Traceback (most recent call last):
  File "/home/airflow/.local/lib/python3.7/site-packages/airflow/models/dagbag.py", line 317, in parse
    loader.exec_module(new_module)
  File "<frozen importlib._bootstrap_external>", line 728, in exec_module
  File "<frozen importlib._bootstrap>", line 219, in _call_with_frames_removed
  File "/opt/airflow/dags/etl_processing.py", line 6, in <module>
    from dags.enviroment_connection import connect_db, query_fetchall_as_dictionary
ModuleNotFoundError: No module named 'dags'
[2022-06-15 08:33:36,734] {processor.py:653} WARNING - No viable dags retrieved from /opt/airflow/dags/etl_processing.py
[2022-06-15 08:33:36,898] {processor.py:161} INFO - Processing /opt/airflow/dags/etl_processing.py took 0.489 seconds
[2022-06-15 08:34:07,171] {processor.py:153} INFO - Started process (PID=2369) to work on /opt/airflow/dags/etl_processing.py
[2022-06-15 08:34:07,176] {processor.py:641} INFO - Processing file /opt/airflow/dags/etl_processing.py for tasks to queue
[2022-06-15 08:34:07,197] {logging_mixin.py:115} INFO - [2022-06-15 08:34:07,197] {dagbag.py:507} INFO - Filling up the DagBag from /opt/airflow/dags/etl_processing.py
[2022-06-15 08:34:07,261] {logging_mixin.py:115} INFO - [2022-06-15 08:34:07,254] {dagbag.py:320} ERROR - Failed to import: /opt/airflow/dags/etl_processing.py
Traceback (most recent call last):
  File "/home/airflow/.local/lib/python3.7/site-packages/airflow/models/dagbag.py", line 317, in parse
    loader.exec_module(new_module)
  File "<frozen importlib._bootstrap_external>", line 728, in exec_module
  File "<frozen importlib._bootstrap>", line 219, in _call_with_frames_removed
  File "/opt/airflow/dags/etl_processing.py", line 6, in <module>
    from dags.enviroment_connection import connect_db, query_fetchall_as_dictionary
ModuleNotFoundError: No module named 'dags'
[2022-06-15 08:34:07,265] {processor.py:653} WARNING - No viable dags retrieved from /opt/airflow/dags/etl_processing.py
[2022-06-15 08:34:07,334] {processor.py:161} INFO - Processing /opt/airflow/dags/etl_processing.py took 0.169 seconds
[2022-06-15 08:34:43,710] {processor.py:153} INFO - Started process (PID=2395) to work on /opt/airflow/dags/etl_processing.py
[2022-06-15 08:34:43,756] {processor.py:641} INFO - Processing file /opt/airflow/dags/etl_processing.py for tasks to queue
[2022-06-15 08:34:43,772] {logging_mixin.py:115} INFO - [2022-06-15 08:34:43,772] {dagbag.py:507} INFO - Filling up the DagBag from /opt/airflow/dags/etl_processing.py
[2022-06-15 08:34:44,936] {logging_mixin.py:115} INFO - [2022-06-15 08:34:44,790] {dagbag.py:320} ERROR - Failed to import: /opt/airflow/dags/etl_processing.py
Traceback (most recent call last):
  File "/home/airflow/.local/lib/python3.7/site-packages/airflow/models/dagbag.py", line 317, in parse
    loader.exec_module(new_module)
  File "<frozen importlib._bootstrap_external>", line 728, in exec_module
  File "<frozen importlib._bootstrap>", line 219, in _call_with_frames_removed
  File "/opt/airflow/dags/etl_processing.py", line 5, in <module>
    from dags.enviroment_connection import connect_db
ModuleNotFoundError: No module named 'dags'
[2022-06-15 08:34:45,004] {processor.py:653} WARNING - No viable dags retrieved from /opt/airflow/dags/etl_processing.py
[2022-06-15 08:34:47,216] {processor.py:161} INFO - Processing /opt/airflow/dags/etl_processing.py took 3.557 seconds
[2022-06-15 08:35:17,813] {processor.py:153} INFO - Started process (PID=2445) to work on /opt/airflow/dags/etl_processing.py
[2022-06-15 08:35:17,819] {processor.py:641} INFO - Processing file /opt/airflow/dags/etl_processing.py for tasks to queue
[2022-06-15 08:35:17,824] {logging_mixin.py:115} INFO - [2022-06-15 08:35:17,824] {dagbag.py:507} INFO - Filling up the DagBag from /opt/airflow/dags/etl_processing.py
[2022-06-15 08:35:17,873] {logging_mixin.py:115} INFO - [2022-06-15 08:35:17,860] {dagbag.py:320} ERROR - Failed to import: /opt/airflow/dags/etl_processing.py
Traceback (most recent call last):
  File "/home/airflow/.local/lib/python3.7/site-packages/airflow/models/dagbag.py", line 317, in parse
    loader.exec_module(new_module)
  File "<frozen importlib._bootstrap_external>", line 728, in exec_module
  File "<frozen importlib._bootstrap>", line 219, in _call_with_frames_removed
  File "/opt/airflow/dags/etl_processing.py", line 5, in <module>
    from dags.enviroment_connection import connect_db
ModuleNotFoundError: No module named 'dags'
[2022-06-15 08:35:17,875] {processor.py:653} WARNING - No viable dags retrieved from /opt/airflow/dags/etl_processing.py
[2022-06-15 08:35:17,951] {processor.py:161} INFO - Processing /opt/airflow/dags/etl_processing.py took 0.144 seconds
[2022-06-15 08:35:46,092] {processor.py:153} INFO - Started process (PID=2496) to work on /opt/airflow/dags/etl_processing.py
[2022-06-15 08:35:46,095] {processor.py:641} INFO - Processing file /opt/airflow/dags/etl_processing.py for tasks to queue
[2022-06-15 08:35:46,097] {logging_mixin.py:115} INFO - [2022-06-15 08:35:46,096] {dagbag.py:507} INFO - Filling up the DagBag from /opt/airflow/dags/etl_processing.py
[2022-06-15 08:35:46,245] {logging_mixin.py:115} INFO - [2022-06-15 08:35:46,236] {dagbag.py:320} ERROR - Failed to import: /opt/airflow/dags/etl_processing.py
Traceback (most recent call last):
  File "/home/airflow/.local/lib/python3.7/site-packages/airflow/models/dagbag.py", line 317, in parse
    loader.exec_module(new_module)
  File "<frozen importlib._bootstrap_external>", line 728, in exec_module
  File "<frozen importlib._bootstrap>", line 219, in _call_with_frames_removed
  File "/opt/airflow/dags/etl_processing.py", line 5, in <module>
    import dags.enviroment_connection
ModuleNotFoundError: No module named 'dags'
[2022-06-15 08:35:46,247] {processor.py:653} WARNING - No viable dags retrieved from /opt/airflow/dags/etl_processing.py
[2022-06-15 08:35:46,341] {processor.py:161} INFO - Processing /opt/airflow/dags/etl_processing.py took 0.260 seconds
[2022-06-15 08:35:55,890] {processor.py:153} INFO - Started process (PID=2507) to work on /opt/airflow/dags/etl_processing.py
[2022-06-15 08:35:55,894] {processor.py:641} INFO - Processing file /opt/airflow/dags/etl_processing.py for tasks to queue
[2022-06-15 08:35:55,896] {logging_mixin.py:115} INFO - [2022-06-15 08:35:55,896] {dagbag.py:507} INFO - Filling up the DagBag from /opt/airflow/dags/etl_processing.py
[2022-06-15 08:35:56,034] {logging_mixin.py:115} INFO - [2022-06-15 08:35:56,019] {dagbag.py:320} ERROR - Failed to import: /opt/airflow/dags/etl_processing.py
Traceback (most recent call last):
  File "/home/airflow/.local/lib/python3.7/site-packages/airflow/models/dagbag.py", line 317, in parse
    loader.exec_module(new_module)
  File "<frozen importlib._bootstrap_external>", line 728, in exec_module
  File "<frozen importlib._bootstrap>", line 219, in _call_with_frames_removed
  File "/opt/airflow/dags/etl_processing.py", line 5, in <module>
    import dags.enviroment_connection
ModuleNotFoundError: No module named 'dags'
[2022-06-15 08:35:56,039] {processor.py:653} WARNING - No viable dags retrieved from /opt/airflow/dags/etl_processing.py
[2022-06-15 08:35:56,212] {processor.py:161} INFO - Processing /opt/airflow/dags/etl_processing.py took 0.329 seconds
[2022-06-15 08:35:57,847] {processor.py:153} INFO - Started process (PID=2516) to work on /opt/airflow/dags/etl_processing.py
[2022-06-15 08:35:57,957] {processor.py:641} INFO - Processing file /opt/airflow/dags/etl_processing.py for tasks to queue
[2022-06-15 08:35:57,960] {logging_mixin.py:115} INFO - [2022-06-15 08:35:57,959] {dagbag.py:507} INFO - Filling up the DagBag from /opt/airflow/dags/etl_processing.py
[2022-06-15 08:35:58,358] {logging_mixin.py:115} INFO - [2022-06-15 08:35:58,312] {dagbag.py:320} ERROR - Failed to import: /opt/airflow/dags/etl_processing.py
Traceback (most recent call last):
  File "/home/airflow/.local/lib/python3.7/site-packages/airflow/models/dagbag.py", line 317, in parse
    loader.exec_module(new_module)
  File "<frozen importlib._bootstrap_external>", line 728, in exec_module
  File "<frozen importlib._bootstrap>", line 219, in _call_with_frames_removed
  File "/opt/airflow/dags/etl_processing.py", line 5, in <module>
    import dags.enviroment_connection
ModuleNotFoundError: No module named 'dags'
[2022-06-15 08:35:58,360] {processor.py:653} WARNING - No viable dags retrieved from /opt/airflow/dags/etl_processing.py
[2022-06-15 08:35:59,504] {processor.py:161} INFO - Processing /opt/airflow/dags/etl_processing.py took 1.692 seconds
[2022-06-15 08:36:04,287] {processor.py:153} INFO - Started process (PID=2522) to work on /opt/airflow/dags/etl_processing.py
[2022-06-15 08:36:04,289] {processor.py:641} INFO - Processing file /opt/airflow/dags/etl_processing.py for tasks to queue
[2022-06-15 08:36:04,290] {logging_mixin.py:115} INFO - [2022-06-15 08:36:04,290] {dagbag.py:507} INFO - Filling up the DagBag from /opt/airflow/dags/etl_processing.py
[2022-06-15 08:36:04,355] {logging_mixin.py:115} INFO - [2022-06-15 08:36:04,340] {dagbag.py:320} ERROR - Failed to import: /opt/airflow/dags/etl_processing.py
Traceback (most recent call last):
  File "/home/airflow/.local/lib/python3.7/site-packages/airflow/models/dagbag.py", line 317, in parse
    loader.exec_module(new_module)
  File "<frozen importlib._bootstrap_external>", line 728, in exec_module
  File "<frozen importlib._bootstrap>", line 219, in _call_with_frames_removed
  File "/opt/airflow/dags/etl_processing.py", line 5, in <module>
    import dags.enviroment_connection
ModuleNotFoundError: No module named 'dags'
[2022-06-15 08:36:04,357] {processor.py:653} WARNING - No viable dags retrieved from /opt/airflow/dags/etl_processing.py
[2022-06-15 08:36:04,525] {processor.py:161} INFO - Processing /opt/airflow/dags/etl_processing.py took 0.263 seconds
[2022-06-15 08:36:38,229] {processor.py:153} INFO - Started process (PID=2578) to work on /opt/airflow/dags/etl_processing.py
[2022-06-15 08:36:38,241] {processor.py:641} INFO - Processing file /opt/airflow/dags/etl_processing.py for tasks to queue
[2022-06-15 08:36:38,244] {logging_mixin.py:115} INFO - [2022-06-15 08:36:38,244] {dagbag.py:507} INFO - Filling up the DagBag from /opt/airflow/dags/etl_processing.py
[2022-06-15 08:36:38,681] {logging_mixin.py:115} INFO - [2022-06-15 08:36:38,549] {dagbag.py:320} ERROR - Failed to import: /opt/airflow/dags/etl_processing.py
Traceback (most recent call last):
  File "/home/airflow/.local/lib/python3.7/site-packages/airflow/models/dagbag.py", line 317, in parse
    loader.exec_module(new_module)
  File "<frozen importlib._bootstrap_external>", line 728, in exec_module
  File "<frozen importlib._bootstrap>", line 219, in _call_with_frames_removed
  File "/opt/airflow/dags/etl_processing.py", line 5, in <module>
    import dags.enviroment_connection
ModuleNotFoundError: No module named 'dags'
[2022-06-15 08:36:38,695] {processor.py:653} WARNING - No viable dags retrieved from /opt/airflow/dags/etl_processing.py
[2022-06-15 08:36:39,711] {processor.py:161} INFO - Processing /opt/airflow/dags/etl_processing.py took 1.500 seconds
[2022-06-15 08:36:41,839] {processor.py:153} INFO - Started process (PID=2584) to work on /opt/airflow/dags/etl_processing.py
[2022-06-15 08:36:41,853] {processor.py:641} INFO - Processing file /opt/airflow/dags/etl_processing.py for tasks to queue
[2022-06-15 08:36:41,867] {logging_mixin.py:115} INFO - [2022-06-15 08:36:41,867] {dagbag.py:507} INFO - Filling up the DagBag from /opt/airflow/dags/etl_processing.py
[2022-06-15 08:36:42,309] {logging_mixin.py:115} INFO - [2022-06-15 08:36:42,298] {dagbag.py:320} ERROR - Failed to import: /opt/airflow/dags/etl_processing.py
Traceback (most recent call last):
  File "/home/airflow/.local/lib/python3.7/site-packages/airflow/models/dagbag.py", line 317, in parse
    loader.exec_module(new_module)
  File "<frozen importlib._bootstrap_external>", line 728, in exec_module
  File "<frozen importlib._bootstrap>", line 219, in _call_with_frames_removed
  File "/opt/airflow/dags/etl_processing.py", line 5, in <module>
    import dags.enviroment_connection
ModuleNotFoundError: No module named 'dags'
[2022-06-15 08:36:42,312] {processor.py:653} WARNING - No viable dags retrieved from /opt/airflow/dags/etl_processing.py
[2022-06-15 08:36:42,434] {processor.py:161} INFO - Processing /opt/airflow/dags/etl_processing.py took 0.615 seconds
[2022-06-15 08:36:46,332] {processor.py:153} INFO - Started process (PID=2594) to work on /opt/airflow/dags/etl_processing.py
[2022-06-15 08:36:46,335] {processor.py:641} INFO - Processing file /opt/airflow/dags/etl_processing.py for tasks to queue
[2022-06-15 08:36:46,346] {logging_mixin.py:115} INFO - [2022-06-15 08:36:46,346] {dagbag.py:507} INFO - Filling up the DagBag from /opt/airflow/dags/etl_processing.py
[2022-06-15 08:36:46,506] {logging_mixin.py:115} INFO - [2022-06-15 08:36:46,471] {dagbag.py:320} ERROR - Failed to import: /opt/airflow/dags/etl_processing.py
Traceback (most recent call last):
  File "/home/airflow/.local/lib/python3.7/site-packages/airflow/models/dagbag.py", line 317, in parse
    loader.exec_module(new_module)
  File "<frozen importlib._bootstrap_external>", line 728, in exec_module
  File "<frozen importlib._bootstrap>", line 219, in _call_with_frames_removed
  File "/opt/airflow/dags/etl_processing.py", line 5, in <module>
    import dags.enviroment_connection
ModuleNotFoundError: No module named 'dags'
[2022-06-15 08:36:46,508] {processor.py:653} WARNING - No viable dags retrieved from /opt/airflow/dags/etl_processing.py
[2022-06-15 08:36:46,633] {processor.py:161} INFO - Processing /opt/airflow/dags/etl_processing.py took 0.306 seconds
[2022-06-15 08:37:19,367] {processor.py:153} INFO - Started process (PID=2647) to work on /opt/airflow/dags/etl_processing.py
[2022-06-15 08:37:19,395] {processor.py:641} INFO - Processing file /opt/airflow/dags/etl_processing.py for tasks to queue
[2022-06-15 08:37:19,411] {logging_mixin.py:115} INFO - [2022-06-15 08:37:19,411] {dagbag.py:507} INFO - Filling up the DagBag from /opt/airflow/dags/etl_processing.py
[2022-06-15 08:37:19,793] {logging_mixin.py:115} INFO - [2022-06-15 08:37:19,707] {dagbag.py:320} ERROR - Failed to import: /opt/airflow/dags/etl_processing.py
Traceback (most recent call last):
  File "/home/airflow/.local/lib/python3.7/site-packages/airflow/models/dagbag.py", line 317, in parse
    loader.exec_module(new_module)
  File "<frozen importlib._bootstrap_external>", line 728, in exec_module
  File "<frozen importlib._bootstrap>", line 219, in _call_with_frames_removed
  File "/opt/airflow/dags/etl_processing.py", line 5, in <module>
    import dags.enviroment_connection
ModuleNotFoundError: No module named 'dags'
[2022-06-15 08:37:19,810] {processor.py:653} WARNING - No viable dags retrieved from /opt/airflow/dags/etl_processing.py
[2022-06-15 08:37:20,244] {processor.py:161} INFO - Processing /opt/airflow/dags/etl_processing.py took 0.948 seconds
[2022-06-15 08:37:50,745] {processor.py:153} INFO - Started process (PID=2699) to work on /opt/airflow/dags/etl_processing.py
[2022-06-15 08:37:50,759] {processor.py:641} INFO - Processing file /opt/airflow/dags/etl_processing.py for tasks to queue
[2022-06-15 08:37:50,763] {logging_mixin.py:115} INFO - [2022-06-15 08:37:50,763] {dagbag.py:507} INFO - Filling up the DagBag from /opt/airflow/dags/etl_processing.py
[2022-06-15 08:37:53,144] {logging_mixin.py:115} INFO - [2022-06-15 08:37:53,144] {process_utils.py:240} INFO - Waiting up to 5 seconds for processes to exit...
[2022-06-15 08:38:54,196] {processor.py:153} INFO - Started process (PID=59) to work on /opt/airflow/dags/etl_processing.py
[2022-06-15 08:38:54,214] {processor.py:641} INFO - Processing file /opt/airflow/dags/etl_processing.py for tasks to queue
[2022-06-15 08:38:54,219] {logging_mixin.py:115} INFO - [2022-06-15 08:38:54,219] {dagbag.py:507} INFO - Filling up the DagBag from /opt/airflow/dags/etl_processing.py
[2022-06-15 08:38:54,275] {logging_mixin.py:115} INFO - [2022-06-15 08:38:54,267] {dagbag.py:320} ERROR - Failed to import: /opt/airflow/dags/etl_processing.py
Traceback (most recent call last):
  File "/home/airflow/.local/lib/python3.7/site-packages/airflow/models/dagbag.py", line 317, in parse
    loader.exec_module(new_module)
  File "<frozen importlib._bootstrap_external>", line 728, in exec_module
  File "<frozen importlib._bootstrap>", line 219, in _call_with_frames_removed
  File "/opt/airflow/dags/etl_processing.py", line 5, in <module>
    import dags.enviroment_connection
ModuleNotFoundError: No module named 'dags'
[2022-06-15 08:38:54,278] {processor.py:653} WARNING - No viable dags retrieved from /opt/airflow/dags/etl_processing.py
[2022-06-15 08:38:54,353] {processor.py:161} INFO - Processing /opt/airflow/dags/etl_processing.py took 0.162 seconds
[2022-06-15 08:39:17,837] {processor.py:153} INFO - Started process (PID=115) to work on /opt/airflow/dags/etl_processing.py
[2022-06-15 08:39:17,838] {processor.py:641} INFO - Processing file /opt/airflow/dags/etl_processing.py for tasks to queue
[2022-06-15 08:39:17,840] {logging_mixin.py:115} INFO - [2022-06-15 08:39:17,839] {dagbag.py:507} INFO - Filling up the DagBag from /opt/airflow/dags/etl_processing.py
[2022-06-15 08:39:17,910] {logging_mixin.py:115} INFO - [2022-06-15 08:39:17,900] {dagbag.py:320} ERROR - Failed to import: /opt/airflow/dags/etl_processing.py
Traceback (most recent call last):
  File "/home/airflow/.local/lib/python3.7/site-packages/airflow/models/dagbag.py", line 317, in parse
    loader.exec_module(new_module)
  File "<frozen importlib._bootstrap_external>", line 728, in exec_module
  File "<frozen importlib._bootstrap>", line 219, in _call_with_frames_removed
  File "/opt/airflow/dags/etl_processing.py", line 3, in <module>
    import dags.enviroment_connection
ModuleNotFoundError: No module named 'dags'
[2022-06-15 08:39:17,912] {processor.py:653} WARNING - No viable dags retrieved from /opt/airflow/dags/etl_processing.py
[2022-06-15 08:39:18,019] {processor.py:161} INFO - Processing /opt/airflow/dags/etl_processing.py took 0.200 seconds
[2022-06-15 08:39:18,139] {processor.py:153} INFO - Started process (PID=116) to work on /opt/airflow/dags/etl_processing.py
[2022-06-15 08:39:18,140] {processor.py:641} INFO - Processing file /opt/airflow/dags/etl_processing.py for tasks to queue
[2022-06-15 08:39:18,151] {logging_mixin.py:115} INFO - [2022-06-15 08:39:18,151] {dagbag.py:507} INFO - Filling up the DagBag from /opt/airflow/dags/etl_processing.py
[2022-06-15 08:39:18,187] {logging_mixin.py:115} INFO - [2022-06-15 08:39:18,182] {dagbag.py:320} ERROR - Failed to import: /opt/airflow/dags/etl_processing.py
Traceback (most recent call last):
  File "/home/airflow/.local/lib/python3.7/site-packages/airflow/models/dagbag.py", line 317, in parse
    loader.exec_module(new_module)
  File "<frozen importlib._bootstrap_external>", line 728, in exec_module
  File "<frozen importlib._bootstrap>", line 219, in _call_with_frames_removed
  File "/opt/airflow/dags/etl_processing.py", line 3, in <module>
    import dags.enviroment_connection
ModuleNotFoundError: No module named 'dags'
[2022-06-15 08:39:18,189] {processor.py:653} WARNING - No viable dags retrieved from /opt/airflow/dags/etl_processing.py
[2022-06-15 08:39:18,364] {processor.py:161} INFO - Processing /opt/airflow/dags/etl_processing.py took 0.230 seconds
[2022-06-15 08:39:19,453] {processor.py:153} INFO - Started process (PID=117) to work on /opt/airflow/dags/etl_processing.py
[2022-06-15 08:39:19,457] {processor.py:641} INFO - Processing file /opt/airflow/dags/etl_processing.py for tasks to queue
[2022-06-15 08:39:19,468] {logging_mixin.py:115} INFO - [2022-06-15 08:39:19,467] {dagbag.py:507} INFO - Filling up the DagBag from /opt/airflow/dags/etl_processing.py
[2022-06-15 08:39:20,059] {logging_mixin.py:115} INFO - [2022-06-15 08:39:20,053] {dagbag.py:320} ERROR - Failed to import: /opt/airflow/dags/etl_processing.py
Traceback (most recent call last):
  File "/home/airflow/.local/lib/python3.7/site-packages/airflow/models/dagbag.py", line 317, in parse
    loader.exec_module(new_module)
  File "<frozen importlib._bootstrap_external>", line 728, in exec_module
  File "<frozen importlib._bootstrap>", line 219, in _call_with_frames_removed
  File "/opt/airflow/dags/etl_processing.py", line 3, in <module>
    import dags.enviroment_connection
ModuleNotFoundError: No module named 'dags'
[2022-06-15 08:39:20,066] {processor.py:653} WARNING - No viable dags retrieved from /opt/airflow/dags/etl_processing.py
[2022-06-15 08:39:20,205] {processor.py:161} INFO - Processing /opt/airflow/dags/etl_processing.py took 0.771 seconds
[2022-06-15 08:39:20,458] {processor.py:153} INFO - Started process (PID=118) to work on /opt/airflow/dags/etl_processing.py
[2022-06-15 08:39:20,460] {processor.py:641} INFO - Processing file /opt/airflow/dags/etl_processing.py for tasks to queue
[2022-06-15 08:39:20,471] {logging_mixin.py:115} INFO - [2022-06-15 08:39:20,470] {dagbag.py:507} INFO - Filling up the DagBag from /opt/airflow/dags/etl_processing.py
[2022-06-15 08:39:20,515] {logging_mixin.py:115} INFO - [2022-06-15 08:39:20,507] {dagbag.py:320} ERROR - Failed to import: /opt/airflow/dags/etl_processing.py
Traceback (most recent call last):
  File "/home/airflow/.local/lib/python3.7/site-packages/airflow/models/dagbag.py", line 317, in parse
    loader.exec_module(new_module)
  File "<frozen importlib._bootstrap_external>", line 728, in exec_module
  File "<frozen importlib._bootstrap>", line 219, in _call_with_frames_removed
  File "/opt/airflow/dags/etl_processing.py", line 3, in <module>
    import dags.enviroment_connection
ModuleNotFoundError: No module named 'dags'
[2022-06-15 08:39:20,519] {processor.py:653} WARNING - No viable dags retrieved from /opt/airflow/dags/etl_processing.py
[2022-06-15 08:39:22,018] {processor.py:161} INFO - Processing /opt/airflow/dags/etl_processing.py took 1.570 seconds
[2022-06-15 08:40:17,044] {processor.py:153} INFO - Started process (PID=160) to work on /opt/airflow/dags/etl_processing.py
[2022-06-15 08:40:17,045] {processor.py:641} INFO - Processing file /opt/airflow/dags/etl_processing.py for tasks to queue
[2022-06-15 08:40:17,056] {logging_mixin.py:115} INFO - [2022-06-15 08:40:17,046] {dagbag.py:507} INFO - Filling up the DagBag from /opt/airflow/dags/etl_processing.py
[2022-06-15 08:40:17,096] {logging_mixin.py:115} INFO - [2022-06-15 08:40:17,089] {dagbag.py:320} ERROR - Failed to import: /opt/airflow/dags/etl_processing.py
Traceback (most recent call last):
  File "/home/airflow/.local/lib/python3.7/site-packages/airflow/models/dagbag.py", line 317, in parse
    loader.exec_module(new_module)
  File "<frozen importlib._bootstrap_external>", line 728, in exec_module
  File "<frozen importlib._bootstrap>", line 219, in _call_with_frames_removed
  File "/opt/airflow/dags/etl_processing.py", line 3, in <module>
    import dags.enviroment_connection
ModuleNotFoundError: No module named 'dags'
[2022-06-15 08:40:17,099] {processor.py:653} WARNING - No viable dags retrieved from /opt/airflow/dags/etl_processing.py
[2022-06-15 08:40:17,222] {processor.py:161} INFO - Processing /opt/airflow/dags/etl_processing.py took 0.194 seconds
[2022-06-15 08:40:55,643] {processor.py:153} INFO - Started process (PID=204) to work on /opt/airflow/dags/etl_processing.py
[2022-06-15 08:40:55,644] {processor.py:641} INFO - Processing file /opt/airflow/dags/etl_processing.py for tasks to queue
[2022-06-15 08:40:55,652] {logging_mixin.py:115} INFO - [2022-06-15 08:40:55,652] {dagbag.py:507} INFO - Filling up the DagBag from /opt/airflow/dags/etl_processing.py
[2022-06-15 08:40:57,424] {logging_mixin.py:115} INFO - [2022-06-15 08:40:56,056] {dagbag.py:320} ERROR - Failed to import: /opt/airflow/dags/etl_processing.py
Traceback (most recent call last):
  File "/home/airflow/.local/lib/python3.7/site-packages/airflow/models/dagbag.py", line 317, in parse
    loader.exec_module(new_module)
  File "<frozen importlib._bootstrap_external>", line 728, in exec_module
  File "<frozen importlib._bootstrap>", line 219, in _call_with_frames_removed
  File "/opt/airflow/dags/etl_processing.py", line 3, in <module>
    import dags.enviroment_connection
ModuleNotFoundError: No module named 'dags'
[2022-06-15 08:40:57,495] {processor.py:653} WARNING - No viable dags retrieved from /opt/airflow/dags/etl_processing.py
[2022-06-15 08:40:57,640] {processor.py:161} INFO - Processing /opt/airflow/dags/etl_processing.py took 1.997 seconds
