[2022-06-20 18:47:23,249] {taskinstance.py:1159} INFO - Dependencies all met for <TaskInstance: etl-processing.load scheduled__2022-06-20T10:20:00+00:00 [queued]>
[2022-06-20 18:47:23,320] {taskinstance.py:1159} INFO - Dependencies all met for <TaskInstance: etl-processing.load scheduled__2022-06-20T10:20:00+00:00 [queued]>
[2022-06-20 18:47:23,326] {taskinstance.py:1356} INFO - 
--------------------------------------------------------------------------------
[2022-06-20 18:47:23,336] {taskinstance.py:1357} INFO - Starting attempt 1 of 1
[2022-06-20 18:47:23,345] {taskinstance.py:1358} INFO - 
--------------------------------------------------------------------------------
[2022-06-20 18:47:23,468] {taskinstance.py:1377} INFO - Executing <Task(PythonOperator): load> on 2022-06-20 10:20:00+00:00
[2022-06-20 18:47:23,505] {standard_task_runner.py:52} INFO - Started process 145 to run task
[2022-06-20 18:47:23,529] {standard_task_runner.py:79} INFO - Running: ['***', 'tasks', 'run', 'etl-processing', 'load', 'scheduled__2022-06-20T10:20:00+00:00', '--job-id', '662', '--raw', '--subdir', 'DAGS_FOLDER/etl_processing.py', '--cfg-path', '/tmp/tmpwbcw4u9c', '--error-file', '/tmp/tmp65890qsm']
[2022-06-20 18:47:23,556] {standard_task_runner.py:80} INFO - Job 662: Subtask load
[2022-06-20 18:47:24,019] {task_command.py:370} INFO - Running <TaskInstance: etl-processing.load scheduled__2022-06-20T10:20:00+00:00 [running]> on host fe209149cfc1
[2022-06-20 18:47:24,708] {taskinstance.py:1571} INFO - Exporting the following env vars:
AIRFLOW_CTX_DAG_OWNER=***
AIRFLOW_CTX_DAG_ID=etl-processing
AIRFLOW_CTX_TASK_ID=load
AIRFLOW_CTX_EXECUTION_DATE=2022-06-20T10:20:00+00:00
AIRFLOW_CTX_TRY_NUMBER=1
AIRFLOW_CTX_DAG_RUN_ID=scheduled__2022-06-20T10:20:00+00:00
[2022-06-20 18:47:24,867] {base.py:68} INFO - Using connection ID 'postgres_conn' for task execution.
[2022-06-20 18:47:24,895] {logging_mixin.py:115} INFO - [{'STX_ID': 2345678, 'STORE_NAME': 'Mağaza1', 'PAID_PRICE': 100.3, 'TRX_STATUS': 1, 'STORE_STATUS': 0.0, 'STORE_LIVE_DATE': '2021-03-01 00:00:00', 'SALES_CREATE_DATE': '2021-03-05 00:00:00'}, {'STX_ID': 2345679, 'STORE_NAME': 'Mağaza1', 'PAID_PRICE': 100.3, 'TRX_STATUS': 1, 'STORE_STATUS': 0.0, 'STORE_LIVE_DATE': '2021-03-01 00:00:00', 'SALES_CREATE_DATE': '2021-03-05 00:00:00'}, {'STX_ID': 2345680, 'STORE_NAME': 'Mağaza1', 'PAID_PRICE': 100.3, 'TRX_STATUS': 0, 'STORE_STATUS': 0.0, 'STORE_LIVE_DATE': '2021-03-01 00:00:00', 'SALES_CREATE_DATE': '2021-03-05 00:00:00'}, {'STX_ID': 2345681, 'STORE_NAME': 'Mağaza2', 'PAID_PRICE': 100.3, 'TRX_STATUS': 0, 'STORE_STATUS': 0.0, 'STORE_LIVE_DATE': '2021-03-01 00:00:00', 'SALES_CREATE_DATE': '2021-04-05 00:00:00'}, {'STX_ID': 2345682, 'STORE_NAME': 'Mağaza3', 'PAID_PRICE': 200.3, 'TRX_STATUS': 0, 'STORE_STATUS': 0.0, 'STORE_LIVE_DATE': '2021-03-01 00:00:00', 'SALES_CREATE_DATE': '2021-05-05 00:00:00'}, {'STX_ID': 2345683, 'STORE_NAME': 'Mağaza4', 'PAID_PRICE': 28.3, 'TRX_STATUS': 1, 'STORE_STATUS': 0.0, 'STORE_LIVE_DATE': '2021-03-01 00:00:00', 'SALES_CREATE_DATE': '2021-06-05 00:00:00'}, {'STX_ID': 2345684, 'STORE_NAME': 'Mağaza5', 'PAID_PRICE': 100.3, 'TRX_STATUS': 0, 'STORE_STATUS': 0.0, 'STORE_LIVE_DATE': '2021-04-01 00:00:00', 'SALES_CREATE_DATE': '2021-03-05 00:00:00'}, {'STX_ID': 2345685, 'STORE_NAME': 'Mağaza6', 'PAID_PRICE': 79.3, 'TRX_STATUS': 1, 'STORE_STATUS': 0.0, 'STORE_LIVE_DATE': '2021-04-01 00:00:00', 'SALES_CREATE_DATE': '2021-07-05 00:00:00'}, {'STX_ID': 2345686, 'STORE_NAME': 'Mağaza7', 'PAID_PRICE': 256.3, 'TRX_STATUS': 1, 'STORE_STATUS': 0.0, 'STORE_LIVE_DATE': '2021-04-01 00:00:00', 'SALES_CREATE_DATE': '2021-03-05 00:00:00'}, {'STX_ID': 2345687, 'STORE_NAME': 'Mağaza8', 'PAID_PRICE': 456.3, 'TRX_STATUS': 1, 'STORE_STATUS': 0.0, 'STORE_LIVE_DATE': '2021-04-01 00:00:00', 'SALES_CREATE_DATE': '2021-08-05 00:00:00'}, {'STX_ID': 2345688, 'STORE_NAME': 'Mağaza9', 'PAID_PRICE': 432.3, 'TRX_STATUS': 1, 'STORE_STATUS': 0.0, 'STORE_LIVE_DATE': '2021-05-01 00:00:00', 'SALES_CREATE_DATE': '2021-07-05 00:00:00'}, {'STX_ID': 2345689, 'STORE_NAME': 'Mağaza10', 'PAID_PRICE': 75.3, 'TRX_STATUS': 0, 'STORE_STATUS': 0.0, 'STORE_LIVE_DATE': '2021-05-01 00:00:00', 'SALES_CREATE_DATE': '2021-03-05 00:00:00'}, {'STX_ID': 2345690, 'STORE_NAME': 'Mağaza2', 'PAID_PRICE': 100.3, 'TRX_STATUS': 1, 'STORE_STATUS': 0.0, 'STORE_LIVE_DATE': '2021-05-01 00:00:00', 'SALES_CREATE_DATE': '2021-09-05 00:00:00'}, {'STX_ID': 2345691, 'STORE_NAME': 'Mağaza4', 'PAID_PRICE': 36.3, 'TRX_STATUS': 1, 'STORE_STATUS': 0.0, 'STORE_LIVE_DATE': '2021-05-01 00:00:00', 'SALES_CREATE_DATE': '2021-02-05 00:00:00'}, {'STX_ID': 2345692, 'STORE_NAME': None, 'PAID_PRICE': None, 'TRX_STATUS': 0, 'STORE_STATUS': None, 'STORE_LIVE_DATE': None, 'SALES_CREATE_DATE': None}, {'STX_ID': 2345693, 'STORE_NAME': 'Mağaza1', 'PAID_PRICE': 100.3, 'TRX_STATUS': 1, 'STORE_STATUS': 0.0, 'STORE_LIVE_DATE': '2021-03-01 00:00:00', 'SALES_CREATE_DATE': '2021-03-05 00:00:00'}, {'STX_ID': 2345694, 'STORE_NAME': None, 'PAID_PRICE': None, 'TRX_STATUS': 1, 'STORE_STATUS': None, 'STORE_LIVE_DATE': None, 'SALES_CREATE_DATE': None}, {'STX_ID': 2345695, 'STORE_NAME': None, 'PAID_PRICE': 75.3, 'TRX_STATUS': 1, 'STORE_STATUS': None, 'STORE_LIVE_DATE': None, 'SALES_CREATE_DATE': '2021-03-05 00:00:00'}, {'STX_ID': 2345696, 'STORE_NAME': None, 'PAID_PRICE': None, 'TRX_STATUS': 0, 'STORE_STATUS': None, 'STORE_LIVE_DATE': None, 'SALES_CREATE_DATE': None}, {'STX_ID': 2345697, 'STORE_NAME': None, 'PAID_PRICE': None, 'TRX_STATUS': 0, 'STORE_STATUS': None, 'STORE_LIVE_DATE': None, 'SALES_CREATE_DATE': None}, {'STX_ID': 2345698, 'STORE_NAME': None, 'PAID_PRICE': None, 'TRX_STATUS': 1, 'STORE_STATUS': None, 'STORE_LIVE_DATE': None, 'SALES_CREATE_DATE': None}, {'STX_ID': 2345699, 'STORE_NAME': None, 'PAID_PRICE': 100.3, 'TRX_STATUS': 1, 'STORE_STATUS': None, 'STORE_LIVE_DATE': None, 'SALES_CREATE_DATE': '2021-03-05 00:00:00'}, {'STX_ID': 2345700, 'STORE_NAME': None, 'PAID_PRICE': None, 'TRX_STATUS': 0, 'STORE_STATUS': None, 'STORE_LIVE_DATE': None, 'SALES_CREATE_DATE': None}, {'STX_ID': 2345701, 'STORE_NAME': None, 'PAID_PRICE': 100.3, 'TRX_STATUS': 1, 'STORE_STATUS': None, 'STORE_LIVE_DATE': None, 'SALES_CREATE_DATE': '2021-03-05 00:00:00'}, {'STX_ID': 2345702, 'STORE_NAME': None, 'PAID_PRICE': None, 'TRX_STATUS': 1, 'STORE_STATUS': None, 'STORE_LIVE_DATE': None, 'SALES_CREATE_DATE': None}, {'STX_ID': 2345703, 'STORE_NAME': None, 'PAID_PRICE': None, 'TRX_STATUS': 1, 'STORE_STATUS': None, 'STORE_LIVE_DATE': None, 'SALES_CREATE_DATE': None}, {'STX_ID': 2345704, 'STORE_NAME': None, 'PAID_PRICE': 100.3, 'TRX_STATUS': 0, 'STORE_STATUS': None, 'STORE_LIVE_DATE': None, 'SALES_CREATE_DATE': '2021-03-05 00:00:00'}, {'STX_ID': 2345705, 'STORE_NAME': None, 'PAID_PRICE': None, 'TRX_STATUS': 0, 'STORE_STATUS': None, 'STORE_LIVE_DATE': None, 'SALES_CREATE_DATE': None}, {'STX_ID': 2345706, 'STORE_NAME': None, 'PAID_PRICE': None, 'TRX_STATUS': 0, 'STORE_STATUS': None, 'STORE_LIVE_DATE': None, 'SALES_CREATE_DATE': None}]
[2022-06-20 18:47:24,908] {logging_mixin.py:115} INFO - INSERT INTO  Store_Sales (STX_ID,STORE_NAME,PAID_PRICE,TRX_STATUS,STORE_STATUS,STORE_LIVE_DATE,SALES_CREATE_DATE) VALUES (2345678,Mağaza1,100.3,1,0.0,2021-03-01 00:00:00,2021-03-05 00:00:00)
[2022-06-20 18:47:24,962] {logging_mixin.py:115} INFO - INSERT INTO  Store_Sales (STX_ID,STORE_NAME,PAID_PRICE,TRX_STATUS,STORE_STATUS,STORE_LIVE_DATE,SALES_CREATE_DATE) VALUES (2345679,Mağaza1,100.3,1,0.0,2021-03-01 00:00:00,2021-03-05 00:00:00)
[2022-06-20 18:47:25,011] {logging_mixin.py:115} INFO - INSERT INTO  Store_Sales (STX_ID,STORE_NAME,PAID_PRICE,TRX_STATUS,STORE_STATUS,STORE_LIVE_DATE,SALES_CREATE_DATE) VALUES (2345680,Mağaza1,100.3,0,0.0,2021-03-01 00:00:00,2021-03-05 00:00:00)
[2022-06-20 18:47:25,079] {logging_mixin.py:115} INFO - INSERT INTO  Store_Sales (STX_ID,STORE_NAME,PAID_PRICE,TRX_STATUS,STORE_STATUS,STORE_LIVE_DATE,SALES_CREATE_DATE) VALUES (2345681,Mağaza2,100.3,0,0.0,2021-03-01 00:00:00,2021-04-05 00:00:00)
[2022-06-20 18:47:25,124] {logging_mixin.py:115} INFO - INSERT INTO  Store_Sales (STX_ID,STORE_NAME,PAID_PRICE,TRX_STATUS,STORE_STATUS,STORE_LIVE_DATE,SALES_CREATE_DATE) VALUES (2345682,Mağaza3,200.3,0,0.0,2021-03-01 00:00:00,2021-05-05 00:00:00)
[2022-06-20 18:47:25,161] {logging_mixin.py:115} INFO - INSERT INTO  Store_Sales (STX_ID,STORE_NAME,PAID_PRICE,TRX_STATUS,STORE_STATUS,STORE_LIVE_DATE,SALES_CREATE_DATE) VALUES (2345683,Mağaza4,28.3,1,0.0,2021-03-01 00:00:00,2021-06-05 00:00:00)
[2022-06-20 18:47:25,187] {logging_mixin.py:115} INFO - INSERT INTO  Store_Sales (STX_ID,STORE_NAME,PAID_PRICE,TRX_STATUS,STORE_STATUS,STORE_LIVE_DATE,SALES_CREATE_DATE) VALUES (2345684,Mağaza5,100.3,0,0.0,2021-04-01 00:00:00,2021-03-05 00:00:00)
[2022-06-20 18:47:25,245] {logging_mixin.py:115} INFO - INSERT INTO  Store_Sales (STX_ID,STORE_NAME,PAID_PRICE,TRX_STATUS,STORE_STATUS,STORE_LIVE_DATE,SALES_CREATE_DATE) VALUES (2345685,Mağaza6,79.3,1,0.0,2021-04-01 00:00:00,2021-07-05 00:00:00)
[2022-06-20 18:47:25,356] {logging_mixin.py:115} INFO - INSERT INTO  Store_Sales (STX_ID,STORE_NAME,PAID_PRICE,TRX_STATUS,STORE_STATUS,STORE_LIVE_DATE,SALES_CREATE_DATE) VALUES (2345686,Mağaza7,256.3,1,0.0,2021-04-01 00:00:00,2021-03-05 00:00:00)
[2022-06-20 18:47:25,383] {logging_mixin.py:115} INFO - INSERT INTO  Store_Sales (STX_ID,STORE_NAME,PAID_PRICE,TRX_STATUS,STORE_STATUS,STORE_LIVE_DATE,SALES_CREATE_DATE) VALUES (2345687,Mağaza8,456.3,1,0.0,2021-04-01 00:00:00,2021-08-05 00:00:00)
[2022-06-20 18:47:25,396] {logging_mixin.py:115} INFO - INSERT INTO  Store_Sales (STX_ID,STORE_NAME,PAID_PRICE,TRX_STATUS,STORE_STATUS,STORE_LIVE_DATE,SALES_CREATE_DATE) VALUES (2345688,Mağaza9,432.3,1,0.0,2021-05-01 00:00:00,2021-07-05 00:00:00)
[2022-06-20 18:47:25,429] {logging_mixin.py:115} INFO - INSERT INTO  Store_Sales (STX_ID,STORE_NAME,PAID_PRICE,TRX_STATUS,STORE_STATUS,STORE_LIVE_DATE,SALES_CREATE_DATE) VALUES (2345689,Mağaza10,75.3,0,0.0,2021-05-01 00:00:00,2021-03-05 00:00:00)
[2022-06-20 18:47:25,442] {logging_mixin.py:115} INFO - INSERT INTO  Store_Sales (STX_ID,STORE_NAME,PAID_PRICE,TRX_STATUS,STORE_STATUS,STORE_LIVE_DATE,SALES_CREATE_DATE) VALUES (2345690,Mağaza2,100.3,1,0.0,2021-05-01 00:00:00,2021-09-05 00:00:00)
[2022-06-20 18:47:25,470] {logging_mixin.py:115} INFO - INSERT INTO  Store_Sales (STX_ID,STORE_NAME,PAID_PRICE,TRX_STATUS,STORE_STATUS,STORE_LIVE_DATE,SALES_CREATE_DATE) VALUES (2345691,Mağaza4,36.3,1,0.0,2021-05-01 00:00:00,2021-02-05 00:00:00)
[2022-06-20 18:47:25,491] {logging_mixin.py:115} INFO - INSERT INTO  Store_Sales (STX_ID,STORE_NAME,PAID_PRICE,TRX_STATUS,STORE_STATUS,STORE_LIVE_DATE,SALES_CREATE_DATE) VALUES (2345692,None,None,0,None,None,None)
[2022-06-20 18:47:25,497] {logging_mixin.py:115} INFO - INSERT INTO  Store_Sales (STX_ID,STORE_NAME,PAID_PRICE,TRX_STATUS,STORE_STATUS,STORE_LIVE_DATE,SALES_CREATE_DATE) VALUES (2345693,Mağaza1,100.3,1,0.0,2021-03-01 00:00:00,2021-03-05 00:00:00)
[2022-06-20 18:47:25,520] {logging_mixin.py:115} INFO - INSERT INTO  Store_Sales (STX_ID,STORE_NAME,PAID_PRICE,TRX_STATUS,STORE_STATUS,STORE_LIVE_DATE,SALES_CREATE_DATE) VALUES (2345694,None,None,1,None,None,None)
[2022-06-20 18:47:25,542] {logging_mixin.py:115} INFO - INSERT INTO  Store_Sales (STX_ID,STORE_NAME,PAID_PRICE,TRX_STATUS,STORE_STATUS,STORE_LIVE_DATE,SALES_CREATE_DATE) VALUES (2345695,None,75.3,1,None,None,2021-03-05 00:00:00)
[2022-06-20 18:47:25,557] {logging_mixin.py:115} INFO - INSERT INTO  Store_Sales (STX_ID,STORE_NAME,PAID_PRICE,TRX_STATUS,STORE_STATUS,STORE_LIVE_DATE,SALES_CREATE_DATE) VALUES (2345696,None,None,0,None,None,None)
[2022-06-20 18:47:25,579] {logging_mixin.py:115} INFO - INSERT INTO  Store_Sales (STX_ID,STORE_NAME,PAID_PRICE,TRX_STATUS,STORE_STATUS,STORE_LIVE_DATE,SALES_CREATE_DATE) VALUES (2345697,None,None,0,None,None,None)
[2022-06-20 18:47:25,597] {logging_mixin.py:115} INFO - INSERT INTO  Store_Sales (STX_ID,STORE_NAME,PAID_PRICE,TRX_STATUS,STORE_STATUS,STORE_LIVE_DATE,SALES_CREATE_DATE) VALUES (2345698,None,None,1,None,None,None)
[2022-06-20 18:47:25,617] {logging_mixin.py:115} INFO - INSERT INTO  Store_Sales (STX_ID,STORE_NAME,PAID_PRICE,TRX_STATUS,STORE_STATUS,STORE_LIVE_DATE,SALES_CREATE_DATE) VALUES (2345699,None,100.3,1,None,None,2021-03-05 00:00:00)
[2022-06-20 18:47:25,654] {logging_mixin.py:115} INFO - INSERT INTO  Store_Sales (STX_ID,STORE_NAME,PAID_PRICE,TRX_STATUS,STORE_STATUS,STORE_LIVE_DATE,SALES_CREATE_DATE) VALUES (2345700,None,None,0,None,None,None)
[2022-06-20 18:47:25,688] {logging_mixin.py:115} INFO - INSERT INTO  Store_Sales (STX_ID,STORE_NAME,PAID_PRICE,TRX_STATUS,STORE_STATUS,STORE_LIVE_DATE,SALES_CREATE_DATE) VALUES (2345701,None,100.3,1,None,None,2021-03-05 00:00:00)
[2022-06-20 18:47:25,728] {logging_mixin.py:115} INFO - INSERT INTO  Store_Sales (STX_ID,STORE_NAME,PAID_PRICE,TRX_STATUS,STORE_STATUS,STORE_LIVE_DATE,SALES_CREATE_DATE) VALUES (2345702,None,None,1,None,None,None)
[2022-06-20 18:47:25,755] {logging_mixin.py:115} INFO - INSERT INTO  Store_Sales (STX_ID,STORE_NAME,PAID_PRICE,TRX_STATUS,STORE_STATUS,STORE_LIVE_DATE,SALES_CREATE_DATE) VALUES (2345703,None,None,1,None,None,None)
[2022-06-20 18:47:25,786] {logging_mixin.py:115} INFO - INSERT INTO  Store_Sales (STX_ID,STORE_NAME,PAID_PRICE,TRX_STATUS,STORE_STATUS,STORE_LIVE_DATE,SALES_CREATE_DATE) VALUES (2345704,None,100.3,0,None,None,2021-03-05 00:00:00)
[2022-06-20 18:47:25,844] {logging_mixin.py:115} INFO - INSERT INTO  Store_Sales (STX_ID,STORE_NAME,PAID_PRICE,TRX_STATUS,STORE_STATUS,STORE_LIVE_DATE,SALES_CREATE_DATE) VALUES (2345705,None,None,0,None,None,None)
[2022-06-20 18:47:25,848] {logging_mixin.py:115} INFO - INSERT INTO  Store_Sales (STX_ID,STORE_NAME,PAID_PRICE,TRX_STATUS,STORE_STATUS,STORE_LIVE_DATE,SALES_CREATE_DATE) VALUES (2345706,None,None,0,None,None,None)
[2022-06-20 18:47:25,898] {taskinstance.py:1889} ERROR - Task failed with exception
Traceback (most recent call last):
  File "/home/airflow/.local/lib/python3.7/site-packages/airflow/operators/python.py", line 171, in execute
    return_value = self.execute_callable()
  File "/home/airflow/.local/lib/python3.7/site-packages/airflow/operators/python.py", line 189, in execute_callable
    return self.python_callable(*self.op_args, **self.op_kwargs)
  File "/opt/airflow/dags/etl_processing.py", line 79, in load_data
    target_db_cursor.execute(sql, tuple(j.values()))
psycopg2.errors.UndefinedTable: relation "customer" does not exist
LINE 1: INSERT INTO Customer (ID,NAME,CITY,CREATE_DATE) VALUES (4567...
                    ^

[2022-06-20 18:47:26,013] {taskinstance.py:1400} INFO - Marking task as FAILED. dag_id=etl-processing, task_id=load, execution_date=20220620T102000, start_date=20220620T184723, end_date=20220620T184726
[2022-06-20 18:47:26,122] {standard_task_runner.py:97} ERROR - Failed to execute job 662 for task load (relation "customer" does not exist
LINE 1: INSERT INTO Customer (ID,NAME,CITY,CREATE_DATE) VALUES (4567...
                    ^
; 145)
[2022-06-20 18:47:26,236] {local_task_job.py:156} INFO - Task exited with return code 1
[2022-06-20 18:47:26,838] {local_task_job.py:273} INFO - 0 downstream tasks scheduled from follow-on schedule check
