[2022-06-17 19:58:06,680] {taskinstance.py:1159} INFO - Dependencies all met for <TaskInstance: e-t-l.transform manual__2022-06-17T19:57:48.047465+00:00 [queued]>
[2022-06-17 19:58:06,823] {taskinstance.py:1159} INFO - Dependencies all met for <TaskInstance: e-t-l.transform manual__2022-06-17T19:57:48.047465+00:00 [queued]>
[2022-06-17 19:58:06,836] {taskinstance.py:1356} INFO - 
--------------------------------------------------------------------------------
[2022-06-17 19:58:06,838] {taskinstance.py:1357} INFO - Starting attempt 1 of 1
[2022-06-17 19:58:06,865] {taskinstance.py:1358} INFO - 
--------------------------------------------------------------------------------
[2022-06-17 19:58:07,316] {taskinstance.py:1377} INFO - Executing <Task(PythonOperator): transform> on 2022-06-17 19:57:48.047465+00:00
[2022-06-17 19:58:07,381] {standard_task_runner.py:79} INFO - Running: ['***', 'tasks', 'run', 'e-t-l', 'transform', 'manual__2022-06-17T19:57:48.047465+00:00', '--job-id', '580', '--raw', '--subdir', 'DAGS_FOLDER/new-new.py', '--cfg-path', '/tmp/tmpitx6v87r', '--error-file', '/tmp/tmpdrhax3fd']
[2022-06-17 19:58:07,422] {standard_task_runner.py:80} INFO - Job 580: Subtask transform
[2022-06-17 19:58:07,369] {standard_task_runner.py:52} INFO - Started process 20247 to run task
[2022-06-17 19:58:08,036] {task_command.py:370} INFO - Running <TaskInstance: e-t-l.transform manual__2022-06-17T19:57:48.047465+00:00 [running]> on host fe209149cfc1
[2022-06-17 19:58:08,888] {taskinstance.py:1571} INFO - Exporting the following env vars:
AIRFLOW_CTX_DAG_OWNER=***
AIRFLOW_CTX_DAG_ID=e-t-l
AIRFLOW_CTX_TASK_ID=transform
AIRFLOW_CTX_EXECUTION_DATE=2022-06-17T19:57:48.047465+00:00
AIRFLOW_CTX_TRY_NUMBER=1
AIRFLOW_CTX_DAG_RUN_ID=manual__2022-06-17T19:57:48.047465+00:00
[2022-06-17 19:58:09,067] {python.py:173} INFO - Done. Returned value was: None
[2022-06-17 19:58:09,149] {taskinstance.py:1400} INFO - Marking task as SUCCESS. dag_id=e-t-l, task_id=transform, execution_date=20220617T195748, start_date=20220617T195806, end_date=20220617T195809
[2022-06-17 19:58:09,366] {local_task_job.py:156} INFO - Task exited with return code 0
[2022-06-17 19:58:09,832] {local_task_job.py:273} INFO - 1 downstream tasks scheduled from follow-on schedule check
