[2022-06-20 07:51:42,064] {taskinstance.py:1159} INFO - Dependencies all met for <TaskInstance: etl-processing.load manual__2022-06-20T07:51:23.909241+00:00 [queued]>
[2022-06-20 07:51:42,108] {taskinstance.py:1159} INFO - Dependencies all met for <TaskInstance: etl-processing.load manual__2022-06-20T07:51:23.909241+00:00 [queued]>
[2022-06-20 07:51:42,110] {taskinstance.py:1356} INFO - 
--------------------------------------------------------------------------------
[2022-06-20 07:51:42,111] {taskinstance.py:1357} INFO - Starting attempt 1 of 1
[2022-06-20 07:51:42,140] {taskinstance.py:1358} INFO - 
--------------------------------------------------------------------------------
[2022-06-20 07:51:42,220] {taskinstance.py:1377} INFO - Executing <Task(PythonOperator): load> on 2022-06-20 07:51:23.909241+00:00
[2022-06-20 07:51:42,241] {standard_task_runner.py:52} INFO - Started process 5440 to run task
[2022-06-20 07:51:42,248] {standard_task_runner.py:79} INFO - Running: ['***', 'tasks', 'run', 'etl-processing', 'load', 'manual__2022-06-20T07:51:23.909241+00:00', '--job-id', '634', '--raw', '--subdir', 'DAGS_FOLDER/etl_processing.py', '--cfg-path', '/tmp/tmp7ope4p44', '--error-file', '/tmp/tmp34rrvdea']
[2022-06-20 07:51:42,258] {standard_task_runner.py:80} INFO - Job 634: Subtask load
[2022-06-20 07:51:42,548] {task_command.py:370} INFO - Running <TaskInstance: etl-processing.load manual__2022-06-20T07:51:23.909241+00:00 [running]> on host fe209149cfc1
[2022-06-20 07:51:42,870] {taskinstance.py:1571} INFO - Exporting the following env vars:
AIRFLOW_CTX_DAG_OWNER=***
AIRFLOW_CTX_DAG_ID=etl-processing
AIRFLOW_CTX_TASK_ID=load
AIRFLOW_CTX_EXECUTION_DATE=2022-06-20T07:51:23.909241+00:00
AIRFLOW_CTX_TRY_NUMBER=1
AIRFLOW_CTX_DAG_RUN_ID=manual__2022-06-20T07:51:23.909241+00:00
[2022-06-20 07:51:42,947] {base.py:68} INFO - Using connection ID 'postgres_conn' for task execution.
[2022-06-20 07:51:43,016] {taskinstance.py:1889} ERROR - Task failed with exception
Traceback (most recent call last):
  File "/home/airflow/.local/lib/python3.7/site-packages/airflow/operators/python.py", line 171, in execute
    return_value = self.execute_callable()
  File "/home/airflow/.local/lib/python3.7/site-packages/airflow/operators/python.py", line 189, in execute_callable
    return self.python_callable(*self.op_args, **self.op_kwargs)
  File "/opt/airflow/dags/etl_processing.py", line 64, in load_data
    db_connection = psycopg2.connect(connection_string)
  File "/home/airflow/.local/lib/python3.7/site-packages/psycopg2/__init__.py", line 122, in connect
    conn = _connect(dsn, connection_factory=connection_factory, **kwasync)
psycopg2.OperationalError: connection to server at "172.21.0.4", port 5432 failed: Connection refused
	Is the server running on that host and accepting TCP/IP connections?

[2022-06-20 07:51:43,136] {taskinstance.py:1400} INFO - Marking task as FAILED. dag_id=etl-processing, task_id=load, execution_date=20220620T075123, start_date=20220620T075142, end_date=20220620T075143
[2022-06-20 07:51:43,192] {standard_task_runner.py:97} ERROR - Failed to execute job 634 for task load (connection to server at "172.21.0.4", port 5432 failed: Connection refused
	Is the server running on that host and accepting TCP/IP connections?
; 5440)
[2022-06-20 07:51:43,216] {local_task_job.py:156} INFO - Task exited with return code 1
[2022-06-20 07:51:43,388] {local_task_job.py:273} INFO - 0 downstream tasks scheduled from follow-on schedule check
