[2022-06-17 09:09:09,888] {taskinstance.py:1159} INFO - Dependencies all met for <TaskInstance: example_xcom.bash_pull scheduled__2021-01-01T00:00:00+00:00 [queued]>
[2022-06-17 09:09:10,821] {taskinstance.py:1159} INFO - Dependencies all met for <TaskInstance: example_xcom.bash_pull scheduled__2021-01-01T00:00:00+00:00 [queued]>
[2022-06-17 09:09:10,852] {taskinstance.py:1356} INFO - 
--------------------------------------------------------------------------------
[2022-06-17 09:09:10,868] {taskinstance.py:1357} INFO - Starting attempt 1 of 1
[2022-06-17 09:09:10,883] {taskinstance.py:1358} INFO - 
--------------------------------------------------------------------------------
[2022-06-17 09:09:11,807] {taskinstance.py:1377} INFO - Executing <Task(BashOperator): bash_pull> on 2021-01-01 00:00:00+00:00
[2022-06-17 09:09:11,855] {standard_task_runner.py:52} INFO - Started process 3249 to run task
[2022-06-17 09:09:11,983] {standard_task_runner.py:79} INFO - Running: ['***', 'tasks', 'run', 'example_xcom', 'bash_pull', 'scheduled__2021-01-01T00:00:00+00:00', '--job-id', '519', '--raw', '--subdir', '/home/***/.local/lib/python3.7/site-packages/***/example_dags/example_xcom.py', '--cfg-path', '/tmp/tmpuvd3t4x0', '--error-file', '/tmp/tmprh67zk0g']
[2022-06-17 09:09:12,027] {standard_task_runner.py:80} INFO - Job 519: Subtask bash_pull
[2022-06-17 09:09:13,892] {task_command.py:370} INFO - Running <TaskInstance: example_xcom.bash_pull scheduled__2021-01-01T00:00:00+00:00 [running]> on host fe209149cfc1
[2022-06-17 09:09:18,746] {taskinstance.py:1571} INFO - Exporting the following env vars:
AIRFLOW_CTX_DAG_OWNER=***
AIRFLOW_CTX_DAG_ID=example_xcom
AIRFLOW_CTX_TASK_ID=bash_pull
AIRFLOW_CTX_EXECUTION_DATE=2021-01-01T00:00:00+00:00
AIRFLOW_CTX_TRY_NUMBER=1
AIRFLOW_CTX_DAG_RUN_ID=scheduled__2021-01-01T00:00:00+00:00
[2022-06-17 09:09:18,796] {subprocess.py:62} INFO - Tmp dir root location: 
 /tmp
[2022-06-17 09:09:18,798] {subprocess.py:74} INFO - Running command: ['bash', '-c', 'echo "bash pull demo" && echo "The xcom pushed manually is manually_pushed_value" && echo "The returned_value xcom is value_by_return" && echo "finished"']
[2022-06-17 09:09:18,974] {subprocess.py:85} INFO - Output:
[2022-06-17 09:09:18,990] {subprocess.py:92} INFO - bash pull demo
[2022-06-17 09:09:19,040] {subprocess.py:92} INFO - The xcom pushed manually is manually_pushed_value
[2022-06-17 09:09:19,069] {subprocess.py:92} INFO - The returned_value xcom is value_by_return
[2022-06-17 09:09:19,198] {subprocess.py:92} INFO - finished
[2022-06-17 09:09:19,230] {subprocess.py:96} INFO - Command exited with return code 0
[2022-06-17 09:09:20,540] {taskinstance.py:1400} INFO - Marking task as SUCCESS. dag_id=example_xcom, task_id=bash_pull, execution_date=20210101T000000, start_date=20220617T090910, end_date=20220617T090920
[2022-06-17 09:09:22,133] {local_task_job.py:156} INFO - Task exited with return code 0
[2022-06-17 09:09:22,922] {local_task_job.py:273} INFO - 0 downstream tasks scheduled from follow-on schedule check
