[2022-06-17 20:51:32,922] {taskinstance.py:1159} INFO - Dependencies all met for <TaskInstance: e-t-l.transform manual__2022-06-17T20:49:55.009971+00:00 [queued]>
[2022-06-17 20:51:33,327] {taskinstance.py:1159} INFO - Dependencies all met for <TaskInstance: e-t-l.transform manual__2022-06-17T20:49:55.009971+00:00 [queued]>
[2022-06-17 20:51:33,415] {taskinstance.py:1356} INFO - 
--------------------------------------------------------------------------------
[2022-06-17 20:51:33,418] {taskinstance.py:1357} INFO - Starting attempt 1 of 1
[2022-06-17 20:51:33,527] {taskinstance.py:1358} INFO - 
--------------------------------------------------------------------------------
[2022-06-17 20:51:34,964] {taskinstance.py:1377} INFO - Executing <Task(PythonOperator): transform> on 2022-06-17 20:49:55.009971+00:00
[2022-06-17 20:51:35,160] {standard_task_runner.py:52} INFO - Started process 21917 to run task
[2022-06-17 20:51:35,495] {standard_task_runner.py:79} INFO - Running: ['***', 'tasks', 'run', 'e-t-l', 'transform', 'manual__2022-06-17T20:49:55.009971+00:00', '--job-id', '612', '--raw', '--subdir', 'DAGS_FOLDER/new-new.py', '--cfg-path', '/tmp/tmpca_ewv1x', '--error-file', '/tmp/tmpwne47za8']
[2022-06-17 20:51:35,545] {standard_task_runner.py:80} INFO - Job 612: Subtask transform
[2022-06-17 20:51:39,250] {task_command.py:370} INFO - Running <TaskInstance: e-t-l.transform manual__2022-06-17T20:49:55.009971+00:00 [running]> on host fe209149cfc1
[2022-06-17 20:51:41,924] {taskinstance.py:1571} INFO - Exporting the following env vars:
AIRFLOW_CTX_DAG_OWNER=***
AIRFLOW_CTX_DAG_ID=e-t-l
AIRFLOW_CTX_TASK_ID=transform
AIRFLOW_CTX_EXECUTION_DATE=2022-06-17T20:49:55.009971+00:00
AIRFLOW_CTX_TRY_NUMBER=1
AIRFLOW_CTX_DAG_RUN_ID=manual__2022-06-17T20:49:55.009971+00:00
[2022-06-17 20:51:43,896] {python.py:173} INFO - Done. Returned value was: None
[2022-06-17 20:51:44,506] {taskinstance.py:1400} INFO - Marking task as SUCCESS. dag_id=e-t-l, task_id=transform, execution_date=20220617T204955, start_date=20220617T205132, end_date=20220617T205144
[2022-06-17 20:51:44,938] {local_task_job.py:156} INFO - Task exited with return code 0
[2022-06-17 20:51:45,936] {local_task_job.py:273} INFO - 1 downstream tasks scheduled from follow-on schedule check
