[2022-06-20 18:46:53,940] {taskinstance.py:1159} INFO - Dependencies all met for <TaskInstance: etl-processing.transform scheduled__2022-06-20T10:00:00+00:00 [queued]>
[2022-06-20 18:46:54,118] {taskinstance.py:1159} INFO - Dependencies all met for <TaskInstance: etl-processing.transform scheduled__2022-06-20T10:00:00+00:00 [queued]>
[2022-06-20 18:46:54,147] {taskinstance.py:1356} INFO - 
--------------------------------------------------------------------------------
[2022-06-20 18:46:54,148] {taskinstance.py:1357} INFO - Starting attempt 1 of 1
[2022-06-20 18:46:54,150] {taskinstance.py:1358} INFO - 
--------------------------------------------------------------------------------
[2022-06-20 18:46:54,424] {taskinstance.py:1377} INFO - Executing <Task(PythonOperator): transform> on 2022-06-20 10:00:00+00:00
[2022-06-20 18:46:54,597] {standard_task_runner.py:79} INFO - Running: ['***', 'tasks', 'run', 'etl-processing', 'transform', 'scheduled__2022-06-20T10:00:00+00:00', '--job-id', '654', '--raw', '--subdir', 'DAGS_FOLDER/etl_processing.py', '--cfg-path', '/tmp/tmpg0b1armb', '--error-file', '/tmp/tmputstnps3']
[2022-06-20 18:46:54,629] {standard_task_runner.py:80} INFO - Job 654: Subtask transform
[2022-06-20 18:46:54,558] {standard_task_runner.py:52} INFO - Started process 114 to run task
[2022-06-20 18:46:55,763] {task_command.py:370} INFO - Running <TaskInstance: etl-processing.transform scheduled__2022-06-20T10:00:00+00:00 [running]> on host fe209149cfc1
[2022-06-20 18:46:57,463] {taskinstance.py:1571} INFO - Exporting the following env vars:
AIRFLOW_CTX_DAG_OWNER=***
AIRFLOW_CTX_DAG_ID=etl-processing
AIRFLOW_CTX_TASK_ID=transform
AIRFLOW_CTX_EXECUTION_DATE=2022-06-20T10:00:00+00:00
AIRFLOW_CTX_TRY_NUMBER=1
AIRFLOW_CTX_DAG_RUN_ID=scheduled__2022-06-20T10:00:00+00:00
[2022-06-20 18:46:58,028] {python.py:173} INFO - Done. Returned value was: None
[2022-06-20 18:46:58,513] {taskinstance.py:1400} INFO - Marking task as SUCCESS. dag_id=etl-processing, task_id=transform, execution_date=20220620T100000, start_date=20220620T184654, end_date=20220620T184658
[2022-06-20 18:46:58,908] {local_task_job.py:156} INFO - Task exited with return code 0
[2022-06-20 18:46:59,461] {local_task_job.py:273} INFO - 1 downstream tasks scheduled from follow-on schedule check
