[2022-06-17 20:34:10,032] {taskinstance.py:1159} INFO - Dependencies all met for <TaskInstance: e-t-l.transform manual__2022-06-17T20:33:29.251757+00:00 [queued]>
[2022-06-17 20:34:10,113] {taskinstance.py:1159} INFO - Dependencies all met for <TaskInstance: e-t-l.transform manual__2022-06-17T20:33:29.251757+00:00 [queued]>
[2022-06-17 20:34:10,114] {taskinstance.py:1356} INFO - 
--------------------------------------------------------------------------------
[2022-06-17 20:34:10,116] {taskinstance.py:1357} INFO - Starting attempt 1 of 1
[2022-06-17 20:34:10,149] {taskinstance.py:1358} INFO - 
--------------------------------------------------------------------------------
[2022-06-17 20:34:10,365] {taskinstance.py:1377} INFO - Executing <Task(PythonOperator): transform> on 2022-06-17 20:33:29.251757+00:00
[2022-06-17 20:34:10,435] {standard_task_runner.py:52} INFO - Started process 21387 to run task
[2022-06-17 20:34:10,493] {standard_task_runner.py:79} INFO - Running: ['***', 'tasks', 'run', 'e-t-l', 'transform', 'manual__2022-06-17T20:33:29.251757+00:00', '--job-id', '601', '--raw', '--subdir', 'DAGS_FOLDER/new-new.py', '--cfg-path', '/tmp/tmppu338azu', '--error-file', '/tmp/tmptme5w_55']
[2022-06-17 20:34:10,525] {standard_task_runner.py:80} INFO - Job 601: Subtask transform
[2022-06-17 20:34:11,053] {task_command.py:370} INFO - Running <TaskInstance: e-t-l.transform manual__2022-06-17T20:33:29.251757+00:00 [running]> on host fe209149cfc1
[2022-06-17 20:34:12,002] {taskinstance.py:1571} INFO - Exporting the following env vars:
AIRFLOW_CTX_DAG_OWNER=***
AIRFLOW_CTX_DAG_ID=e-t-l
AIRFLOW_CTX_TASK_ID=transform
AIRFLOW_CTX_EXECUTION_DATE=2022-06-17T20:33:29.251757+00:00
AIRFLOW_CTX_TRY_NUMBER=1
AIRFLOW_CTX_DAG_RUN_ID=manual__2022-06-17T20:33:29.251757+00:00
[2022-06-17 20:34:12,435] {python.py:173} INFO - Done. Returned value was: None
[2022-06-17 20:34:12,608] {taskinstance.py:1400} INFO - Marking task as SUCCESS. dag_id=e-t-l, task_id=transform, execution_date=20220617T203329, start_date=20220617T203410, end_date=20220617T203412
[2022-06-17 20:34:12,807] {local_task_job.py:156} INFO - Task exited with return code 0
[2022-06-17 20:34:13,207] {local_task_job.py:273} INFO - 1 downstream tasks scheduled from follow-on schedule check
