[2022-06-20 21:24:15,560] {taskinstance.py:1159} INFO - Dependencies all met for <TaskInstance: etl-processing.transform manual__2022-06-20T21:24:05.940250+00:00 [queued]>
[2022-06-20 21:24:15,695] {taskinstance.py:1159} INFO - Dependencies all met for <TaskInstance: etl-processing.transform manual__2022-06-20T21:24:05.940250+00:00 [queued]>
[2022-06-20 21:24:15,696] {taskinstance.py:1356} INFO - 
--------------------------------------------------------------------------------
[2022-06-20 21:24:15,723] {taskinstance.py:1357} INFO - Starting attempt 1 of 1
[2022-06-20 21:24:15,728] {taskinstance.py:1358} INFO - 
--------------------------------------------------------------------------------
[2022-06-20 21:24:15,971] {taskinstance.py:1377} INFO - Executing <Task(PythonOperator): transform> on 2022-06-20 21:24:05.940250+00:00
[2022-06-20 21:24:16,006] {standard_task_runner.py:52} INFO - Started process 5428 to run task
[2022-06-20 21:24:16,023] {standard_task_runner.py:79} INFO - Running: ['***', 'tasks', 'run', 'etl-processing', 'transform', 'manual__2022-06-20T21:24:05.940250+00:00', '--job-id', '721', '--raw', '--subdir', 'DAGS_FOLDER/etl_processing.py', '--cfg-path', '/tmp/tmpbs2slrhf', '--error-file', '/tmp/tmpafra97oa']
[2022-06-20 21:24:16,074] {standard_task_runner.py:80} INFO - Job 721: Subtask transform
[2022-06-20 21:24:16,471] {task_command.py:370} INFO - Running <TaskInstance: etl-processing.transform manual__2022-06-20T21:24:05.940250+00:00 [running]> on host fe209149cfc1
[2022-06-20 21:24:16,834] {taskinstance.py:1571} INFO - Exporting the following env vars:
AIRFLOW_CTX_DAG_OWNER=***
AIRFLOW_CTX_DAG_ID=etl-processing
AIRFLOW_CTX_TASK_ID=transform
AIRFLOW_CTX_EXECUTION_DATE=2022-06-20T21:24:05.940250+00:00
AIRFLOW_CTX_TRY_NUMBER=1
AIRFLOW_CTX_DAG_RUN_ID=manual__2022-06-20T21:24:05.940250+00:00
[2022-06-20 21:24:17,005] {python.py:173} INFO - Done. Returned value was: None
[2022-06-20 21:24:17,111] {taskinstance.py:1400} INFO - Marking task as SUCCESS. dag_id=etl-processing, task_id=transform, execution_date=20220620T212405, start_date=20220620T212415, end_date=20220620T212417
[2022-06-20 21:24:17,187] {local_task_job.py:156} INFO - Task exited with return code 0
[2022-06-20 21:24:17,949] {local_task_job.py:273} INFO - 1 downstream tasks scheduled from follow-on schedule check
