[2022-06-17 09:08:41,140] {taskinstance.py:1159} INFO - Dependencies all met for <TaskInstance: example_xcom.push manual__2022-06-17T09:07:51.879751+00:00 [queued]>
[2022-06-17 09:08:41,325] {taskinstance.py:1159} INFO - Dependencies all met for <TaskInstance: example_xcom.push manual__2022-06-17T09:07:51.879751+00:00 [queued]>
[2022-06-17 09:08:41,343] {taskinstance.py:1356} INFO - 
--------------------------------------------------------------------------------
[2022-06-17 09:08:41,356] {taskinstance.py:1357} INFO - Starting attempt 1 of 1
[2022-06-17 09:08:41,367] {taskinstance.py:1358} INFO - 
--------------------------------------------------------------------------------
[2022-06-17 09:08:41,811] {taskinstance.py:1377} INFO - Executing <Task(_PythonDecoratedOperator): push> on 2022-06-17 09:07:51.879751+00:00
[2022-06-17 09:08:41,949] {standard_task_runner.py:52} INFO - Started process 3232 to run task
[2022-06-17 09:08:42,038] {standard_task_runner.py:79} INFO - Running: ['***', 'tasks', 'run', 'example_xcom', 'push', 'manual__2022-06-17T09:07:51.879751+00:00', '--job-id', '515', '--raw', '--subdir', '/home/***/.local/lib/python3.7/site-packages/***/example_dags/example_xcom.py', '--cfg-path', '/tmp/tmp2hnbnszd', '--error-file', '/tmp/tmp7neia0ja']
[2022-06-17 09:08:42,059] {standard_task_runner.py:80} INFO - Job 515: Subtask push
[2022-06-17 09:08:43,835] {task_command.py:370} INFO - Running <TaskInstance: example_xcom.push manual__2022-06-17T09:07:51.879751+00:00 [running]> on host fe209149cfc1
[2022-06-17 09:08:54,585] {taskinstance.py:1571} INFO - Exporting the following env vars:
AIRFLOW_CTX_DAG_OWNER=***
AIRFLOW_CTX_DAG_ID=example_xcom
AIRFLOW_CTX_TASK_ID=push
AIRFLOW_CTX_EXECUTION_DATE=2022-06-17T09:07:51.879751+00:00
AIRFLOW_CTX_TRY_NUMBER=1
AIRFLOW_CTX_DAG_RUN_ID=manual__2022-06-17T09:07:51.879751+00:00
[2022-06-17 09:09:00,944] {python.py:173} INFO - Done. Returned value was: None
[2022-06-17 09:09:01,623] {taskinstance.py:1400} INFO - Marking task as SUCCESS. dag_id=example_xcom, task_id=push, execution_date=20220617T090751, start_date=20220617T090841, end_date=20220617T090901
[2022-06-17 09:09:02,504] {local_task_job.py:156} INFO - Task exited with return code 0
[2022-06-17 09:09:09,235] {local_task_job.py:273} INFO - 0 downstream tasks scheduled from follow-on schedule check
