[2022-06-16 10:32:49,005] {taskinstance.py:1159} INFO - Dependencies all met for <TaskInstance: analytics.getdata scheduled__2022-05-31T00:00:00+00:00 [queued]>
[2022-06-16 10:32:49,108] {taskinstance.py:1159} INFO - Dependencies all met for <TaskInstance: analytics.getdata scheduled__2022-05-31T00:00:00+00:00 [queued]>
[2022-06-16 10:32:49,112] {taskinstance.py:1356} INFO - 
--------------------------------------------------------------------------------
[2022-06-16 10:32:49,112] {taskinstance.py:1357} INFO - Starting attempt 1 of 1
[2022-06-16 10:32:49,114] {taskinstance.py:1358} INFO - 
--------------------------------------------------------------------------------
[2022-06-16 10:32:49,228] {taskinstance.py:1377} INFO - Executing <Task(MySqlOperator): getdata> on 2022-05-31 00:00:00+00:00
[2022-06-16 10:32:49,237] {standard_task_runner.py:52} INFO - Started process 3611 to run task
[2022-06-16 10:32:49,255] {standard_task_runner.py:79} INFO - Running: ['***', 'tasks', 'run', 'analytics', 'getdata', 'scheduled__2022-05-31T00:00:00+00:00', '--job-id', '451', '--raw', '--subdir', 'DAGS_FOLDER/testing_etl.py', '--cfg-path', '/tmp/tmpf311jty2', '--error-file', '/tmp/tmp4l3y8acb']
[2022-06-16 10:32:49,257] {standard_task_runner.py:80} INFO - Job 451: Subtask getdata
[2022-06-16 10:32:49,535] {task_command.py:370} INFO - Running <TaskInstance: analytics.getdata scheduled__2022-05-31T00:00:00+00:00 [running]> on host fe209149cfc1
[2022-06-16 10:32:50,043] {taskinstance.py:1571} INFO - Exporting the following env vars:
AIRFLOW_CTX_DAG_OWNER=***
AIRFLOW_CTX_DAG_ID=analytics
AIRFLOW_CTX_TASK_ID=getdata
AIRFLOW_CTX_EXECUTION_DATE=2022-05-31T00:00:00+00:00
AIRFLOW_CTX_TRY_NUMBER=1
AIRFLOW_CTX_DAG_RUN_ID=scheduled__2022-05-31T00:00:00+00:00
[2022-06-16 10:32:50,049] {mysql.py:82} INFO - Executing: SELECT * from Customer_T;
[2022-06-16 10:32:50,073] {base.py:68} INFO - Using connection ID 'mysql_con' for task execution.
[2022-06-16 10:32:50,134] {dbapi.py:213} INFO - Running statement: SELECT * from Customer_T;, parameters: None
[2022-06-16 10:32:50,135] {dbapi.py:221} INFO - Rows affected: 19
[2022-06-16 10:32:50,188] {taskinstance.py:1400} INFO - Marking task as SUCCESS. dag_id=analytics, task_id=getdata, execution_date=20220531T000000, start_date=20220616T103249, end_date=20220616T103250
[2022-06-16 10:32:50,286] {local_task_job.py:156} INFO - Task exited with return code 0
[2022-06-16 10:32:50,471] {local_task_job.py:273} INFO - 0 downstream tasks scheduled from follow-on schedule check
