[2022-06-17 09:08:39,449] {taskinstance.py:1159} INFO - Dependencies all met for <TaskInstance: example_xcom.push_by_returning manual__2022-06-17T09:07:51.879751+00:00 [queued]>
[2022-06-17 09:08:39,674] {taskinstance.py:1159} INFO - Dependencies all met for <TaskInstance: example_xcom.push_by_returning manual__2022-06-17T09:07:51.879751+00:00 [queued]>
[2022-06-17 09:08:39,755] {taskinstance.py:1356} INFO - 
--------------------------------------------------------------------------------
[2022-06-17 09:08:39,794] {taskinstance.py:1357} INFO - Starting attempt 1 of 1
[2022-06-17 09:08:39,811] {taskinstance.py:1358} INFO - 
--------------------------------------------------------------------------------
[2022-06-17 09:08:40,473] {taskinstance.py:1377} INFO - Executing <Task(_PythonDecoratedOperator): push_by_returning> on 2022-06-17 09:07:51.879751+00:00
[2022-06-17 09:08:40,566] {standard_task_runner.py:52} INFO - Started process 3230 to run task
[2022-06-17 09:08:40,625] {standard_task_runner.py:79} INFO - Running: ['***', 'tasks', 'run', 'example_xcom', 'push_by_returning', 'manual__2022-06-17T09:07:51.879751+00:00', '--job-id', '516', '--raw', '--subdir', '/home/***/.local/lib/python3.7/site-packages/***/example_dags/example_xcom.py', '--cfg-path', '/tmp/tmpbsqq97s0', '--error-file', '/tmp/tmpyk1d001n']
[2022-06-17 09:08:40,655] {standard_task_runner.py:80} INFO - Job 516: Subtask push_by_returning
[2022-06-17 09:08:42,635] {task_command.py:370} INFO - Running <TaskInstance: example_xcom.push_by_returning manual__2022-06-17T09:07:51.879751+00:00 [running]> on host fe209149cfc1
[2022-06-17 09:08:52,911] {taskinstance.py:1571} INFO - Exporting the following env vars:
AIRFLOW_CTX_DAG_OWNER=***
AIRFLOW_CTX_DAG_ID=example_xcom
AIRFLOW_CTX_TASK_ID=push_by_returning
AIRFLOW_CTX_EXECUTION_DATE=2022-06-17T09:07:51.879751+00:00
AIRFLOW_CTX_TRY_NUMBER=1
AIRFLOW_CTX_DAG_RUN_ID=manual__2022-06-17T09:07:51.879751+00:00
[2022-06-17 09:08:53,115] {python.py:173} INFO - Done. Returned value was: {'a': 'b'}
[2022-06-17 09:09:01,405] {taskinstance.py:1400} INFO - Marking task as SUCCESS. dag_id=example_xcom, task_id=push_by_returning, execution_date=20220617T090751, start_date=20220617T090839, end_date=20220617T090901
[2022-06-17 09:09:01,861] {local_task_job.py:156} INFO - Task exited with return code 0
[2022-06-17 09:09:08,793] {local_task_job.py:273} INFO - 1 downstream tasks scheduled from follow-on schedule check
