[2022-06-17 20:23:11,046] {taskinstance.py:1159} INFO - Dependencies all met for <TaskInstance: e-t-l.transform manual__2022-06-17T20:22:53.314436+00:00 [queued]>
[2022-06-17 20:23:11,148] {taskinstance.py:1159} INFO - Dependencies all met for <TaskInstance: e-t-l.transform manual__2022-06-17T20:22:53.314436+00:00 [queued]>
[2022-06-17 20:23:11,160] {taskinstance.py:1356} INFO - 
--------------------------------------------------------------------------------
[2022-06-17 20:23:11,174] {taskinstance.py:1357} INFO - Starting attempt 1 of 1
[2022-06-17 20:23:11,176] {taskinstance.py:1358} INFO - 
--------------------------------------------------------------------------------
[2022-06-17 20:23:11,389] {taskinstance.py:1377} INFO - Executing <Task(PythonOperator): transform> on 2022-06-17 20:22:53.314436+00:00
[2022-06-17 20:23:11,437] {standard_task_runner.py:52} INFO - Started process 21060 to run task
[2022-06-17 20:23:11,461] {standard_task_runner.py:79} INFO - Running: ['***', 'tasks', 'run', 'e-t-l', 'transform', 'manual__2022-06-17T20:22:53.314436+00:00', '--job-id', '598', '--raw', '--subdir', 'DAGS_FOLDER/new-new.py', '--cfg-path', '/tmp/tmpizbf7pls', '--error-file', '/tmp/tmpipa2evtf']
[2022-06-17 20:23:11,476] {standard_task_runner.py:80} INFO - Job 598: Subtask transform
[2022-06-17 20:23:12,656] {task_command.py:370} INFO - Running <TaskInstance: e-t-l.transform manual__2022-06-17T20:22:53.314436+00:00 [running]> on host fe209149cfc1
[2022-06-17 20:23:13,751] {taskinstance.py:1571} INFO - Exporting the following env vars:
AIRFLOW_CTX_DAG_OWNER=***
AIRFLOW_CTX_DAG_ID=e-t-l
AIRFLOW_CTX_TASK_ID=transform
AIRFLOW_CTX_EXECUTION_DATE=2022-06-17T20:22:53.314436+00:00
AIRFLOW_CTX_TRY_NUMBER=1
AIRFLOW_CTX_DAG_RUN_ID=manual__2022-06-17T20:22:53.314436+00:00
[2022-06-17 20:23:14,114] {python.py:173} INFO - Done. Returned value was: None
[2022-06-17 20:23:14,363] {taskinstance.py:1400} INFO - Marking task as SUCCESS. dag_id=e-t-l, task_id=transform, execution_date=20220617T202253, start_date=20220617T202311, end_date=20220617T202314
[2022-06-17 20:23:14,622] {local_task_job.py:156} INFO - Task exited with return code 0
[2022-06-17 20:23:15,371] {local_task_job.py:273} INFO - 0 downstream tasks scheduled from follow-on schedule check
