[2022-06-17 20:39:54,028] {taskinstance.py:1159} INFO - Dependencies all met for <TaskInstance: e-t-l.transform manual__2022-06-17T20:39:13.853822+00:00 [queued]>
[2022-06-17 20:39:54,099] {taskinstance.py:1159} INFO - Dependencies all met for <TaskInstance: e-t-l.transform manual__2022-06-17T20:39:13.853822+00:00 [queued]>
[2022-06-17 20:39:54,130] {taskinstance.py:1356} INFO - 
--------------------------------------------------------------------------------
[2022-06-17 20:39:54,147] {taskinstance.py:1357} INFO - Starting attempt 1 of 1
[2022-06-17 20:39:54,163] {taskinstance.py:1358} INFO - 
--------------------------------------------------------------------------------
[2022-06-17 20:39:54,441] {taskinstance.py:1377} INFO - Executing <Task(PythonOperator): transform> on 2022-06-17 20:39:13.853822+00:00
[2022-06-17 20:39:54,477] {standard_task_runner.py:52} INFO - Started process 21562 to run task
[2022-06-17 20:39:54,532] {standard_task_runner.py:79} INFO - Running: ['***', 'tasks', 'run', 'e-t-l', 'transform', 'manual__2022-06-17T20:39:13.853822+00:00', '--job-id', '604', '--raw', '--subdir', 'DAGS_FOLDER/new-new.py', '--cfg-path', '/tmp/tmpv2gj4e_c', '--error-file', '/tmp/tmpi2ej3noo']
[2022-06-17 20:39:54,560] {standard_task_runner.py:80} INFO - Job 604: Subtask transform
[2022-06-17 20:39:55,378] {task_command.py:370} INFO - Running <TaskInstance: e-t-l.transform manual__2022-06-17T20:39:13.853822+00:00 [running]> on host fe209149cfc1
[2022-06-17 20:39:56,235] {taskinstance.py:1571} INFO - Exporting the following env vars:
AIRFLOW_CTX_DAG_OWNER=***
AIRFLOW_CTX_DAG_ID=e-t-l
AIRFLOW_CTX_TASK_ID=transform
AIRFLOW_CTX_EXECUTION_DATE=2022-06-17T20:39:13.853822+00:00
AIRFLOW_CTX_TRY_NUMBER=1
AIRFLOW_CTX_DAG_RUN_ID=manual__2022-06-17T20:39:13.853822+00:00
[2022-06-17 20:39:56,461] {python.py:173} INFO - Done. Returned value was: None
[2022-06-17 20:39:56,549] {taskinstance.py:1400} INFO - Marking task as SUCCESS. dag_id=e-t-l, task_id=transform, execution_date=20220617T203913, start_date=20220617T203954, end_date=20220617T203956
[2022-06-17 20:39:56,702] {local_task_job.py:156} INFO - Task exited with return code 0
[2022-06-17 20:39:57,058] {local_task_job.py:273} INFO - 0 downstream tasks scheduled from follow-on schedule check
