[2022-06-17 20:21:56,770] {taskinstance.py:1159} INFO - Dependencies all met for <TaskInstance: e-t-l.transform manual__2022-06-17T20:21:36.716959+00:00 [queued]>
[2022-06-17 20:21:56,875] {taskinstance.py:1159} INFO - Dependencies all met for <TaskInstance: e-t-l.transform manual__2022-06-17T20:21:36.716959+00:00 [queued]>
[2022-06-17 20:21:56,893] {taskinstance.py:1356} INFO - 
--------------------------------------------------------------------------------
[2022-06-17 20:21:56,907] {taskinstance.py:1357} INFO - Starting attempt 1 of 1
[2022-06-17 20:21:56,955] {taskinstance.py:1358} INFO - 
--------------------------------------------------------------------------------
[2022-06-17 20:21:57,265] {taskinstance.py:1377} INFO - Executing <Task(PythonOperator): transform> on 2022-06-17 20:21:36.716959+00:00
[2022-06-17 20:21:57,356] {standard_task_runner.py:79} INFO - Running: ['***', 'tasks', 'run', 'e-t-l', 'transform', 'manual__2022-06-17T20:21:36.716959+00:00', '--job-id', '596', '--raw', '--subdir', 'DAGS_FOLDER/new-new.py', '--cfg-path', '/tmp/tmp1cb1_qfn', '--error-file', '/tmp/tmp9d_khs0f']
[2022-06-17 20:21:57,373] {standard_task_runner.py:80} INFO - Job 596: Subtask transform
[2022-06-17 20:21:57,313] {standard_task_runner.py:52} INFO - Started process 21027 to run task
[2022-06-17 20:21:58,438] {task_command.py:370} INFO - Running <TaskInstance: e-t-l.transform manual__2022-06-17T20:21:36.716959+00:00 [running]> on host fe209149cfc1
[2022-06-17 20:21:59,642] {taskinstance.py:1571} INFO - Exporting the following env vars:
AIRFLOW_CTX_DAG_OWNER=***
AIRFLOW_CTX_DAG_ID=e-t-l
AIRFLOW_CTX_TASK_ID=transform
AIRFLOW_CTX_EXECUTION_DATE=2022-06-17T20:21:36.716959+00:00
AIRFLOW_CTX_TRY_NUMBER=1
AIRFLOW_CTX_DAG_RUN_ID=manual__2022-06-17T20:21:36.716959+00:00
[2022-06-17 20:21:59,726] {taskinstance.py:1889} ERROR - Task failed with exception
Traceback (most recent call last):
  File "/home/airflow/.local/lib/python3.7/site-packages/airflow/operators/python.py", line 171, in execute
    return_value = self.execute_callable()
  File "/home/airflow/.local/lib/python3.7/site-packages/airflow/operators/python.py", line 189, in execute_callable
    return self.python_callable(*self.op_args, **self.op_kwargs)
  File "/opt/airflow/dags/new-new.py", line 38, in transform_data
    for key,value in record:
ValueError: too many values to unpack (expected 2)
[2022-06-17 20:21:59,912] {taskinstance.py:1400} INFO - Marking task as FAILED. dag_id=e-t-l, task_id=transform, execution_date=20220617T202136, start_date=20220617T202156, end_date=20220617T202159
[2022-06-17 20:22:00,049] {standard_task_runner.py:97} ERROR - Failed to execute job 596 for task transform (too many values to unpack (expected 2); 21027)
[2022-06-17 20:22:00,135] {local_task_job.py:156} INFO - Task exited with return code 1
[2022-06-17 20:22:01,031] {local_task_job.py:273} INFO - 0 downstream tasks scheduled from follow-on schedule check
