[2022-06-20 20:41:35,971] {taskinstance.py:1159} INFO - Dependencies all met for <TaskInstance: etl-processing.load manual__2022-06-20T20:41:10.894220+00:00 [queued]>
[2022-06-20 20:41:36,024] {taskinstance.py:1159} INFO - Dependencies all met for <TaskInstance: etl-processing.load manual__2022-06-20T20:41:10.894220+00:00 [queued]>
[2022-06-20 20:41:36,028] {taskinstance.py:1356} INFO - 
--------------------------------------------------------------------------------
[2022-06-20 20:41:36,034] {taskinstance.py:1357} INFO - Starting attempt 1 of 1
[2022-06-20 20:41:36,073] {taskinstance.py:1358} INFO - 
--------------------------------------------------------------------------------
[2022-06-20 20:41:36,233] {taskinstance.py:1377} INFO - Executing <Task(PythonOperator): load> on 2022-06-20 20:41:10.894220+00:00
[2022-06-20 20:41:36,265] {standard_task_runner.py:52} INFO - Started process 3981 to run task
[2022-06-20 20:41:36,285] {standard_task_runner.py:79} INFO - Running: ['***', 'tasks', 'run', 'etl-processing', 'load', 'manual__2022-06-20T20:41:10.894220+00:00', '--job-id', '696', '--raw', '--subdir', 'DAGS_FOLDER/etl_processing.py', '--cfg-path', '/tmp/tmpugtw_muu', '--error-file', '/tmp/tmpezu487uz']
[2022-06-20 20:41:36,317] {standard_task_runner.py:80} INFO - Job 696: Subtask load
[2022-06-20 20:41:36,632] {task_command.py:370} INFO - Running <TaskInstance: etl-processing.load manual__2022-06-20T20:41:10.894220+00:00 [running]> on host fe209149cfc1
[2022-06-20 20:41:37,189] {taskinstance.py:1571} INFO - Exporting the following env vars:
AIRFLOW_CTX_DAG_OWNER=***
AIRFLOW_CTX_DAG_ID=etl-processing
AIRFLOW_CTX_TASK_ID=load
AIRFLOW_CTX_EXECUTION_DATE=2022-06-20T20:41:10.894220+00:00
AIRFLOW_CTX_TRY_NUMBER=1
AIRFLOW_CTX_DAG_RUN_ID=manual__2022-06-20T20:41:10.894220+00:00
[2022-06-20 20:41:37,403] {base.py:68} INFO - Using connection ID 'postgres_conn' for task execution.
[2022-06-20 20:41:37,451] {logging_mixin.py:115} INFO - [{'STX_ID': 2345678, 'STORE_NAME': 'Mağaza1', 'PAID_PRICE': 100.3, 'TRX_STATUS': 1, 'STORE_STATUS': 0.0, 'STORE_LIVE_DATE': '2021-03-01 00:00:00', 'SALES_CREATE_DATE': '2021-03-05 00:00:00'}, {'STX_ID': 2345679, 'STORE_NAME': 'Mağaza1', 'PAID_PRICE': 100.3, 'TRX_STATUS': 1, 'STORE_STATUS': 0.0, 'STORE_LIVE_DATE': '2021-03-01 00:00:00', 'SALES_CREATE_DATE': '2021-03-05 00:00:00'}, {'STX_ID': 2345680, 'STORE_NAME': 'Mağaza1', 'PAID_PRICE': 100.3, 'TRX_STATUS': 0, 'STORE_STATUS': 0.0, 'STORE_LIVE_DATE': '2021-03-01 00:00:00', 'SALES_CREATE_DATE': '2021-03-05 00:00:00'}, {'STX_ID': 2345681, 'STORE_NAME': 'Mağaza2', 'PAID_PRICE': 100.3, 'TRX_STATUS': 0, 'STORE_STATUS': 0.0, 'STORE_LIVE_DATE': '2021-03-01 00:00:00', 'SALES_CREATE_DATE': '2021-04-05 00:00:00'}, {'STX_ID': 2345682, 'STORE_NAME': 'Mağaza3', 'PAID_PRICE': 200.3, 'TRX_STATUS': 0, 'STORE_STATUS': 0.0, 'STORE_LIVE_DATE': '2021-03-01 00:00:00', 'SALES_CREATE_DATE': '2021-05-05 00:00:00'}, {'STX_ID': 2345683, 'STORE_NAME': 'Mağaza4', 'PAID_PRICE': 28.3, 'TRX_STATUS': 1, 'STORE_STATUS': 0.0, 'STORE_LIVE_DATE': '2021-03-01 00:00:00', 'SALES_CREATE_DATE': '2021-06-05 00:00:00'}, {'STX_ID': 2345684, 'STORE_NAME': 'Mağaza5', 'PAID_PRICE': 100.3, 'TRX_STATUS': 0, 'STORE_STATUS': 0.0, 'STORE_LIVE_DATE': '2021-04-01 00:00:00', 'SALES_CREATE_DATE': '2021-03-05 00:00:00'}, {'STX_ID': 2345685, 'STORE_NAME': 'Mağaza6', 'PAID_PRICE': 79.3, 'TRX_STATUS': 1, 'STORE_STATUS': 0.0, 'STORE_LIVE_DATE': '2021-04-01 00:00:00', 'SALES_CREATE_DATE': '2021-07-05 00:00:00'}, {'STX_ID': 2345686, 'STORE_NAME': 'Mağaza7', 'PAID_PRICE': 256.3, 'TRX_STATUS': 1, 'STORE_STATUS': 0.0, 'STORE_LIVE_DATE': '2021-04-01 00:00:00', 'SALES_CREATE_DATE': '2021-03-05 00:00:00'}, {'STX_ID': 2345687, 'STORE_NAME': 'Mağaza8', 'PAID_PRICE': 456.3, 'TRX_STATUS': 1, 'STORE_STATUS': 0.0, 'STORE_LIVE_DATE': '2021-04-01 00:00:00', 'SALES_CREATE_DATE': '2021-08-05 00:00:00'}, {'STX_ID': 2345688, 'STORE_NAME': 'Mağaza9', 'PAID_PRICE': 432.3, 'TRX_STATUS': 1, 'STORE_STATUS': 0.0, 'STORE_LIVE_DATE': '2021-05-01 00:00:00', 'SALES_CREATE_DATE': '2021-07-05 00:00:00'}, {'STX_ID': 2345689, 'STORE_NAME': 'Mağaza10', 'PAID_PRICE': 75.3, 'TRX_STATUS': 0, 'STORE_STATUS': 0.0, 'STORE_LIVE_DATE': '2021-05-01 00:00:00', 'SALES_CREATE_DATE': '2021-03-05 00:00:00'}, {'STX_ID': 2345690, 'STORE_NAME': 'Mağaza2', 'PAID_PRICE': 100.3, 'TRX_STATUS': 1, 'STORE_STATUS': 0.0, 'STORE_LIVE_DATE': '2021-05-01 00:00:00', 'SALES_CREATE_DATE': '2021-09-05 00:00:00'}, {'STX_ID': 2345691, 'STORE_NAME': 'Mağaza4', 'PAID_PRICE': 36.3, 'TRX_STATUS': 1, 'STORE_STATUS': 0.0, 'STORE_LIVE_DATE': '2021-05-01 00:00:00', 'SALES_CREATE_DATE': '2021-02-05 00:00:00'}, {'STX_ID': 2345692, 'STORE_NAME': None, 'PAID_PRICE': None, 'TRX_STATUS': 0, 'STORE_STATUS': None, 'STORE_LIVE_DATE': None, 'SALES_CREATE_DATE': None}, {'STX_ID': 2345693, 'STORE_NAME': 'Mağaza1', 'PAID_PRICE': 100.3, 'TRX_STATUS': 1, 'STORE_STATUS': 0.0, 'STORE_LIVE_DATE': '2021-03-01 00:00:00', 'SALES_CREATE_DATE': '2021-03-05 00:00:00'}, {'STX_ID': 2345694, 'STORE_NAME': None, 'PAID_PRICE': None, 'TRX_STATUS': 1, 'STORE_STATUS': None, 'STORE_LIVE_DATE': None, 'SALES_CREATE_DATE': None}, {'STX_ID': 2345695, 'STORE_NAME': None, 'PAID_PRICE': 75.3, 'TRX_STATUS': 1, 'STORE_STATUS': None, 'STORE_LIVE_DATE': None, 'SALES_CREATE_DATE': '2021-03-05 00:00:00'}, {'STX_ID': 2345696, 'STORE_NAME': None, 'PAID_PRICE': None, 'TRX_STATUS': 0, 'STORE_STATUS': None, 'STORE_LIVE_DATE': None, 'SALES_CREATE_DATE': None}, {'STX_ID': 2345697, 'STORE_NAME': None, 'PAID_PRICE': None, 'TRX_STATUS': 0, 'STORE_STATUS': None, 'STORE_LIVE_DATE': None, 'SALES_CREATE_DATE': None}, {'STX_ID': 2345698, 'STORE_NAME': None, 'PAID_PRICE': None, 'TRX_STATUS': 1, 'STORE_STATUS': None, 'STORE_LIVE_DATE': None, 'SALES_CREATE_DATE': None}, {'STX_ID': 2345699, 'STORE_NAME': None, 'PAID_PRICE': 100.3, 'TRX_STATUS': 1, 'STORE_STATUS': None, 'STORE_LIVE_DATE': None, 'SALES_CREATE_DATE': '2021-03-05 00:00:00'}, {'STX_ID': 2345700, 'STORE_NAME': None, 'PAID_PRICE': None, 'TRX_STATUS': 0, 'STORE_STATUS': None, 'STORE_LIVE_DATE': None, 'SALES_CREATE_DATE': None}, {'STX_ID': 2345701, 'STORE_NAME': None, 'PAID_PRICE': 100.3, 'TRX_STATUS': 1, 'STORE_STATUS': None, 'STORE_LIVE_DATE': None, 'SALES_CREATE_DATE': '2021-03-05 00:00:00'}, {'STX_ID': 2345702, 'STORE_NAME': None, 'PAID_PRICE': None, 'TRX_STATUS': 1, 'STORE_STATUS': None, 'STORE_LIVE_DATE': None, 'SALES_CREATE_DATE': None}, {'STX_ID': 2345703, 'STORE_NAME': None, 'PAID_PRICE': None, 'TRX_STATUS': 1, 'STORE_STATUS': None, 'STORE_LIVE_DATE': None, 'SALES_CREATE_DATE': None}, {'STX_ID': 2345704, 'STORE_NAME': None, 'PAID_PRICE': 100.3, 'TRX_STATUS': 0, 'STORE_STATUS': None, 'STORE_LIVE_DATE': None, 'SALES_CREATE_DATE': '2021-03-05 00:00:00'}, {'STX_ID': 2345705, 'STORE_NAME': None, 'PAID_PRICE': None, 'TRX_STATUS': 0, 'STORE_STATUS': None, 'STORE_LIVE_DATE': None, 'SALES_CREATE_DATE': None}, {'STX_ID': 2345706, 'STORE_NAME': None, 'PAID_PRICE': None, 'TRX_STATUS': 0, 'STORE_STATUS': None, 'STORE_LIVE_DATE': None, 'SALES_CREATE_DATE': None}]
[2022-06-20 20:41:37,482] {logging_mixin.py:115} INFO - no results to fetch
[2022-06-20 20:41:37,484] {logging_mixin.py:115} INFO - no results to fetch
[2022-06-20 20:41:37,501] {logging_mixin.py:115} INFO - no results to fetch
[2022-06-20 20:41:37,507] {logging_mixin.py:115} INFO - no results to fetch
[2022-06-20 20:41:37,517] {logging_mixin.py:115} INFO - no results to fetch
[2022-06-20 20:41:37,520] {logging_mixin.py:115} INFO - no results to fetch
[2022-06-20 20:41:37,521] {logging_mixin.py:115} INFO - no results to fetch
[2022-06-20 20:41:37,544] {logging_mixin.py:115} INFO - no results to fetch
[2022-06-20 20:41:37,549] {logging_mixin.py:115} INFO - no results to fetch
[2022-06-20 20:41:37,566] {logging_mixin.py:115} INFO - no results to fetch
[2022-06-20 20:41:37,582] {logging_mixin.py:115} INFO - no results to fetch
[2022-06-20 20:41:37,597] {logging_mixin.py:115} INFO - no results to fetch
[2022-06-20 20:41:37,615] {logging_mixin.py:115} INFO - no results to fetch
[2022-06-20 20:41:37,661] {logging_mixin.py:115} INFO - no results to fetch
[2022-06-20 20:41:37,679] {logging_mixin.py:115} INFO - no results to fetch
[2022-06-20 20:41:37,697] {logging_mixin.py:115} INFO - no results to fetch
[2022-06-20 20:41:37,712] {logging_mixin.py:115} INFO - no results to fetch
[2022-06-20 20:41:37,719] {logging_mixin.py:115} INFO - no results to fetch
[2022-06-20 20:41:37,756] {logging_mixin.py:115} INFO - no results to fetch
[2022-06-20 20:41:37,770] {logging_mixin.py:115} INFO - no results to fetch
[2022-06-20 20:41:37,787] {logging_mixin.py:115} INFO - no results to fetch
[2022-06-20 20:41:37,802] {logging_mixin.py:115} INFO - no results to fetch
[2022-06-20 20:41:37,819] {logging_mixin.py:115} INFO - no results to fetch
[2022-06-20 20:41:37,851] {logging_mixin.py:115} INFO - no results to fetch
[2022-06-20 20:41:37,852] {logging_mixin.py:115} INFO - no results to fetch
[2022-06-20 20:41:37,854] {logging_mixin.py:115} INFO - no results to fetch
[2022-06-20 20:41:37,855] {logging_mixin.py:115} INFO - no results to fetch
[2022-06-20 20:41:37,891] {logging_mixin.py:115} INFO - no results to fetch
[2022-06-20 20:41:37,906] {logging_mixin.py:115} INFO - no results to fetch
[2022-06-20 20:41:37,925] {logging_mixin.py:115} INFO - relation "customer" does not exist
LINE 1: INSERT INTO Customer (ID,NAME,CITY,CREATE_DATE) VALUES (4567...
                    ^
[2022-06-20 20:41:37,933] {logging_mixin.py:115} INFO - current transaction is aborted, commands ignored until end of transaction block
[2022-06-20 20:41:37,935] {logging_mixin.py:115} INFO - current transaction is aborted, commands ignored until end of transaction block
[2022-06-20 20:41:37,937] {logging_mixin.py:115} INFO - current transaction is aborted, commands ignored until end of transaction block
[2022-06-20 20:41:37,958] {logging_mixin.py:115} INFO - current transaction is aborted, commands ignored until end of transaction block
[2022-06-20 20:41:37,976] {logging_mixin.py:115} INFO - current transaction is aborted, commands ignored until end of transaction block
[2022-06-20 20:41:37,995] {logging_mixin.py:115} INFO - current transaction is aborted, commands ignored until end of transaction block
[2022-06-20 20:41:38,029] {logging_mixin.py:115} INFO - current transaction is aborted, commands ignored until end of transaction block
[2022-06-20 20:41:38,046] {logging_mixin.py:115} INFO - current transaction is aborted, commands ignored until end of transaction block
[2022-06-20 20:41:38,061] {logging_mixin.py:115} INFO - current transaction is aborted, commands ignored until end of transaction block
[2022-06-20 20:41:38,082] {logging_mixin.py:115} INFO - current transaction is aborted, commands ignored until end of transaction block
[2022-06-20 20:41:38,097] {logging_mixin.py:115} INFO - current transaction is aborted, commands ignored until end of transaction block
[2022-06-20 20:41:38,136] {logging_mixin.py:115} INFO - current transaction is aborted, commands ignored until end of transaction block
[2022-06-20 20:41:38,152] {logging_mixin.py:115} INFO - current transaction is aborted, commands ignored until end of transaction block
[2022-06-20 20:41:38,164] {logging_mixin.py:115} INFO - current transaction is aborted, commands ignored until end of transaction block
[2022-06-20 20:41:38,166] {logging_mixin.py:115} INFO - current transaction is aborted, commands ignored until end of transaction block
[2022-06-20 20:41:38,168] {logging_mixin.py:115} INFO - current transaction is aborted, commands ignored until end of transaction block
[2022-06-20 20:41:38,177] {logging_mixin.py:115} INFO - current transaction is aborted, commands ignored until end of transaction block
[2022-06-20 20:41:38,181] {logging_mixin.py:115} INFO - current transaction is aborted, commands ignored until end of transaction block
[2022-06-20 20:41:38,186] {taskinstance.py:1889} ERROR - Task failed with exception
Traceback (most recent call last):
  File "/home/airflow/.local/lib/python3.7/site-packages/airflow/operators/python.py", line 171, in execute
    return_value = self.execute_callable()
  File "/home/airflow/.local/lib/python3.7/site-packages/airflow/operators/python.py", line 189, in execute_callable
    return self.python_callable(*self.op_args, **self.op_kwargs)
  File "/opt/airflow/dags/etl_processing.py", line 99, in load_data
    target_db_cursor.execute("select * from Store_Sales;")
psycopg2.errors.InFailedSqlTransaction: current transaction is aborted, commands ignored until end of transaction block

[2022-06-20 20:41:38,279] {taskinstance.py:1400} INFO - Marking task as FAILED. dag_id=etl-processing, task_id=load, execution_date=20220620T204110, start_date=20220620T204135, end_date=20220620T204138
[2022-06-20 20:41:38,358] {standard_task_runner.py:97} ERROR - Failed to execute job 696 for task load (current transaction is aborted, commands ignored until end of transaction block
; 3981)
[2022-06-20 20:41:38,407] {local_task_job.py:156} INFO - Task exited with return code 1
[2022-06-20 20:41:38,667] {local_task_job.py:273} INFO - 0 downstream tasks scheduled from follow-on schedule check
