[2022-06-17 09:09:25,135] {taskinstance.py:1159} INFO - Dependencies all met for <TaskInstance: example_xcom.pull_value_from_bash_push manual__2022-06-17T09:07:51.879751+00:00 [queued]>
[2022-06-17 09:09:25,358] {taskinstance.py:1159} INFO - Dependencies all met for <TaskInstance: example_xcom.pull_value_from_bash_push manual__2022-06-17T09:07:51.879751+00:00 [queued]>
[2022-06-17 09:09:25,372] {taskinstance.py:1356} INFO - 
--------------------------------------------------------------------------------
[2022-06-17 09:09:25,373] {taskinstance.py:1357} INFO - Starting attempt 1 of 1
[2022-06-17 09:09:25,388] {taskinstance.py:1358} INFO - 
--------------------------------------------------------------------------------
[2022-06-17 09:09:28,632] {taskinstance.py:1377} INFO - Executing <Task(_PythonDecoratedOperator): pull_value_from_bash_push> on 2022-06-17 09:07:51.879751+00:00
[2022-06-17 09:09:28,746] {standard_task_runner.py:52} INFO - Started process 3259 to run task
[2022-06-17 09:09:28,865] {standard_task_runner.py:79} INFO - Running: ['***', 'tasks', 'run', 'example_xcom', 'pull_value_from_bash_push', 'manual__2022-06-17T09:07:51.879751+00:00', '--job-id', '521', '--raw', '--subdir', '/home/***/.local/lib/python3.7/site-packages/***/example_dags/example_xcom.py', '--cfg-path', '/tmp/tmpcmc2sq3n', '--error-file', '/tmp/tmpazgl6wux']
[2022-06-17 09:09:28,932] {standard_task_runner.py:80} INFO - Job 521: Subtask pull_value_from_bash_push
[2022-06-17 09:09:31,264] {task_command.py:370} INFO - Running <TaskInstance: example_xcom.pull_value_from_bash_push manual__2022-06-17T09:07:51.879751+00:00 [running]> on host fe209149cfc1
[2022-06-17 09:09:37,601] {taskinstance.py:1571} INFO - Exporting the following env vars:
AIRFLOW_CTX_DAG_OWNER=***
AIRFLOW_CTX_DAG_ID=example_xcom
AIRFLOW_CTX_TASK_ID=pull_value_from_bash_push
AIRFLOW_CTX_EXECUTION_DATE=2022-06-17T09:07:51.879751+00:00
AIRFLOW_CTX_TRY_NUMBER=1
AIRFLOW_CTX_DAG_RUN_ID=manual__2022-06-17T09:07:51.879751+00:00
[2022-06-17 09:10:10,520] {logging_mixin.py:115} INFO - The xcom value pushed by task push via return value is value_by_return
[2022-06-17 09:10:10,539] {logging_mixin.py:115} INFO - The xcom value pushed by task push manually is manually_pushed_value
[2022-06-17 09:10:10,552] {python.py:173} INFO - Done. Returned value was: None
[2022-06-17 09:10:11,198] {taskinstance.py:1400} INFO - Marking task as SUCCESS. dag_id=example_xcom, task_id=pull_value_from_bash_push, execution_date=20220617T090751, start_date=20220617T090925, end_date=20220617T091011
[2022-06-17 09:10:11,471] {local_task_job.py:156} INFO - Task exited with return code 0
[2022-06-17 09:10:11,867] {local_task_job.py:273} INFO - 0 downstream tasks scheduled from follow-on schedule check
