[2022-06-17 21:01:47,214] {taskinstance.py:1159} INFO - Dependencies all met for <TaskInstance: e-t-l.transform manual__2022-06-17T21:01:19.276561+00:00 [queued]>
[2022-06-17 21:01:47,394] {taskinstance.py:1159} INFO - Dependencies all met for <TaskInstance: e-t-l.transform manual__2022-06-17T21:01:19.276561+00:00 [queued]>
[2022-06-17 21:01:47,410] {taskinstance.py:1356} INFO - 
--------------------------------------------------------------------------------
[2022-06-17 21:01:47,425] {taskinstance.py:1357} INFO - Starting attempt 1 of 1
[2022-06-17 21:01:47,457] {taskinstance.py:1358} INFO - 
--------------------------------------------------------------------------------
[2022-06-17 21:01:47,682] {taskinstance.py:1377} INFO - Executing <Task(PythonOperator): transform> on 2022-06-17 21:01:19.276561+00:00
[2022-06-17 21:01:47,728] {standard_task_runner.py:52} INFO - Started process 22238 to run task
[2022-06-17 21:01:47,748] {standard_task_runner.py:79} INFO - Running: ['***', 'tasks', 'run', 'e-t-l', 'transform', 'manual__2022-06-17T21:01:19.276561+00:00', '--job-id', '622', '--raw', '--subdir', 'DAGS_FOLDER/new-new.py', '--cfg-path', '/tmp/tmpbfiq2hfz', '--error-file', '/tmp/tmpm7ofue5y']
[2022-06-17 21:01:47,777] {standard_task_runner.py:80} INFO - Job 622: Subtask transform
[2022-06-17 21:01:48,337] {task_command.py:370} INFO - Running <TaskInstance: e-t-l.transform manual__2022-06-17T21:01:19.276561+00:00 [running]> on host fe209149cfc1
[2022-06-17 21:01:49,318] {taskinstance.py:1571} INFO - Exporting the following env vars:
AIRFLOW_CTX_DAG_OWNER=***
AIRFLOW_CTX_DAG_ID=e-t-l
AIRFLOW_CTX_TASK_ID=transform
AIRFLOW_CTX_EXECUTION_DATE=2022-06-17T21:01:19.276561+00:00
AIRFLOW_CTX_TRY_NUMBER=1
AIRFLOW_CTX_DAG_RUN_ID=manual__2022-06-17T21:01:19.276561+00:00
[2022-06-17 21:01:49,730] {python.py:173} INFO - Done. Returned value was: None
[2022-06-17 21:01:49,936] {taskinstance.py:1400} INFO - Marking task as SUCCESS. dag_id=e-t-l, task_id=transform, execution_date=20220617T210119, start_date=20220617T210147, end_date=20220617T210149
[2022-06-17 21:01:50,397] {local_task_job.py:156} INFO - Task exited with return code 0
[2022-06-17 21:01:51,046] {local_task_job.py:273} INFO - 1 downstream tasks scheduled from follow-on schedule check
