[2022-06-20 21:40:40,778] {taskinstance.py:1159} INFO - Dependencies all met for <TaskInstance: etl-processing.load scheduled__2022-06-20T21:20:00+00:00 [queued]>
[2022-06-20 21:40:40,859] {taskinstance.py:1159} INFO - Dependencies all met for <TaskInstance: etl-processing.load scheduled__2022-06-20T21:20:00+00:00 [queued]>
[2022-06-20 21:40:40,860] {taskinstance.py:1356} INFO - 
--------------------------------------------------------------------------------
[2022-06-20 21:40:40,860] {taskinstance.py:1357} INFO - Starting attempt 1 of 1
[2022-06-20 21:40:40,861] {taskinstance.py:1358} INFO - 
--------------------------------------------------------------------------------
[2022-06-20 21:40:40,989] {taskinstance.py:1377} INFO - Executing <Task(PythonOperator): load> on 2022-06-20 21:20:00+00:00
[2022-06-20 21:40:41,049] {standard_task_runner.py:52} INFO - Started process 6007 to run task
[2022-06-20 21:40:41,077] {standard_task_runner.py:79} INFO - Running: ['***', 'tasks', 'run', 'etl-processing', 'load', 'scheduled__2022-06-20T21:20:00+00:00', '--job-id', '733', '--raw', '--subdir', 'DAGS_FOLDER/etl_processing.py', '--cfg-path', '/tmp/tmpg1fm1uz5', '--error-file', '/tmp/tmprecoerh2']
[2022-06-20 21:40:41,099] {standard_task_runner.py:80} INFO - Job 733: Subtask load
[2022-06-20 21:40:41,641] {task_command.py:370} INFO - Running <TaskInstance: etl-processing.load scheduled__2022-06-20T21:20:00+00:00 [running]> on host fe209149cfc1
[2022-06-20 21:40:42,323] {taskinstance.py:1571} INFO - Exporting the following env vars:
AIRFLOW_CTX_DAG_OWNER=***
AIRFLOW_CTX_DAG_ID=etl-processing
AIRFLOW_CTX_TASK_ID=load
AIRFLOW_CTX_EXECUTION_DATE=2022-06-20T21:20:00+00:00
AIRFLOW_CTX_TRY_NUMBER=1
AIRFLOW_CTX_DAG_RUN_ID=scheduled__2022-06-20T21:20:00+00:00
[2022-06-20 21:40:42,478] {base.py:68} INFO - Using connection ID 'postgres_conn' for task execution.
[2022-06-20 21:40:42,651] {logging_mixin.py:115} INFO - [{'STX_ID': 2345678, 'STORE_NAME': 'Mağaza1', 'PAID_PRICE': 100.3, 'TRX_STATUS': 1, 'STORE_STATUS': 0.0, 'STORE_LIVE_DATE': '2021-03-01 00:00:00', 'SALES_CREATE_DATE': '2021-03-05 00:00:00'}, {'STX_ID': 2345679, 'STORE_NAME': 'Mağaza1', 'PAID_PRICE': 100.3, 'TRX_STATUS': 1, 'STORE_STATUS': 0.0, 'STORE_LIVE_DATE': '2021-03-01 00:00:00', 'SALES_CREATE_DATE': '2021-03-05 00:00:00'}, {'STX_ID': 2345680, 'STORE_NAME': 'Mağaza1', 'PAID_PRICE': 100.3, 'TRX_STATUS': 0, 'STORE_STATUS': 0.0, 'STORE_LIVE_DATE': '2021-03-01 00:00:00', 'SALES_CREATE_DATE': '2021-03-05 00:00:00'}, {'STX_ID': 2345681, 'STORE_NAME': 'Mağaza2', 'PAID_PRICE': 100.3, 'TRX_STATUS': 0, 'STORE_STATUS': 0.0, 'STORE_LIVE_DATE': '2021-03-01 00:00:00', 'SALES_CREATE_DATE': '2021-04-05 00:00:00'}, {'STX_ID': 2345682, 'STORE_NAME': 'Mağaza3', 'PAID_PRICE': 200.3, 'TRX_STATUS': 0, 'STORE_STATUS': 0.0, 'STORE_LIVE_DATE': '2021-03-01 00:00:00', 'SALES_CREATE_DATE': '2021-05-05 00:00:00'}, {'STX_ID': 2345683, 'STORE_NAME': 'Mağaza4', 'PAID_PRICE': 28.3, 'TRX_STATUS': 1, 'STORE_STATUS': 0.0, 'STORE_LIVE_DATE': '2021-03-01 00:00:00', 'SALES_CREATE_DATE': '2021-06-05 00:00:00'}, {'STX_ID': 2345684, 'STORE_NAME': 'Mağaza5', 'PAID_PRICE': 100.3, 'TRX_STATUS': 0, 'STORE_STATUS': 0.0, 'STORE_LIVE_DATE': '2021-04-01 00:00:00', 'SALES_CREATE_DATE': '2021-03-05 00:00:00'}, {'STX_ID': 2345685, 'STORE_NAME': 'Mağaza6', 'PAID_PRICE': 79.3, 'TRX_STATUS': 1, 'STORE_STATUS': 0.0, 'STORE_LIVE_DATE': '2021-04-01 00:00:00', 'SALES_CREATE_DATE': '2021-07-05 00:00:00'}, {'STX_ID': 2345686, 'STORE_NAME': 'Mağaza7', 'PAID_PRICE': 256.3, 'TRX_STATUS': 1, 'STORE_STATUS': 0.0, 'STORE_LIVE_DATE': '2021-04-01 00:00:00', 'SALES_CREATE_DATE': '2021-03-05 00:00:00'}, {'STX_ID': 2345687, 'STORE_NAME': 'Mağaza8', 'PAID_PRICE': 456.3, 'TRX_STATUS': 1, 'STORE_STATUS': 0.0, 'STORE_LIVE_DATE': '2021-04-01 00:00:00', 'SALES_CREATE_DATE': '2021-08-05 00:00:00'}, {'STX_ID': 2345688, 'STORE_NAME': 'Mağaza9', 'PAID_PRICE': 432.3, 'TRX_STATUS': 1, 'STORE_STATUS': 0.0, 'STORE_LIVE_DATE': '2021-05-01 00:00:00', 'SALES_CREATE_DATE': '2021-07-05 00:00:00'}, {'STX_ID': 2345689, 'STORE_NAME': 'Mağaza10', 'PAID_PRICE': 75.3, 'TRX_STATUS': 0, 'STORE_STATUS': 0.0, 'STORE_LIVE_DATE': '2021-05-01 00:00:00', 'SALES_CREATE_DATE': '2021-03-05 00:00:00'}, {'STX_ID': 2345690, 'STORE_NAME': 'Mağaza2', 'PAID_PRICE': 100.3, 'TRX_STATUS': 1, 'STORE_STATUS': 0.0, 'STORE_LIVE_DATE': '2021-05-01 00:00:00', 'SALES_CREATE_DATE': '2021-09-05 00:00:00'}, {'STX_ID': 2345691, 'STORE_NAME': 'Mağaza4', 'PAID_PRICE': 36.3, 'TRX_STATUS': 1, 'STORE_STATUS': 0.0, 'STORE_LIVE_DATE': '2021-05-01 00:00:00', 'SALES_CREATE_DATE': '2021-02-05 00:00:00'}, {'STX_ID': 2345692, 'STORE_NAME': None, 'PAID_PRICE': None, 'TRX_STATUS': 0, 'STORE_STATUS': None, 'STORE_LIVE_DATE': None, 'SALES_CREATE_DATE': None}, {'STX_ID': 2345693, 'STORE_NAME': 'Mağaza1', 'PAID_PRICE': 100.3, 'TRX_STATUS': 1, 'STORE_STATUS': 0.0, 'STORE_LIVE_DATE': '2021-03-01 00:00:00', 'SALES_CREATE_DATE': '2021-03-05 00:00:00'}, {'STX_ID': 2345694, 'STORE_NAME': None, 'PAID_PRICE': None, 'TRX_STATUS': 1, 'STORE_STATUS': None, 'STORE_LIVE_DATE': None, 'SALES_CREATE_DATE': None}, {'STX_ID': 2345695, 'STORE_NAME': None, 'PAID_PRICE': 75.3, 'TRX_STATUS': 1, 'STORE_STATUS': None, 'STORE_LIVE_DATE': None, 'SALES_CREATE_DATE': '2021-03-05 00:00:00'}, {'STX_ID': 2345696, 'STORE_NAME': None, 'PAID_PRICE': None, 'TRX_STATUS': 0, 'STORE_STATUS': None, 'STORE_LIVE_DATE': None, 'SALES_CREATE_DATE': None}, {'STX_ID': 2345697, 'STORE_NAME': None, 'PAID_PRICE': None, 'TRX_STATUS': 0, 'STORE_STATUS': None, 'STORE_LIVE_DATE': None, 'SALES_CREATE_DATE': None}, {'STX_ID': 2345698, 'STORE_NAME': None, 'PAID_PRICE': None, 'TRX_STATUS': 1, 'STORE_STATUS': None, 'STORE_LIVE_DATE': None, 'SALES_CREATE_DATE': None}, {'STX_ID': 2345699, 'STORE_NAME': None, 'PAID_PRICE': 100.3, 'TRX_STATUS': 1, 'STORE_STATUS': None, 'STORE_LIVE_DATE': None, 'SALES_CREATE_DATE': '2021-03-05 00:00:00'}, {'STX_ID': 2345700, 'STORE_NAME': None, 'PAID_PRICE': None, 'TRX_STATUS': 0, 'STORE_STATUS': None, 'STORE_LIVE_DATE': None, 'SALES_CREATE_DATE': None}, {'STX_ID': 2345701, 'STORE_NAME': None, 'PAID_PRICE': 100.3, 'TRX_STATUS': 1, 'STORE_STATUS': None, 'STORE_LIVE_DATE': None, 'SALES_CREATE_DATE': '2021-03-05 00:00:00'}, {'STX_ID': 2345702, 'STORE_NAME': None, 'PAID_PRICE': None, 'TRX_STATUS': 1, 'STORE_STATUS': None, 'STORE_LIVE_DATE': None, 'SALES_CREATE_DATE': None}, {'STX_ID': 2345703, 'STORE_NAME': None, 'PAID_PRICE': None, 'TRX_STATUS': 1, 'STORE_STATUS': None, 'STORE_LIVE_DATE': None, 'SALES_CREATE_DATE': None}, {'STX_ID': 2345704, 'STORE_NAME': None, 'PAID_PRICE': 100.3, 'TRX_STATUS': 0, 'STORE_STATUS': None, 'STORE_LIVE_DATE': None, 'SALES_CREATE_DATE': '2021-03-05 00:00:00'}, {'STX_ID': 2345705, 'STORE_NAME': None, 'PAID_PRICE': None, 'TRX_STATUS': 0, 'STORE_STATUS': None, 'STORE_LIVE_DATE': None, 'SALES_CREATE_DATE': None}, {'STX_ID': 2345706, 'STORE_NAME': None, 'PAID_PRICE': None, 'TRX_STATUS': 0, 'STORE_STATUS': None, 'STORE_LIVE_DATE': None, 'SALES_CREATE_DATE': None}]
[2022-06-20 21:40:44,386] {python.py:173} INFO - Done. Returned value was: None
[2022-06-20 21:40:44,577] {taskinstance.py:1400} INFO - Marking task as SUCCESS. dag_id=etl-processing, task_id=load, execution_date=20220620T212000, start_date=20220620T214040, end_date=20220620T214044
[2022-06-20 21:40:44,881] {local_task_job.py:156} INFO - Task exited with return code 0
[2022-06-20 21:40:45,240] {local_task_job.py:273} INFO - 1 downstream tasks scheduled from follow-on schedule check
